# gmm-latgen-faster --max-active=7000 --beam=13.0 --lattice-beam=6.0 --acoustic-scale=0.083333 --allow-partial=true --word-symbol-table=exp/tri1_ali/graph/words.txt exp/tri1_ali/final.mdl exp/tri1_ali/graph/HCLG.fst "ark,s,cs:apply-cmvn  --utt2spk=ark:data/test/split1/1/utt2spk scp:data/test/split1/1/cmvn.scp scp:data/test/split1/1/feats.scp ark:- | add-deltas  ark:- ark:- |" "ark:|gzip -c > exp/tri1_ali/decode/lat.1.gz" 
# Started at Thu Oct 26 19:49:29 SAST 2017
#
gmm-latgen-faster --max-active=7000 --beam=13.0 --lattice-beam=6.0 --acoustic-scale=0.083333 --allow-partial=true --word-symbol-table=exp/tri1_ali/graph/words.txt exp/tri1_ali/final.mdl exp/tri1_ali/graph/HCLG.fst 'ark,s,cs:apply-cmvn  --utt2spk=ark:data/test/split1/1/utt2spk scp:data/test/split1/1/cmvn.scp scp:data/test/split1/1/feats.scp ark:- | add-deltas  ark:- ark:- |' 'ark:|gzip -c > exp/tri1_ali/decode/lat.1.gz' 
add-deltas ark:- ark:- 
apply-cmvn --utt2spk=ark:data/test/split1/1/utt2spk scp:data/test/split1/1/cmvn.scp scp:data/test/split1/1/feats.scp ark:- 
REC00000008 switch terminal 
LOG (gmm-latgen-faster[5.1.46~1-0d031]:DecodeUtteranceLatticeFaster():decoder-wrappers.cc:285) Log-like per frame for utterance REC00000008 is -7.13169 over 113 frames.
REC00000011 switch 
LOG (gmm-latgen-faster[5.1.46~1-0d031]:DecodeUtteranceLatticeFaster():decoder-wrappers.cc:285) Log-like per frame for utterance REC00000011 is -6.76489 over 100 frames.
REC00000012 switch terminal 
LOG (gmm-latgen-faster[5.1.46~1-0d031]:DecodeUtteranceLatticeFaster():decoder-wrappers.cc:285) Log-like per frame for utterance REC00000012 is -7.23033 over 100 frames.
REC00000017 switch 
LOG (gmm-latgen-faster[5.1.46~1-0d031]:DecodeUtteranceLatticeFaster():decoder-wrappers.cc:285) Log-like per frame for utterance REC00000017 is -6.95085 over 100 frames.
REC00000024 switch terminal 
LOG (gmm-latgen-faster[5.1.46~1-0d031]:DecodeUtteranceLatticeFaster():decoder-wrappers.cc:285) Log-like per frame for utterance REC00000024 is -7.0535 over 107 frames.
REC00000035 switch terminal 
LOG (gmm-latgen-faster[5.1.46~1-0d031]:DecodeUtteranceLatticeFaster():decoder-wrappers.cc:285) Log-like per frame for utterance REC00000035 is -7.67744 over 100 frames.
REC00000038 switch back 
LOG (gmm-latgen-faster[5.1.46~1-0d031]:DecodeUtteranceLatticeFaster():decoder-wrappers.cc:285) Log-like per frame for utterance REC00000038 is -6.70037 over 100 frames.
REC00000044 return 
LOG (gmm-latgen-faster[5.1.46~1-0d031]:DecodeUtteranceLatticeFaster():decoder-wrappers.cc:285) Log-like per frame for utterance REC00000044 is -6.58529 over 107 frames.
REC00000067 nine up yankee hotel six 
LOG (gmm-latgen-faster[5.1.46~1-0d031]:DecodeUtteranceLatticeFaster():decoder-wrappers.cc:285) Log-like per frame for utterance REC00000067 is -7.54985 over 222 frames.
REC00000070 kilo oscar zulu 
LOG (gmm-latgen-faster[5.1.46~1-0d031]:DecodeUtteranceLatticeFaster():decoder-wrappers.cc:285) Log-like per frame for utterance REC00000070 is -7.38677 over 120 frames.
REC00000079 seven golf november six 
LOG (gmm-latgen-faster[5.1.46~1-0d031]:DecodeUtteranceLatticeFaster():decoder-wrappers.cc:285) Log-like per frame for utterance REC00000079 is -7.66413 over 158 frames.
REC00000080 golf seven four 
LOG (gmm-latgen-faster[5.1.46~1-0d031]:DecodeUtteranceLatticeFaster():decoder-wrappers.cc:285) Log-like per frame for utterance REC00000080 is -6.92542 over 145 frames.
REC00000087 down x-ray oscar three quebec tango 
LOG (gmm-latgen-faster[5.1.46~1-0d031]:DecodeUtteranceLatticeFaster():decoder-wrappers.cc:285) Log-like per frame for utterance REC00000087 is -7.54154 over 248 frames.
REC00000109 switch max 
LOG (gmm-latgen-faster[5.1.46~1-0d031]:DecodeUtteranceLatticeFaster():decoder-wrappers.cc:285) Log-like per frame for utterance REC00000109 is -6.54515 over 152 frames.
REC00000112 window center 
LOG (gmm-latgen-faster[5.1.46~1-0d031]:DecodeUtteranceLatticeFaster():decoder-wrappers.cc:285) Log-like per frame for utterance REC00000112 is -6.82446 over 132 frames.
REC00000118 escape 
LOG (gmm-latgen-faster[5.1.46~1-0d031]:DecodeUtteranceLatticeFaster():decoder-wrappers.cc:285) Log-like per frame for utterance REC00000118 is -6.50728 over 152 frames.
REC00000124 switch max 
LOG (gmm-latgen-faster[5.1.46~1-0d031]:DecodeUtteranceLatticeFaster():decoder-wrappers.cc:285) Log-like per frame for utterance REC00000124 is -6.74059 over 132 frames.
REC00000132 x-ray bravo delta bravo 
LOG (gmm-latgen-faster[5.1.46~1-0d031]:DecodeUtteranceLatticeFaster():decoder-wrappers.cc:285) Log-like per frame for utterance REC00000132 is -7.07311 over 241 frames.
REC00000139 hotel india 
LOG (gmm-latgen-faster[5.1.46~1-0d031]:DecodeUtteranceLatticeFaster():decoder-wrappers.cc:285) Log-like per frame for utterance REC00000139 is -7.00785 over 177 frames.
REC00000143 four echo right 
LOG (gmm-latgen-faster[5.1.46~1-0d031]:DecodeUtteranceLatticeFaster():decoder-wrappers.cc:285) Log-like per frame for utterance REC00000143 is -7.29667 over 184 frames.
REC00000149 nine ten sierra quebec 
LOG (gmm-latgen-faster[5.1.46~1-0d031]:DecodeUtteranceLatticeFaster():decoder-wrappers.cc:285) Log-like per frame for utterance REC00000149 is -6.90277 over 228 frames.
REC00000166 quebec four foxtrot 
LOG (gmm-latgen-faster[5.1.46~1-0d031]:DecodeUtteranceLatticeFaster():decoder-wrappers.cc:285) Log-like per frame for utterance REC00000166 is -6.97073 over 190 frames.
REC00000176 golf hotel foxtrot juliet whisky 
LOG (gmm-latgen-faster[5.1.46~1-0d031]:DecodeUtteranceLatticeFaster():decoder-wrappers.cc:285) Log-like per frame for utterance REC00000176 is -7.78743 over 241 frames.
REC00000185 six golf 
LOG (gmm-latgen-faster[5.1.46~1-0d031]:DecodeUtteranceLatticeFaster():decoder-wrappers.cc:285) Log-like per frame for utterance REC00000185 is -6.88657 over 132 frames.
REC00000194 up five oscar zulu ten 
LOG (gmm-latgen-faster[5.1.46~1-0d031]:DecodeUtteranceLatticeFaster():decoder-wrappers.cc:285) Log-like per frame for utterance REC00000194 is -8.05049 over 145 frames.
REC00000196 right india four 
LOG (gmm-latgen-faster[5.1.46~1-0d031]:DecodeUtteranceLatticeFaster():decoder-wrappers.cc:285) Log-like per frame for utterance REC00000196 is -6.59973 over 152 frames.
REC00000204 escape 
LOG (gmm-latgen-faster[5.1.46~1-0d031]:DecodeUtteranceLatticeFaster():decoder-wrappers.cc:285) Log-like per frame for utterance REC00000204 is -6.70691 over 145 frames.
REC00000209 window dot down 
LOG (gmm-latgen-faster[5.1.46~1-0d031]:DecodeUtteranceLatticeFaster():decoder-wrappers.cc:285) Log-like per frame for utterance REC00000209 is -7.01724 over 152 frames.
REC00000217 switch back 
LOG (gmm-latgen-faster[5.1.46~1-0d031]:DecodeUtteranceLatticeFaster():decoder-wrappers.cc:285) Log-like per frame for utterance REC00000217 is -6.62353 over 152 frames.
REC00000218 switch firefox 
LOG (gmm-latgen-faster[5.1.46~1-0d031]:DecodeUtteranceLatticeFaster():decoder-wrappers.cc:285) Log-like per frame for utterance REC00000218 is -6.94831 over 152 frames.
REC00000230 hotel india 
LOG (gmm-latgen-faster[5.1.46~1-0d031]:DecodeUtteranceLatticeFaster():decoder-wrappers.cc:285) Log-like per frame for utterance REC00000230 is -7.24165 over 152 frames.
REC00000237 romeo quebec bravo whisky 
LOG (gmm-latgen-faster[5.1.46~1-0d031]:DecodeUtteranceLatticeFaster():decoder-wrappers.cc:285) Log-like per frame for utterance REC00000237 is -7.04472 over 222 frames.
REC00000279 seven one papa yankee 
LOG (gmm-latgen-faster[5.1.46~1-0d031]:DecodeUtteranceLatticeFaster():decoder-wrappers.cc:285) Log-like per frame for utterance REC00000279 is -7.25156 over 184 frames.
REC00000289 six sierra 
LOG (gmm-latgen-faster[5.1.46~1-0d031]:DecodeUtteranceLatticeFaster():decoder-wrappers.cc:285) Log-like per frame for utterance REC00000289 is -6.64904 over 152 frames.
REC00000293 india one 
LOG (gmm-latgen-faster[5.1.46~1-0d031]:DecodeUtteranceLatticeFaster():decoder-wrappers.cc:285) Log-like per frame for utterance REC00000293 is -6.69849 over 139 frames.
REC00000310 bravo delta alpha victor 
LOG (gmm-latgen-faster[5.1.46~1-0d031]:DecodeUtteranceLatticeFaster():decoder-wrappers.cc:285) Log-like per frame for utterance REC00000310 is -7.6684 over 177 frames.
REC00000315 yankee bravo 
LOG (gmm-latgen-faster[5.1.46~1-0d031]:DecodeUtteranceLatticeFaster():decoder-wrappers.cc:285) Log-like per frame for utterance REC00000315 is -6.91305 over 145 frames.
REC00000318 left victor 
LOG (gmm-latgen-faster[5.1.46~1-0d031]:DecodeUtteranceLatticeFaster():decoder-wrappers.cc:285) Log-like per frame for utterance REC00000318 is -6.96079 over 126 frames.
REC00000325 sierra hotel 
LOG (gmm-latgen-faster[5.1.46~1-0d031]:DecodeUtteranceLatticeFaster():decoder-wrappers.cc:285) Log-like per frame for utterance REC00000325 is -6.91508 over 164 frames.
LOG (apply-cmvn[5.1.46~1-0d031]:main():apply-cmvn.cc:146) Applied cepstral mean normalization to 50 utterances, errors on 0
REC00000347 space space foxtrot oscar 
LOG (gmm-latgen-faster[5.1.46~1-0d031]:DecodeUtteranceLatticeFaster():decoder-wrappers.cc:285) Log-like per frame for utterance REC00000347 is -7.47566 over 209 frames.
REC00000348 november seven quebec up mike 
LOG (gmm-latgen-faster[5.1.46~1-0d031]:DecodeUtteranceLatticeFaster():decoder-wrappers.cc:285) Log-like per frame for utterance REC00000348 is -7.36407 over 248 frames.
REC00000349 kilo four oscar 
LOG (gmm-latgen-faster[5.1.46~1-0d031]:DecodeUtteranceLatticeFaster():decoder-wrappers.cc:285) Log-like per frame for utterance REC00000349 is -7.12291 over 158 frames.
REC00000374 hotel bravo space 
LOG (gmm-latgen-faster[5.1.46~1-0d031]:DecodeUtteranceLatticeFaster():decoder-wrappers.cc:285) Log-like per frame for utterance REC00000374 is -7.74732 over 132 frames.
REC00000396 eight escape 
LOG (gmm-latgen-faster[5.1.46~1-0d031]:DecodeUtteranceLatticeFaster():decoder-wrappers.cc:285) Log-like per frame for utterance REC00000396 is -7.46745 over 139 frames.
REC00000443 ampersand ten escape 
LOG (gmm-latgen-faster[5.1.46~1-0d031]:DecodeUtteranceLatticeFaster():decoder-wrappers.cc:285) Log-like per frame for utterance REC00000443 is -7.48135 over 196 frames.
REC00000462 scratch enter oscar 
LOG (gmm-latgen-faster[5.1.46~1-0d031]:DecodeUtteranceLatticeFaster():decoder-wrappers.cc:285) Log-like per frame for utterance REC00000462 is -7.09336 over 177 frames.
REC00000477 alpha sky echo 
LOG (gmm-latgen-faster[5.1.46~1-0d031]:DecodeUtteranceLatticeFaster():decoder-wrappers.cc:285) Log-like per frame for utterance REC00000477 is -7.25823 over 177 frames.
REC00000481 enter echo enter 
LOG (gmm-latgen-faster[5.1.46~1-0d031]:DecodeUtteranceLatticeFaster():decoder-wrappers.cc:285) Log-like per frame for utterance REC00000481 is -7.1315 over 190 frames.
REC00000487 enter sky 
LOG (gmm-latgen-faster[5.1.46~1-0d031]:DecodeUtteranceLatticeFaster():decoder-wrappers.cc:285) Log-like per frame for utterance REC00000487 is -6.99023 over 152 frames.
REC00000492 zero scratch 
LOG (gmm-latgen-faster[5.1.46~1-0d031]:DecodeUtteranceLatticeFaster():decoder-wrappers.cc:285) Log-like per frame for utterance REC00000492 is -7.05949 over 164 frames.
LOG (gmm-latgen-faster[5.1.46~1-0d031]:main():gmm-latgen-faster.cc:176) Time taken 14.5758s: real-time factor assuming 100 frames/sec is 0.182608
LOG (gmm-latgen-faster[5.1.46~1-0d031]:main():gmm-latgen-faster.cc:179) Done 50 utterances, failed for 0
LOG (gmm-latgen-faster[5.1.46~1-0d031]:main():gmm-latgen-faster.cc:181) Overall log-likelihood per frame is -7.13259 over 7982 frames.
# Accounting: time=15 threads=1
# Ended (code 0) at Thu Oct 26 19:49:44 SAST 2017, elapsed time 15 seconds
