# compute-mfcc-feats --verbose=2 --config=conf/mfcc.conf scp,p:exp/make_mfcc/train/wav_train.1.scp ark:- | copy-feats --compress=true ark:- ark,scp:/home/bartek/Projects/ASR/kaldi_mar_17/egs/digits/mfcc/raw_mfcc_train.1.ark,/home/bartek/Projects/ASR/kaldi_mar_17/egs/digits/mfcc/raw_mfcc_train.1.scp 
# Started at Tue Oct  3 21:47:54 SAST 2017
#
copy-feats --compress=true ark:- ark,scp:/home/bartek/Projects/ASR/kaldi_mar_17/egs/digits/mfcc/raw_mfcc_train.1.ark,/home/bartek/Projects/ASR/kaldi_mar_17/egs/digits/mfcc/raw_mfcc_train.1.scp 
compute-mfcc-feats --verbose=2 --config=conf/mfcc.conf scp,p:exp/make_mfcc/train/wav_train.1.scp ark:- 
VLOG[2] (compute-mfcc-feats[5.1.46~1-0d031]:main():compute-mfcc-feats.cc:178) Processed features for key 00001_00002cmplx
VLOG[2] (compute-mfcc-feats[5.1.46~1-0d031]:main():compute-mfcc-feats.cc:178) Processed features for key 00002_00003cmplx
VLOG[2] (compute-mfcc-feats[5.1.46~1-0d031]:main():compute-mfcc-feats.cc:178) Processed features for key 00003_00004cmplx
VLOG[2] (compute-mfcc-feats[5.1.46~1-0d031]:main():compute-mfcc-feats.cc:178) Processed features for key 00004_00005cmplx
VLOG[2] (compute-mfcc-feats[5.1.46~1-0d031]:main():compute-mfcc-feats.cc:178) Processed features for key 00005_00006cmplx
VLOG[2] (compute-mfcc-feats[5.1.46~1-0d031]:main():compute-mfcc-feats.cc:178) Processed features for key 00006_00007cmplx
VLOG[2] (compute-mfcc-feats[5.1.46~1-0d031]:main():compute-mfcc-feats.cc:178) Processed features for key 00007_00008cmplx
VLOG[2] (compute-mfcc-feats[5.1.46~1-0d031]:main():compute-mfcc-feats.cc:178) Processed features for key 00008_00009cmplx
VLOG[2] (compute-mfcc-feats[5.1.46~1-0d031]:main():compute-mfcc-feats.cc:178) Processed features for key 00009_00010cmplx
LOG (compute-mfcc-feats[5.1.46~1-0d031]:main():compute-mfcc-feats.cc:177) Processed 10 utterances
VLOG[2] (compute-mfcc-feats[5.1.46~1-0d031]:main():compute-mfcc-feats.cc:178) Processed features for key 00010_00011cmplx
VLOG[2] (compute-mfcc-feats[5.1.46~1-0d031]:main():compute-mfcc-feats.cc:178) Processed features for key 00011_00012cmplx
VLOG[2] (compute-mfcc-feats[5.1.46~1-0d031]:main():compute-mfcc-feats.cc:178) Processed features for key 00012_00013cmplx
VLOG[2] (compute-mfcc-feats[5.1.46~1-0d031]:main():compute-mfcc-feats.cc:178) Processed features for key 00013_00014cmplx
VLOG[2] (compute-mfcc-feats[5.1.46~1-0d031]:main():compute-mfcc-feats.cc:178) Processed features for key 00015_00016cmplx
VLOG[2] (compute-mfcc-feats[5.1.46~1-0d031]:main():compute-mfcc-feats.cc:178) Processed features for key 00016_00017cmplx
VLOG[2] (compute-mfcc-feats[5.1.46~1-0d031]:main():compute-mfcc-feats.cc:178) Processed features for key 00017_00018cmplx
VLOG[2] (compute-mfcc-feats[5.1.46~1-0d031]:main():compute-mfcc-feats.cc:178) Processed features for key 00018_00019cmplx
VLOG[2] (compute-mfcc-feats[5.1.46~1-0d031]:main():compute-mfcc-feats.cc:178) Processed features for key 00019_00020cmplx
VLOG[2] (compute-mfcc-feats[5.1.46~1-0d031]:main():compute-mfcc-feats.cc:178) Processed features for key 00020_00021cmplx
LOG (compute-mfcc-feats[5.1.46~1-0d031]:main():compute-mfcc-feats.cc:177) Processed 20 utterances
VLOG[2] (compute-mfcc-feats[5.1.46~1-0d031]:main():compute-mfcc-feats.cc:178) Processed features for key 00021_00022cmplx
VLOG[2] (compute-mfcc-feats[5.1.46~1-0d031]:main():compute-mfcc-feats.cc:178) Processed features for key 00022_00023cmplx
VLOG[2] (compute-mfcc-feats[5.1.46~1-0d031]:main():compute-mfcc-feats.cc:178) Processed features for key 00023_00024cmplx
VLOG[2] (compute-mfcc-feats[5.1.46~1-0d031]:main():compute-mfcc-feats.cc:178) Processed features for key 00024_00025cmplx
VLOG[2] (compute-mfcc-feats[5.1.46~1-0d031]:main():compute-mfcc-feats.cc:178) Processed features for key 00025_00026cmplx
VLOG[2] (compute-mfcc-feats[5.1.46~1-0d031]:main():compute-mfcc-feats.cc:178) Processed features for key 00026_00027cmplx
VLOG[2] (compute-mfcc-feats[5.1.46~1-0d031]:main():compute-mfcc-feats.cc:178) Processed features for key 00028_00029cmplx
VLOG[2] (compute-mfcc-feats[5.1.46~1-0d031]:main():compute-mfcc-feats.cc:178) Processed features for key 00029_00030cmplx
VLOG[2] (compute-mfcc-feats[5.1.46~1-0d031]:main():compute-mfcc-feats.cc:178) Processed features for key 00030_00031cmplx
VLOG[2] (compute-mfcc-feats[5.1.46~1-0d031]:main():compute-mfcc-feats.cc:178) Processed features for key 00031_00032cmplx
LOG (compute-mfcc-feats[5.1.46~1-0d031]:main():compute-mfcc-feats.cc:177) Processed 30 utterances
VLOG[2] (compute-mfcc-feats[5.1.46~1-0d031]:main():compute-mfcc-feats.cc:178) Processed features for key 00032_00033cmplx
VLOG[2] (compute-mfcc-feats[5.1.46~1-0d031]:main():compute-mfcc-feats.cc:178) Processed features for key 00033_00034cmplx
VLOG[2] (compute-mfcc-feats[5.1.46~1-0d031]:main():compute-mfcc-feats.cc:178) Processed features for key 00034_00035cmplx
VLOG[2] (compute-mfcc-feats[5.1.46~1-0d031]:main():compute-mfcc-feats.cc:178) Processed features for key 00035_00036cmplx
VLOG[2] (compute-mfcc-feats[5.1.46~1-0d031]:main():compute-mfcc-feats.cc:178) Processed features for key 00036_00037cmplx
VLOG[2] (compute-mfcc-feats[5.1.46~1-0d031]:main():compute-mfcc-feats.cc:178) Processed features for key 00037_00038cmplx
VLOG[2] (compute-mfcc-feats[5.1.46~1-0d031]:main():compute-mfcc-feats.cc:178) Processed features for key 00038_00039cmplx
VLOG[2] (compute-mfcc-feats[5.1.46~1-0d031]:main():compute-mfcc-feats.cc:178) Processed features for key 00041_00042cmplx
VLOG[2] (compute-mfcc-feats[5.1.46~1-0d031]:main():compute-mfcc-feats.cc:178) Processed features for key 00042_00043cmplx
VLOG[2] (compute-mfcc-feats[5.1.46~1-0d031]:main():compute-mfcc-feats.cc:178) Processed features for key 00043_00044cmplx
LOG (compute-mfcc-feats[5.1.46~1-0d031]:main():compute-mfcc-feats.cc:177) Processed 40 utterances
VLOG[2] (compute-mfcc-feats[5.1.46~1-0d031]:main():compute-mfcc-feats.cc:178) Processed features for key 00044_00045cmplx
VLOG[2] (compute-mfcc-feats[5.1.46~1-0d031]:main():compute-mfcc-feats.cc:178) Processed features for key 00045_00046cmplx
VLOG[2] (compute-mfcc-feats[5.1.46~1-0d031]:main():compute-mfcc-feats.cc:178) Processed features for key 00046_00047cmplx
VLOG[2] (compute-mfcc-feats[5.1.46~1-0d031]:main():compute-mfcc-feats.cc:178) Processed features for key 00047_00048cmplx
VLOG[2] (compute-mfcc-feats[5.1.46~1-0d031]:main():compute-mfcc-feats.cc:178) Processed features for key 00048_00049cmplx
VLOG[2] (compute-mfcc-feats[5.1.46~1-0d031]:main():compute-mfcc-feats.cc:178) Processed features for key 00049_00050cmplx
VLOG[2] (compute-mfcc-feats[5.1.46~1-0d031]:main():compute-mfcc-feats.cc:178) Processed features for key 00050_00051cmplx
VLOG[2] (compute-mfcc-feats[5.1.46~1-0d031]:main():compute-mfcc-feats.cc:178) Processed features for key 00051_00052cmplx
VLOG[2] (compute-mfcc-feats[5.1.46~1-0d031]:main():compute-mfcc-feats.cc:178) Processed features for key 00053_00054cmplx
VLOG[2] (compute-mfcc-feats[5.1.46~1-0d031]:main():compute-mfcc-feats.cc:178) Processed features for key 00054_00055cmplx
LOG (compute-mfcc-feats[5.1.46~1-0d031]:main():compute-mfcc-feats.cc:177) Processed 50 utterances
VLOG[2] (compute-mfcc-feats[5.1.46~1-0d031]:main():compute-mfcc-feats.cc:178) Processed features for key 00055_00056cmplx
VLOG[2] (compute-mfcc-feats[5.1.46~1-0d031]:main():compute-mfcc-feats.cc:178) Processed features for key 00056_00057cmplx
VLOG[2] (compute-mfcc-feats[5.1.46~1-0d031]:main():compute-mfcc-feats.cc:178) Processed features for key 00057_00058cmplx
VLOG[2] (compute-mfcc-feats[5.1.46~1-0d031]:main():compute-mfcc-feats.cc:178) Processed features for key 00058_00059cmplx
VLOG[2] (compute-mfcc-feats[5.1.46~1-0d031]:main():compute-mfcc-feats.cc:178) Processed features for key 00059_00060cmplx
VLOG[2] (compute-mfcc-feats[5.1.46~1-0d031]:main():compute-mfcc-feats.cc:178) Processed features for key 00060_00061cmplx
VLOG[2] (compute-mfcc-feats[5.1.46~1-0d031]:main():compute-mfcc-feats.cc:178) Processed features for key 00061_00062cmplx
VLOG[2] (compute-mfcc-feats[5.1.46~1-0d031]:main():compute-mfcc-feats.cc:178) Processed features for key 00062_00063cmplx
VLOG[2] (compute-mfcc-feats[5.1.46~1-0d031]:main():compute-mfcc-feats.cc:178) Processed features for key 00063_00064cmplx
VLOG[2] (compute-mfcc-feats[5.1.46~1-0d031]:main():compute-mfcc-feats.cc:178) Processed features for key 00064_00065cmplx
LOG (compute-mfcc-feats[5.1.46~1-0d031]:main():compute-mfcc-feats.cc:177) Processed 60 utterances
VLOG[2] (compute-mfcc-feats[5.1.46~1-0d031]:main():compute-mfcc-feats.cc:178) Processed features for key 00065_00066cmplx
VLOG[2] (compute-mfcc-feats[5.1.46~1-0d031]:main():compute-mfcc-feats.cc:178) Processed features for key 00066_00067cmplx
VLOG[2] (compute-mfcc-feats[5.1.46~1-0d031]:main():compute-mfcc-feats.cc:178) Processed features for key 00068_00069cmplx
VLOG[2] (compute-mfcc-feats[5.1.46~1-0d031]:main():compute-mfcc-feats.cc:178) Processed features for key 00069_00070cmplx
VLOG[2] (compute-mfcc-feats[5.1.46~1-0d031]:main():compute-mfcc-feats.cc:178) Processed features for key 00071_00072cmplx
VLOG[2] (compute-mfcc-feats[5.1.46~1-0d031]:main():compute-mfcc-feats.cc:178) Processed features for key 00073_00074cmplx
VLOG[2] (compute-mfcc-feats[5.1.46~1-0d031]:main():compute-mfcc-feats.cc:178) Processed features for key 00074_00075cmplx
VLOG[2] (compute-mfcc-feats[5.1.46~1-0d031]:main():compute-mfcc-feats.cc:178) Processed features for key 00075_00076cmplx
VLOG[2] (compute-mfcc-feats[5.1.46~1-0d031]:main():compute-mfcc-feats.cc:178) Processed features for key 00076_00077cmplx
VLOG[2] (compute-mfcc-feats[5.1.46~1-0d031]:main():compute-mfcc-feats.cc:178) Processed features for key 00077_00078cmplx
LOG (compute-mfcc-feats[5.1.46~1-0d031]:main():compute-mfcc-feats.cc:177) Processed 70 utterances
VLOG[2] (compute-mfcc-feats[5.1.46~1-0d031]:main():compute-mfcc-feats.cc:178) Processed features for key 00078_00079cmplx
VLOG[2] (compute-mfcc-feats[5.1.46~1-0d031]:main():compute-mfcc-feats.cc:178) Processed features for key 00079_00080cmplx
VLOG[2] (compute-mfcc-feats[5.1.46~1-0d031]:main():compute-mfcc-feats.cc:178) Processed features for key 00080_00081cmplx
VLOG[2] (compute-mfcc-feats[5.1.46~1-0d031]:main():compute-mfcc-feats.cc:178) Processed features for key 00081_00080cmplx
VLOG[2] (compute-mfcc-feats[5.1.46~1-0d031]:main():compute-mfcc-feats.cc:178) Processed features for key 00082_00081cmplx
VLOG[2] (compute-mfcc-feats[5.1.46~1-0d031]:main():compute-mfcc-feats.cc:178) Processed features for key 00083_00082cmplx
VLOG[2] (compute-mfcc-feats[5.1.46~1-0d031]:main():compute-mfcc-feats.cc:178) Processed features for key 00084_00083cmplx
VLOG[2] (compute-mfcc-feats[5.1.46~1-0d031]:main():compute-mfcc-feats.cc:178) Processed features for key 00085_00084cmplx
VLOG[2] (compute-mfcc-feats[5.1.46~1-0d031]:main():compute-mfcc-feats.cc:178) Processed features for key 00087_00086cmplx
VLOG[2] (compute-mfcc-feats[5.1.46~1-0d031]:main():compute-mfcc-feats.cc:178) Processed features for key 00088_00087cmplx
LOG (compute-mfcc-feats[5.1.46~1-0d031]:main():compute-mfcc-feats.cc:177) Processed 80 utterances
VLOG[2] (compute-mfcc-feats[5.1.46~1-0d031]:main():compute-mfcc-feats.cc:178) Processed features for key 00089_00088cmplx
VLOG[2] (compute-mfcc-feats[5.1.46~1-0d031]:main():compute-mfcc-feats.cc:178) Processed features for key 00090_00089cmplx
VLOG[2] (compute-mfcc-feats[5.1.46~1-0d031]:main():compute-mfcc-feats.cc:178) Processed features for key 00091_00090cmplx
VLOG[2] (compute-mfcc-feats[5.1.46~1-0d031]:main():compute-mfcc-feats.cc:178) Processed features for key 00093_00092cmplx
VLOG[2] (compute-mfcc-feats[5.1.46~1-0d031]:main():compute-mfcc-feats.cc:178) Processed features for key 00094_00093cmplx
VLOG[2] (compute-mfcc-feats[5.1.46~1-0d031]:main():compute-mfcc-feats.cc:178) Processed features for key 00095_00094cmplx
VLOG[2] (compute-mfcc-feats[5.1.46~1-0d031]:main():compute-mfcc-feats.cc:178) Processed features for key 00096_00095cmplx
VLOG[2] (compute-mfcc-feats[5.1.46~1-0d031]:main():compute-mfcc-feats.cc:178) Processed features for key 00097_00096cmplx
VLOG[2] (compute-mfcc-feats[5.1.46~1-0d031]:main():compute-mfcc-feats.cc:178) Processed features for key 00098_00097cmplx
VLOG[2] (compute-mfcc-feats[5.1.46~1-0d031]:main():compute-mfcc-feats.cc:178) Processed features for key 00100_00099cmplx
LOG (compute-mfcc-feats[5.1.46~1-0d031]:main():compute-mfcc-feats.cc:177) Processed 90 utterances
VLOG[2] (compute-mfcc-feats[5.1.46~1-0d031]:main():compute-mfcc-feats.cc:178) Processed features for key 00101_00100cmplx
LOG (compute-mfcc-feats[5.1.46~1-0d031]:main():compute-mfcc-feats.cc:181)  Done 90 out of 90 utterances.
LOG (copy-feats[5.1.46~1-0d031]:main():copy-feats.cc:120) Copied 90 feature matrices.
# Accounting: time=1 threads=1
# Ended (code 0) at Tue Oct  3 21:47:55 SAST 2017, elapsed time 1 seconds
