# lattice-scale --inv-acoustic-scale=11 "ark:gunzip -c exp/tri1_ali/decode/lat.*.gz|" ark:- | lattice-add-penalty --word-ins-penalty=0.0 ark:- ark:- | lattice-best-path --word-symbol-table=exp/tri1_ali/graph/words.txt ark:- ark,t:exp/tri1_ali/decode/scoring/11.tra 
# Started at Sun Nov 19 12:47:15 SAST 2017
#
lattice-scale --inv-acoustic-scale=11 'ark:gunzip -c exp/tri1_ali/decode/lat.*.gz|' ark:- 
lattice-add-penalty --word-ins-penalty=0.0 ark:- ark:- 
lattice-best-path --word-symbol-table=exp/tri1_ali/graph/words.txt ark:- ark,t:exp/tri1_ali/decode/scoring/11.tra 
LOG (lattice-best-path[5.1.46~1-0d031]:main():lattice-best-path.cc:99) For utterance LIVE00000062_00001, best cost 18.0947 + 605.379 = 623.473 over 75 frames.
LIVE00000062_00001 alpha bravo 
LOG (lattice-best-path[5.1.46~1-0d031]:main():lattice-best-path.cc:99) For utterance LIVE00000066_00018, best cost 11.1221 + 553.902 = 565.024 over 75 frames.
LIVE00000066_00018 escape 
LOG (lattice-best-path[5.1.46~1-0d031]:main():lattice-best-path.cc:99) For utterance LIVE00000067_00011, best cost 11.912 + 547.72 = 559.632 over 75 frames.
LIVE00000067_00011 papa 
LOG (lattice-best-path[5.1.46~1-0d031]:main():lattice-best-path.cc:99) For utterance LIVE00000068_00004, best cost 15.5756 + 1064.46 = 1080.04 over 152 frames.
LIVE00000068_00004 slap 
LOG (lattice-best-path[5.1.46~1-0d031]:main():lattice-best-path.cc:99) For utterance LIVE00000068_00012, best cost 22.4242 + 1636.2 = 1658.62 over 228 frames.
LIVE00000068_00012 whisky one 
LOG (lattice-best-path[5.1.46~1-0d031]:main():lattice-best-path.cc:99) For utterance LIVE00000074_00002, best cost 25.6626 + 1179.32 = 1204.98 over 152 frames.
LIVE00000074_00002 space bravo bravo 
LOG (lattice-best-path[5.1.46~1-0d031]:main():lattice-best-path.cc:99) For utterance LIVE00000074_00006, best cost 27.1858 + 1229.36 = 1256.54 over 152 frames.
LIVE00000074_00006 space foxtrot foxtrot 
LOG (lattice-best-path[5.1.46~1-0d031]:main():lattice-best-path.cc:99) For utterance LIVE00000074_00007, best cost 26.4389 + 1170.93 = 1197.37 over 152 frames.
LIVE00000074_00007 mike alpha india 
LOG (lattice-best-path[5.1.46~1-0d031]:main():lattice-best-path.cc:99) For utterance LIVE00000074_00020, best cost 17.5016 + 600.709 = 618.211 over 75 frames.
LIVE00000074_00020 space tab 
LOG (lattice-scale[5.1.46~1-0d031]:main():lattice-scale.cc:90) Done 74 lattices.
LOG (lattice-best-path[5.1.46~1-0d031]:main():lattice-best-path.cc:99) For utterance LIVE00000074_00022, best cost 29.3504 + 1205.82 = 1235.17 over 152 frames.
LIVE00000074_00022 space foxtrot sierra 
LOG (lattice-best-path[5.1.46~1-0d031]:main():lattice-best-path.cc:99) For utterance LIVE00000074_00024, best cost 26.5894 + 1166.86 = 1193.45 over 152 frames.
LIVE00000074_00024 space sierra sierra 
LOG (lattice-best-path[5.1.46~1-0d031]:main():lattice-best-path.cc:99) For utterance LIVE00000074_00038, best cost 10.9369 + 535.724 = 546.661 over 75 frames.
LIVE00000074_00038 enter 
LOG (lattice-best-path[5.1.46~1-0d031]:main():lattice-best-path.cc:99) For utterance LIVE00000074_00044, best cost 22.2233 + 1120.93 = 1143.15 over 152 frames.
LIVE00000074_00044 five kilo 
LOG (lattice-best-path[5.1.46~1-0d031]:main():lattice-best-path.cc:99) For utterance LIVE00000075_00003, best cost 26.6176 + 1211.54 = 1238.16 over 152 frames.
LIVE00000075_00003 mike oscar victor 
LOG (lattice-best-path[5.1.46~1-0d031]:main():lattice-best-path.cc:99) For utterance LIVE00000079_00000, best cost 12.304 + 552.62 = 564.924 over 75 frames.
LIVE00000079_00000 enter 
LOG (lattice-best-path[5.1.46~1-0d031]:main():lattice-best-path.cc:99) For utterance LIVE00000089_00003, best cost 17.484 + 601.145 = 618.629 over 75 frames.
LIVE00000089_00003 left five 
LOG (lattice-best-path[5.1.46~1-0d031]:main():lattice-best-path.cc:99) For utterance LIVE00000090_00000, best cost 17.1038 + 596.463 = 613.566 over 75 frames.
LIVE00000090_00000 space sierra 
LOG (lattice-best-path[5.1.46~1-0d031]:main():lattice-best-path.cc:99) For utterance LIVE00000090_00025, best cost 23.0548 + 1878.11 = 1901.17 over 228 frames.
LIVE00000090_00025 delta delta 
LOG (lattice-best-path[5.1.46~1-0d031]:main():lattice-best-path.cc:99) For utterance LIVE00000090_00069, best cost 26.285 + 1196.7 = 1222.98 over 152 frames.
LIVE00000090_00069 space foxtrot foxtrot 
LOG (lattice-add-penalty[5.1.46~1-0d031]:main():lattice-add-penalty.cc:62) Done adding word insertion penalty to 74 lattices.
LOG (lattice-best-path[5.1.46~1-0d031]:main():lattice-best-path.cc:99) For utterance LIVE00000090_00095, best cost 15.7496 + 611.313 = 627.063 over 75 frames.
LIVE00000090_00095 hash 
LOG (lattice-best-path[5.1.46~1-0d031]:main():lattice-best-path.cc:99) For utterance LIVE00000090_00114, best cost 19 + 590.461 = 609.461 over 75 frames.
LIVE00000090_00114 right nine 
LOG (lattice-best-path[5.1.46~1-0d031]:main():lattice-best-path.cc:99) For utterance LIVE00000090_00123, best cost 11.7824 + 586.433 = 598.215 over 75 frames.
LIVE00000090_00123 escape 
LOG (lattice-best-path[5.1.46~1-0d031]:main():lattice-best-path.cc:99) For utterance LIVE00000090_00129, best cost 13.2269 + 570.167 = 583.394 over 75 frames.
LIVE00000090_00129 escape 
LOG (lattice-best-path[5.1.46~1-0d031]:main():lattice-best-path.cc:99) For utterance LIVE00000090_00131, best cost 14.6794 + 624.2 = 638.88 over 75 frames.
LIVE00000090_00131 space 
LOG (lattice-best-path[5.1.46~1-0d031]:main():lattice-best-path.cc:99) For utterance LIVE00000090_00140, best cost 11.1446 + 563.981 = 575.126 over 75 frames.
LIVE00000090_00140 scratch 
LOG (lattice-best-path[5.1.46~1-0d031]:main():lattice-best-path.cc:99) For utterance REC00000001, best cost 19.9549 + 505.088 = 525.043 over 62 frames.
REC00000001 switch back 
LOG (lattice-best-path[5.1.46~1-0d031]:main():lattice-best-path.cc:99) For utterance REC00000037, best cost 10.8881 + 614.236 = 625.125 over 88 frames.
REC00000037 escape 
LOG (lattice-best-path[5.1.46~1-0d031]:main():lattice-best-path.cc:99) For utterance REC00000055, best cost 39.402 + 1730.49 = 1769.89 over 228 frames.
REC00000055 left up delta sierra six 
LOG (lattice-best-path[5.1.46~1-0d031]:main():lattice-best-path.cc:99) For utterance REC00000062, best cost 40.5954 + 1818.65 = 1859.24 over 235 frames.
REC00000062 romeo up juliet up alpha 
LOG (lattice-best-path[5.1.46~1-0d031]:main():lattice-best-path.cc:99) For utterance REC00000069, best cost 20.4985 + 804.154 = 824.653 over 107 frames.
REC00000069 lima three 
LOG (lattice-best-path[5.1.46~1-0d031]:main():lattice-best-path.cc:99) For utterance REC00000072, best cost 35.1074 + 1462.49 = 1497.59 over 190 frames.
REC00000072 mike oscar six lima 
LOG (lattice-best-path[5.1.46~1-0d031]:main():lattice-best-path.cc:99) For utterance REC00000093, best cost 18.4893 + 839.584 = 858.073 over 113 frames.
REC00000093 left golf 
LOG (lattice-best-path[5.1.46~1-0d031]:main():lattice-best-path.cc:99) For utterance REC00000110, best cost 14.5405 + 830.075 = 844.615 over 113 frames.
REC00000110 switch 
LOG (lattice-best-path[5.1.46~1-0d031]:main():lattice-best-path.cc:99) For utterance REC00000122, best cost 17.0685 + 1028.03 = 1045.1 over 145 frames.
REC00000122 return 
LOG (lattice-best-path[5.1.46~1-0d031]:main():lattice-best-path.cc:99) For utterance REC00000130, best cost 26.4452 + 1187.81 = 1214.25 over 164 frames.
REC00000130 down victor left 
LOG (lattice-best-path[5.1.46~1-0d031]:main():lattice-best-path.cc:99) For utterance REC00000143, best cost 26.8825 + 1423.92 = 1450.8 over 184 frames.
REC00000143 four echo right 
LOG (lattice-best-path[5.1.46~1-0d031]:main():lattice-best-path.cc:99) For utterance REC00000145, best cost 20.3919 + 1109.48 = 1129.87 over 152 frames.
REC00000145 charlie mike 
LOG (lattice-best-path[5.1.46~1-0d031]:main():lattice-best-path.cc:99) For utterance REC00000160, best cost 26.5261 + 1230.85 = 1257.38 over 171 frames.
REC00000160 charlie papa papa 
LOG (lattice-best-path[5.1.46~1-0d031]:main():lattice-best-path.cc:99) For utterance REC00000172, best cost 27.708 + 1408.14 = 1435.84 over 184 frames.
REC00000172 up three x-ray 
LOG (lattice-best-path[5.1.46~1-0d031]:main():lattice-best-path.cc:99) For utterance REC00000175, best cost 41.5888 + 1884.39 = 1925.98 over 248 frames.
REC00000175 nine romeo nine four november 
LOG (lattice-best-path[5.1.46~1-0d031]:main():lattice-best-path.cc:99) For utterance REC00000205, best cost 26.4759 + 1334.35 = 1360.83 over 184 frames.
REC00000205 switch firefox 
LOG (lattice-best-path[5.1.46~1-0d031]:main():lattice-best-path.cc:99) For utterance REC00000218, best cost 24.5293 + 1125.9 = 1150.43 over 152 frames.
REC00000218 switch firefox 
LOG (lattice-best-path[5.1.46~1-0d031]:main():lattice-best-path.cc:99) For utterance REC00000239, best cost 30.845 + 1398.18 = 1429.02 over 190 frames.
REC00000239 romeo oscar nine four 
LOG (lattice-best-path[5.1.46~1-0d031]:main():lattice-best-path.cc:99) For utterance REC00000241, best cost 24 + 1197.42 = 1221.42 over 158 frames.
REC00000241 papa delta two 
LOG (lattice-best-path[5.1.46~1-0d031]:main():lattice-best-path.cc:99) For utterance REC00000264, best cost 43.346 + 1727.52 = 1770.87 over 216 frames.
REC00000264 x-ray echo right three victor 
LOG (lattice-best-path[5.1.46~1-0d031]:main():lattice-best-path.cc:99) For utterance REC00000288, best cost 18.251 + 918.867 = 937.118 over 126 frames.
REC00000288 mike right 
LOG (lattice-best-path[5.1.46~1-0d031]:main():lattice-best-path.cc:99) For utterance REC00000292, best cost 20.8227 + 1206.87 = 1227.69 over 164 frames.
REC00000292 mike hotel 
LOG (lattice-best-path[5.1.46~1-0d031]:main():lattice-best-path.cc:99) For utterance REC00000324, best cost 26.5467 + 1163.6 = 1190.15 over 139 frames.
REC00000324 three four space 
LOG (lattice-best-path[5.1.46~1-0d031]:main():lattice-best-path.cc:99) For utterance REC00000332, best cost 18.6892 + 991.892 = 1010.58 over 132 frames.
REC00000332 mike left 
LOG (lattice-best-path[5.1.46~1-0d031]:main():lattice-best-path.cc:99) For utterance REC00000339, best cost 18.6382 + 1065.9 = 1084.54 over 145 frames.
REC00000339 bravo right 
LOG (lattice-best-path[5.1.46~1-0d031]:main():lattice-best-path.cc:99) For utterance REC00000348, best cost 42.0204 + 1936.15 = 1978.17 over 248 frames.
REC00000348 november seven quebec up mike 
LOG (lattice-best-path[5.1.46~1-0d031]:main():lattice-best-path.cc:99) For utterance REC00000350, best cost 26.9157 + 1464.07 = 1490.98 over 196 frames.
REC00000350 romeo space five 
LOG (lattice-best-path[5.1.46~1-0d031]:main():lattice-best-path.cc:99) For utterance REC00000372, best cost 26.8599 + 1269.56 = 1296.42 over 164 frames.
REC00000372 romeo whisky left 
LOG (lattice-best-path[5.1.46~1-0d031]:main():lattice-best-path.cc:99) For utterance REC00000392, best cost 20.4454 + 1150.48 = 1170.93 over 158 frames.
REC00000392 space whisky 
LOG (lattice-best-path[5.1.46~1-0d031]:main():lattice-best-path.cc:99) For utterance REC00000394, best cost 25.6595 + 1306.31 = 1331.97 over 171 frames.
REC00000394 victor space slap 
LOG (lattice-best-path[5.1.46~1-0d031]:main():lattice-best-path.cc:99) For utterance REC00000413, best cost 28.4867 + 1421.66 = 1450.15 over 184 frames.
REC00000413 underscore bang slap 
LOG (lattice-best-path[5.1.46~1-0d031]:main():lattice-best-path.cc:99) For utterance REC00000456, best cost 40.1838 + 1998.73 = 2038.91 over 254 frames.
REC00000456 scratch scratch enter zero romeo 
LOG (lattice-best-path[5.1.46~1-0d031]:main():lattice-best-path.cc:99) For utterance REC00000458, best cost 32.721 + 1825.96 = 1858.68 over 241 frames.
REC00000458 alpha scratch enter delta 
LOG (lattice-best-path[5.1.46~1-0d031]:main():lattice-best-path.cc:99) For utterance REC00000469, best cost 26.0529 + 1373.99 = 1400.04 over 184 frames.
REC00000469 india scratch enter 
LOG (lattice-best-path[5.1.46~1-0d031]:main():lattice-best-path.cc:99) For utterance REC00000471, best cost 26.0063 + 1494.05 = 1520.06 over 196 frames.
REC00000471 uniform zero lima 
LOG (lattice-best-path[5.1.46~1-0d031]:main():lattice-best-path.cc:99) For utterance REC00000484, best cost 26.727 + 1395.5 = 1422.22 over 177 frames.
REC00000484 enter lima scratch 
LOG (lattice-best-path[5.1.46~1-0d031]:main():lattice-best-path.cc:99) For utterance REC00000488, best cost 27.7533 + 1409.46 = 1437.21 over 190 frames.
REC00000488 sky sky enter 
LOG (lattice-best-path[5.1.46~1-0d031]:main():lattice-best-path.cc:99) For utterance REC00000491, best cost 41.0791 + 2044.02 = 2085.09 over 267 frames.
REC00000491 sky enter zero enter enter 
LOG (lattice-best-path[5.1.46~1-0d031]:main():lattice-best-path.cc:99) For utterance REC00000499, best cost 40.48 + 2139.28 = 2179.76 over 286 frames.
REC00000499 zero bravo underscore null zero 
LOG (lattice-best-path[5.1.46~1-0d031]:main():lattice-best-path.cc:99) For utterance REC00000507, best cost 40.3805 + 1849.64 = 1890.02 over 241 frames.
REC00000507 paste bravo zero term null 
LOG (lattice-best-path[5.1.46~1-0d031]:main():lattice-best-path.cc:99) For utterance REC00000516, best cost 27.6846 + 1314.4 = 1342.09 over 184 frames.
REC00000516 null zero term 
LOG (lattice-best-path[5.1.46~1-0d031]:main():lattice-best-path.cc:99) For utterance REC00000526, best cost 36.8878 + 1591.11 = 1627.99 over 203 frames.
REC00000526 eight term five copy 
LOG (lattice-best-path[5.1.46~1-0d031]:main():lattice-best-path.cc:99) For utterance REC00001234, best cost 26.5903 + 1473.51 = 1500.1 over 196 frames.
REC00001234 shift null super 
LOG (lattice-best-path[5.1.46~1-0d031]:main():lattice-best-path.cc:99) For utterance REC00001242, best cost 26.3026 + 1324.43 = 1350.73 over 177 frames.
REC00001242 six golf super 
LOG (lattice-best-path[5.1.46~1-0d031]:main():lattice-best-path.cc:99) For utterance REC00001251, best cost 44.0569 + 1952.29 = 1996.34 over 235 frames.
REC00001251 null x-ray control delta control 
LOG (lattice-best-path[5.1.46~1-0d031]:main():lattice-best-path.cc:99) For utterance REC00001265, best cost 34.8754 + 1843.88 = 1878.76 over 241 frames.
REC00001265 control alt null shift 
LOG (lattice-best-path[5.1.46~1-0d031]:main():lattice-best-path.cc:99) For utterance REC00001267, best cost 38.9028 + 1915.53 = 1954.44 over 254 frames.
REC00001267 super comma comma control 
LOG (lattice-best-path[5.1.46~1-0d031]:main():lattice-best-path.cc:99) For utterance REC00001276, best cost 45.5924 + 2375.91 = 2421.5 over 305 frames.
REC00001276 alt null control null shift 
LOG (lattice-best-path[5.1.46~1-0d031]:main():lattice-best-path.cc:99) For utterance REC00001466, best cost 22.6877 + 1146.29 = 1168.98 over 152 frames.
REC00001466 pageup pageup 
LOG (lattice-best-path[5.1.46~1-0d031]:main():lattice-best-path.cc:124) Overall cost per frame is 7.78004 = 0.157673 [graph] + 7.62237 [acoustic] over 11968 frames.
LOG (lattice-best-path[5.1.46~1-0d031]:main():lattice-best-path.cc:128) Done 74 lattices, failed for 0
# Accounting: time=0 threads=1
# Ended (code 0) at Sun Nov 19 12:47:15 SAST 2017, elapsed time 0 seconds
