# lattice-scale --inv-acoustic-scale=9 "ark:gunzip -c exp/mono/decode/lat.*.gz|" ark:- | lattice-add-penalty --word-ins-penalty=0.0 ark:- ark:- | lattice-best-path --word-symbol-table=exp/mono/graph/words.txt ark:- ark,t:exp/mono/decode/scoring/9.tra 
# Started at Tue Oct  3 21:48:23 SAST 2017
#
lattice-scale --inv-acoustic-scale=9 'ark:gunzip -c exp/mono/decode/lat.*.gz|' ark:- 
lattice-add-penalty --word-ins-penalty=0.0 ark:- ark:- 
lattice-best-path --word-symbol-table=exp/mono/graph/words.txt ark:- ark,t:exp/mono/decode/scoring/9.tra 
LOG (lattice-scale[5.1.46~1-0d031]:main():lattice-scale.cc:90) Done 11 lattices.
LOG (lattice-add-penalty[5.1.46~1-0d031]:main():lattice-add-penalty.cc:62) Done adding word insertion penalty to 11 lattices.
LOG (lattice-best-path[5.1.46~1-0d031]:main():lattice-best-path.cc:99) For utterance 00014_00015cmplx, best cost 20.0493 + 1177.15 = 1197.2 over 120 frames.
00014_00015cmplx window minimise 
LOG (lattice-best-path[5.1.46~1-0d031]:main():lattice-best-path.cc:99) For utterance 00027_00028cmplx, best cost 17.8086 + 1011.58 = 1029.39 over 107 frames.
00027_00028cmplx switch back 
LOG (lattice-best-path[5.1.46~1-0d031]:main():lattice-best-path.cc:99) For utterance 00039_00040cmplx, best cost 20.3218 + 1007.55 = 1027.87 over 107 frames.
00039_00040cmplx switch back 
LOG (lattice-best-path[5.1.46~1-0d031]:main():lattice-best-path.cc:99) For utterance 00040_00041cmplx, best cost 18.8562 + 990.945 = 1009.8 over 100 frames.
00040_00041cmplx escape echo 
LOG (lattice-best-path[5.1.46~1-0d031]:main():lattice-best-path.cc:99) For utterance 00052_00053cmplx, best cost 32.9337 + 2003.06 = 2036 over 177 frames.
00052_00053cmplx whisky juliet nine kilo 
LOG (lattice-best-path[5.1.46~1-0d031]:main():lattice-best-path.cc:99) For utterance 00067_00068cmplx, best cost 23.6149 + 1096.26 = 1119.88 over 107 frames.
00067_00068cmplx ten oscar up 
LOG (lattice-best-path[5.1.46~1-0d031]:main():lattice-best-path.cc:99) For utterance 00070_00071cmplx, best cost 24.7438 + 1669.53 = 1694.27 over 164 frames.
00070_00071cmplx four foxtrot ten 
LOG (lattice-best-path[5.1.46~1-0d031]:main():lattice-best-path.cc:99) For utterance 00072_00073cmplx, best cost 49.0696 + 2462 = 2511.07 over 228 frames.
00072_00073cmplx foxtrot juliet three zulu papa zulu up 
LOG (lattice-best-path[5.1.46~1-0d031]:main():lattice-best-path.cc:99) For utterance 00086_00085cmplx, best cost 36.3425 + 2349.18 = 2385.53 over 235 frames.
00086_00085cmplx four five india bravo sierra 
LOG (lattice-best-path[5.1.46~1-0d031]:main():lattice-best-path.cc:99) For utterance 00092_00091cmplx, best cost 30.5468 + 1931.45 = 1962 over 190 frames.
00092_00091cmplx zulu india kilo echo 
LOG (lattice-best-path[5.1.46~1-0d031]:main():lattice-best-path.cc:99) For utterance 00099_00098cmplx, best cost 23.935 + 1437.64 = 1461.57 over 132 frames.
00099_00098cmplx nine sierra delta 
LOG (lattice-best-path[5.1.46~1-0d031]:main():lattice-best-path.cc:124) Overall cost per frame is 10.4587 = 0.178898 [graph] + 10.2798 [acoustic] over 1667 frames.
LOG (lattice-best-path[5.1.46~1-0d031]:main():lattice-best-path.cc:128) Done 11 lattices, failed for 0
# Accounting: time=0 threads=1
# Ended (code 0) at Tue Oct  3 21:48:23 SAST 2017, elapsed time 0 seconds
