# build-tree --verbose=1 --max-leaves=2000 --cluster-thresh=-1 exp/tri1/treeacc data/lang/phones/roots.int exp/tri1/questions.qst data/lang/topo exp/tri1/tree 
# Started at Tue Oct  3 20:57:03 SAST 2017
#
build-tree --verbose=1 --max-leaves=2000 --cluster-thresh=-1 exp/tri1/treeacc data/lang/phones/roots.int exp/tri1/questions.qst data/lang/topo exp/tri1/tree 
LOG (build-tree[5.1.46~1-0d031]:main():build-tree.cc:100) Number of separate statistics is 1241
LOG (build-tree[5.1.46~1-0d031]:BuildTree():build-tree.cc:159) BuildTree: before building trees, map has 36 leaves.
LOG (build-tree[5.1.46~1-0d031]:SplitDecisionTree():build-tree-utils.cc:577) DoDecisionTreeSplit: split 114 times, #leaves now 150
LOG (build-tree[5.1.46~1-0d031]:BuildTree():build-tree.cc:185) Setting clustering threshold to smallest split 300.614
VLOG[1] (build-tree[5.1.46~1-0d031]:BuildTree():build-tree.cc:194) After decision tree split, num-leaves = 150, like-impr = 5.71151 per frame over 12601 frames.
VLOG[1] (build-tree[5.1.46~1-0d031]:BuildTree():build-tree.cc:198) Including just phones that were split, improvement is 5.71151 per frame over 12601 frames.
LOG (build-tree[5.1.46~1-0d031]:BuildTree():build-tree.cc:213) BuildTree: removed 17 leaves.
VLOG[1] (build-tree[5.1.46~1-0d031]:BuildTree():build-tree.cc:220) Objf change due to clustering -0.311513 per frame.
VLOG[1] (build-tree[5.1.46~1-0d031]:BuildTree():build-tree.cc:223) Normalizing over only split phones, this is: -0.311513 per frame.
VLOG[1] (build-tree[5.1.46~1-0d031]:BuildTree():build-tree.cc:226) Num-leaves is now 133
VLOG[1] (build-tree[5.1.46~1-0d031]:main():build-tree.cc:138) For pdf-id 1, low count 0
VLOG[1] (build-tree[5.1.46~1-0d031]:main():build-tree.cc:138) For pdf-id 2, low count 31
VLOG[1] (build-tree[5.1.46~1-0d031]:main():build-tree.cc:138) For pdf-id 3, low count 23
VLOG[1] (build-tree[5.1.46~1-0d031]:main():build-tree.cc:138) For pdf-id 5, low count 69
VLOG[1] (build-tree[5.1.46~1-0d031]:main():build-tree.cc:138) For pdf-id 6, low count 83
VLOG[1] (build-tree[5.1.46~1-0d031]:main():build-tree.cc:138) For pdf-id 7, low count 47
VLOG[1] (build-tree[5.1.46~1-0d031]:main():build-tree.cc:138) For pdf-id 8, low count 41
VLOG[1] (build-tree[5.1.46~1-0d031]:main():build-tree.cc:138) For pdf-id 9, low count 69
VLOG[1] (build-tree[5.1.46~1-0d031]:main():build-tree.cc:138) For pdf-id 10, low count 27
VLOG[1] (build-tree[5.1.46~1-0d031]:main():build-tree.cc:138) For pdf-id 12, low count 35
VLOG[1] (build-tree[5.1.46~1-0d031]:main():build-tree.cc:138) For pdf-id 15, low count 42
VLOG[1] (build-tree[5.1.46~1-0d031]:main():build-tree.cc:138) For pdf-id 16, low count 41
VLOG[1] (build-tree[5.1.46~1-0d031]:main():build-tree.cc:138) For pdf-id 17, low count 34
VLOG[1] (build-tree[5.1.46~1-0d031]:main():build-tree.cc:138) For pdf-id 18, low count 54
VLOG[1] (build-tree[5.1.46~1-0d031]:main():build-tree.cc:138) For pdf-id 19, low count 35
VLOG[1] (build-tree[5.1.46~1-0d031]:main():build-tree.cc:138) For pdf-id 20, low count 99
VLOG[1] (build-tree[5.1.46~1-0d031]:main():build-tree.cc:138) For pdf-id 21, low count 29
VLOG[1] (build-tree[5.1.46~1-0d031]:main():build-tree.cc:138) For pdf-id 22, low count 53
VLOG[1] (build-tree[5.1.46~1-0d031]:main():build-tree.cc:138) For pdf-id 23, low count 68
VLOG[1] (build-tree[5.1.46~1-0d031]:main():build-tree.cc:138) For pdf-id 24, low count 51
VLOG[1] (build-tree[5.1.46~1-0d031]:main():build-tree.cc:138) For pdf-id 25, low count 61
VLOG[1] (build-tree[5.1.46~1-0d031]:main():build-tree.cc:138) For pdf-id 26, low count 33
VLOG[1] (build-tree[5.1.46~1-0d031]:main():build-tree.cc:138) For pdf-id 27, low count 94
VLOG[1] (build-tree[5.1.46~1-0d031]:main():build-tree.cc:138) For pdf-id 28, low count 64
VLOG[1] (build-tree[5.1.46~1-0d031]:main():build-tree.cc:138) For pdf-id 30, low count 23
VLOG[1] (build-tree[5.1.46~1-0d031]:main():build-tree.cc:138) For pdf-id 31, low count 57
VLOG[1] (build-tree[5.1.46~1-0d031]:main():build-tree.cc:138) For pdf-id 32, low count 58
VLOG[1] (build-tree[5.1.46~1-0d031]:main():build-tree.cc:138) For pdf-id 33, low count 36
VLOG[1] (build-tree[5.1.46~1-0d031]:main():build-tree.cc:138) For pdf-id 34, low count 38
VLOG[1] (build-tree[5.1.46~1-0d031]:main():build-tree.cc:138) For pdf-id 35, low count 50
VLOG[1] (build-tree[5.1.46~1-0d031]:main():build-tree.cc:138) For pdf-id 37, low count 81
VLOG[1] (build-tree[5.1.46~1-0d031]:main():build-tree.cc:138) For pdf-id 38, low count 33
VLOG[1] (build-tree[5.1.46~1-0d031]:main():build-tree.cc:138) For pdf-id 39, low count 92
VLOG[1] (build-tree[5.1.46~1-0d031]:main():build-tree.cc:138) For pdf-id 40, low count 67
VLOG[1] (build-tree[5.1.46~1-0d031]:main():build-tree.cc:138) For pdf-id 41, low count 39
VLOG[1] (build-tree[5.1.46~1-0d031]:main():build-tree.cc:138) For pdf-id 42, low count 32
VLOG[1] (build-tree[5.1.46~1-0d031]:main():build-tree.cc:138) For pdf-id 43, low count 24
VLOG[1] (build-tree[5.1.46~1-0d031]:main():build-tree.cc:138) For pdf-id 44, low count 60
VLOG[1] (build-tree[5.1.46~1-0d031]:main():build-tree.cc:138) For pdf-id 45, low count 69
VLOG[1] (build-tree[5.1.46~1-0d031]:main():build-tree.cc:138) For pdf-id 46, low count 57
VLOG[1] (build-tree[5.1.46~1-0d031]:main():build-tree.cc:138) For pdf-id 47, low count 52
VLOG[1] (build-tree[5.1.46~1-0d031]:main():build-tree.cc:138) For pdf-id 48, low count 41
VLOG[1] (build-tree[5.1.46~1-0d031]:main():build-tree.cc:138) For pdf-id 49, low count 20
VLOG[1] (build-tree[5.1.46~1-0d031]:main():build-tree.cc:138) For pdf-id 50, low count 15
VLOG[1] (build-tree[5.1.46~1-0d031]:main():build-tree.cc:138) For pdf-id 51, low count 32
VLOG[1] (build-tree[5.1.46~1-0d031]:main():build-tree.cc:138) For pdf-id 52, low count 29
VLOG[1] (build-tree[5.1.46~1-0d031]:main():build-tree.cc:138) For pdf-id 53, low count 76
VLOG[1] (build-tree[5.1.46~1-0d031]:main():build-tree.cc:138) For pdf-id 55, low count 47
VLOG[1] (build-tree[5.1.46~1-0d031]:main():build-tree.cc:138) For pdf-id 57, low count 31
VLOG[1] (build-tree[5.1.46~1-0d031]:main():build-tree.cc:138) For pdf-id 58, low count 23
VLOG[1] (build-tree[5.1.46~1-0d031]:main():build-tree.cc:138) For pdf-id 59, low count 89
VLOG[1] (build-tree[5.1.46~1-0d031]:main():build-tree.cc:138) For pdf-id 60, low count 24
VLOG[1] (build-tree[5.1.46~1-0d031]:main():build-tree.cc:138) For pdf-id 62, low count 51
VLOG[1] (build-tree[5.1.46~1-0d031]:main():build-tree.cc:138) For pdf-id 66, low count 17
VLOG[1] (build-tree[5.1.46~1-0d031]:main():build-tree.cc:138) For pdf-id 68, low count 28
VLOG[1] (build-tree[5.1.46~1-0d031]:main():build-tree.cc:138) For pdf-id 69, low count 33
VLOG[1] (build-tree[5.1.46~1-0d031]:main():build-tree.cc:138) For pdf-id 70, low count 89
VLOG[1] (build-tree[5.1.46~1-0d031]:main():build-tree.cc:138) For pdf-id 71, low count 57
VLOG[1] (build-tree[5.1.46~1-0d031]:main():build-tree.cc:138) For pdf-id 72, low count 65
VLOG[1] (build-tree[5.1.46~1-0d031]:main():build-tree.cc:138) For pdf-id 73, low count 49
VLOG[1] (build-tree[5.1.46~1-0d031]:main():build-tree.cc:138) For pdf-id 75, low count 24
VLOG[1] (build-tree[5.1.46~1-0d031]:main():build-tree.cc:138) For pdf-id 76, low count 13
VLOG[1] (build-tree[5.1.46~1-0d031]:main():build-tree.cc:138) For pdf-id 77, low count 87
VLOG[1] (build-tree[5.1.46~1-0d031]:main():build-tree.cc:138) For pdf-id 78, low count 58
VLOG[1] (build-tree[5.1.46~1-0d031]:main():build-tree.cc:138) For pdf-id 81, low count 66
VLOG[1] (build-tree[5.1.46~1-0d031]:main():build-tree.cc:138) For pdf-id 82, low count 97
VLOG[1] (build-tree[5.1.46~1-0d031]:main():build-tree.cc:138) For pdf-id 83, low count 21
VLOG[1] (build-tree[5.1.46~1-0d031]:main():build-tree.cc:138) For pdf-id 84, low count 71
VLOG[1] (build-tree[5.1.46~1-0d031]:main():build-tree.cc:138) For pdf-id 85, low count 52
VLOG[1] (build-tree[5.1.46~1-0d031]:main():build-tree.cc:138) For pdf-id 86, low count 33
VLOG[1] (build-tree[5.1.46~1-0d031]:main():build-tree.cc:138) For pdf-id 87, low count 67
VLOG[1] (build-tree[5.1.46~1-0d031]:main():build-tree.cc:138) For pdf-id 88, low count 29
VLOG[1] (build-tree[5.1.46~1-0d031]:main():build-tree.cc:138) For pdf-id 90, low count 88
VLOG[1] (build-tree[5.1.46~1-0d031]:main():build-tree.cc:138) For pdf-id 92, low count 29
VLOG[1] (build-tree[5.1.46~1-0d031]:main():build-tree.cc:138) For pdf-id 96, low count 85
VLOG[1] (build-tree[5.1.46~1-0d031]:main():build-tree.cc:138) For pdf-id 99, low count 56
VLOG[1] (build-tree[5.1.46~1-0d031]:main():build-tree.cc:138) For pdf-id 100, low count 26
VLOG[1] (build-tree[5.1.46~1-0d031]:main():build-tree.cc:138) For pdf-id 101, low count 18
VLOG[1] (build-tree[5.1.46~1-0d031]:main():build-tree.cc:138) For pdf-id 103, low count 87
VLOG[1] (build-tree[5.1.46~1-0d031]:main():build-tree.cc:138) For pdf-id 104, low count 35
VLOG[1] (build-tree[5.1.46~1-0d031]:main():build-tree.cc:138) For pdf-id 106, low count 28
VLOG[1] (build-tree[5.1.46~1-0d031]:main():build-tree.cc:138) For pdf-id 108, low count 63
VLOG[1] (build-tree[5.1.46~1-0d031]:main():build-tree.cc:138) For pdf-id 109, low count 81
VLOG[1] (build-tree[5.1.46~1-0d031]:main():build-tree.cc:138) For pdf-id 110, low count 45
VLOG[1] (build-tree[5.1.46~1-0d031]:main():build-tree.cc:138) For pdf-id 111, low count 11
VLOG[1] (build-tree[5.1.46~1-0d031]:main():build-tree.cc:138) For pdf-id 113, low count 38
VLOG[1] (build-tree[5.1.46~1-0d031]:main():build-tree.cc:138) For pdf-id 118, low count 54
VLOG[1] (build-tree[5.1.46~1-0d031]:main():build-tree.cc:138) For pdf-id 119, low count 86
VLOG[1] (build-tree[5.1.46~1-0d031]:main():build-tree.cc:138) For pdf-id 120, low count 29
VLOG[1] (build-tree[5.1.46~1-0d031]:main():build-tree.cc:138) For pdf-id 121, low count 34
VLOG[1] (build-tree[5.1.46~1-0d031]:main():build-tree.cc:138) For pdf-id 122, low count 70
VLOG[1] (build-tree[5.1.46~1-0d031]:main():build-tree.cc:138) For pdf-id 123, low count 13
VLOG[1] (build-tree[5.1.46~1-0d031]:main():build-tree.cc:138) For pdf-id 125, low count 22
VLOG[1] (build-tree[5.1.46~1-0d031]:main():build-tree.cc:138) For pdf-id 126, low count 30
VLOG[1] (build-tree[5.1.46~1-0d031]:main():build-tree.cc:138) For pdf-id 128, low count 51
VLOG[1] (build-tree[5.1.46~1-0d031]:main():build-tree.cc:138) For pdf-id 129, low count 13
VLOG[1] (build-tree[5.1.46~1-0d031]:main():build-tree.cc:138) For pdf-id 130, low count 31
VLOG[1] (build-tree[5.1.46~1-0d031]:main():build-tree.cc:138) For pdf-id 131, low count 64
VLOG[1] (build-tree[5.1.46~1-0d031]:main():build-tree.cc:138) For pdf-id 132, low count 34
WARNING (build-tree[5.1.46~1-0d031]:main():build-tree.cc:180) Saw no stats for following phones: 2 3 4 5 6 7 8 9 10 11 12 14 16 18 22 24 26 27 28 30 31 32 34 36 38 41 42 44 46 48 50 51 54 58 62 64 66 68 69 70 72 74 75 78 80 81 82 86 90 94 98 99 100 102 103 106 110 114 118 122 124 125 126 127 130 131 134 136 138 140 141 142 145 146 
LOG (build-tree[5.1.46~1-0d031]:main():build-tree.cc:184) Wrote tree
# Accounting: time=0 threads=1
# Ended (code 0) at Tue Oct  3 20:57:03 SAST 2017, elapsed time 0 seconds
