# gmm-est --mix-up=5600 --power=0.25 --write-occs=exp/tri1/12.occs exp/tri1/11.mdl "gmm-sum-accs - exp/tri1/11.*.acc |" exp/tri1/12.mdl 
# Started at Tue Oct 24 21:12:03 SAST 2017
#
gmm-est --mix-up=5600 --power=0.25 --write-occs=exp/tri1/12.occs exp/tri1/11.mdl 'gmm-sum-accs - exp/tri1/11.*.acc |' exp/tri1/12.mdl 
gmm-sum-accs - exp/tri1/11.1.acc 
LOG (gmm-sum-accs[5.1.46~1-0d031]:main():gmm-sum-accs.cc:63) Summed 1 stats, total count 44061, avg like/frame -77.3023
LOG (gmm-sum-accs[5.1.46~1-0d031]:main():gmm-sum-accs.cc:66) Total count of stats is 44061
LOG (gmm-sum-accs[5.1.46~1-0d031]:main():gmm-sum-accs.cc:67) Written stats to -
LOG (gmm-est[5.1.46~1-0d031]:MleUpdate():transition-model.cc:517) TransitionModel::Update, objf change is 0 per frame over 44061 frames. 
LOG (gmm-est[5.1.46~1-0d031]:MleUpdate():transition-model.cc:520) 124 probabilities floored, 1038 out of 1544 transition-states skipped due to insuffient data (it is normal to have some skipped.)
LOG (gmm-est[5.1.46~1-0d031]:main():gmm-est.cc:102) Transition model update: Overall 0 log-like improvement per frame over 44061 frames.
WARNING (gmm-est[5.1.46~1-0d031]:MleDiagGmmUpdate():mle-diag-gmm.cc:359) Too little data - removing Gaussian (weight 0.000772, occupation count 9.629189, vector size 39)
WARNING (gmm-est[5.1.46~1-0d031]:MleDiagGmmUpdate():mle-diag-gmm.cc:365) Gaussian has too little data but not removing it because it is the last Gaussian: i = 0, occ = 0, weight = 1
WARNING (gmm-est[5.1.46~1-0d031]:MleDiagGmmUpdate():mle-diag-gmm.cc:359) Too little data - removing Gaussian (weight 0.005291, occupation count 9.439401, vector size 39)
WARNING (gmm-est[5.1.46~1-0d031]:MleDiagGmmUpdate():mle-diag-gmm.cc:359) Too little data - removing Gaussian (weight 0.014340, occupation count 9.980974, vector size 39)
WARNING (gmm-est[5.1.46~1-0d031]:MleDiagGmmUpdate():mle-diag-gmm.cc:359) Too little data - removing Gaussian (weight 0.031243, occupation count 9.997781, vector size 39)
WARNING (gmm-est[5.1.46~1-0d031]:MleDiagGmmUpdate():mle-diag-gmm.cc:359) Too little data - removing Gaussian (weight 0.148130, occupation count 9.628443, vector size 39)
LOG (gmm-est[5.1.46~1-0d031]:MleAmDiagGmmUpdate():mle-am-diag-gmm.cc:225) 0 variance elements floored in 0 Gaussians, out of 2062
LOG (gmm-est[5.1.46~1-0d031]:MleAmDiagGmmUpdate():mle-am-diag-gmm.cc:229) Removed 5 Gaussians due to counts < --min-gaussian-occupancy=10 and --remove-low-count-gaussians=true
LOG (gmm-est[5.1.46~1-0d031]:main():gmm-est.cc:113) GMM update: Overall 0.0692451 objective function improvement per frame over 44061 frames
LOG (gmm-est[5.1.46~1-0d031]:main():gmm-est.cc:116) GMM update: Overall avg like per frame = -77.3023 over 44061 frames.
WARNING (gmm-est[5.1.46~1-0d031]:GetSplitTargets():model-common.cc:134) Could not split up to 5600 due to min-count = 20 (or no counts at all)
LOG (gmm-est[5.1.46~1-0d031]:SplitByCount():am-diag-gmm.cc:116) Split 305 states with target = 5600, power = 0.25, perturb_factor = 0.01 and min_count = 20, split #Gauss from 2062 to 2065
LOG (gmm-est[5.1.46~1-0d031]:main():gmm-est.cc:146) Written model to exp/tri1/12.mdl
# Accounting: time=1 threads=1
# Ended (code 0) at Tue Oct 24 21:12:04 SAST 2017, elapsed time 1 seconds
