# gmm-est --mix-up=5240 --power=0.25 --write-occs=exp/tri1/11.occs exp/tri1/10.mdl "gmm-sum-accs - exp/tri1/10.*.acc |" exp/tri1/11.mdl 
# Started at Tue Oct  3 20:57:07 SAST 2017
#
gmm-est --mix-up=5240 --power=0.25 --write-occs=exp/tri1/11.occs exp/tri1/10.mdl 'gmm-sum-accs - exp/tri1/10.*.acc |' exp/tri1/11.mdl 
gmm-sum-accs - exp/tri1/10.1.acc 
LOG (gmm-sum-accs[5.1.46~1-0d031]:main():gmm-sum-accs.cc:63) Summed 1 stats, total count 12601, avg like/frame -84.2046
LOG (gmm-sum-accs[5.1.46~1-0d031]:main():gmm-sum-accs.cc:66) Total count of stats is 12601
LOG (gmm-sum-accs[5.1.46~1-0d031]:main():gmm-sum-accs.cc:67) Written stats to -
LOG (gmm-est[5.1.46~1-0d031]:MleUpdate():transition-model.cc:517) TransitionModel::Update, objf change is 0.0235462 per frame over 12601 frames. 
LOG (gmm-est[5.1.46~1-0d031]:MleUpdate():transition-model.cc:520) 94 probabilities floored, 567 out of 857 transition-states skipped due to insuffient data (it is normal to have some skipped.)
LOG (gmm-est[5.1.46~1-0d031]:main():gmm-est.cc:102) Transition model update: Overall 0.0235462 log-like improvement per frame over 12601 frames.
WARNING (gmm-est[5.1.46~1-0d031]:MleDiagGmmUpdate():mle-diag-gmm.cc:359) Too little data - removing Gaussian (weight 0.004029, occupation count 9.907020, vector size 39)
WARNING (gmm-est[5.1.46~1-0d031]:MleDiagGmmUpdate():mle-diag-gmm.cc:359) Too little data - removing Gaussian (weight 0.003840, occupation count 9.441696, vector size 39)
WARNING (gmm-est[5.1.46~1-0d031]:MleDiagGmmUpdate():mle-diag-gmm.cc:365) Gaussian has too little data but not removing it because it is the last Gaussian: i = 0, occ = 0, weight = 1
WARNING (gmm-est[5.1.46~1-0d031]:MleDiagGmmUpdate():mle-diag-gmm.cc:359) Too little data - removing Gaussian (weight 0.063381, occupation count 9.000062, vector size 39)
WARNING (gmm-est[5.1.46~1-0d031]:MleDiagGmmUpdate():mle-diag-gmm.cc:359) Too little data - removing Gaussian (weight 0.083155, occupation count 8.149206, vector size 39)
WARNING (gmm-est[5.1.46~1-0d031]:MleDiagGmmUpdate():mle-diag-gmm.cc:359) Too little data - removing Gaussian (weight 0.031690, occupation count 8.999973, vector size 39)
LOG (gmm-est[5.1.46~1-0d031]:MleAmDiagGmmUpdate():mle-am-diag-gmm.cc:225) 0 variance elements floored in 0 Gaussians, out of 569
LOG (gmm-est[5.1.46~1-0d031]:MleAmDiagGmmUpdate():mle-am-diag-gmm.cc:229) Removed 5 Gaussians due to counts < --min-gaussian-occupancy=10 and --remove-low-count-gaussians=true
LOG (gmm-est[5.1.46~1-0d031]:main():gmm-est.cc:113) GMM update: Overall 0.211 objective function improvement per frame over 12601 frames
LOG (gmm-est[5.1.46~1-0d031]:main():gmm-est.cc:116) GMM update: Overall avg like per frame = -84.2046 over 12601 frames.
WARNING (gmm-est[5.1.46~1-0d031]:GetSplitTargets():model-common.cc:134) Could not split up to 5240 due to min-count = 20 (or no counts at all)
LOG (gmm-est[5.1.46~1-0d031]:SplitByCount():am-diag-gmm.cc:116) Split 133 states with target = 5240, power = 0.25, perturb_factor = 0.01 and min_count = 20, split #Gauss from 569 to 574
LOG (gmm-est[5.1.46~1-0d031]:main():gmm-est.cc:146) Written model to exp/tri1/11.mdl
# Accounting: time=0 threads=1
# Ended (code 0) at Tue Oct  3 20:57:07 SAST 2017, elapsed time 0 seconds
