# gunzip -c exp/mono/decode/depth_stats_tmp.*.gz | steps/diagnostic/analyze_lattice_depth_stats.py exp/mono/graph 
# Started at Tue Oct  3 21:48:23 SAST 2017
#
The total amount of data analyzed assuming 100 frames per second is 0.0 hours
Overall, lattice depth (10,50,90-percentile)=(1,1,17) and mean=3.9
Nonsilence phones as a group account for 78.2% of frames, with lattice depth (10,50,90-percentile)=(1,1,14) and mean=3.8
Phone sil accounts for 21.8% of frames, with lattice depth (10,50,90-percentile)=(1,1,17) and mean=4.5
Phone iy_I accounts for 4.4% of frames, with lattice depth (10,50,90-percentile)=(1,1,3) and mean=1.7
Phone f_B accounts for 4.0% of frames, with lattice depth (10,50,90-percentile)=(1,1,2) and mean=1.2
Phone l_I accounts for 4.0% of frames, with lattice depth (10,50,90-percentile)=(1,1,20) and mean=7.8
Phone s_I accounts for 3.7% of frames, with lattice depth (10,50,90-percentile)=(1,1,19) and mean=4.1
Phone uw_I accounts for 3.5% of frames, with lattice depth (10,50,90-percentile)=(1,1,1) and mean=1.0
Phone n_E accounts for 3.3% of frames, with lattice depth (10,50,90-percentile)=(2,4,20) and mean=10.7
Phone ow_E accounts for 3.3% of frames, with lattice depth (10,50,90-percentile)=(1,3,20) and mean=6.3
Phone eh_I accounts for 3.2% of frames, with lattice depth (10,50,90-percentile)=(1,3,10) and mean=4.7
Phone s_B accounts for 3.2% of frames, with lattice depth (10,50,90-percentile)=(1,1,2) and mean=1.2
Phone aa_I accounts for 2.9% of frames, with lattice depth (10,50,90-percentile)=(1,1,1) and mean=1.0
Phone k_I accounts for 2.9% of frames, with lattice depth (10,50,90-percentile)=(1,2,19) and mean=6.0
Phone ah_E accounts for 2.7% of frames, with lattice depth (10,50,90-percentile)=(1,1,13) and mean=4.5
Phone n_B accounts for 2.4% of frames, with lattice depth (10,50,90-percentile)=(2,2,2) and mean=2.0
Phone r_I accounts for 2.2% of frames, with lattice depth (10,50,90-percentile)=(1,1,10) and mean=2.7
Phone ch_E accounts for 2.2% of frames, with lattice depth (10,50,90-percentile)=(1,1,1) and mean=1.0
Phone ih_I accounts for 1.9% of frames, with lattice depth (10,50,90-percentile)=(1,1,22) and mean=5.2
Phone z_B accounts for 1.9% of frames, with lattice depth (10,50,90-percentile)=(1,1,1) and mean=1.0
Phone t_E accounts for 1.7% of frames, with lattice depth (10,50,90-percentile)=(1,1,1) and mean=1.2
Phone eh_B accounts for 1.7% of frames, with lattice depth (10,50,90-percentile)=(2,2,2) and mean=3.6
Phone n_I accounts for 1.6% of frames, with lattice depth (10,50,90-percentile)=(1,1,3) and mean=1.7
Phone b_B accounts for 1.5% of frames, with lattice depth (10,50,90-percentile)=(1,1,1) and mean=1.0
Phone d_I accounts for 1.5% of frames, with lattice depth (10,50,90-percentile)=(1,1,3) and mean=1.6
Phone ah_B accounts for 1.4% of frames, with lattice depth (10,50,90-percentile)=(1,1,21) and mean=9.7
Phone w_B accounts for 1.4% of frames, with lattice depth (10,50,90-percentile)=(1,1,1) and mean=1.0
Phone uw_E accounts for 1.3% of frames, with lattice depth (10,50,90-percentile)=(1,1,1) and mean=1.0
Phone v_E accounts for 1.2% of frames, with lattice depth (10,50,90-percentile)=(2,4,4) and mean=3.4
Phone k_B accounts for 1.1% of frames, with lattice depth (10,50,90-percentile)=(1,19,22) and mean=12.7
Phone t_B accounts for 1.1% of frames, with lattice depth (10,50,90-percentile)=(3,4,4) and mean=3.6
Phone ao_I accounts for 0.9% of frames, with lattice depth (10,50,90-percentile)=(1,1,2) and mean=1.2
Phone ay_I accounts for 0.9% of frames, with lattice depth (10,50,90-percentile)=(1,2,2) and mean=1.8
Phone jh_B accounts for 0.8% of frames, with lattice depth (10,50,90-percentile)=(1,1,1) and mean=1.0
Phone ae_I accounts for 0.8% of frames, with lattice depth (10,50,90-percentile)=(1,1,1) and mean=1.0
Phone w_I accounts for 0.8% of frames, with lattice depth (10,50,90-percentile)=(1,1,1) and mean=1.0
Phone ih_B accounts for 0.7% of frames, with lattice depth (10,50,90-percentile)=(1,2,4) and mean=2.2
Phone p_E accounts for 0.7% of frames, with lattice depth (10,50,90-percentile)=(1,17,21) and mean=14.1
Phone t_I accounts for 0.6% of frames, with lattice depth (10,50,90-percentile)=(1,1,13) and mean=5.8
Phone ao_B accounts for 0.5% of frames, with lattice depth (10,50,90-percentile)=(20,20,23) and mean=21.2
Phone th_B accounts for 0.5% of frames, with lattice depth (10,50,90-percentile)=(1,1,1) and mean=1.0
# Accounting: time=0 threads=1
# Ended (code 0) at Tue Oct  3 21:48:23 SAST 2017, elapsed time 0 seconds
