# gmm-latgen-faster --max-active=7000 --beam=13.0 --lattice-beam=6.0 --acoustic-scale=0.083333 --allow-partial=true --word-symbol-table=exp/mono/graph/words.txt exp/mono/final.mdl exp/mono/graph/HCLG.fst "ark,s,cs:apply-cmvn  --utt2spk=ark:data/test/split1/1/utt2spk scp:data/test/split1/1/cmvn.scp scp:data/test/split1/1/feats.scp ark:- | add-deltas  ark:- ark:- |" "ark:|gzip -c > exp/mono/decode/lat.1.gz" 
# Started at Tue Oct  3 21:48:21 SAST 2017
#
gmm-latgen-faster --max-active=7000 --beam=13.0 --lattice-beam=6.0 --acoustic-scale=0.083333 --allow-partial=true --word-symbol-table=exp/mono/graph/words.txt exp/mono/final.mdl exp/mono/graph/HCLG.fst 'ark,s,cs:apply-cmvn  --utt2spk=ark:data/test/split1/1/utt2spk scp:data/test/split1/1/cmvn.scp scp:data/test/split1/1/feats.scp ark:- | add-deltas  ark:- ark:- |' 'ark:|gzip -c > exp/mono/decode/lat.1.gz' 
add-deltas ark:- ark:- 
apply-cmvn --utt2spk=ark:data/test/split1/1/utt2spk scp:data/test/split1/1/cmvn.scp scp:data/test/split1/1/feats.scp ark:- 
LOG (apply-cmvn[5.1.46~1-0d031]:main():apply-cmvn.cc:146) Applied cepstral mean normalization to 11 utterances, errors on 0
00014_00015cmplx window minimise 
LOG (gmm-latgen-faster[5.1.46~1-0d031]:DecodeUtteranceLatticeFaster():decoder-wrappers.cc:285) Log-like per frame for utterance 00014_00015cmplx is -7.52424 over 120 frames.
00027_00028cmplx switch back 
LOG (gmm-latgen-faster[5.1.46~1-0d031]:DecodeUtteranceLatticeFaster():decoder-wrappers.cc:285) Log-like per frame for utterance 00027_00028cmplx is -7.25692 over 107 frames.
00039_00040cmplx switch back 
LOG (gmm-latgen-faster[5.1.46~1-0d031]:DecodeUtteranceLatticeFaster():decoder-wrappers.cc:285) Log-like per frame for utterance 00039_00040cmplx is -7.25216 over 107 frames.
00040_00041cmplx escape echo 
LOG (gmm-latgen-faster[5.1.46~1-0d031]:DecodeUtteranceLatticeFaster():decoder-wrappers.cc:285) Log-like per frame for utterance 00040_00041cmplx is -7.62062 over 100 frames.
00052_00053cmplx whisky juliet nine kilo 
LOG (gmm-latgen-faster[5.1.46~1-0d031]:DecodeUtteranceLatticeFaster():decoder-wrappers.cc:285) Log-like per frame for utterance 00052_00053cmplx is -8.67358 over 177 frames.
00067_00068cmplx ten oscar up 
LOG (gmm-latgen-faster[5.1.46~1-0d031]:DecodeUtteranceLatticeFaster():decoder-wrappers.cc:285) Log-like per frame for utterance 00067_00068cmplx is -7.90476 over 107 frames.
00070_00071cmplx four foxtrot ten 
LOG (gmm-latgen-faster[5.1.46~1-0d031]:DecodeUtteranceLatticeFaster():decoder-wrappers.cc:285) Log-like per frame for utterance 00070_00071cmplx is -7.78587 over 164 frames.
00072_00073cmplx foxtrot juliet three zulu papa zulu up 
LOG (gmm-latgen-faster[5.1.46~1-0d031]:DecodeUtteranceLatticeFaster():decoder-wrappers.cc:285) Log-like per frame for utterance 00072_00073cmplx is -8.31387 over 228 frames.
00086_00085cmplx four five india bravo sierra 
LOG (gmm-latgen-faster[5.1.46~1-0d031]:DecodeUtteranceLatticeFaster():decoder-wrappers.cc:285) Log-like per frame for utterance 00086_00085cmplx is -7.65201 over 235 frames.
00092_00091cmplx zulu india kilo echo 
LOG (gmm-latgen-faster[5.1.46~1-0d031]:DecodeUtteranceLatticeFaster():decoder-wrappers.cc:285) Log-like per frame for utterance 00092_00091cmplx is -7.78489 over 190 frames.
00099_00098cmplx nine sierra delta 
LOG (gmm-latgen-faster[5.1.46~1-0d031]:DecodeUtteranceLatticeFaster():decoder-wrappers.cc:285) Log-like per frame for utterance 00099_00098cmplx is -8.34968 over 132 frames.
LOG (gmm-latgen-faster[5.1.46~1-0d031]:main():gmm-latgen-faster.cc:176) Time taken 1.05339s: real-time factor assuming 100 frames/sec is 0.0631906
LOG (gmm-latgen-faster[5.1.46~1-0d031]:main():gmm-latgen-faster.cc:179) Done 11 utterances, failed for 0
LOG (gmm-latgen-faster[5.1.46~1-0d031]:main():gmm-latgen-faster.cc:181) Overall log-likelihood per frame is -7.88868 over 1667 frames.
# Accounting: time=2 threads=1
# Ended (code 0) at Tue Oct  3 21:48:23 SAST 2017, elapsed time 2 seconds
