# gmm-latgen-faster --max-active=7000 --beam=13.0 --lattice-beam=6.0 --acoustic-scale=0.083333 --allow-partial=true --word-symbol-table=exp/tri1/graph/words.txt exp/tri1/final.mdl exp/tri1/graph/HCLG.fst "ark,s,cs:apply-cmvn  --utt2spk=ark:data/test/split1/1/utt2spk scp:data/test/split1/1/cmvn.scp scp:data/test/split1/1/feats.scp ark:- | add-deltas  ark:- ark:- |" "ark:|gzip -c > exp/tri1/decode/lat.1.gz" 
# Started at Wed Oct 25 07:12:11 SAST 2017
#
gmm-latgen-faster --max-active=7000 --beam=13.0 --lattice-beam=6.0 --acoustic-scale=0.083333 --allow-partial=true --word-symbol-table=exp/tri1/graph/words.txt exp/tri1/final.mdl exp/tri1/graph/HCLG.fst 'ark,s,cs:apply-cmvn  --utt2spk=ark:data/test/split1/1/utt2spk scp:data/test/split1/1/cmvn.scp scp:data/test/split1/1/feats.scp ark:- | add-deltas  ark:- ark:- |' 'ark:|gzip -c > exp/tri1/decode/lat.1.gz' 
add-deltas ark:- ark:- 
apply-cmvn --utt2spk=ark:data/test/split1/1/utt2spk scp:data/test/split1/1/cmvn.scp scp:data/test/split1/1/feats.scp ark:- 
REC00000002 return 
LOG (gmm-latgen-faster[5.1.46~1-0d031]:DecodeUtteranceLatticeFaster():decoder-wrappers.cc:285) Log-like per frame for utterance REC00000002 is -7.21712 over 100 frames.
REC00000012 switch terminal 
LOG (gmm-latgen-faster[5.1.46~1-0d031]:DecodeUtteranceLatticeFaster():decoder-wrappers.cc:285) Log-like per frame for utterance REC00000012 is -7.1505 over 100 frames.
REC00000013 switch max 
LOG (gmm-latgen-faster[5.1.46~1-0d031]:DecodeUtteranceLatticeFaster():decoder-wrappers.cc:285) Log-like per frame for utterance REC00000013 is -7.32019 over 107 frames.
REC00000016 window top 
LOG (gmm-latgen-faster[5.1.46~1-0d031]:DecodeUtteranceLatticeFaster():decoder-wrappers.cc:285) Log-like per frame for utterance REC00000016 is -7.04932 over 107 frames.
REC00000017 switch 
LOG (gmm-latgen-faster[5.1.46~1-0d031]:DecodeUtteranceLatticeFaster():decoder-wrappers.cc:285) Log-like per frame for utterance REC00000017 is -6.97918 over 100 frames.
REC00000030 window left 
LOG (gmm-latgen-faster[5.1.46~1-0d031]:DecodeUtteranceLatticeFaster():decoder-wrappers.cc:285) Log-like per frame for utterance REC00000030 is -6.98443 over 107 frames.
REC00000038 switch back 
LOG (gmm-latgen-faster[5.1.46~1-0d031]:DecodeUtteranceLatticeFaster():decoder-wrappers.cc:285) Log-like per frame for utterance REC00000038 is -6.69909 over 100 frames.
REC00000055 left up delta sierra six 
LOG (gmm-latgen-faster[5.1.46~1-0d031]:DecodeUtteranceLatticeFaster():decoder-wrappers.cc:285) Log-like per frame for utterance REC00000055 is -7.11586 over 228 frames.
REC00000073 hotel five 
LOG (gmm-latgen-faster[5.1.46~1-0d031]:DecodeUtteranceLatticeFaster():decoder-wrappers.cc:285) Log-like per frame for utterance REC00000073 is -6.79383 over 145 frames.
REC00000089 quebec eight eight alpha juliet right 
LOG (gmm-latgen-faster[5.1.46~1-0d031]:DecodeUtteranceLatticeFaster():decoder-wrappers.cc:285) Log-like per frame for utterance REC00000089 is -7.45586 over 222 frames.
REC00000098 down quebec 
LOG (gmm-latgen-faster[5.1.46~1-0d031]:DecodeUtteranceLatticeFaster():decoder-wrappers.cc:285) Log-like per frame for utterance REC00000098 is -6.79367 over 113 frames.
REC00000102 window left 
LOG (gmm-latgen-faster[5.1.46~1-0d031]:DecodeUtteranceLatticeFaster():decoder-wrappers.cc:285) Log-like per frame for utterance REC00000102 is -6.92886 over 126 frames.
REC00000106 escape 
LOG (gmm-latgen-faster[5.1.46~1-0d031]:DecodeUtteranceLatticeFaster():decoder-wrappers.cc:285) Log-like per frame for utterance REC00000106 is -6.82944 over 126 frames.
REC00000112 window center 
LOG (gmm-latgen-faster[5.1.46~1-0d031]:DecodeUtteranceLatticeFaster():decoder-wrappers.cc:285) Log-like per frame for utterance REC00000112 is -6.82204 over 132 frames.
REC00000123 return 
LOG (gmm-latgen-faster[5.1.46~1-0d031]:DecodeUtteranceLatticeFaster():decoder-wrappers.cc:285) Log-like per frame for utterance REC00000123 is -6.25439 over 132 frames.
REC00000129 switch back 
LOG (gmm-latgen-faster[5.1.46~1-0d031]:DecodeUtteranceLatticeFaster():decoder-wrappers.cc:285) Log-like per frame for utterance REC00000129 is -6.70736 over 126 frames.
REC00000132 x-ray bravo delta bravo 
LOG (gmm-latgen-faster[5.1.46~1-0d031]:DecodeUtteranceLatticeFaster():decoder-wrappers.cc:285) Log-like per frame for utterance REC00000132 is -7.02414 over 241 frames.
REC00000141 eight mike whisky two three 
LOG (gmm-latgen-faster[5.1.46~1-0d031]:DecodeUtteranceLatticeFaster():decoder-wrappers.cc:285) Log-like per frame for utterance REC00000141 is -7.35472 over 299 frames.
REC00000150 whisky three foxtrot ten 
LOG (gmm-latgen-faster[5.1.46~1-0d031]:DecodeUtteranceLatticeFaster():decoder-wrappers.cc:285) Log-like per frame for utterance REC00000150 is -7.10942 over 241 frames.
REC00000168 right eight whisky delta november 
LOG (gmm-latgen-faster[5.1.46~1-0d031]:DecodeUtteranceLatticeFaster():decoder-wrappers.cc:285) Log-like per frame for utterance REC00000168 is -7.10374 over 267 frames.
REC00000172 up three x-ray 
LOG (gmm-latgen-faster[5.1.46~1-0d031]:DecodeUtteranceLatticeFaster():decoder-wrappers.cc:285) Log-like per frame for utterance REC00000172 is -7.21459 over 184 frames.
REC00000174 uniform seven hotel 
LOG (gmm-latgen-faster[5.1.46~1-0d031]:DecodeUtteranceLatticeFaster():decoder-wrappers.cc:285) Log-like per frame for utterance REC00000174 is -7.04108 over 209 frames.
REC00000177 november two sierra mike right 
LOG (gmm-latgen-faster[5.1.46~1-0d031]:DecodeUtteranceLatticeFaster():decoder-wrappers.cc:285) Log-like per frame for utterance REC00000177 is -7.17749 over 222 frames.
REC00000183 left uniform x-ray 
LOG (gmm-latgen-faster[5.1.46~1-0d031]:DecodeUtteranceLatticeFaster():decoder-wrappers.cc:285) Log-like per frame for utterance REC00000183 is -7.30597 over 184 frames.
REC00000191 up six 
LOG (gmm-latgen-faster[5.1.46~1-0d031]:DecodeUtteranceLatticeFaster():decoder-wrappers.cc:285) Log-like per frame for utterance REC00000191 is -6.64412 over 120 frames.
REC00000193 golf victor four ten ten 
LOG (gmm-latgen-faster[5.1.46~1-0d031]:DecodeUtteranceLatticeFaster():decoder-wrappers.cc:285) Log-like per frame for utterance REC00000193 is -6.91181 over 203 frames.
REC00000204 escape 
LOG (gmm-latgen-faster[5.1.46~1-0d031]:DecodeUtteranceLatticeFaster():decoder-wrappers.cc:285) Log-like per frame for utterance REC00000204 is -6.7331 over 145 frames.
REC00000209 window delta 
LOG (gmm-latgen-faster[5.1.46~1-0d031]:DecodeUtteranceLatticeFaster():decoder-wrappers.cc:285) Log-like per frame for utterance REC00000209 is -7.04289 over 152 frames.
REC00000214 escape 
LOG (gmm-latgen-faster[5.1.46~1-0d031]:DecodeUtteranceLatticeFaster():decoder-wrappers.cc:285) Log-like per frame for utterance REC00000214 is -6.66566 over 139 frames.
REC00000218 switch firefox 
LOG (gmm-latgen-faster[5.1.46~1-0d031]:DecodeUtteranceLatticeFaster():decoder-wrappers.cc:285) Log-like per frame for utterance REC00000218 is -6.89199 over 152 frames.
REC00000219 switch terminal 
LOG (gmm-latgen-faster[5.1.46~1-0d031]:DecodeUtteranceLatticeFaster():decoder-wrappers.cc:285) Log-like per frame for utterance REC00000219 is -6.56078 over 152 frames.
REC00000250 tango two down eight 
LOG (gmm-latgen-faster[5.1.46~1-0d031]:DecodeUtteranceLatticeFaster():decoder-wrappers.cc:285) Log-like per frame for utterance REC00000250 is -7.08588 over 177 frames.
REC00000253 november whisky six yankee 
LOG (gmm-latgen-faster[5.1.46~1-0d031]:DecodeUtteranceLatticeFaster():decoder-wrappers.cc:285) Log-like per frame for utterance REC00000253 is -7.14502 over 196 frames.
REC00000261 right nine right left six 
LOG (gmm-latgen-faster[5.1.46~1-0d031]:DecodeUtteranceLatticeFaster():decoder-wrappers.cc:285) Log-like per frame for utterance REC00000261 is -7.41665 over 177 frames.
REC00000272 right delta 
LOG (gmm-latgen-faster[5.1.46~1-0d031]:DecodeUtteranceLatticeFaster():decoder-wrappers.cc:285) Log-like per frame for utterance REC00000272 is -6.82762 over 145 frames.
REC00000277 tango whisky oscar echo 
LOG (gmm-latgen-faster[5.1.46~1-0d031]:DecodeUtteranceLatticeFaster():decoder-wrappers.cc:285) Log-like per frame for utterance REC00000277 is -7.23438 over 209 frames.
REC00000281 foxtrot india tango 
LOG (gmm-latgen-faster[5.1.46~1-0d031]:DecodeUtteranceLatticeFaster():decoder-wrappers.cc:285) Log-like per frame for utterance REC00000281 is -7.44888 over 171 frames.
REC00000288 mike right 
LOG (gmm-latgen-faster[5.1.46~1-0d031]:DecodeUtteranceLatticeFaster():decoder-wrappers.cc:285) Log-like per frame for utterance REC00000288 is -6.88013 over 126 frames.
REC00000290 up india right 
LOG (gmm-latgen-faster[5.1.46~1-0d031]:DecodeUtteranceLatticeFaster():decoder-wrappers.cc:285) Log-like per frame for utterance REC00000290 is -6.8715 over 171 frames.
REC00000293 india one 
LOG (gmm-latgen-faster[5.1.46~1-0d031]:DecodeUtteranceLatticeFaster():decoder-wrappers.cc:285) Log-like per frame for utterance REC00000293 is -6.67793 over 139 frames.
REC00000304 alpha oscar 
LOG (gmm-latgen-faster[5.1.46~1-0d031]:DecodeUtteranceLatticeFaster():decoder-wrappers.cc:285) Log-like per frame for utterance REC00000304 is -7.269 over 139 frames.
REC00000305 space romeo x-ray hotel right 
LOG (gmm-latgen-faster[5.1.46~1-0d031]:DecodeUtteranceLatticeFaster():decoder-wrappers.cc:285) Log-like per frame for utterance REC00000305 is -7.6853 over 260 frames.
LOG (apply-cmvn[5.1.46~1-0d031]:main():apply-cmvn.cc:146) Applied cepstral mean normalization to 52 utterances, errors on 0
REC00000310 bravo delta alpha victor 
LOG (gmm-latgen-faster[5.1.46~1-0d031]:DecodeUtteranceLatticeFaster():decoder-wrappers.cc:285) Log-like per frame for utterance REC00000310 is -7.7541 over 177 frames.
REC00000327 bravo three left november november 
LOG (gmm-latgen-faster[5.1.46~1-0d031]:DecodeUtteranceLatticeFaster():decoder-wrappers.cc:285) Log-like per frame for utterance REC00000327 is -7.52997 over 216 frames.
REC00000340 space november 
LOG (gmm-latgen-faster[5.1.46~1-0d031]:DecodeUtteranceLatticeFaster():decoder-wrappers.cc:285) Log-like per frame for utterance REC00000340 is -7.27104 over 158 frames.
REC00000343 zulu x-ray 
LOG (gmm-latgen-faster[5.1.46~1-0d031]:DecodeUtteranceLatticeFaster():decoder-wrappers.cc:285) Log-like per frame for utterance REC00000343 is -7.37319 over 152 frames.
REC00000344 down three space space juliet 
LOG (gmm-latgen-faster[5.1.46~1-0d031]:DecodeUtteranceLatticeFaster():decoder-wrappers.cc:285) Log-like per frame for utterance REC00000344 is -7.48017 over 203 frames.
REC00000345 echo quebec 
LOG (gmm-latgen-faster[5.1.46~1-0d031]:DecodeUtteranceLatticeFaster():decoder-wrappers.cc:285) Log-like per frame for utterance REC00000345 is -7.36054 over 145 frames.
REC00000348 november seven up quebec up mike 
LOG (gmm-latgen-faster[5.1.46~1-0d031]:DecodeUtteranceLatticeFaster():decoder-wrappers.cc:285) Log-like per frame for utterance REC00000348 is -7.52051 over 248 frames.
REC00000356 kilo space x-ray space 
LOG (gmm-latgen-faster[5.1.46~1-0d031]:DecodeUtteranceLatticeFaster():decoder-wrappers.cc:285) Log-like per frame for utterance REC00000356 is -7.34234 over 222 frames.
REC00000370 left lima nine space left 
LOG (gmm-latgen-faster[5.1.46~1-0d031]:DecodeUtteranceLatticeFaster():decoder-wrappers.cc:285) Log-like per frame for utterance REC00000370 is -7.41217 over 209 frames.
REC00000376 november foxtrot charlie kilo golf 
LOG (gmm-latgen-faster[5.1.46~1-0d031]:DecodeUtteranceLatticeFaster():decoder-wrappers.cc:285) Log-like per frame for utterance REC00000376 is -7.53041 over 286 frames.
LOG (gmm-latgen-faster[5.1.46~1-0d031]:main():gmm-latgen-faster.cc:176) Time taken 5.17542s: real-time factor assuming 100 frames/sec is 0.0581051
LOG (gmm-latgen-faster[5.1.46~1-0d031]:main():gmm-latgen-faster.cc:179) Done 52 utterances, failed for 0
LOG (gmm-latgen-faster[5.1.46~1-0d031]:main():gmm-latgen-faster.cc:181) Overall log-likelihood per frame is -7.14673 over 8907 frames.
# Accounting: time=6 threads=1
# Ended (code 0) at Wed Oct 25 07:12:17 SAST 2017, elapsed time 6 seconds
