# gmm-latgen-faster --max-active=7000 --beam=13.0 --lattice-beam=6.0 --acoustic-scale=0.083333 --allow-partial=true --word-symbol-table=exp/tri1/graph/words.txt exp/tri1/final.mdl exp/tri1/graph/HCLG.fst "ark,s,cs:apply-cmvn  --utt2spk=ark:data/test/split1/1/utt2spk scp:data/test/split1/1/cmvn.scp scp:data/test/split1/1/feats.scp ark:- | add-deltas  ark:- ark:- |" "ark:|gzip -c > exp/tri1/decode/lat.1.gz" 
# Started at Sun Nov 19 12:46:08 SAST 2017
#
gmm-latgen-faster --max-active=7000 --beam=13.0 --lattice-beam=6.0 --acoustic-scale=0.083333 --allow-partial=true --word-symbol-table=exp/tri1/graph/words.txt exp/tri1/final.mdl exp/tri1/graph/HCLG.fst 'ark,s,cs:apply-cmvn  --utt2spk=ark:data/test/split1/1/utt2spk scp:data/test/split1/1/cmvn.scp scp:data/test/split1/1/feats.scp ark:- | add-deltas  ark:- ark:- |' 'ark:|gzip -c > exp/tri1/decode/lat.1.gz' 
add-deltas ark:- ark:- 
apply-cmvn --utt2spk=ark:data/test/split1/1/utt2spk scp:data/test/split1/1/cmvn.scp scp:data/test/split1/1/feats.scp ark:- 
LIVE00000062_00001 alpha bravo 
LOG (gmm-latgen-faster[5.1.46~1-0d031]:DecodeUtteranceLatticeFaster():decoder-wrappers.cc:285) Log-like per frame for utterance LIVE00000062_00001 is -7.64031 over 75 frames.
LIVE00000066_00018 escape 
LOG (gmm-latgen-faster[5.1.46~1-0d031]:DecodeUtteranceLatticeFaster():decoder-wrappers.cc:285) Log-like per frame for utterance LIVE00000066_00018 is -6.91818 over 75 frames.
LIVE00000067_00011 papa 
LOG (gmm-latgen-faster[5.1.46~1-0d031]:DecodeUtteranceLatticeFaster():decoder-wrappers.cc:285) Log-like per frame for utterance LIVE00000067_00011 is -6.85316 over 75 frames.
LIVE00000068_00004 slap 
LOG (gmm-latgen-faster[5.1.46~1-0d031]:DecodeUtteranceLatticeFaster():decoder-wrappers.cc:285) Log-like per frame for utterance LIVE00000068_00004 is -6.52192 over 152 frames.
LIVE00000068_00012 whisky one 
LOG (gmm-latgen-faster[5.1.46~1-0d031]:DecodeUtteranceLatticeFaster():decoder-wrappers.cc:285) Log-like per frame for utterance LIVE00000068_00012 is -6.6766 over 228 frames.
LIVE00000074_00002 space bravo bravo 
LOG (gmm-latgen-faster[5.1.46~1-0d031]:DecodeUtteranceLatticeFaster():decoder-wrappers.cc:285) Log-like per frame for utterance LIVE00000074_00002 is -7.28091 over 152 frames.
LIVE00000074_00006 space foxtrot foxtrot 
LOG (gmm-latgen-faster[5.1.46~1-0d031]:DecodeUtteranceLatticeFaster():decoder-wrappers.cc:285) Log-like per frame for utterance LIVE00000074_00006 is -7.59271 over 152 frames.
LIVE00000074_00007 mike alpha india 
LOG (gmm-latgen-faster[5.1.46~1-0d031]:DecodeUtteranceLatticeFaster():decoder-wrappers.cc:285) Log-like per frame for utterance LIVE00000074_00007 is -7.23543 over 152 frames.
LIVE00000074_00020 space tab 
LOG (gmm-latgen-faster[5.1.46~1-0d031]:DecodeUtteranceLatticeFaster():decoder-wrappers.cc:285) Log-like per frame for utterance LIVE00000074_00020 is -7.57533 over 75 frames.
LIVE00000074_00022 space foxtrot sierra 
LOG (gmm-latgen-faster[5.1.46~1-0d031]:DecodeUtteranceLatticeFaster():decoder-wrappers.cc:285) Log-like per frame for utterance LIVE00000074_00022 is -7.46502 over 152 frames.
LIVE00000074_00024 space sierra sierra 
LOG (gmm-latgen-faster[5.1.46~1-0d031]:DecodeUtteranceLatticeFaster():decoder-wrappers.cc:285) Log-like per frame for utterance LIVE00000074_00024 is -7.21191 over 152 frames.
LIVE00000074_00038 enter 
LOG (gmm-latgen-faster[5.1.46~1-0d031]:DecodeUtteranceLatticeFaster():decoder-wrappers.cc:285) Log-like per frame for utterance LIVE00000074_00038 is -6.69353 over 75 frames.
LIVE00000074_00044 five kilo 
LOG (gmm-latgen-faster[5.1.46~1-0d031]:DecodeUtteranceLatticeFaster():decoder-wrappers.cc:285) Log-like per frame for utterance LIVE00000074_00044 is -6.90615 over 152 frames.
LIVE00000075_00003 mike oscar victor 
LOG (gmm-latgen-faster[5.1.46~1-0d031]:DecodeUtteranceLatticeFaster():decoder-wrappers.cc:285) Log-like per frame for utterance LIVE00000075_00003 is -7.48151 over 152 frames.
LIVE00000079_00000 enter 
LOG (gmm-latgen-faster[5.1.46~1-0d031]:DecodeUtteranceLatticeFaster():decoder-wrappers.cc:285) Log-like per frame for utterance LIVE00000079_00000 is -6.91827 over 75 frames.
LIVE00000089_00003 left five 
LOG (gmm-latgen-faster[5.1.46~1-0d031]:DecodeUtteranceLatticeFaster():decoder-wrappers.cc:285) Log-like per frame for utterance LIVE00000089_00003 is -7.58042 over 75 frames.
LIVE00000090_00000 space sierra 
LOG (gmm-latgen-faster[5.1.46~1-0d031]:DecodeUtteranceLatticeFaster():decoder-wrappers.cc:285) Log-like per frame for utterance LIVE00000090_00000 is -7.51812 over 75 frames.
LIVE00000090_00025 delta delta 
LOG (gmm-latgen-faster[5.1.46~1-0d031]:DecodeUtteranceLatticeFaster():decoder-wrappers.cc:285) Log-like per frame for utterance LIVE00000090_00025 is -7.65198 over 228 frames.
LIVE00000090_00069 space foxtrot foxtrot 
LOG (gmm-latgen-faster[5.1.46~1-0d031]:DecodeUtteranceLatticeFaster():decoder-wrappers.cc:285) Log-like per frame for utterance LIVE00000090_00069 is -7.38984 over 152 frames.
LIVE00000090_00095 hash 
LOG (gmm-latgen-faster[5.1.46~1-0d031]:DecodeUtteranceLatticeFaster():decoder-wrappers.cc:285) Log-like per frame for utterance LIVE00000090_00095 is -7.68157 over 75 frames.
LIVE00000090_00114 right nine 
LOG (gmm-latgen-faster[5.1.46~1-0d031]:DecodeUtteranceLatticeFaster():decoder-wrappers.cc:285) Log-like per frame for utterance LIVE00000090_00114 is -7.47005 over 75 frames.
LIVE00000090_00123 escape 
LOG (gmm-latgen-faster[5.1.46~1-0d031]:DecodeUtteranceLatticeFaster():decoder-wrappers.cc:285) Log-like per frame for utterance LIVE00000090_00123 is -7.32458 over 75 frames.
LIVE00000090_00129 escape 
LOG (gmm-latgen-faster[5.1.46~1-0d031]:DecodeUtteranceLatticeFaster():decoder-wrappers.cc:285) Log-like per frame for utterance LIVE00000090_00129 is -7.14504 over 75 frames.
LIVE00000090_00131 space 
LOG (gmm-latgen-faster[5.1.46~1-0d031]:DecodeUtteranceLatticeFaster():decoder-wrappers.cc:285) Log-like per frame for utterance LIVE00000090_00131 is -7.82481 over 75 frames.
LIVE00000090_00140 scratch 
LOG (gmm-latgen-faster[5.1.46~1-0d031]:DecodeUtteranceLatticeFaster():decoder-wrappers.cc:285) Log-like per frame for utterance LIVE00000090_00140 is -7.04167 over 75 frames.
REC00000001 switch back 
LOG (gmm-latgen-faster[5.1.46~1-0d031]:DecodeUtteranceLatticeFaster():decoder-wrappers.cc:285) Log-like per frame for utterance REC00000001 is -7.78952 over 62 frames.
REC00000037 escape 
LOG (gmm-latgen-faster[5.1.46~1-0d031]:DecodeUtteranceLatticeFaster():decoder-wrappers.cc:285) Log-like per frame for utterance REC00000037 is -6.522 over 88 frames.
REC00000055 left up delta sierra six 
LOG (gmm-latgen-faster[5.1.46~1-0d031]:DecodeUtteranceLatticeFaster():decoder-wrappers.cc:285) Log-like per frame for utterance REC00000055 is -7.13017 over 228 frames.
REC00000062 romeo up juliet up alpha 
LOG (gmm-latgen-faster[5.1.46~1-0d031]:DecodeUtteranceLatticeFaster():decoder-wrappers.cc:285) Log-like per frame for utterance REC00000062 is -7.26674 over 235 frames.
REC00000069 lima three 
LOG (gmm-latgen-faster[5.1.46~1-0d031]:DecodeUtteranceLatticeFaster():decoder-wrappers.cc:285) Log-like per frame for utterance REC00000069 is -7.08072 over 107 frames.
REC00000072 mike oscar six lima 
LOG (gmm-latgen-faster[5.1.46~1-0d031]:DecodeUtteranceLatticeFaster():decoder-wrappers.cc:285) Log-like per frame for utterance REC00000072 is -7.2406 over 190 frames.
REC00000093 left golf 
LOG (gmm-latgen-faster[5.1.46~1-0d031]:DecodeUtteranceLatticeFaster():decoder-wrappers.cc:285) Log-like per frame for utterance REC00000093 is -6.97437 over 113 frames.
REC00000110 switch 
LOG (gmm-latgen-faster[5.1.46~1-0d031]:DecodeUtteranceLatticeFaster():decoder-wrappers.cc:285) Log-like per frame for utterance REC00000110 is -6.86229 over 113 frames.
REC00000122 return 
LOG (gmm-latgen-faster[5.1.46~1-0d031]:DecodeUtteranceLatticeFaster():decoder-wrappers.cc:285) Log-like per frame for utterance REC00000122 is -6.61672 over 145 frames.
REC00000130 down victor left 
LOG (gmm-latgen-faster[5.1.46~1-0d031]:DecodeUtteranceLatticeFaster():decoder-wrappers.cc:285) Log-like per frame for utterance REC00000130 is -6.8004 over 164 frames.
REC00000143 four echo right 
LOG (gmm-latgen-faster[5.1.46~1-0d031]:DecodeUtteranceLatticeFaster():decoder-wrappers.cc:285) Log-like per frame for utterance REC00000143 is -7.23986 over 184 frames.
REC00000145 charlie mike 
LOG (gmm-latgen-faster[5.1.46~1-0d031]:DecodeUtteranceLatticeFaster():decoder-wrappers.cc:285) Log-like per frame for utterance REC00000145 is -6.82506 over 152 frames.
REC00000160 charlie papa papa 
LOG (gmm-latgen-faster[5.1.46~1-0d031]:DecodeUtteranceLatticeFaster():decoder-wrappers.cc:285) Log-like per frame for utterance REC00000160 is -6.75324 over 171 frames.
REC00000172 up three x-ray 
LOG (gmm-latgen-faster[5.1.46~1-0d031]:DecodeUtteranceLatticeFaster():decoder-wrappers.cc:285) Log-like per frame for utterance REC00000172 is -7.16572 over 184 frames.
REC00000175 nine romeo nine four november 
LOG (gmm-latgen-faster[5.1.46~1-0d031]:DecodeUtteranceLatticeFaster():decoder-wrappers.cc:285) Log-like per frame for utterance REC00000175 is -7.13281 over 248 frames.
REC00000205 switch firefox 
LOG (gmm-latgen-faster[5.1.46~1-0d031]:DecodeUtteranceLatticeFaster():decoder-wrappers.cc:285) Log-like per frame for utterance REC00000205 is -6.79145 over 184 frames.
REC00000218 switch firefox 
LOG (gmm-latgen-faster[5.1.46~1-0d031]:DecodeUtteranceLatticeFaster():decoder-wrappers.cc:285) Log-like per frame for utterance REC00000218 is -6.95131 over 152 frames.
REC00000239 romeo oscar nine four 
LOG (gmm-latgen-faster[5.1.46~1-0d031]:DecodeUtteranceLatticeFaster():decoder-wrappers.cc:285) Log-like per frame for utterance REC00000239 is -6.90791 over 190 frames.
REC00000241 papa delta two 
LOG (gmm-latgen-faster[5.1.46~1-0d031]:DecodeUtteranceLatticeFaster():decoder-wrappers.cc:285) Log-like per frame for utterance REC00000241 is -7.09892 over 158 frames.
REC00000264 x-ray echo right three victor 
LOG (gmm-latgen-faster[5.1.46~1-0d031]:DecodeUtteranceLatticeFaster():decoder-wrappers.cc:285) Log-like per frame for utterance REC00000264 is -7.53195 over 216 frames.
REC00000288 mike right 
LOG (gmm-latgen-faster[5.1.46~1-0d031]:DecodeUtteranceLatticeFaster():decoder-wrappers.cc:285) Log-like per frame for utterance REC00000288 is -6.8297 over 126 frames.
REC00000292 mike hotel 
LOG (gmm-latgen-faster[5.1.46~1-0d031]:DecodeUtteranceLatticeFaster():decoder-wrappers.cc:285) Log-like per frame for utterance REC00000292 is -6.87265 over 164 frames.
REC00000324 three four space 
LOG (gmm-latgen-faster[5.1.46~1-0d031]:DecodeUtteranceLatticeFaster():decoder-wrappers.cc:285) Log-like per frame for utterance REC00000324 is -7.86459 over 139 frames.
REC00000332 mike left 
LOG (gmm-latgen-faster[5.1.46~1-0d031]:DecodeUtteranceLatticeFaster():decoder-wrappers.cc:285) Log-like per frame for utterance REC00000332 is -7.0297 over 132 frames.
REC00000339 bravo right 
LOG (gmm-latgen-faster[5.1.46~1-0d031]:DecodeUtteranceLatticeFaster():decoder-wrappers.cc:285) Log-like per frame for utterance REC00000339 is -6.86696 over 145 frames.
REC00000348 november seven quebec up mike 
LOG (gmm-latgen-faster[5.1.46~1-0d031]:DecodeUtteranceLatticeFaster():decoder-wrappers.cc:285) Log-like per frame for utterance REC00000348 is -7.32587 over 248 frames.
REC00000350 romeo space five 
LOG (gmm-latgen-faster[5.1.46~1-0d031]:DecodeUtteranceLatticeFaster():decoder-wrappers.cc:285) Log-like per frame for utterance REC00000350 is -6.98455 over 196 frames.
REC00000372 romeo whisky left 
LOG (gmm-latgen-faster[5.1.46~1-0d031]:DecodeUtteranceLatticeFaster():decoder-wrappers.cc:285) Log-like per frame for utterance REC00000372 is -7.25988 over 164 frames.
REC00000392 space whisky 
LOG (gmm-latgen-faster[5.1.46~1-0d031]:DecodeUtteranceLatticeFaster():decoder-wrappers.cc:285) Log-like per frame for utterance REC00000392 is -6.8041 over 158 frames.
REC00000394 victor space slap 
LOG (gmm-latgen-faster[5.1.46~1-0d031]:DecodeUtteranceLatticeFaster():decoder-wrappers.cc:285) Log-like per frame for utterance REC00000394 is -7.15268 over 171 frames.
REC00000413 underscore bang slap 
LOG (gmm-latgen-faster[5.1.46~1-0d031]:DecodeUtteranceLatticeFaster():decoder-wrappers.cc:285) Log-like per frame for utterance REC00000413 is -7.23735 over 184 frames.
REC00000456 scratch scratch enter zero romeo 
LOG (gmm-latgen-faster[5.1.46~1-0d031]:DecodeUtteranceLatticeFaster():decoder-wrappers.cc:285) Log-like per frame for utterance REC00000456 is -7.37144 over 254 frames.
REC00000458 alpha scratch enter delta 
LOG (gmm-latgen-faster[5.1.46~1-0d031]:DecodeUtteranceLatticeFaster():decoder-wrappers.cc:285) Log-like per frame for utterance REC00000458 is -7.08097 over 241 frames.
REC00000469 india scratch enter 
LOG (gmm-latgen-faster[5.1.46~1-0d031]:DecodeUtteranceLatticeFaster():decoder-wrappers.cc:285) Log-like per frame for utterance REC00000469 is -6.98663 over 184 frames.
REC00000471 uniform zero lima 
LOG (gmm-latgen-faster[5.1.46~1-0d031]:DecodeUtteranceLatticeFaster():decoder-wrappers.cc:285) Log-like per frame for utterance REC00000471 is -7.12013 over 196 frames.
REC00000484 enter lima scratch 
LOG (gmm-latgen-faster[5.1.46~1-0d031]:DecodeUtteranceLatticeFaster():decoder-wrappers.cc:285) Log-like per frame for utterance REC00000484 is -7.37812 over 177 frames.
REC00000488 sky sky enter 
LOG (gmm-latgen-faster[5.1.46~1-0d031]:DecodeUtteranceLatticeFaster():decoder-wrappers.cc:285) Log-like per frame for utterance REC00000488 is -6.94605 over 190 frames.
REC00000491 sky enter zero enter enter 
LOG (gmm-latgen-faster[5.1.46~1-0d031]:DecodeUtteranceLatticeFaster():decoder-wrappers.cc:285) Log-like per frame for utterance REC00000491 is -7.17136 over 267 frames.
REC00000499 zero bravo underscore null zero 
LOG (gmm-latgen-faster[5.1.46~1-0d031]:DecodeUtteranceLatticeFaster():decoder-wrappers.cc:285) Log-like per frame for utterance REC00000499 is -6.99819 over 286 frames.
LOG (apply-cmvn[5.1.46~1-0d031]:main():apply-cmvn.cc:146) Applied cepstral mean normalization to 74 utterances, errors on 0
REC00000507 paste bravo zero term null 
LOG (gmm-latgen-faster[5.1.46~1-0d031]:DecodeUtteranceLatticeFaster():decoder-wrappers.cc:285) Log-like per frame for utterance REC00000507 is -7.2028 over 241 frames.
REC00000516 null zero term 
LOG (gmm-latgen-faster[5.1.46~1-0d031]:DecodeUtteranceLatticeFaster():decoder-wrappers.cc:285) Log-like per frame for utterance REC00000516 is -6.69865 over 184 frames.
REC00000526 eight term five copy 
LOG (gmm-latgen-faster[5.1.46~1-0d031]:DecodeUtteranceLatticeFaster():decoder-wrappers.cc:285) Log-like per frame for utterance REC00000526 is -7.36648 over 203 frames.
REC00001234 shift null super 
LOG (gmm-latgen-faster[5.1.46~1-0d031]:DecodeUtteranceLatticeFaster():decoder-wrappers.cc:285) Log-like per frame for utterance REC00001234 is -7.02703 over 196 frames.
REC00001242 six golf super 
LOG (gmm-latgen-faster[5.1.46~1-0d031]:DecodeUtteranceLatticeFaster():decoder-wrappers.cc:285) Log-like per frame for utterance REC00001242 is -7.00765 over 177 frames.
REC00001251 null x-ray control delta control 
LOG (gmm-latgen-faster[5.1.46~1-0d031]:DecodeUtteranceLatticeFaster():decoder-wrappers.cc:285) Log-like per frame for utterance REC00001251 is -7.80275 over 235 frames.
REC00001265 control alt null shift 
LOG (gmm-latgen-faster[5.1.46~1-0d031]:DecodeUtteranceLatticeFaster():decoder-wrappers.cc:285) Log-like per frame for utterance REC00001265 is -7.15807 over 241 frames.
REC00001267 super comma comma control 
LOG (gmm-latgen-faster[5.1.46~1-0d031]:DecodeUtteranceLatticeFaster():decoder-wrappers.cc:285) Log-like per frame for utterance REC00001267 is -7.06615 over 254 frames.
REC00001276 alt null control null shift 
LOG (gmm-latgen-faster[5.1.46~1-0d031]:DecodeUtteranceLatticeFaster():decoder-wrappers.cc:285) Log-like per frame for utterance REC00001276 is -7.29017 over 305 frames.
REC00001466 pageup pageup 
LOG (gmm-latgen-faster[5.1.46~1-0d031]:DecodeUtteranceLatticeFaster():decoder-wrappers.cc:285) Log-like per frame for utterance REC00001466 is -7.06218 over 152 frames.
LOG (gmm-latgen-faster[5.1.46~1-0d031]:main():gmm-latgen-faster.cc:176) Time taken 12.0471s: real-time factor assuming 100 frames/sec is 0.100661
LOG (gmm-latgen-faster[5.1.46~1-0d031]:main():gmm-latgen-faster.cc:179) Done 74 utterances, failed for 0
LOG (gmm-latgen-faster[5.1.46~1-0d031]:main():gmm-latgen-faster.cc:181) Overall log-likelihood per frame is -7.14482 over 11968 frames.
# Accounting: time=12 threads=1
# Ended (code 0) at Sun Nov 19 12:46:20 SAST 2017, elapsed time 12 seconds
