# gmm-latgen-faster --max-active=7000 --beam=13.0 --lattice-beam=6.0 --acoustic-scale=0.083333 --allow-partial=true --word-symbol-table=exp/tri1_ali/graph/words.txt exp/tri1_ali/final.mdl exp/tri1_ali/graph/HCLG.fst "ark,s,cs:apply-cmvn  --utt2spk=ark:data/test/split1/1/utt2spk scp:data/test/split1/1/cmvn.scp scp:data/test/split1/1/feats.scp ark:- | add-deltas  ark:- ark:- |" "ark:|gzip -c > exp/tri1_ali/decode/lat.1.gz" 
# Started at Tue Nov 14 18:43:24 SAST 2017
#
gmm-latgen-faster --max-active=7000 --beam=13.0 --lattice-beam=6.0 --acoustic-scale=0.083333 --allow-partial=true --word-symbol-table=exp/tri1_ali/graph/words.txt exp/tri1_ali/final.mdl exp/tri1_ali/graph/HCLG.fst 'ark,s,cs:apply-cmvn  --utt2spk=ark:data/test/split1/1/utt2spk scp:data/test/split1/1/cmvn.scp scp:data/test/split1/1/feats.scp ark:- | add-deltas  ark:- ark:- |' 'ark:|gzip -c > exp/tri1_ali/decode/lat.1.gz' 
add-deltas ark:- ark:- 
apply-cmvn --utt2spk=ark:data/test/split1/1/utt2spk scp:data/test/split1/1/cmvn.scp scp:data/test/split1/1/feats.scp ark:- 
LIVE00000066_00000 x-ray 
LOG (gmm-latgen-faster[5.1.46~1-0d031]:DecodeUtteranceLatticeFaster():decoder-wrappers.cc:285) Log-like per frame for utterance LIVE00000066_00000 is -7.69444 over 75 frames.
LIVE00000066_00003 space bravo 
LOG (gmm-latgen-faster[5.1.46~1-0d031]:DecodeUtteranceLatticeFaster():decoder-wrappers.cc:285) Log-like per frame for utterance LIVE00000066_00003 is -6.89577 over 152 frames.
LIVE00000066_00012 quebec romeo sierra tango 
LOG (gmm-latgen-faster[5.1.46~1-0d031]:DecodeUtteranceLatticeFaster():decoder-wrappers.cc:285) Log-like per frame for utterance LIVE00000066_00012 is -7.23505 over 228 frames.
LIVE00000066_00019 space bravo delta 
LOG (gmm-latgen-faster[5.1.46~1-0d031]:DecodeUtteranceLatticeFaster():decoder-wrappers.cc:285) Log-like per frame for utterance LIVE00000066_00019 is -7.28577 over 152 frames.
LIVE00000067_00013 papa 
LOG (gmm-latgen-faster[5.1.46~1-0d031]:DecodeUtteranceLatticeFaster():decoder-wrappers.cc:285) Log-like per frame for utterance LIVE00000067_00013 is -6.94532 over 75 frames.
LIVE00000068_00002 space bravo bravo 
LOG (gmm-latgen-faster[5.1.46~1-0d031]:DecodeUtteranceLatticeFaster():decoder-wrappers.cc:285) Log-like per frame for utterance LIVE00000068_00002 is -6.85967 over 228 frames.
LIVE00000068_00010 golf golf 
LOG (gmm-latgen-faster[5.1.46~1-0d031]:DecodeUtteranceLatticeFaster():decoder-wrappers.cc:285) Log-like per frame for utterance LIVE00000068_00010 is -8.26229 over 75 frames.
LIVE00000074_00005 escape 
LOG (gmm-latgen-faster[5.1.46~1-0d031]:DecodeUtteranceLatticeFaster():decoder-wrappers.cc:285) Log-like per frame for utterance LIVE00000074_00005 is -7.31758 over 75 frames.
LIVE00000074_00040 escape 
LOG (gmm-latgen-faster[5.1.46~1-0d031]:DecodeUtteranceLatticeFaster():decoder-wrappers.cc:285) Log-like per frame for utterance LIVE00000074_00040 is -7.21871 over 75 frames.
LIVE00000074_00047 india 
LOG (gmm-latgen-faster[5.1.46~1-0d031]:DecodeUtteranceLatticeFaster():decoder-wrappers.cc:285) Log-like per frame for utterance LIVE00000074_00047 is -6.27519 over 152 frames.
LIVE00000074_00063 victor 
LOG (gmm-latgen-faster[5.1.46~1-0d031]:DecodeUtteranceLatticeFaster():decoder-wrappers.cc:285) Log-like per frame for utterance LIVE00000074_00063 is -7.44639 over 75 frames.
LIVE00000075_00008 slap 
LOG (gmm-latgen-faster[5.1.46~1-0d031]:DecodeUtteranceLatticeFaster():decoder-wrappers.cc:285) Log-like per frame for utterance LIVE00000075_00008 is -7.32738 over 75 frames.
LIVE00000075_00010 space foxtrot sierra 
LOG (gmm-latgen-faster[5.1.46~1-0d031]:DecodeUtteranceLatticeFaster():decoder-wrappers.cc:285) Log-like per frame for utterance LIVE00000075_00010 is -7.73661 over 152 frames.
LIVE00000090_00006 up four 
LOG (gmm-latgen-faster[5.1.46~1-0d031]:DecodeUtteranceLatticeFaster():decoder-wrappers.cc:285) Log-like per frame for utterance LIVE00000090_00006 is -7.76779 over 75 frames.
LIVE00000090_00016 space one 
LOG (gmm-latgen-faster[5.1.46~1-0d031]:DecodeUtteranceLatticeFaster():decoder-wrappers.cc:285) Log-like per frame for utterance LIVE00000090_00016 is -6.74943 over 152 frames.
LIVE00000090_00020 up 
LOG (gmm-latgen-faster[5.1.46~1-0d031]:DecodeUtteranceLatticeFaster():decoder-wrappers.cc:285) Log-like per frame for utterance LIVE00000090_00020 is -6.36923 over 75 frames.
LIVE00000090_00025 delta delta 
LOG (gmm-latgen-faster[5.1.46~1-0d031]:DecodeUtteranceLatticeFaster():decoder-wrappers.cc:285) Log-like per frame for utterance LIVE00000090_00025 is -7.65016 over 228 frames.
LIVE00000090_00031 tab 
LOG (gmm-latgen-faster[5.1.46~1-0d031]:DecodeUtteranceLatticeFaster():decoder-wrappers.cc:285) Log-like per frame for utterance LIVE00000090_00031 is -7.1472 over 75 frames.
LIVE00000090_00038 scratch three 
LOG (gmm-latgen-faster[5.1.46~1-0d031]:DecodeUtteranceLatticeFaster():decoder-wrappers.cc:285) Log-like per frame for utterance LIVE00000090_00038 is -7.02334 over 152 frames.
LIVE00000090_00061 enter 
LOG (gmm-latgen-faster[5.1.46~1-0d031]:DecodeUtteranceLatticeFaster():decoder-wrappers.cc:285) Log-like per frame for utterance LIVE00000090_00061 is -6.61129 over 75 frames.
LIVE00000090_00063 victor down five 
LOG (gmm-latgen-faster[5.1.46~1-0d031]:DecodeUtteranceLatticeFaster():decoder-wrappers.cc:285) Log-like per frame for utterance LIVE00000090_00063 is -7.1491 over 152 frames.
LIVE00000090_00092 space tab 
LOG (gmm-latgen-faster[5.1.46~1-0d031]:DecodeUtteranceLatticeFaster():decoder-wrappers.cc:285) Log-like per frame for utterance LIVE00000090_00092 is -6.77608 over 152 frames.
REC00000000 window maximise 
LOG (gmm-latgen-faster[5.1.46~1-0d031]:DecodeUtteranceLatticeFaster():decoder-wrappers.cc:285) Log-like per frame for utterance REC00000000 is -7.95928 over 107 frames.
REC00000004 switch max 
LOG (gmm-latgen-faster[5.1.46~1-0d031]:DecodeUtteranceLatticeFaster():decoder-wrappers.cc:285) Log-like per frame for utterance REC00000004 is -7.04699 over 94 frames.
REC00000006 switch max 
LOG (gmm-latgen-faster[5.1.46~1-0d031]:DecodeUtteranceLatticeFaster():decoder-wrappers.cc:285) Log-like per frame for utterance REC00000006 is -7.32387 over 94 frames.
REC00000011 switch 
LOG (gmm-latgen-faster[5.1.46~1-0d031]:DecodeUtteranceLatticeFaster():decoder-wrappers.cc:285) Log-like per frame for utterance REC00000011 is -6.75482 over 100 frames.
REC00000028 escape 
LOG (gmm-latgen-faster[5.1.46~1-0d031]:DecodeUtteranceLatticeFaster():decoder-wrappers.cc:285) Log-like per frame for utterance REC00000028 is -6.88612 over 100 frames.
REC00000048 window top 
LOG (gmm-latgen-faster[5.1.46~1-0d031]:DecodeUtteranceLatticeFaster():decoder-wrappers.cc:285) Log-like per frame for utterance REC00000048 is -6.92927 over 113 frames.
REC00000067 nine up yankee hotel six 
LOG (gmm-latgen-faster[5.1.46~1-0d031]:DecodeUtteranceLatticeFaster():decoder-wrappers.cc:285) Log-like per frame for utterance REC00000067 is -7.44851 over 222 frames.
REC00000098 down quebec 
LOG (gmm-latgen-faster[5.1.46~1-0d031]:DecodeUtteranceLatticeFaster():decoder-wrappers.cc:285) Log-like per frame for utterance REC00000098 is -6.79727 over 113 frames.
REC00000109 switch max 
LOG (gmm-latgen-faster[5.1.46~1-0d031]:DecodeUtteranceLatticeFaster():decoder-wrappers.cc:285) Log-like per frame for utterance REC00000109 is -6.59665 over 152 frames.
REC00000116 window center 
LOG (gmm-latgen-faster[5.1.46~1-0d031]:DecodeUtteranceLatticeFaster():decoder-wrappers.cc:285) Log-like per frame for utterance REC00000116 is -6.94476 over 152 frames.
REC00000163 up charlie six three uniform 
LOG (gmm-latgen-faster[5.1.46~1-0d031]:DecodeUtteranceLatticeFaster():decoder-wrappers.cc:285) Log-like per frame for utterance REC00000163 is -7.31245 over 203 frames.
REC00000168 right eight whisky delta november 
LOG (gmm-latgen-faster[5.1.46~1-0d031]:DecodeUtteranceLatticeFaster():decoder-wrappers.cc:285) Log-like per frame for utterance REC00000168 is -7.0239 over 267 frames.
REC00000188 mike uniform four 
LOG (gmm-latgen-faster[5.1.46~1-0d031]:DecodeUtteranceLatticeFaster():decoder-wrappers.cc:285) Log-like per frame for utterance REC00000188 is -7.18302 over 177 frames.
REC00000189 oscar whisky 
LOG (gmm-latgen-faster[5.1.46~1-0d031]:DecodeUtteranceLatticeFaster():decoder-wrappers.cc:285) Log-like per frame for utterance REC00000189 is -7.11021 over 132 frames.
REC00000202 return 
LOG (gmm-latgen-faster[5.1.46~1-0d031]:DecodeUtteranceLatticeFaster():decoder-wrappers.cc:285) Log-like per frame for utterance REC00000202 is -6.59112 over 152 frames.
REC00000211 window minimise 
LOG (gmm-latgen-faster[5.1.46~1-0d031]:DecodeUtteranceLatticeFaster():decoder-wrappers.cc:285) Log-like per frame for utterance REC00000211 is -7.24483 over 145 frames.
REC00000237 romeo quebec bravo whisky 
LOG (gmm-latgen-faster[5.1.46~1-0d031]:DecodeUtteranceLatticeFaster():decoder-wrappers.cc:285) Log-like per frame for utterance REC00000237 is -7.07164 over 222 frames.
REC00000244 golf quebec one 
LOG (gmm-latgen-faster[5.1.46~1-0d031]:DecodeUtteranceLatticeFaster():decoder-wrappers.cc:285) Log-like per frame for utterance REC00000244 is -7.31531 over 164 frames.
REC00000264 x-ray echo right three victor 
LOG (gmm-latgen-faster[5.1.46~1-0d031]:DecodeUtteranceLatticeFaster():decoder-wrappers.cc:285) Log-like per frame for utterance REC00000264 is -7.51669 over 216 frames.
REC00000267 bravo alpha quebec 
LOG (gmm-latgen-faster[5.1.46~1-0d031]:DecodeUtteranceLatticeFaster():decoder-wrappers.cc:285) Log-like per frame for utterance REC00000267 is -6.90586 over 203 frames.
REC00000278 tango echo down bravo 
LOG (gmm-latgen-faster[5.1.46~1-0d031]:DecodeUtteranceLatticeFaster():decoder-wrappers.cc:285) Log-like per frame for utterance REC00000278 is -7.07946 over 196 frames.
REC00000287 one charlie 
LOG (gmm-latgen-faster[5.1.46~1-0d031]:DecodeUtteranceLatticeFaster():decoder-wrappers.cc:285) Log-like per frame for utterance REC00000287 is -6.78034 over 158 frames.
REC00000293 india one 
LOG (gmm-latgen-faster[5.1.46~1-0d031]:DecodeUtteranceLatticeFaster():decoder-wrappers.cc:285) Log-like per frame for utterance REC00000293 is -6.62536 over 139 frames.
REC00000314 india right bravo oscar 
LOG (gmm-latgen-faster[5.1.46~1-0d031]:DecodeUtteranceLatticeFaster():decoder-wrappers.cc:285) Log-like per frame for utterance REC00000314 is -7.43009 over 152 frames.
REC00000357 space victor one lima 
LOG (gmm-latgen-faster[5.1.46~1-0d031]:DecodeUtteranceLatticeFaster():decoder-wrappers.cc:285) Log-like per frame for utterance REC00000357 is -7.47397 over 184 frames.
REC00000359 one uniform 
LOG (gmm-latgen-faster[5.1.46~1-0d031]:DecodeUtteranceLatticeFaster():decoder-wrappers.cc:285) Log-like per frame for utterance REC00000359 is -7.4379 over 132 frames.
REC00000378 space space six left 
LOG (gmm-latgen-faster[5.1.46~1-0d031]:DecodeUtteranceLatticeFaster():decoder-wrappers.cc:285) Log-like per frame for utterance REC00000378 is -7.15562 over 241 frames.
REC00000387 escape 
LOG (gmm-latgen-faster[5.1.46~1-0d031]:DecodeUtteranceLatticeFaster():decoder-wrappers.cc:285) Log-like per frame for utterance REC00000387 is -7.02609 over 120 frames.
REC00000444 slap slap 
LOG (gmm-latgen-faster[5.1.46~1-0d031]:DecodeUtteranceLatticeFaster():decoder-wrappers.cc:285) Log-like per frame for utterance REC00000444 is -6.72448 over 164 frames.
REC00000446 plus backslash slap slap percent 
LOG (gmm-latgen-faster[5.1.46~1-0d031]:DecodeUtteranceLatticeFaster():decoder-wrappers.cc:285) Log-like per frame for utterance REC00000446 is -7.58488 over 280 frames.
REC00000450 zero zero sky 
LOG (gmm-latgen-faster[5.1.46~1-0d031]:DecodeUtteranceLatticeFaster():decoder-wrappers.cc:285) Log-like per frame for utterance REC00000450 is -6.94224 over 184 frames.
REC00000452 hotel sky 
LOG (gmm-latgen-faster[5.1.46~1-0d031]:DecodeUtteranceLatticeFaster():decoder-wrappers.cc:285) Log-like per frame for utterance REC00000452 is -7.17204 over 164 frames.
REC00000464 sky enter enter 
LOG (gmm-latgen-faster[5.1.46~1-0d031]:DecodeUtteranceLatticeFaster():decoder-wrappers.cc:285) Log-like per frame for utterance REC00000464 is -7.04762 over 184 frames.
LOG (apply-cmvn[5.1.46~1-0d031]:main():apply-cmvn.cc:146) Applied cepstral mean normalization to 64 utterances, errors on 0
REC00000470 scratch scratch eight zero 
LOG (gmm-latgen-faster[5.1.46~1-0d031]:DecodeUtteranceLatticeFaster():decoder-wrappers.cc:285) Log-like per frame for utterance REC00000470 is -7.209 over 216 frames.
REC00000482 right sky enter kilo 
LOG (gmm-latgen-faster[5.1.46~1-0d031]:DecodeUtteranceLatticeFaster():decoder-wrappers.cc:285) Log-like per frame for utterance REC00000482 is -7.14017 over 216 frames.
REC00000486 sky scratch zero 
LOG (gmm-latgen-faster[5.1.46~1-0d031]:DecodeUtteranceLatticeFaster():decoder-wrappers.cc:285) Log-like per frame for utterance REC00000486 is -7.47081 over 190 frames.
REC00000502 null zero whisky 
LOG (gmm-latgen-faster[5.1.46~1-0d031]:DecodeUtteranceLatticeFaster():decoder-wrappers.cc:285) Log-like per frame for utterance REC00000502 is -6.7325 over 184 frames.
REC00000506 zero six underscore one four 
LOG (gmm-latgen-faster[5.1.46~1-0d031]:DecodeUtteranceLatticeFaster():decoder-wrappers.cc:285) Log-like per frame for utterance REC00000506 is -7.12346 over 254 frames.
REC00000507 paste bravo zero term null 
LOG (gmm-latgen-faster[5.1.46~1-0d031]:DecodeUtteranceLatticeFaster():decoder-wrappers.cc:285) Log-like per frame for utterance REC00000507 is -7.20058 over 241 frames.
REC00000530 scratch down 
LOG (gmm-latgen-faster[5.1.46~1-0d031]:DecodeUtteranceLatticeFaster():decoder-wrappers.cc:285) Log-like per frame for utterance REC00000530 is -7.16517 over 164 frames.
REC00000535 one null seven zero 
LOG (gmm-latgen-faster[5.1.46~1-0d031]:DecodeUtteranceLatticeFaster():decoder-wrappers.cc:285) Log-like per frame for utterance REC00000535 is -6.89759 over 216 frames.
REC00000540 paste null scratch term 
LOG (gmm-latgen-faster[5.1.46~1-0d031]:DecodeUtteranceLatticeFaster():decoder-wrappers.cc:285) Log-like per frame for utterance REC00000540 is -7.16723 over 216 frames.
LOG (gmm-latgen-faster[5.1.46~1-0d031]:main():gmm-latgen-faster.cc:176) Time taken 9.28729s: real-time factor assuming 100 frames/sec is 0.0924293
LOG (gmm-latgen-faster[5.1.46~1-0d031]:main():gmm-latgen-faster.cc:179) Done 64 utterances, failed for 0
LOG (gmm-latgen-faster[5.1.46~1-0d031]:main():gmm-latgen-faster.cc:181) Overall log-likelihood per frame is -7.12921 over 10048 frames.
# Accounting: time=9 threads=1
# Ended (code 0) at Tue Nov 14 18:43:33 SAST 2017, elapsed time 9 seconds
