# gmm-latgen-faster --max-active=7000 --beam=13.0 --lattice-beam=6.0 --acoustic-scale=0.083333 --allow-partial=true --word-symbol-table=exp/mono/graph/words.txt exp/mono/final.mdl exp/mono/graph/HCLG.fst "ark,s,cs:apply-cmvn  --utt2spk=ark:data/test/split1/1/utt2spk scp:data/test/split1/1/cmvn.scp scp:data/test/split1/1/feats.scp ark:- | add-deltas  ark:- ark:- |" "ark:|gzip -c > exp/mono/decode/lat.1.gz" 
# Started at Wed Dec 13 20:12:57 SAST 2017
#
gmm-latgen-faster --max-active=7000 --beam=13.0 --lattice-beam=6.0 --acoustic-scale=0.083333 --allow-partial=true --word-symbol-table=exp/mono/graph/words.txt exp/mono/final.mdl exp/mono/graph/HCLG.fst 'ark,s,cs:apply-cmvn  --utt2spk=ark:data/test/split1/1/utt2spk scp:data/test/split1/1/cmvn.scp scp:data/test/split1/1/feats.scp ark:- | add-deltas  ark:- ark:- |' 'ark:|gzip -c > exp/mono/decode/lat.1.gz' 
add-deltas ark:- ark:- 
apply-cmvn --utt2spk=ark:data/test/split1/1/utt2spk scp:data/test/split1/1/cmvn.scp scp:data/test/split1/1/feats.scp ark:- 
LIVE00000066_00004 alpha bravo charlie delta echo 
LOG (gmm-latgen-faster[5.1.46~1-0d031]:DecodeUtteranceLatticeFaster():decoder-wrappers.cc:285) Log-like per frame for utterance LIVE00000066_00004 is -7.54811 over 228 frames.
LIVE00000067_00014 yankee yankee 
LOG (gmm-latgen-faster[5.1.46~1-0d031]:DecodeUtteranceLatticeFaster():decoder-wrappers.cc:285) Log-like per frame for utterance LIVE00000067_00014 is -7.52494 over 152 frames.
LIVE00000068_00000 escape 
LOG (gmm-latgen-faster[5.1.46~1-0d031]:DecodeUtteranceLatticeFaster():decoder-wrappers.cc:285) Log-like per frame for utterance LIVE00000068_00000 is -7.22059 over 75 frames.
LIVE00000068_00004 slap 
LOG (gmm-latgen-faster[5.1.46~1-0d031]:DecodeUtteranceLatticeFaster():decoder-wrappers.cc:285) Log-like per frame for utterance LIVE00000068_00004 is -6.50199 over 152 frames.
LIVE00000073_00002 zero 
LOG (gmm-latgen-faster[5.1.46~1-0d031]:DecodeUtteranceLatticeFaster():decoder-wrappers.cc:285) Log-like per frame for utterance LIVE00000073_00002 is -6.86279 over 75 frames.
LIVE00000073_00007 scratch 
LOG (gmm-latgen-faster[5.1.46~1-0d031]:DecodeUtteranceLatticeFaster():decoder-wrappers.cc:285) Log-like per frame for utterance LIVE00000073_00007 is -7.55849 over 75 frames.
LIVE00000074_00010 enter 
LOG (gmm-latgen-faster[5.1.46~1-0d031]:DecodeUtteranceLatticeFaster():decoder-wrappers.cc:285) Log-like per frame for utterance LIVE00000074_00010 is -7.03786 over 75 frames.
LIVE00000074_00031 yankee 
LOG (gmm-latgen-faster[5.1.46~1-0d031]:DecodeUtteranceLatticeFaster():decoder-wrappers.cc:285) Log-like per frame for utterance LIVE00000074_00031 is -7.45943 over 75 frames.
LIVE00000074_00056 yankee 
LOG (gmm-latgen-faster[5.1.46~1-0d031]:DecodeUtteranceLatticeFaster():decoder-wrappers.cc:285) Log-like per frame for utterance LIVE00000074_00056 is -7.00278 over 75 frames.
LIVE00000074_00059 sierra 
LOG (gmm-latgen-faster[5.1.46~1-0d031]:DecodeUtteranceLatticeFaster():decoder-wrappers.cc:285) Log-like per frame for utterance LIVE00000074_00059 is -7.01075 over 75 frames.
LIVE00000090_00004 left 
LOG (gmm-latgen-faster[5.1.46~1-0d031]:DecodeUtteranceLatticeFaster():decoder-wrappers.cc:285) Log-like per frame for utterance LIVE00000090_00004 is -7.21597 over 75 frames.
LIVE00000090_00018 papa alpha romeo 
LOG (gmm-latgen-faster[5.1.46~1-0d031]:DecodeUtteranceLatticeFaster():decoder-wrappers.cc:285) Log-like per frame for utterance LIVE00000090_00018 is -6.93288 over 228 frames.
LIVE00000090_00021 enter 
LOG (gmm-latgen-faster[5.1.46~1-0d031]:DecodeUtteranceLatticeFaster():decoder-wrappers.cc:285) Log-like per frame for utterance LIVE00000090_00021 is -6.29075 over 152 frames.
LIVE00000090_00053 right five 
LOG (gmm-latgen-faster[5.1.46~1-0d031]:DecodeUtteranceLatticeFaster():decoder-wrappers.cc:285) Log-like per frame for utterance LIVE00000090_00053 is -6.89207 over 152 frames.
LIVE00000090_00062 escape 
LOG (gmm-latgen-faster[5.1.46~1-0d031]:DecodeUtteranceLatticeFaster():decoder-wrappers.cc:285) Log-like per frame for utterance LIVE00000090_00062 is -7.49503 over 75 frames.
LIVE00000090_00064 down 
LOG (gmm-latgen-faster[5.1.46~1-0d031]:DecodeUtteranceLatticeFaster():decoder-wrappers.cc:285) Log-like per frame for utterance LIVE00000090_00064 is -6.6803 over 75 frames.
LIVE00000090_00068 escape 
LOG (gmm-latgen-faster[5.1.46~1-0d031]:DecodeUtteranceLatticeFaster():decoder-wrappers.cc:285) Log-like per frame for utterance LIVE00000090_00068 is -7.42717 over 75 frames.
LIVE00000090_00082 enter 
LOG (gmm-latgen-faster[5.1.46~1-0d031]:DecodeUtteranceLatticeFaster():decoder-wrappers.cc:285) Log-like per frame for utterance LIVE00000090_00082 is -6.93715 over 75 frames.
LIVE00000090_00099 papa 
LOG (gmm-latgen-faster[5.1.46~1-0d031]:DecodeUtteranceLatticeFaster():decoder-wrappers.cc:285) Log-like per frame for utterance LIVE00000090_00099 is -6.49671 over 152 frames.
LIVE00000090_00101 up 
LOG (gmm-latgen-faster[5.1.46~1-0d031]:DecodeUtteranceLatticeFaster():decoder-wrappers.cc:285) Log-like per frame for utterance LIVE00000090_00101 is -6.67733 over 75 frames.
LIVE00000090_00104 down 
LOG (gmm-latgen-faster[5.1.46~1-0d031]:DecodeUtteranceLatticeFaster():decoder-wrappers.cc:285) Log-like per frame for utterance LIVE00000090_00104 is -7.63601 over 75 frames.
LIVE00000090_00132 romeo 
LOG (gmm-latgen-faster[5.1.46~1-0d031]:DecodeUtteranceLatticeFaster():decoder-wrappers.cc:285) Log-like per frame for utterance LIVE00000090_00132 is -7.17591 over 75 frames.
LIVE00000092_00033 yankee 
LOG (gmm-latgen-faster[5.1.46~1-0d031]:DecodeUtteranceLatticeFaster():decoder-wrappers.cc:285) Log-like per frame for utterance LIVE00000092_00033 is -6.92698 over 75 frames.
LIVE00000092_00053 nine 
LOG (gmm-latgen-faster[5.1.46~1-0d031]:DecodeUtteranceLatticeFaster():decoder-wrappers.cc:285) Log-like per frame for utterance LIVE00000092_00053 is -6.81747 over 75 frames.
LIVE00000093_00004 space 
LOG (gmm-latgen-faster[5.1.46~1-0d031]:DecodeUtteranceLatticeFaster():decoder-wrappers.cc:285) Log-like per frame for utterance LIVE00000093_00004 is -7.18027 over 75 frames.
LIVE00000094_00020 back space three 
LOG (gmm-latgen-faster[5.1.46~1-0d031]:DecodeUtteranceLatticeFaster():decoder-wrappers.cc:285) Log-like per frame for utterance LIVE00000094_00020 is -7.10069 over 152 frames.
LIVE00000113_00007 up 
LOG (gmm-latgen-faster[5.1.46~1-0d031]:DecodeUtteranceLatticeFaster():decoder-wrappers.cc:285) Log-like per frame for utterance LIVE00000113_00007 is -6.52314 over 75 frames.
LIVE00000116_00003 paste 
LOG (gmm-latgen-faster[5.1.46~1-0d031]:DecodeUtteranceLatticeFaster():decoder-wrappers.cc:285) Log-like per frame for utterance LIVE00000116_00003 is -7.12503 over 75 frames.
LIVE00000121_00002 switch window 
LOG (gmm-latgen-faster[5.1.46~1-0d031]:DecodeUtteranceLatticeFaster():decoder-wrappers.cc:285) Log-like per frame for utterance LIVE00000121_00002 is -7.17535 over 152 frames.
LIVE00000123_00001 switch window 
LOG (gmm-latgen-faster[5.1.46~1-0d031]:DecodeUtteranceLatticeFaster():decoder-wrappers.cc:285) Log-like per frame for utterance LIVE00000123_00001 is -7.18126 over 152 frames.
LIVE00000124_00001 switch 
LOG (gmm-latgen-faster[5.1.46~1-0d031]:DecodeUtteranceLatticeFaster():decoder-wrappers.cc:285) Log-like per frame for utterance LIVE00000124_00001 is -7.29521 over 75 frames.
LIVE00000125_00000 papa yankee 
LOG (gmm-latgen-faster[5.1.46~1-0d031]:DecodeUtteranceLatticeFaster():decoder-wrappers.cc:285) Log-like per frame for utterance LIVE00000125_00000 is -6.86099 over 152 frames.
LIVE00000125_00019 enter 
LOG (gmm-latgen-faster[5.1.46~1-0d031]:DecodeUtteranceLatticeFaster():decoder-wrappers.cc:285) Log-like per frame for utterance LIVE00000125_00019 is -6.21531 over 152 frames.
LIVE00000125_00026 papa 
LOG (gmm-latgen-faster[5.1.46~1-0d031]:DecodeUtteranceLatticeFaster():decoder-wrappers.cc:285) Log-like per frame for utterance LIVE00000125_00026 is -6.55974 over 75 frames.
LIVE00000125_00031 romeo uniform november 
LOG (gmm-latgen-faster[5.1.46~1-0d031]:DecodeUtteranceLatticeFaster():decoder-wrappers.cc:285) Log-like per frame for utterance LIVE00000125_00031 is -7.16816 over 228 frames.
LIVE00000125_00034 quebec lima 
LOG (gmm-latgen-faster[5.1.46~1-0d031]:DecodeUtteranceLatticeFaster():decoder-wrappers.cc:285) Log-like per frame for utterance LIVE00000125_00034 is -8.18103 over 75 frames.
LIVE00000125_00049 scratch two 
LOG (gmm-latgen-faster[5.1.46~1-0d031]:DecodeUtteranceLatticeFaster():decoder-wrappers.cc:285) Log-like per frame for utterance LIVE00000125_00049 is -7.73277 over 75 frames.
LIVE00000125_00061 scratch 
LOG (gmm-latgen-faster[5.1.46~1-0d031]:DecodeUtteranceLatticeFaster():decoder-wrappers.cc:285) Log-like per frame for utterance LIVE00000125_00061 is -6.65308 over 152 frames.
LIVE00000125_00062 escape space 
LOG (gmm-latgen-faster[5.1.46~1-0d031]:DecodeUtteranceLatticeFaster():decoder-wrappers.cc:285) Log-like per frame for utterance LIVE00000125_00062 is -7.03505 over 152 frames.
LIVE00000125_00071 lima 
LOG (gmm-latgen-faster[5.1.46~1-0d031]:DecodeUtteranceLatticeFaster():decoder-wrappers.cc:285) Log-like per frame for utterance LIVE00000125_00071 is -7.45683 over 75 frames.
LIVE00000125_00074 space juliet lima 
LOG (gmm-latgen-faster[5.1.46~1-0d031]:DecodeUtteranceLatticeFaster():decoder-wrappers.cc:285) Log-like per frame for utterance LIVE00000125_00074 is -7.45088 over 152 frames.
LIVE00000125_00084 kilo 
LOG (gmm-latgen-faster[5.1.46~1-0d031]:DecodeUtteranceLatticeFaster():decoder-wrappers.cc:285) Log-like per frame for utterance LIVE00000125_00084 is -6.94347 over 75 frames.
LIVE00000125_00095 ace bang 
LOG (gmm-latgen-faster[5.1.46~1-0d031]:DecodeUtteranceLatticeFaster():decoder-wrappers.cc:285) Log-like per frame for utterance LIVE00000125_00095 is -7.25687 over 75 frames.
LIVE00000125_00096 escape 
LOG (gmm-latgen-faster[5.1.46~1-0d031]:DecodeUtteranceLatticeFaster():decoder-wrappers.cc:285) Log-like per frame for utterance LIVE00000125_00096 is -7.24661 over 75 frames.
LIVE00000125_00105 tango hotel 
LOG (gmm-latgen-faster[5.1.46~1-0d031]:DecodeUtteranceLatticeFaster():decoder-wrappers.cc:285) Log-like per frame for utterance LIVE00000125_00105 is -6.99972 over 152 frames.
LIVE00000125_00116 tab 
LOG (gmm-latgen-faster[5.1.46~1-0d031]:DecodeUtteranceLatticeFaster():decoder-wrappers.cc:285) Log-like per frame for utterance LIVE00000125_00116 is -6.22008 over 152 frames.
LIVE00000127_00019 four whisky 
LOG (gmm-latgen-faster[5.1.46~1-0d031]:DecodeUtteranceLatticeFaster():decoder-wrappers.cc:285) Log-like per frame for utterance LIVE00000127_00019 is -7.64535 over 152 frames.
LIVE00000127_00021 space juliet lima 
LOG (gmm-latgen-faster[5.1.46~1-0d031]:DecodeUtteranceLatticeFaster():decoder-wrappers.cc:285) Log-like per frame for utterance LIVE00000127_00021 is -8.2278 over 152 frames.
LIVE00000127_00037 escape 
LOG (gmm-latgen-faster[5.1.46~1-0d031]:DecodeUtteranceLatticeFaster():decoder-wrappers.cc:285) Log-like per frame for utterance LIVE00000127_00037 is -8.30396 over 75 frames.
LIVE00000128_00019 echo 
LOG (gmm-latgen-faster[5.1.46~1-0d031]:DecodeUtteranceLatticeFaster():decoder-wrappers.cc:285) Log-like per frame for utterance LIVE00000128_00019 is -6.72521 over 75 frames.
LIVE00000128_00021 rate late 
LOG (gmm-latgen-faster[5.1.46~1-0d031]:DecodeUtteranceLatticeFaster():decoder-wrappers.cc:285) Log-like per frame for utterance LIVE00000128_00021 is -7.25958 over 152 frames.
LIVE00000128_00022 scratch two 
LOG (gmm-latgen-faster[5.1.46~1-0d031]:DecodeUtteranceLatticeFaster():decoder-wrappers.cc:285) Log-like per frame for utterance LIVE00000128_00022 is -7.44585 over 75 frames.
LIVE00000128_00027 left left 
LOG (gmm-latgen-faster[5.1.46~1-0d031]:DecodeUtteranceLatticeFaster():decoder-wrappers.cc:285) Log-like per frame for utterance LIVE00000128_00027 is -7.68212 over 75 frames.
LIVE00000128_00047 papa 
LOG (gmm-latgen-faster[5.1.46~1-0d031]:DecodeUtteranceLatticeFaster():decoder-wrappers.cc:285) Log-like per frame for utterance LIVE00000128_00047 is -7.137 over 75 frames.
LIVE00000128_00056 victor 
LOG (gmm-latgen-faster[5.1.46~1-0d031]:DecodeUtteranceLatticeFaster():decoder-wrappers.cc:285) Log-like per frame for utterance LIVE00000128_00056 is -6.80205 over 152 frames.
LIVE00000128_00059 down 
LOG (gmm-latgen-faster[5.1.46~1-0d031]:DecodeUtteranceLatticeFaster():decoder-wrappers.cc:285) Log-like per frame for utterance LIVE00000128_00059 is -6.62802 over 75 frames.
LIVE00000128_00068 golf golf 
LOG (gmm-latgen-faster[5.1.46~1-0d031]:DecodeUtteranceLatticeFaster():decoder-wrappers.cc:285) Log-like per frame for utterance LIVE00000128_00068 is -6.53478 over 152 frames.
LIVE00000128_00097 space 
LOG (gmm-latgen-faster[5.1.46~1-0d031]:DecodeUtteranceLatticeFaster():decoder-wrappers.cc:285) Log-like per frame for utterance LIVE00000128_00097 is -7.51098 over 75 frames.
LIVE00000128_00107 whisky 
LOG (gmm-latgen-faster[5.1.46~1-0d031]:DecodeUtteranceLatticeFaster():decoder-wrappers.cc:285) Log-like per frame for utterance LIVE00000128_00107 is -6.84844 over 75 frames.
LIVE00000128_00108 space bang 
LOG (gmm-latgen-faster[5.1.46~1-0d031]:DecodeUtteranceLatticeFaster():decoder-wrappers.cc:285) Log-like per frame for utterance LIVE00000128_00108 is -6.75611 over 152 frames.
LIVE00000128_00124 up two 
LOG (gmm-latgen-faster[5.1.46~1-0d031]:DecodeUtteranceLatticeFaster():decoder-wrappers.cc:285) Log-like per frame for utterance LIVE00000128_00124 is -7.31373 over 75 frames.
LIVE00000128_00126 alpha charlie 
LOG (gmm-latgen-faster[5.1.46~1-0d031]:DecodeUtteranceLatticeFaster():decoder-wrappers.cc:285) Log-like per frame for utterance LIVE00000128_00126 is -7.52673 over 75 frames.
LIVE00000128_00130 hotel 
LOG (gmm-latgen-faster[5.1.46~1-0d031]:DecodeUtteranceLatticeFaster():decoder-wrappers.cc:285) Log-like per frame for utterance LIVE00000128_00130 is -6.37459 over 152 frames.
LIVE00000128_00166 escape foxtrot sierra 
LOG (gmm-latgen-faster[5.1.46~1-0d031]:DecodeUtteranceLatticeFaster():decoder-wrappers.cc:285) Log-like per frame for utterance LIVE00000128_00166 is -6.99098 over 228 frames.
LIVE00000128_00167 space foxtrot sierra 
LOG (gmm-latgen-faster[5.1.46~1-0d031]:DecodeUtteranceLatticeFaster():decoder-wrappers.cc:285) Log-like per frame for utterance LIVE00000128_00167 is -7.05601 over 152 frames.
LIVE00000128_00183 space whisky 
LOG (gmm-latgen-faster[5.1.46~1-0d031]:DecodeUtteranceLatticeFaster():decoder-wrappers.cc:285) Log-like per frame for utterance LIVE00000128_00183 is -7.96885 over 75 frames.
LIVE00000128_00192 escape 
LOG (gmm-latgen-faster[5.1.46~1-0d031]:DecodeUtteranceLatticeFaster():decoder-wrappers.cc:285) Log-like per frame for utterance LIVE00000128_00192 is -7.32614 over 75 frames.
LIVE00000128_00217 escape 
LOG (gmm-latgen-faster[5.1.46~1-0d031]:DecodeUtteranceLatticeFaster():decoder-wrappers.cc:285) Log-like per frame for utterance LIVE00000128_00217 is -7.50618 over 75 frames.
LIVE00000128_00228 up enter 
LOG (gmm-latgen-faster[5.1.46~1-0d031]:DecodeUtteranceLatticeFaster():decoder-wrappers.cc:285) Log-like per frame for utterance LIVE00000128_00228 is -6.71845 over 152 frames.
LIVE00000131_00003 escape 
LOG (gmm-latgen-faster[5.1.46~1-0d031]:DecodeUtteranceLatticeFaster():decoder-wrappers.cc:285) Log-like per frame for utterance LIVE00000131_00003 is -6.91393 over 152 frames.
LIVE00000142_00001 space zero 
LOG (gmm-latgen-faster[5.1.46~1-0d031]:DecodeUtteranceLatticeFaster():decoder-wrappers.cc:285) Log-like per frame for utterance LIVE00000142_00001 is -6.60217 over 190 frames.
LIVE00000144_00007 space foxtrot 
LOG (gmm-latgen-faster[5.1.46~1-0d031]:DecodeUtteranceLatticeFaster():decoder-wrappers.cc:285) Log-like per frame for utterance LIVE00000144_00007 is -6.9949 over 132 frames.
LIVE00000144_00010 space foxtrot 
LOG (gmm-latgen-faster[5.1.46~1-0d031]:DecodeUtteranceLatticeFaster():decoder-wrappers.cc:285) Log-like per frame for utterance LIVE00000144_00010 is -6.86747 over 132 frames.
LIVE00000144_00013 space foxtrot 
LOG (gmm-latgen-faster[5.1.46~1-0d031]:DecodeUtteranceLatticeFaster():decoder-wrappers.cc:285) Log-like per frame for utterance LIVE00000144_00013 is -6.76528 over 152 frames.
LIVE00000144_00014 sky lima 
LOG (gmm-latgen-faster[5.1.46~1-0d031]:DecodeUtteranceLatticeFaster():decoder-wrappers.cc:285) Log-like per frame for utterance LIVE00000144_00014 is -7.0211 over 132 frames.
LIVE00000144_00015 tango oscar 
LOG (gmm-latgen-faster[5.1.46~1-0d031]:DecodeUtteranceLatticeFaster():decoder-wrappers.cc:285) Log-like per frame for utterance LIVE00000144_00015 is -6.70206 over 152 frames.
LIVE00000144_00017 oscar 
LOG (gmm-latgen-faster[5.1.46~1-0d031]:DecodeUtteranceLatticeFaster():decoder-wrappers.cc:285) Log-like per frame for utterance LIVE00000144_00017 is -6.34661 over 94 frames.
LIVE00000144_00024 escape 
LOG (gmm-latgen-faster[5.1.46~1-0d031]:DecodeUtteranceLatticeFaster():decoder-wrappers.cc:285) Log-like per frame for utterance LIVE00000144_00024 is -6.67245 over 94 frames.
LIVE00000146_00016 up two 
LOG (gmm-latgen-faster[5.1.46~1-0d031]:DecodeUtteranceLatticeFaster():decoder-wrappers.cc:285) Log-like per frame for utterance LIVE00000146_00016 is -6.6672 over 113 frames.
LIVE00000146_00036 space foxtrot sierra 
LOG (gmm-latgen-faster[5.1.46~1-0d031]:DecodeUtteranceLatticeFaster():decoder-wrappers.cc:285) Log-like per frame for utterance LIVE00000146_00036 is -6.98873 over 171 frames.
LIVE00000146_00037 space foxtrot echo 
LOG (gmm-latgen-faster[5.1.46~1-0d031]:DecodeUtteranceLatticeFaster():decoder-wrappers.cc:285) Log-like per frame for utterance LIVE00000146_00037 is -7.04819 over 171 frames.
LIVE00000146_00058 slash 
LOG (gmm-latgen-faster[5.1.46~1-0d031]:DecodeUtteranceLatticeFaster():decoder-wrappers.cc:285) Log-like per frame for utterance LIVE00000146_00058 is -6.64076 over 94 frames.
LIVE00000146_00090 slap 
LOG (gmm-latgen-faster[5.1.46~1-0d031]:DecodeUtteranceLatticeFaster():decoder-wrappers.cc:285) Log-like per frame for utterance LIVE00000146_00090 is -6.36258 over 94 frames.
LIVE00000146_00092 charlie oscar november 
LOG (gmm-latgen-faster[5.1.46~1-0d031]:DecodeUtteranceLatticeFaster():decoder-wrappers.cc:285) Log-like per frame for utterance LIVE00000146_00092 is -6.75408 over 209 frames.
LIVE00000146_00111 escape 
LOG (gmm-latgen-faster[5.1.46~1-0d031]:DecodeUtteranceLatticeFaster():decoder-wrappers.cc:285) Log-like per frame for utterance LIVE00000146_00111 is -6.55523 over 94 frames.
LIVE00000146_00120 sky golf 
LOG (gmm-latgen-faster[5.1.46~1-0d031]:DecodeUtteranceLatticeFaster():decoder-wrappers.cc:285) Log-like per frame for utterance LIVE00000146_00120 is -6.73247 over 132 frames.
LIVE00000151_00011 alt charlie 
LOG (gmm-latgen-faster[5.1.46~1-0d031]:DecodeUtteranceLatticeFaster():decoder-wrappers.cc:285) Log-like per frame for utterance LIVE00000151_00011 is -7.02977 over 132 frames.
LIVE00000151_00026 sky tango 
LOG (gmm-latgen-faster[5.1.46~1-0d031]:DecodeUtteranceLatticeFaster():decoder-wrappers.cc:285) Log-like per frame for utterance LIVE00000151_00026 is -6.63401 over 152 frames.
LIVE00000151_00045 escape 
LOG (gmm-latgen-faster[5.1.46~1-0d031]:DecodeUtteranceLatticeFaster():decoder-wrappers.cc:285) Log-like per frame for utterance LIVE00000151_00045 is -6.45081 over 94 frames.
LIVE00000151_00048 oscar 
LOG (gmm-latgen-faster[5.1.46~1-0d031]:DecodeUtteranceLatticeFaster():decoder-wrappers.cc:285) Log-like per frame for utterance LIVE00000151_00048 is -6.78198 over 113 frames.
LIVE00000151_00064 tab 
LOG (gmm-latgen-faster[5.1.46~1-0d031]:DecodeUtteranceLatticeFaster():decoder-wrappers.cc:285) Log-like per frame for utterance LIVE00000151_00064 is -6.35916 over 94 frames.
LIVE00000151_00070 slap 
LOG (gmm-latgen-faster[5.1.46~1-0d031]:DecodeUtteranceLatticeFaster():decoder-wrappers.cc:285) Log-like per frame for utterance LIVE00000151_00070 is -6.37941 over 94 frames.
LIVE00000151_00076 oscar x-ray space 
LOG (gmm-latgen-faster[5.1.46~1-0d031]:DecodeUtteranceLatticeFaster():decoder-wrappers.cc:285) Log-like per frame for utterance LIVE00000151_00076 is -6.89497 over 248 frames.
LIVE00000151_00083 tab 
LOG (gmm-latgen-faster[5.1.46~1-0d031]:DecodeUtteranceLatticeFaster():decoder-wrappers.cc:285) Log-like per frame for utterance LIVE00000151_00083 is -6.29407 over 94 frames.
LIVE00000151_00086 control whisky 
LOG (gmm-latgen-faster[5.1.46~1-0d031]:DecodeUtteranceLatticeFaster():decoder-wrappers.cc:285) Log-like per frame for utterance LIVE00000151_00086 is -6.91325 over 132 frames.
LIVE00000151_00099 escape 
LOG (gmm-latgen-faster[5.1.46~1-0d031]:DecodeUtteranceLatticeFaster():decoder-wrappers.cc:285) Log-like per frame for utterance LIVE00000151_00099 is -6.39649 over 94 frames.
LIVE00000151_00127 control tab 
LOG (gmm-latgen-faster[5.1.46~1-0d031]:DecodeUtteranceLatticeFaster():decoder-wrappers.cc:285) Log-like per frame for utterance LIVE00000151_00127 is -6.83715 over 152 frames.
LIVE00000151_00135 control foxtrot 
LOG (gmm-latgen-faster[5.1.46~1-0d031]:DecodeUtteranceLatticeFaster():decoder-wrappers.cc:285) Log-like per frame for utterance LIVE00000151_00135 is -7.03524 over 132 frames.
LIVE00000155_00001 india 
LOG (gmm-latgen-faster[5.1.46~1-0d031]:DecodeUtteranceLatticeFaster():decoder-wrappers.cc:285) Log-like per frame for utterance LIVE00000155_00001 is -7.05637 over 94 frames.
LIVE00000155_00024 foxtrot 
LOG (gmm-latgen-faster[5.1.46~1-0d031]:DecodeUtteranceLatticeFaster():decoder-wrappers.cc:285) Log-like per frame for utterance LIVE00000155_00024 is -6.65797 over 190 frames.
LIVE00000155_00033 down 
LOG (gmm-latgen-faster[5.1.46~1-0d031]:DecodeUtteranceLatticeFaster():decoder-wrappers.cc:285) Log-like per frame for utterance LIVE00000155_00033 is -6.56254 over 132 frames.
LIVE00000155_00037 golf golf 
LOG (gmm-latgen-faster[5.1.46~1-0d031]:DecodeUtteranceLatticeFaster():decoder-wrappers.cc:285) Log-like per frame for utterance LIVE00000155_00037 is -6.95655 over 132 frames.
LIVE00000155_00116 slap 
LOG (gmm-latgen-faster[5.1.46~1-0d031]:DecodeUtteranceLatticeFaster():decoder-wrappers.cc:285) Log-like per frame for utterance LIVE00000155_00116 is -6.92109 over 94 frames.
LIVE00000155_00117 space one 
LOG (gmm-latgen-faster[5.1.46~1-0d031]:DecodeUtteranceLatticeFaster():decoder-wrappers.cc:285) Log-like per frame for utterance LIVE00000155_00117 is -6.83505 over 132 frames.
LIVE00000155_00130 slash 
LOG (gmm-latgen-faster[5.1.46~1-0d031]:DecodeUtteranceLatticeFaster():decoder-wrappers.cc:285) Log-like per frame for utterance LIVE00000155_00130 is -7.27507 over 113 frames.
LIVE00000155_00131 papa romeo 
LOG (gmm-latgen-faster[5.1.46~1-0d031]:DecodeUtteranceLatticeFaster():decoder-wrappers.cc:285) Log-like per frame for utterance LIVE00000155_00131 is -6.96381 over 132 frames.
LIVE00000155_00171 right slap two 
LOG (gmm-latgen-faster[5.1.46~1-0d031]:DecodeUtteranceLatticeFaster():decoder-wrappers.cc:285) Log-like per frame for utterance LIVE00000155_00171 is -7.21539 over 190 frames.
LIVE00000155_00172 control slap 
LOG (gmm-latgen-faster[5.1.46~1-0d031]:DecodeUtteranceLatticeFaster():decoder-wrappers.cc:285) Log-like per frame for utterance LIVE00000155_00172 is -7.12107 over 132 frames.
LIVE00000166_00020 yankee 
LOG (gmm-latgen-faster[5.1.46~1-0d031]:DecodeUtteranceLatticeFaster():decoder-wrappers.cc:285) Log-like per frame for utterance LIVE00000166_00020 is -6.4953 over 113 frames.
LIVE00000166_00041 slap 
LOG (gmm-latgen-faster[5.1.46~1-0d031]:DecodeUtteranceLatticeFaster():decoder-wrappers.cc:285) Log-like per frame for utterance LIVE00000166_00041 is -6.52863 over 75 frames.
LIVE00000168_00005 slap 
LOG (gmm-latgen-faster[5.1.46~1-0d031]:DecodeUtteranceLatticeFaster():decoder-wrappers.cc:285) Log-like per frame for utterance LIVE00000168_00005 is -6.45621 over 75 frames.
LIVE00000168_00017 down 
LOG (gmm-latgen-faster[5.1.46~1-0d031]:DecodeUtteranceLatticeFaster():decoder-wrappers.cc:285) Log-like per frame for utterance LIVE00000168_00017 is -6.25241 over 94 frames.
LIVE00000168_00025 scratch escape 
LOG (gmm-latgen-faster[5.1.46~1-0d031]:DecodeUtteranceLatticeFaster():decoder-wrappers.cc:285) Log-like per frame for utterance LIVE00000168_00025 is -7.34393 over 152 frames.
LIVE00000168_00029 whisky 
LOG (gmm-latgen-faster[5.1.46~1-0d031]:DecodeUtteranceLatticeFaster():decoder-wrappers.cc:285) Log-like per frame for utterance LIVE00000168_00029 is -6.71888 over 94 frames.
LIVE00000168_00041 november 
LOG (gmm-latgen-faster[5.1.46~1-0d031]:DecodeUtteranceLatticeFaster():decoder-wrappers.cc:285) Log-like per frame for utterance LIVE00000168_00041 is -6.92878 over 113 frames.
LIVE00000168_00054 romeo romeo oscar romeo 
LOG (gmm-latgen-faster[5.1.46~1-0d031]:DecodeUtteranceLatticeFaster():decoder-wrappers.cc:285) Log-like per frame for utterance LIVE00000168_00054 is -6.58471 over 248 frames.
LIVE00000168_00057 november 
LOG (gmm-latgen-faster[5.1.46~1-0d031]:DecodeUtteranceLatticeFaster():decoder-wrappers.cc:285) Log-like per frame for utterance LIVE00000168_00057 is -6.41739 over 113 frames.
LIVE00000169_00007 slap 
LOG (gmm-latgen-faster[5.1.46~1-0d031]:DecodeUtteranceLatticeFaster():decoder-wrappers.cc:285) Log-like per frame for utterance LIVE00000169_00007 is -6.48453 over 94 frames.
LIVE00000169_00026 one three sky golf 
LOG (gmm-latgen-faster[5.1.46~1-0d031]:DecodeUtteranceLatticeFaster():decoder-wrappers.cc:285) Log-like per frame for utterance LIVE00000169_00026 is -7.29536 over 132 frames.
LIVE00000169_00033 switch firefox 
LOG (gmm-latgen-faster[5.1.46~1-0d031]:DecodeUtteranceLatticeFaster():decoder-wrappers.cc:285) Log-like per frame for utterance LIVE00000169_00033 is -7.18099 over 132 frames.
LIVE00000169_00036 delta alpha whisky 
LOG (gmm-latgen-faster[5.1.46~1-0d031]:DecodeUtteranceLatticeFaster():decoder-wrappers.cc:285) Log-like per frame for utterance LIVE00000169_00036 is -7.04619 over 152 frames.
LIVE00000169_00037 control slash 
LOG (gmm-latgen-faster[5.1.46~1-0d031]:DecodeUtteranceLatticeFaster():decoder-wrappers.cc:285) Log-like per frame for utterance LIVE00000169_00037 is -6.66671 over 152 frames.
LIVE00000169_00051 scratch 
LOG (gmm-latgen-faster[5.1.46~1-0d031]:DecodeUtteranceLatticeFaster():decoder-wrappers.cc:285) Log-like per frame for utterance LIVE00000169_00051 is -7.13589 over 75 frames.
LIVE00000169_00060 control slash 
LOG (gmm-latgen-faster[5.1.46~1-0d031]:DecodeUtteranceLatticeFaster():decoder-wrappers.cc:285) Log-like per frame for utterance LIVE00000169_00060 is -6.97431 over 113 frames.
LIVE00000169_00062 delta alpha whisky 
LOG (gmm-latgen-faster[5.1.46~1-0d031]:DecodeUtteranceLatticeFaster():decoder-wrappers.cc:285) Log-like per frame for utterance LIVE00000169_00062 is -6.86827 over 152 frames.
LIVE00000169_00077 space 
LOG (gmm-latgen-faster[5.1.46~1-0d031]:DecodeUtteranceLatticeFaster():decoder-wrappers.cc:285) Log-like per frame for utterance LIVE00000169_00077 is -6.84362 over 113 frames.
LIVE00000169_00078 zero 
LOG (gmm-latgen-faster[5.1.46~1-0d031]:DecodeUtteranceLatticeFaster():decoder-wrappers.cc:285) Log-like per frame for utterance LIVE00000169_00078 is -6.52012 over 94 frames.
LIVE00000169_00080 space bravo 
LOG (gmm-latgen-faster[5.1.46~1-0d031]:DecodeUtteranceLatticeFaster():decoder-wrappers.cc:285) Log-like per frame for utterance LIVE00000169_00080 is -6.7042 over 152 frames.
LIVE00000169_00105 scratch three 
LOG (gmm-latgen-faster[5.1.46~1-0d031]:DecodeUtteranceLatticeFaster():decoder-wrappers.cc:285) Log-like per frame for utterance LIVE00000169_00105 is -6.78024 over 132 frames.
LIVE00000169_00117 escape 
LOG (gmm-latgen-faster[5.1.46~1-0d031]:DecodeUtteranceLatticeFaster():decoder-wrappers.cc:285) Log-like per frame for utterance LIVE00000169_00117 is -6.50199 over 94 frames.
LIVE00000169_00125 switch window 
LOG (gmm-latgen-faster[5.1.46~1-0d031]:DecodeUtteranceLatticeFaster():decoder-wrappers.cc:285) Log-like per frame for utterance LIVE00000169_00125 is -6.8836 over 132 frames.
LIVE00000169_00135 scratch 
LOG (gmm-latgen-faster[5.1.46~1-0d031]:DecodeUtteranceLatticeFaster():decoder-wrappers.cc:285) Log-like per frame for utterance LIVE00000169_00135 is -6.68703 over 113 frames.
LIVE00000169_00139 sky delta 
LOG (gmm-latgen-faster[5.1.46~1-0d031]:DecodeUtteranceLatticeFaster():decoder-wrappers.cc:285) Log-like per frame for utterance LIVE00000169_00139 is -6.86714 over 113 frames.
LIVE00000169_00165 percent 
LOG (gmm-latgen-faster[5.1.46~1-0d031]:DecodeUtteranceLatticeFaster():decoder-wrappers.cc:285) Log-like per frame for utterance LIVE00000169_00165 is -6.94262 over 171 frames.
LIVE00000169_00197 escape 
LOG (gmm-latgen-faster[5.1.46~1-0d031]:DecodeUtteranceLatticeFaster():decoder-wrappers.cc:285) Log-like per frame for utterance LIVE00000169_00197 is -6.52777 over 94 frames.
LIVE00000169_00209 space whisky delta 
LOG (gmm-latgen-faster[5.1.46~1-0d031]:DecodeUtteranceLatticeFaster():decoder-wrappers.cc:285) Log-like per frame for utterance LIVE00000169_00209 is -7.26232 over 132 frames.
LIVE00000169_00211 whisky 
LOG (gmm-latgen-faster[5.1.46~1-0d031]:DecodeUtteranceLatticeFaster():decoder-wrappers.cc:285) Log-like per frame for utterance LIVE00000169_00211 is -6.38621 over 113 frames.
LIVE00000169_00228 x-ray 
LOG (gmm-latgen-faster[5.1.46~1-0d031]:DecodeUtteranceLatticeFaster():decoder-wrappers.cc:285) Log-like per frame for utterance LIVE00000169_00228 is -6.95987 over 113 frames.
LIVE00000169_00232 colon 
LOG (gmm-latgen-faster[5.1.46~1-0d031]:DecodeUtteranceLatticeFaster():decoder-wrappers.cc:285) Log-like per frame for utterance LIVE00000169_00232 is -6.43553 over 113 frames.
LIVE00000169_00269 slap 
LOG (gmm-latgen-faster[5.1.46~1-0d031]:DecodeUtteranceLatticeFaster():decoder-wrappers.cc:285) Log-like per frame for utterance LIVE00000169_00269 is -6.45996 over 94 frames.
LIVE00000169_00274 down two 
LOG (gmm-latgen-faster[5.1.46~1-0d031]:DecodeUtteranceLatticeFaster():decoder-wrappers.cc:285) Log-like per frame for utterance LIVE00000169_00274 is -6.52281 over 113 frames.
LIVE00000169_00293 tango 
LOG (gmm-latgen-faster[5.1.46~1-0d031]:DecodeUtteranceLatticeFaster():decoder-wrappers.cc:285) Log-like per frame for utterance LIVE00000169_00293 is -6.46118 over 94 frames.
LIVE00000169_00301 oscar 
LOG (gmm-latgen-faster[5.1.46~1-0d031]:DecodeUtteranceLatticeFaster():decoder-wrappers.cc:285) Log-like per frame for utterance LIVE00000169_00301 is -6.46872 over 113 frames.
LIVE00000169_00307 escape 
LOG (gmm-latgen-faster[5.1.46~1-0d031]:DecodeUtteranceLatticeFaster():decoder-wrappers.cc:285) Log-like per frame for utterance LIVE00000169_00307 is -6.39394 over 75 frames.
LIVE00000169_00334 space 
LOG (gmm-latgen-faster[5.1.46~1-0d031]:DecodeUtteranceLatticeFaster():decoder-wrappers.cc:285) Log-like per frame for utterance LIVE00000169_00334 is -6.62068 over 94 frames.
LIVE00000169_00371 romeo echo victor 
LOG (gmm-latgen-faster[5.1.46~1-0d031]:DecodeUtteranceLatticeFaster():decoder-wrappers.cc:285) Log-like per frame for utterance LIVE00000169_00371 is -6.83934 over 190 frames.
LIVE00000169_00374 escape 
LOG (gmm-latgen-faster[5.1.46~1-0d031]:DecodeUtteranceLatticeFaster():decoder-wrappers.cc:285) Log-like per frame for utterance LIVE00000169_00374 is -6.92771 over 75 frames.
LIVE00000169_00390 sky golf 
LOG (gmm-latgen-faster[5.1.46~1-0d031]:DecodeUtteranceLatticeFaster():decoder-wrappers.cc:285) Log-like per frame for utterance LIVE00000169_00390 is -6.88429 over 113 frames.
LIVE00000169_00416 escape 
LOG (gmm-latgen-faster[5.1.46~1-0d031]:DecodeUtteranceLatticeFaster():decoder-wrappers.cc:285) Log-like per frame for utterance LIVE00000169_00416 is -6.45646 over 94 frames.
LIVE00000169_00424 control slash 
LOG (gmm-latgen-faster[5.1.46~1-0d031]:DecodeUtteranceLatticeFaster():decoder-wrappers.cc:285) Log-like per frame for utterance LIVE00000169_00424 is -6.92638 over 132 frames.
LIVE00000169_00443 space mike charlie charlie 
LOG (gmm-latgen-faster[5.1.46~1-0d031]:DecodeUtteranceLatticeFaster():decoder-wrappers.cc:285) Log-like per frame for utterance LIVE00000169_00443 is -6.99341 over 190 frames.
LIVE00000169_00451 charlie alpha whisky 
LOG (gmm-latgen-faster[5.1.46~1-0d031]:DecodeUtteranceLatticeFaster():decoder-wrappers.cc:285) Log-like per frame for utterance LIVE00000169_00451 is -6.73344 over 171 frames.
LIVE00000169_00468 yankee space 
LOG (gmm-latgen-faster[5.1.46~1-0d031]:DecodeUtteranceLatticeFaster():decoder-wrappers.cc:285) Log-like per frame for utterance LIVE00000169_00468 is -6.88196 over 132 frames.
LIVE00000169_00477 yankee 
LOG (gmm-latgen-faster[5.1.46~1-0d031]:DecodeUtteranceLatticeFaster():decoder-wrappers.cc:285) Log-like per frame for utterance LIVE00000169_00477 is -6.27645 over 113 frames.
LIVE00000169_00503 slap 
LOG (gmm-latgen-faster[5.1.46~1-0d031]:DecodeUtteranceLatticeFaster():decoder-wrappers.cc:285) Log-like per frame for utterance LIVE00000169_00503 is -6.55918 over 113 frames.
LIVE00000169_00505 alt victor 
LOG (gmm-latgen-faster[5.1.46~1-0d031]:DecodeUtteranceLatticeFaster():decoder-wrappers.cc:285) Log-like per frame for utterance LIVE00000169_00505 is -7.11477 over 113 frames.
LIVE00000169_00523 underscore 
LOG (gmm-latgen-faster[5.1.46~1-0d031]:DecodeUtteranceLatticeFaster():decoder-wrappers.cc:285) Log-like per frame for utterance LIVE00000169_00523 is -6.6826 over 113 frames.
LIVE00000169_00539 up 
LOG (gmm-latgen-faster[5.1.46~1-0d031]:DecodeUtteranceLatticeFaster():decoder-wrappers.cc:285) Log-like per frame for utterance LIVE00000169_00539 is -6.38821 over 75 frames.
LIVE00000169_00545 echo 
LOG (gmm-latgen-faster[5.1.46~1-0d031]:DecodeUtteranceLatticeFaster():decoder-wrappers.cc:285) Log-like per frame for utterance LIVE00000169_00545 is -6.4437 over 75 frames.
LIVE00000169_00547 space equal space 
LOG (gmm-latgen-faster[5.1.46~1-0d031]:DecodeUtteranceLatticeFaster():decoder-wrappers.cc:285) Log-like per frame for utterance LIVE00000169_00547 is -7.09641 over 190 frames.
LIVE00000169_00569 delta 
LOG (gmm-latgen-faster[5.1.46~1-0d031]:DecodeUtteranceLatticeFaster():decoder-wrappers.cc:285) Log-like per frame for utterance LIVE00000169_00569 is -6.49843 over 94 frames.
LIVE00000169_00572 india 
LOG (gmm-latgen-faster[5.1.46~1-0d031]:DecodeUtteranceLatticeFaster():decoder-wrappers.cc:285) Log-like per frame for utterance LIVE00000169_00572 is -6.30529 over 94 frames.
LIVE00000169_00575 scratch 
LOG (gmm-latgen-faster[5.1.46~1-0d031]:DecodeUtteranceLatticeFaster():decoder-wrappers.cc:285) Log-like per frame for utterance LIVE00000169_00575 is -6.4449 over 113 frames.
LIVE00000169_00589 escape escape 
LOG (gmm-latgen-faster[5.1.46~1-0d031]:DecodeUtteranceLatticeFaster():decoder-wrappers.cc:285) Log-like per frame for utterance LIVE00000169_00589 is -6.79207 over 132 frames.
LIVE00000169_00594 plus 
LOG (gmm-latgen-faster[5.1.46~1-0d031]:DecodeUtteranceLatticeFaster():decoder-wrappers.cc:285) Log-like per frame for utterance LIVE00000169_00594 is -6.89815 over 94 frames.
LIVE00000169_00608 sky golf 
LOG (gmm-latgen-faster[5.1.46~1-0d031]:DecodeUtteranceLatticeFaster():decoder-wrappers.cc:285) Log-like per frame for utterance LIVE00000169_00608 is -6.72054 over 113 frames.
LIVE00000169_00611 papa 
LOG (gmm-latgen-faster[5.1.46~1-0d031]:DecodeUtteranceLatticeFaster():decoder-wrappers.cc:285) Log-like per frame for utterance LIVE00000169_00611 is -6.34514 over 94 frames.
LIVE00000169_00662 escape 
LOG (gmm-latgen-faster[5.1.46~1-0d031]:DecodeUtteranceLatticeFaster():decoder-wrappers.cc:285) Log-like per frame for utterance LIVE00000169_00662 is -6.48084 over 94 frames.
LIVE00000169_00680 right 
LOG (gmm-latgen-faster[5.1.46~1-0d031]:DecodeUtteranceLatticeFaster():decoder-wrappers.cc:285) Log-like per frame for utterance LIVE00000169_00680 is -6.73138 over 94 frames.
LIVE00000169_00682 four right 
LOG (gmm-latgen-faster[5.1.46~1-0d031]:DecodeUtteranceLatticeFaster():decoder-wrappers.cc:285) Log-like per frame for utterance LIVE00000169_00682 is -6.72967 over 94 frames.
LIVE00000169_00697 space mike charlie charlie 
LOG (gmm-latgen-faster[5.1.46~1-0d031]:DecodeUtteranceLatticeFaster():decoder-wrappers.cc:285) Log-like per frame for utterance LIVE00000169_00697 is -7.3425 over 171 frames.
LIVE00000169_00703 escape 
LOG (gmm-latgen-faster[5.1.46~1-0d031]:DecodeUtteranceLatticeFaster():decoder-wrappers.cc:285) Log-like per frame for utterance LIVE00000169_00703 is -6.62727 over 75 frames.
LIVE00000169_00707 slap 
LOG (gmm-latgen-faster[5.1.46~1-0d031]:DecodeUtteranceLatticeFaster():decoder-wrappers.cc:285) Log-like per frame for utterance LIVE00000169_00707 is -6.57057 over 75 frames.
LIVE00000169_00738 switch window 
LOG (gmm-latgen-faster[5.1.46~1-0d031]:DecodeUtteranceLatticeFaster():decoder-wrappers.cc:285) Log-like per frame for utterance LIVE00000169_00738 is -6.93443 over 94 frames.
LIVE00000169_00748 five whisky 
LOG (gmm-latgen-faster[5.1.46~1-0d031]:DecodeUtteranceLatticeFaster():decoder-wrappers.cc:285) Log-like per frame for utterance LIVE00000169_00748 is -6.22517 over 286 frames.
LIVE00000169_00765 three 
LOG (gmm-latgen-faster[5.1.46~1-0d031]:DecodeUtteranceLatticeFaster():decoder-wrappers.cc:285) Log-like per frame for utterance LIVE00000169_00765 is -6.92061 over 94 frames.
LIVE00000169_00768 slap 
LOG (gmm-latgen-faster[5.1.46~1-0d031]:DecodeUtteranceLatticeFaster():decoder-wrappers.cc:285) Log-like per frame for utterance LIVE00000169_00768 is -6.44537 over 75 frames.
LIVE00000169_00783 whisky 
LOG (gmm-latgen-faster[5.1.46~1-0d031]:DecodeUtteranceLatticeFaster():decoder-wrappers.cc:285) Log-like per frame for utterance LIVE00000169_00783 is -6.99853 over 94 frames.
LIVE00000169_00805 space 
LOG (gmm-latgen-faster[5.1.46~1-0d031]:DecodeUtteranceLatticeFaster():decoder-wrappers.cc:285) Log-like per frame for utterance LIVE00000169_00805 is -6.97334 over 94 frames.
LIVE00000169_00808 space three 
LOG (gmm-latgen-faster[5.1.46~1-0d031]:DecodeUtteranceLatticeFaster():decoder-wrappers.cc:285) Log-like per frame for utterance LIVE00000169_00808 is -6.89383 over 113 frames.
LIVE00000169_00832 sierra 
LOG (gmm-latgen-faster[5.1.46~1-0d031]:DecodeUtteranceLatticeFaster():decoder-wrappers.cc:285) Log-like per frame for utterance LIVE00000169_00832 is -6.30852 over 113 frames.
LIVE00000170_00005 escape 
LOG (gmm-latgen-faster[5.1.46~1-0d031]:DecodeUtteranceLatticeFaster():decoder-wrappers.cc:285) Log-like per frame for utterance LIVE00000170_00005 is -6.8091 over 113 frames.
LIVE00000170_00024 two zero zero sky golf 
LOG (gmm-latgen-faster[5.1.46~1-0d031]:DecodeUtteranceLatticeFaster():decoder-wrappers.cc:285) Log-like per frame for utterance LIVE00000170_00024 is -7.22709 over 228 frames.
LIVE00000170_00029 scratch five 
LOG (gmm-latgen-faster[5.1.46~1-0d031]:DecodeUtteranceLatticeFaster():decoder-wrappers.cc:285) Log-like per frame for utterance LIVE00000170_00029 is -7.39014 over 132 frames.
LIVE00000170_00031 scratch 
LOG (gmm-latgen-faster[5.1.46~1-0d031]:DecodeUtteranceLatticeFaster():decoder-wrappers.cc:285) Log-like per frame for utterance LIVE00000170_00031 is -7.04632 over 113 frames.
LIVE00000170_00033 equal space three 
LOG (gmm-latgen-faster[5.1.46~1-0d031]:DecodeUtteranceLatticeFaster():decoder-wrappers.cc:285) Log-like per frame for utterance LIVE00000170_00033 is -7.34176 over 209 frames.
LIVE00000170_00040 slap 
LOG (gmm-latgen-faster[5.1.46~1-0d031]:DecodeUtteranceLatticeFaster():decoder-wrappers.cc:285) Log-like per frame for utterance LIVE00000170_00040 is -7.03456 over 94 frames.
LIVE00000170_00045 slap 
LOG (gmm-latgen-faster[5.1.46~1-0d031]:DecodeUtteranceLatticeFaster():decoder-wrappers.cc:285) Log-like per frame for utterance LIVE00000170_00045 is -6.45642 over 75 frames.
LIVE00000170_00046 slap 
LOG (gmm-latgen-faster[5.1.46~1-0d031]:DecodeUtteranceLatticeFaster():decoder-wrappers.cc:285) Log-like per frame for utterance LIVE00000170_00046 is -6.82201 over 75 frames.
LIVE00000170_00065 late 
LOG (gmm-latgen-faster[5.1.46~1-0d031]:DecodeUtteranceLatticeFaster():decoder-wrappers.cc:285) Log-like per frame for utterance LIVE00000170_00065 is -7.13157 over 94 frames.
LIVE00000170_00075 space two 
LOG (gmm-latgen-faster[5.1.46~1-0d031]:DecodeUtteranceLatticeFaster():decoder-wrappers.cc:285) Log-like per frame for utterance LIVE00000170_00075 is -7.0403 over 132 frames.
LIVE00000170_00080 space whisky delta 
LOG (gmm-latgen-faster[5.1.46~1-0d031]:DecodeUtteranceLatticeFaster():decoder-wrappers.cc:285) Log-like per frame for utterance LIVE00000170_00080 is -7.14112 over 209 frames.
LIVE00000170_00095 slap 
LOG (gmm-latgen-faster[5.1.46~1-0d031]:DecodeUtteranceLatticeFaster():decoder-wrappers.cc:285) Log-like per frame for utterance LIVE00000170_00095 is -6.51215 over 94 frames.
LIVE00000170_00104 sierra echo alpha 
LOG (gmm-latgen-faster[5.1.46~1-0d031]:DecodeUtteranceLatticeFaster():decoder-wrappers.cc:285) Log-like per frame for utterance LIVE00000170_00104 is -6.99317 over 171 frames.
LIVE00000170_00115 slap 
LOG (gmm-latgen-faster[5.1.46~1-0d031]:DecodeUtteranceLatticeFaster():decoder-wrappers.cc:285) Log-like per frame for utterance LIVE00000170_00115 is -6.54684 over 94 frames.
LIVE00000170_00116 control slash 
LOG (gmm-latgen-faster[5.1.46~1-0d031]:DecodeUtteranceLatticeFaster():decoder-wrappers.cc:285) Log-like per frame for utterance LIVE00000170_00116 is -6.89362 over 132 frames.
LIVE00000170_00120 control slash 
LOG (gmm-latgen-faster[5.1.46~1-0d031]:DecodeUtteranceLatticeFaster():decoder-wrappers.cc:285) Log-like per frame for utterance LIVE00000170_00120 is -7.05944 over 132 frames.
LIVE00000171_00036 space three 
LOG (gmm-latgen-faster[5.1.46~1-0d031]:DecodeUtteranceLatticeFaster():decoder-wrappers.cc:285) Log-like per frame for utterance LIVE00000171_00036 is -6.859 over 132 frames.
LIVE00000171_00054 right 
LOG (gmm-latgen-faster[5.1.46~1-0d031]:DecodeUtteranceLatticeFaster():decoder-wrappers.cc:285) Log-like per frame for utterance LIVE00000171_00054 is -6.42902 over 113 frames.
LIVE00000171_00094 space charlie lima 
LOG (gmm-latgen-faster[5.1.46~1-0d031]:DecodeUtteranceLatticeFaster():decoder-wrappers.cc:285) Log-like per frame for utterance LIVE00000171_00094 is -7.03561 over 209 frames.
LIVE00000171_00095 space foxtrot sierra 
LOG (gmm-latgen-faster[5.1.46~1-0d031]:DecodeUtteranceLatticeFaster():decoder-wrappers.cc:285) Log-like per frame for utterance LIVE00000171_00095 is -6.97019 over 209 frames.
LIVE00000171_00109 escape 
LOG (gmm-latgen-faster[5.1.46~1-0d031]:DecodeUtteranceLatticeFaster():decoder-wrappers.cc:285) Log-like per frame for utterance LIVE00000171_00109 is -6.55194 over 113 frames.
LIVE00000171_00124 tab 
LOG (gmm-latgen-faster[5.1.46~1-0d031]:DecodeUtteranceLatticeFaster():decoder-wrappers.cc:285) Log-like per frame for utterance LIVE00000171_00124 is -6.18036 over 94 frames.
LIVE00000171_00127 space foxtrot sierra 
LOG (gmm-latgen-faster[5.1.46~1-0d031]:DecodeUtteranceLatticeFaster():decoder-wrappers.cc:285) Log-like per frame for utterance LIVE00000171_00127 is -6.96201 over 171 frames.
LIVE00000175_00002 space two 
LOG (gmm-latgen-faster[5.1.46~1-0d031]:DecodeUtteranceLatticeFaster():decoder-wrappers.cc:285) Log-like per frame for utterance LIVE00000175_00002 is -7.1151 over 113 frames.
LIVE00000175_00013 space bravo 
LOG (gmm-latgen-faster[5.1.46~1-0d031]:DecodeUtteranceLatticeFaster():decoder-wrappers.cc:285) Log-like per frame for utterance LIVE00000175_00013 is -6.95196 over 132 frames.
LIVE00000175_00043 slap 
LOG (gmm-latgen-faster[5.1.46~1-0d031]:DecodeUtteranceLatticeFaster():decoder-wrappers.cc:285) Log-like per frame for utterance LIVE00000175_00043 is -6.65264 over 94 frames.
LIVE00000175_00076 comma one 
LOG (gmm-latgen-faster[5.1.46~1-0d031]:DecodeUtteranceLatticeFaster():decoder-wrappers.cc:285) Log-like per frame for utterance LIVE00000175_00076 is -6.73263 over 94 frames.
LIVE00000175_00097 alpha charlie tango 
LOG (gmm-latgen-faster[5.1.46~1-0d031]:DecodeUtteranceLatticeFaster():decoder-wrappers.cc:285) Log-like per frame for utterance LIVE00000175_00097 is -7.71647 over 152 frames.
LIVE00000175_00124 left two 
LOG (gmm-latgen-faster[5.1.46~1-0d031]:DecodeUtteranceLatticeFaster():decoder-wrappers.cc:285) Log-like per frame for utterance LIVE00000175_00124 is -6.65977 over 113 frames.
LIVE00000175_00129 delta 
LOG (gmm-latgen-faster[5.1.46~1-0d031]:DecodeUtteranceLatticeFaster():decoder-wrappers.cc:285) Log-like per frame for utterance LIVE00000175_00129 is -6.78324 over 94 frames.
LIVE00000175_00139 golf sierra 
LOG (gmm-latgen-faster[5.1.46~1-0d031]:DecodeUtteranceLatticeFaster():decoder-wrappers.cc:285) Log-like per frame for utterance LIVE00000175_00139 is -6.95083 over 132 frames.
LIVE00000175_00146 whisky 
LOG (gmm-latgen-faster[5.1.46~1-0d031]:DecodeUtteranceLatticeFaster():decoder-wrappers.cc:285) Log-like per frame for utterance LIVE00000175_00146 is -6.66908 over 94 frames.
LIVE00000175_00147 victor 
LOG (gmm-latgen-faster[5.1.46~1-0d031]:DecodeUtteranceLatticeFaster():decoder-wrappers.cc:285) Log-like per frame for utterance LIVE00000175_00147 is -6.69145 over 113 frames.
LIVE00000175_00158 down 
LOG (gmm-latgen-faster[5.1.46~1-0d031]:DecodeUtteranceLatticeFaster():decoder-wrappers.cc:285) Log-like per frame for utterance LIVE00000175_00158 is -6.42559 over 94 frames.
LIVE00000175_00192 papa yankee 
LOG (gmm-latgen-faster[5.1.46~1-0d031]:DecodeUtteranceLatticeFaster():decoder-wrappers.cc:285) Log-like per frame for utterance LIVE00000175_00192 is -6.84403 over 132 frames.
LIVE00000175_00195 space ten 
LOG (gmm-latgen-faster[5.1.46~1-0d031]:DecodeUtteranceLatticeFaster():decoder-wrappers.cc:285) Log-like per frame for utterance LIVE00000175_00195 is -6.6796 over 113 frames.
LIVE00000175_00198 slap 
LOG (gmm-latgen-faster[5.1.46~1-0d031]:DecodeUtteranceLatticeFaster():decoder-wrappers.cc:285) Log-like per frame for utterance LIVE00000175_00198 is -6.67601 over 75 frames.
LIVE00000175_00199 space 
LOG (gmm-latgen-faster[5.1.46~1-0d031]:DecodeUtteranceLatticeFaster():decoder-wrappers.cc:285) Log-like per frame for utterance LIVE00000175_00199 is -6.49508 over 113 frames.
LIVE00000175_00203 slap 
LOG (gmm-latgen-faster[5.1.46~1-0d031]:DecodeUtteranceLatticeFaster():decoder-wrappers.cc:285) Log-like per frame for utterance LIVE00000175_00203 is -6.69163 over 75 frames.
LIVE00000176_00000 switch window 
LOG (gmm-latgen-faster[5.1.46~1-0d031]:DecodeUtteranceLatticeFaster():decoder-wrappers.cc:285) Log-like per frame for utterance LIVE00000176_00000 is -7.54565 over 132 frames.
LIVE00000176_00004 space foxtrot sierra 
LOG (gmm-latgen-faster[5.1.46~1-0d031]:DecodeUtteranceLatticeFaster():decoder-wrappers.cc:285) Log-like per frame for utterance LIVE00000176_00004 is -7.04943 over 305 frames.
LIVE00000176_00011 slap 
LOG (gmm-latgen-faster[5.1.46~1-0d031]:DecodeUtteranceLatticeFaster():decoder-wrappers.cc:285) Log-like per frame for utterance LIVE00000176_00011 is -6.74501 over 94 frames.
LIVE00000176_00043 slap 
LOG (gmm-latgen-faster[5.1.46~1-0d031]:DecodeUtteranceLatticeFaster():decoder-wrappers.cc:285) Log-like per frame for utterance LIVE00000176_00043 is -6.49592 over 75 frames.
LIVE00000176_00065 juliet up 
LOG (gmm-latgen-faster[5.1.46~1-0d031]:DecodeUtteranceLatticeFaster():decoder-wrappers.cc:285) Log-like per frame for utterance LIVE00000176_00065 is -6.94167 over 113 frames.
LIVE00000176_00080 space foxtrot 
LOG (gmm-latgen-faster[5.1.46~1-0d031]:DecodeUtteranceLatticeFaster():decoder-wrappers.cc:285) Log-like per frame for utterance LIVE00000176_00080 is -6.96939 over 132 frames.
LIVE00000176_00093 control hotel 
LOG (gmm-latgen-faster[5.1.46~1-0d031]:DecodeUtteranceLatticeFaster():decoder-wrappers.cc:285) Log-like per frame for utterance LIVE00000176_00093 is -6.798 over 152 frames.
LIVE00000176_00098 delta alpha tango 
LOG (gmm-latgen-faster[5.1.46~1-0d031]:DecodeUtteranceLatticeFaster():decoder-wrappers.cc:285) Log-like per frame for utterance LIVE00000176_00098 is -7.06579 over 171 frames.
LIVE00000176_00120 space papa 
LOG (gmm-latgen-faster[5.1.46~1-0d031]:DecodeUtteranceLatticeFaster():decoder-wrappers.cc:285) Log-like per frame for utterance LIVE00000176_00120 is -6.90411 over 132 frames.
LIVE00000176_00124 space papa 
LOG (gmm-latgen-faster[5.1.46~1-0d031]:DecodeUtteranceLatticeFaster():decoder-wrappers.cc:285) Log-like per frame for utterance LIVE00000176_00124 is -6.57967 over 171 frames.
LIVE00000176_00138 romeo 
LOG (gmm-latgen-faster[5.1.46~1-0d031]:DecodeUtteranceLatticeFaster():decoder-wrappers.cc:285) Log-like per frame for utterance LIVE00000176_00138 is -6.34041 over 113 frames.
LIVE00000176_00143 two up oscar india 
LOG (gmm-latgen-faster[5.1.46~1-0d031]:DecodeUtteranceLatticeFaster():decoder-wrappers.cc:285) Log-like per frame for utterance LIVE00000176_00143 is -7.26336 over 190 frames.
LIVE00000176_00151 space 
LOG (gmm-latgen-faster[5.1.46~1-0d031]:DecodeUtteranceLatticeFaster():decoder-wrappers.cc:285) Log-like per frame for utterance LIVE00000176_00151 is -6.83019 over 113 frames.
LIVE00000176_00155 quebec 
LOG (gmm-latgen-faster[5.1.46~1-0d031]:DecodeUtteranceLatticeFaster():decoder-wrappers.cc:285) Log-like per frame for utterance LIVE00000176_00155 is -7.10901 over 94 frames.
LIVE00000176_00163 space foxtrot golf 
LOG (gmm-latgen-faster[5.1.46~1-0d031]:DecodeUtteranceLatticeFaster():decoder-wrappers.cc:285) Log-like per frame for utterance LIVE00000176_00163 is -7.25698 over 171 frames.
LIVE00000176_00177 alt charlie 
LOG (gmm-latgen-faster[5.1.46~1-0d031]:DecodeUtteranceLatticeFaster():decoder-wrappers.cc:285) Log-like per frame for utterance LIVE00000176_00177 is -6.78781 over 132 frames.
LIVE00000176_00196 escape 
LOG (gmm-latgen-faster[5.1.46~1-0d031]:DecodeUtteranceLatticeFaster():decoder-wrappers.cc:285) Log-like per frame for utterance LIVE00000176_00196 is -6.53022 over 94 frames.
LIVE00000176_00232 sky lima 
LOG (gmm-latgen-faster[5.1.46~1-0d031]:DecodeUtteranceLatticeFaster():decoder-wrappers.cc:285) Log-like per frame for utterance LIVE00000176_00232 is -7.00914 over 132 frames.
LIVE00000176_00237 yankee 
LOG (gmm-latgen-faster[5.1.46~1-0d031]:DecodeUtteranceLatticeFaster():decoder-wrappers.cc:285) Log-like per frame for utterance LIVE00000176_00237 is -6.63427 over 113 frames.
LIVE00000176_00249 scratch 
LOG (gmm-latgen-faster[5.1.46~1-0d031]:DecodeUtteranceLatticeFaster():decoder-wrappers.cc:285) Log-like per frame for utterance LIVE00000176_00249 is -6.8215 over 94 frames.
LIVE00000176_00255 space tango 
LOG (gmm-latgen-faster[5.1.46~1-0d031]:DecodeUtteranceLatticeFaster():decoder-wrappers.cc:285) Log-like per frame for utterance LIVE00000176_00255 is -6.83163 over 132 frames.
LIVE00000176_00276 lima india 
LOG (gmm-latgen-faster[5.1.46~1-0d031]:DecodeUtteranceLatticeFaster():decoder-wrappers.cc:285) Log-like per frame for utterance LIVE00000176_00276 is -6.56923 over 152 frames.
LIVE00000176_00290 escape 
LOG (gmm-latgen-faster[5.1.46~1-0d031]:DecodeUtteranceLatticeFaster():decoder-wrappers.cc:285) Log-like per frame for utterance LIVE00000176_00290 is -6.71297 over 94 frames.
LIVE00000177_00046 escape 
LOG (gmm-latgen-faster[5.1.46~1-0d031]:DecodeUtteranceLatticeFaster():decoder-wrappers.cc:285) Log-like per frame for utterance LIVE00000177_00046 is -6.78248 over 94 frames.
LIVE00000177_00048 bravo 
LOG (gmm-latgen-faster[5.1.46~1-0d031]:DecodeUtteranceLatticeFaster():decoder-wrappers.cc:285) Log-like per frame for utterance LIVE00000177_00048 is -6.3673 over 113 frames.
LIVE00000177_00052 delta whisky 
LOG (gmm-latgen-faster[5.1.46~1-0d031]:DecodeUtteranceLatticeFaster():decoder-wrappers.cc:285) Log-like per frame for utterance LIVE00000177_00052 is -7.18451 over 113 frames.
LIVE00000177_00058 slap 
LOG (gmm-latgen-faster[5.1.46~1-0d031]:DecodeUtteranceLatticeFaster():decoder-wrappers.cc:285) Log-like per frame for utterance LIVE00000177_00058 is -6.7805 over 94 frames.
LIVE00000177_00063 up 
LOG (gmm-latgen-faster[5.1.46~1-0d031]:DecodeUtteranceLatticeFaster():decoder-wrappers.cc:285) Log-like per frame for utterance LIVE00000177_00063 is -6.43131 over 113 frames.
LIVE00000177_00068 delta 
LOG (gmm-latgen-faster[5.1.46~1-0d031]:DecodeUtteranceLatticeFaster():decoder-wrappers.cc:285) Log-like per frame for utterance LIVE00000177_00068 is -6.64303 over 94 frames.
LIVE00000177_00070 november alpha mike echo 
LOG (gmm-latgen-faster[5.1.46~1-0d031]:DecodeUtteranceLatticeFaster():decoder-wrappers.cc:285) Log-like per frame for utterance LIVE00000177_00070 is -7.05925 over 209 frames.
LIVE00000177_00071 comma 
LOG (gmm-latgen-faster[5.1.46~1-0d031]:DecodeUtteranceLatticeFaster():decoder-wrappers.cc:285) Log-like per frame for utterance LIVE00000177_00071 is -6.56408 over 94 frames.
LIVE00000177_00074 comma 
LOG (gmm-latgen-faster[5.1.46~1-0d031]:DecodeUtteranceLatticeFaster():decoder-wrappers.cc:285) Log-like per frame for utterance LIVE00000177_00074 is -6.7102 over 94 frames.
LIVE00000177_00075 escape 
LOG (gmm-latgen-faster[5.1.46~1-0d031]:DecodeUtteranceLatticeFaster():decoder-wrappers.cc:285) Log-like per frame for utterance LIVE00000177_00075 is -6.57979 over 94 frames.
LIVE00000177_00106 escape 
LOG (gmm-latgen-faster[5.1.46~1-0d031]:DecodeUtteranceLatticeFaster():decoder-wrappers.cc:285) Log-like per frame for utterance LIVE00000177_00106 is -6.98306 over 94 frames.
LIVE00000177_00124 one 
LOG (gmm-latgen-faster[5.1.46~1-0d031]:DecodeUtteranceLatticeFaster():decoder-wrappers.cc:285) Log-like per frame for utterance LIVE00000177_00124 is -6.86042 over 75 frames.
LIVE00000177_00140 slap 
LOG (gmm-latgen-faster[5.1.46~1-0d031]:DecodeUtteranceLatticeFaster():decoder-wrappers.cc:285) Log-like per frame for utterance LIVE00000177_00140 is -6.82033 over 75 frames.
LIVE00000177_00145 papa alpha romeo 
LOG (gmm-latgen-faster[5.1.46~1-0d031]:DecodeUtteranceLatticeFaster():decoder-wrappers.cc:285) Log-like per frame for utterance LIVE00000177_00145 is -6.79968 over 190 frames.
LIVE00000177_00159 escape 
LOG (gmm-latgen-faster[5.1.46~1-0d031]:DecodeUtteranceLatticeFaster():decoder-wrappers.cc:285) Log-like per frame for utterance LIVE00000177_00159 is -6.49766 over 94 frames.
LIVE00000177_00173 scratch two 
LOG (gmm-latgen-faster[5.1.46~1-0d031]:DecodeUtteranceLatticeFaster():decoder-wrappers.cc:285) Log-like per frame for utterance LIVE00000177_00173 is -6.88797 over 113 frames.
LIVE00000179_00001 switch window 
LOG (gmm-latgen-faster[5.1.46~1-0d031]:DecodeUtteranceLatticeFaster():decoder-wrappers.cc:285) Log-like per frame for utterance LIVE00000179_00001 is -7.12881 over 113 frames.
LIVE00000179_00019 escape 
LOG (gmm-latgen-faster[5.1.46~1-0d031]:DecodeUtteranceLatticeFaster():decoder-wrappers.cc:285) Log-like per frame for utterance LIVE00000179_00019 is -6.8531 over 75 frames.
LIVE00000179_00024 term paste 
LOG (gmm-latgen-faster[5.1.46~1-0d031]:DecodeUtteranceLatticeFaster():decoder-wrappers.cc:285) Log-like per frame for utterance LIVE00000179_00024 is -7.02021 over 94 frames.
LIVE00000179_00027 one three sky golf 
LOG (gmm-latgen-faster[5.1.46~1-0d031]:DecodeUtteranceLatticeFaster():decoder-wrappers.cc:285) Log-like per frame for utterance LIVE00000179_00027 is -6.92057 over 152 frames.
LIVE00000179_00042 scratch slap 
LOG (gmm-latgen-faster[5.1.46~1-0d031]:DecodeUtteranceLatticeFaster():decoder-wrappers.cc:285) Log-like per frame for utterance LIVE00000179_00042 is -7.06712 over 113 frames.
LIVE00000179_00046 november alpha mike echo 
LOG (gmm-latgen-faster[5.1.46~1-0d031]:DecodeUtteranceLatticeFaster():decoder-wrappers.cc:285) Log-like per frame for utterance LIVE00000179_00046 is -6.94937 over 171 frames.
LIVE00000180_00011 charlie alpha whisky 
LOG (gmm-latgen-faster[5.1.46~1-0d031]:DecodeUtteranceLatticeFaster():decoder-wrappers.cc:285) Log-like per frame for utterance LIVE00000180_00011 is -7.24834 over 132 frames.
LIVE00000180_00013 charlie underscore 
LOG (gmm-latgen-faster[5.1.46~1-0d031]:DecodeUtteranceLatticeFaster():decoder-wrappers.cc:285) Log-like per frame for utterance LIVE00000180_00013 is -7.04546 over 152 frames.
LIVE00000180_00019 escape 
LOG (gmm-latgen-faster[5.1.46~1-0d031]:DecodeUtteranceLatticeFaster():decoder-wrappers.cc:285) Log-like per frame for utterance LIVE00000180_00019 is -6.53089 over 94 frames.
LIVE00000180_00024 down three 
LOG (gmm-latgen-faster[5.1.46~1-0d031]:DecodeUtteranceLatticeFaster():decoder-wrappers.cc:285) Log-like per frame for utterance LIVE00000180_00024 is -6.40196 over 113 frames.
LIVE00000181_00009 pageup 
LOG (gmm-latgen-faster[5.1.46~1-0d031]:DecodeUtteranceLatticeFaster():decoder-wrappers.cc:285) Log-like per frame for utterance LIVE00000181_00009 is -6.84434 over 113 frames.
LIVE00000182_00000 home 
LOG (gmm-latgen-faster[5.1.46~1-0d031]:DecodeUtteranceLatticeFaster():decoder-wrappers.cc:285) Log-like per frame for utterance LIVE00000182_00000 is -6.95303 over 75 frames.
LIVE00000199_00000 up 
LOG (gmm-latgen-faster[5.1.46~1-0d031]:DecodeUtteranceLatticeFaster():decoder-wrappers.cc:285) Log-like per frame for utterance LIVE00000199_00000 is -6.92567 over 75 frames.
LIVE00000201_00020 space 
LOG (gmm-latgen-faster[5.1.46~1-0d031]:DecodeUtteranceLatticeFaster():decoder-wrappers.cc:285) Log-like per frame for utterance LIVE00000201_00020 is -6.41148 over 113 frames.
LIVE00000202_00017 one one underscore one one 
LOG (gmm-latgen-faster[5.1.46~1-0d031]:DecodeUtteranceLatticeFaster():decoder-wrappers.cc:285) Log-like per frame for utterance LIVE00000202_00017 is -6.95662 over 209 frames.
LIVE00000202_00026 pagedown 
LOG (gmm-latgen-faster[5.1.46~1-0d031]:DecodeUtteranceLatticeFaster():decoder-wrappers.cc:285) Log-like per frame for utterance LIVE00000202_00026 is -6.1752 over 132 frames.
LIVE00000202_00027 pagedown 
LOG (gmm-latgen-faster[5.1.46~1-0d031]:DecodeUtteranceLatticeFaster():decoder-wrappers.cc:285) Log-like per frame for utterance LIVE00000202_00027 is -6.67914 over 113 frames.
LIVE00000202_00048 whisky 
LOG (gmm-latgen-faster[5.1.46~1-0d031]:DecodeUtteranceLatticeFaster():decoder-wrappers.cc:285) Log-like per frame for utterance LIVE00000202_00048 is -6.47245 over 113 frames.
LIVE00000202_00050 escape 
LOG (gmm-latgen-faster[5.1.46~1-0d031]:DecodeUtteranceLatticeFaster():decoder-wrappers.cc:285) Log-like per frame for utterance LIVE00000202_00050 is -6.37779 over 94 frames.
LIVE00000202_00060 papa 
LOG (gmm-latgen-faster[5.1.46~1-0d031]:DecodeUtteranceLatticeFaster():decoder-wrappers.cc:285) Log-like per frame for utterance LIVE00000202_00060 is -6.34327 over 94 frames.
LIVE00000202_00065 scratch four 
LOG (gmm-latgen-faster[5.1.46~1-0d031]:DecodeUtteranceLatticeFaster():decoder-wrappers.cc:285) Log-like per frame for utterance LIVE00000202_00065 is -6.7606 over 113 frames.
LIVE00000202_00069 two two sky golf 
LOG (gmm-latgen-faster[5.1.46~1-0d031]:DecodeUtteranceLatticeFaster():decoder-wrappers.cc:285) Log-like per frame for utterance LIVE00000202_00069 is -6.87113 over 132 frames.
LIVE00000202_00071 paste term 
LOG (gmm-latgen-faster[5.1.46~1-0d031]:DecodeUtteranceLatticeFaster():decoder-wrappers.cc:285) Log-like per frame for utterance LIVE00000202_00071 is -6.74521 over 132 frames.
LIVE00000202_00078 uniform papa 
LOG (gmm-latgen-faster[5.1.46~1-0d031]:DecodeUtteranceLatticeFaster():decoder-wrappers.cc:285) Log-like per frame for utterance LIVE00000202_00078 is -6.58018 over 190 frames.
LIVE00000202_00086 six 
LOG (gmm-latgen-faster[5.1.46~1-0d031]:DecodeUtteranceLatticeFaster():decoder-wrappers.cc:285) Log-like per frame for utterance LIVE00000202_00086 is -7.05516 over 94 frames.
LIVE00000202_00109 space 
LOG (gmm-latgen-faster[5.1.46~1-0d031]:DecodeUtteranceLatticeFaster():decoder-wrappers.cc:285) Log-like per frame for utterance LIVE00000202_00109 is -6.63577 over 94 frames.
LIVE00000202_00147 yankee 
LOG (gmm-latgen-faster[5.1.46~1-0d031]:DecodeUtteranceLatticeFaster():decoder-wrappers.cc:285) Log-like per frame for utterance LIVE00000202_00147 is -6.36796 over 113 frames.
LIVE00000202_00176 space 
LOG (gmm-latgen-faster[5.1.46~1-0d031]:DecodeUtteranceLatticeFaster():decoder-wrappers.cc:285) Log-like per frame for utterance LIVE00000202_00176 is -6.4516 over 94 frames.
LIVE00000202_00182 space 
LOG (gmm-latgen-faster[5.1.46~1-0d031]:DecodeUtteranceLatticeFaster():decoder-wrappers.cc:285) Log-like per frame for utterance LIVE00000202_00182 is -6.51753 over 94 frames.
LIVE00000202_00192 space 
LOG (gmm-latgen-faster[5.1.46~1-0d031]:DecodeUtteranceLatticeFaster():decoder-wrappers.cc:285) Log-like per frame for utterance LIVE00000202_00192 is -6.29032 over 113 frames.
LIVE00000202_00210 scratch two 
LOG (gmm-latgen-faster[5.1.46~1-0d031]:DecodeUtteranceLatticeFaster():decoder-wrappers.cc:285) Log-like per frame for utterance LIVE00000202_00210 is -7.44839 over 132 frames.
LIVE00000202_00214 victor up 
LOG (gmm-latgen-faster[5.1.46~1-0d031]:DecodeUtteranceLatticeFaster():decoder-wrappers.cc:285) Log-like per frame for utterance LIVE00000202_00214 is -6.9791 over 113 frames.
LIVE00000204_00000 switch window 
LOG (gmm-latgen-faster[5.1.46~1-0d031]:DecodeUtteranceLatticeFaster():decoder-wrappers.cc:285) Log-like per frame for utterance LIVE00000204_00000 is -7.40218 over 113 frames.
LIVE00000204_00012 yankee 
LOG (gmm-latgen-faster[5.1.46~1-0d031]:DecodeUtteranceLatticeFaster():decoder-wrappers.cc:285) Log-like per frame for utterance LIVE00000204_00012 is -6.43761 over 113 frames.
LIVE00000204_00024 pagedown 
LOG (gmm-latgen-faster[5.1.46~1-0d031]:DecodeUtteranceLatticeFaster():decoder-wrappers.cc:285) Log-like per frame for utterance LIVE00000204_00024 is -6.87956 over 94 frames.
LIVE00000204_00025 alt charlie 
LOG (gmm-latgen-faster[5.1.46~1-0d031]:DecodeUtteranceLatticeFaster():decoder-wrappers.cc:285) Log-like per frame for utterance LIVE00000204_00025 is -6.78332 over 132 frames.
LIVE00000204_00029 scratch 
LOG (gmm-latgen-faster[5.1.46~1-0d031]:DecodeUtteranceLatticeFaster():decoder-wrappers.cc:285) Log-like per frame for utterance LIVE00000204_00029 is -6.43659 over 113 frames.
LIVE00000204_00034 escape 
LOG (gmm-latgen-faster[5.1.46~1-0d031]:DecodeUtteranceLatticeFaster():decoder-wrappers.cc:285) Log-like per frame for utterance LIVE00000204_00034 is -6.4988 over 75 frames.
LIVE00000204_00040 whisky 
LOG (gmm-latgen-faster[5.1.46~1-0d031]:DecodeUtteranceLatticeFaster():decoder-wrappers.cc:285) Log-like per frame for utterance LIVE00000204_00040 is -6.60711 over 94 frames.
LIVE00000204_00048 two two five sky golf 
LOG (gmm-latgen-faster[5.1.46~1-0d031]:DecodeUtteranceLatticeFaster():decoder-wrappers.cc:285) Log-like per frame for utterance LIVE00000204_00048 is -7.13829 over 171 frames.
LIVE00000204_00056 india 
LOG (gmm-latgen-faster[5.1.46~1-0d031]:DecodeUtteranceLatticeFaster():decoder-wrappers.cc:285) Log-like per frame for utterance LIVE00000204_00056 is -6.2936 over 113 frames.
LIVE00000204_00102 yankee 
LOG (gmm-latgen-faster[5.1.46~1-0d031]:DecodeUtteranceLatticeFaster():decoder-wrappers.cc:285) Log-like per frame for utterance LIVE00000204_00102 is -6.72377 over 94 frames.
LIVE00000205_00005 copy 
LOG (gmm-latgen-faster[5.1.46~1-0d031]:DecodeUtteranceLatticeFaster():decoder-wrappers.cc:285) Log-like per frame for utterance LIVE00000205_00005 is -6.77367 over 94 frames.
LIVE00000205_00015 enter 
LOG (gmm-latgen-faster[5.1.46~1-0d031]:DecodeUtteranceLatticeFaster():decoder-wrappers.cc:285) Log-like per frame for utterance LIVE00000205_00015 is -6.39227 over 94 frames.
LIVE00000205_00024 charlie 
LOG (gmm-latgen-faster[5.1.46~1-0d031]:DecodeUtteranceLatticeFaster():decoder-wrappers.cc:285) Log-like per frame for utterance LIVE00000205_00024 is -6.90054 over 94 frames.
LIVE00000205_00032 yankee 
LOG (gmm-latgen-faster[5.1.46~1-0d031]:DecodeUtteranceLatticeFaster():decoder-wrappers.cc:285) Log-like per frame for utterance LIVE00000205_00032 is -7.08375 over 113 frames.
LIVE00000206_00019 yankee 
LOG (gmm-latgen-faster[5.1.46~1-0d031]:DecodeUtteranceLatticeFaster():decoder-wrappers.cc:285) Log-like per frame for utterance LIVE00000206_00019 is -6.777 over 94 frames.
LIVE00000206_00068 slap 
LOG (gmm-latgen-faster[5.1.46~1-0d031]:DecodeUtteranceLatticeFaster():decoder-wrappers.cc:285) Log-like per frame for utterance LIVE00000206_00068 is -6.48837 over 94 frames.
LIVE00000206_00071 india 
LOG (gmm-latgen-faster[5.1.46~1-0d031]:DecodeUtteranceLatticeFaster():decoder-wrappers.cc:285) Log-like per frame for utterance LIVE00000206_00071 is -6.33107 over 94 frames.
LIVE00000206_00100 space tab 
LOG (gmm-latgen-faster[5.1.46~1-0d031]:DecodeUtteranceLatticeFaster():decoder-wrappers.cc:285) Log-like per frame for utterance LIVE00000206_00100 is -6.92091 over 132 frames.
LIVE00000206_00109 bravo 
LOG (gmm-latgen-faster[5.1.46~1-0d031]:DecodeUtteranceLatticeFaster():decoder-wrappers.cc:285) Log-like per frame for utterance LIVE00000206_00109 is -6.16156 over 94 frames.
LIVE00000206_00121 underscore 
LOG (gmm-latgen-faster[5.1.46~1-0d031]:DecodeUtteranceLatticeFaster():decoder-wrappers.cc:285) Log-like per frame for utterance LIVE00000206_00121 is -6.81948 over 94 frames.
LIVE00000206_00125 delta delta 
LOG (gmm-latgen-faster[5.1.46~1-0d031]:DecodeUtteranceLatticeFaster():decoder-wrappers.cc:285) Log-like per frame for utterance LIVE00000206_00125 is -6.7417 over 132 frames.
LIVE00000207_00025 delta whisky 
LOG (gmm-latgen-faster[5.1.46~1-0d031]:DecodeUtteranceLatticeFaster():decoder-wrappers.cc:285) Log-like per frame for utterance LIVE00000207_00025 is -6.86497 over 132 frames.
LIVE00000207_00036 charlie hotel 
LOG (gmm-latgen-faster[5.1.46~1-0d031]:DecodeUtteranceLatticeFaster():decoder-wrappers.cc:285) Log-like per frame for utterance LIVE00000207_00036 is -6.83701 over 132 frames.
LIVE00000207_00039 papa 
LOG (gmm-latgen-faster[5.1.46~1-0d031]:DecodeUtteranceLatticeFaster():decoder-wrappers.cc:285) Log-like per frame for utterance LIVE00000207_00039 is -6.69055 over 94 frames.
LIVE00000207_00042 space 
LOG (gmm-latgen-faster[5.1.46~1-0d031]:DecodeUtteranceLatticeFaster():decoder-wrappers.cc:285) Log-like per frame for utterance LIVE00000207_00042 is -6.86499 over 94 frames.
LIVE00000207_00045 victor 
LOG (gmm-latgen-faster[5.1.46~1-0d031]:DecodeUtteranceLatticeFaster():decoder-wrappers.cc:285) Log-like per frame for utterance LIVE00000207_00045 is -6.28061 over 94 frames.
REC00000002 return 
LOG (gmm-latgen-faster[5.1.46~1-0d031]:DecodeUtteranceLatticeFaster():decoder-wrappers.cc:285) Log-like per frame for utterance REC00000002 is -7.16784 over 100 frames.
REC00000016 window top 
LOG (gmm-latgen-faster[5.1.46~1-0d031]:DecodeUtteranceLatticeFaster():decoder-wrappers.cc:285) Log-like per frame for utterance REC00000016 is -7.04479 over 107 frames.
REC00000020 switch back 
LOG (gmm-latgen-faster[5.1.46~1-0d031]:DecodeUtteranceLatticeFaster():decoder-wrappers.cc:285) Log-like per frame for utterance REC00000020 is -7.48258 over 107 frames.
REC00000024 switch terminal 
LOG (gmm-latgen-faster[5.1.46~1-0d031]:DecodeUtteranceLatticeFaster():decoder-wrappers.cc:285) Log-like per frame for utterance REC00000024 is -7.39494 over 107 frames.
REC00000035 switch terminal 
LOG (gmm-latgen-faster[5.1.46~1-0d031]:DecodeUtteranceLatticeFaster():decoder-wrappers.cc:285) Log-like per frame for utterance REC00000035 is -7.95926 over 100 frames.
REC00000041 escape 
LOG (gmm-latgen-faster[5.1.46~1-0d031]:DecodeUtteranceLatticeFaster():decoder-wrappers.cc:285) Log-like per frame for utterance REC00000041 is -6.90241 over 88 frames.
REC00000059 november india ten zulu delta foxtrot 
LOG (gmm-latgen-faster[5.1.46~1-0d031]:DecodeUtteranceLatticeFaster():decoder-wrappers.cc:285) Log-like per frame for utterance REC00000059 is -7.75401 over 260 frames.
REC00000061 victor lima ten right alpha whisky 
LOG (gmm-latgen-faster[5.1.46~1-0d031]:DecodeUtteranceLatticeFaster():decoder-wrappers.cc:285) Log-like per frame for utterance REC00000061 is -8.18228 over 196 frames.
REC00000069 lima three 
LOG (gmm-latgen-faster[5.1.46~1-0d031]:DecodeUtteranceLatticeFaster():decoder-wrappers.cc:285) Log-like per frame for utterance REC00000069 is -7.19554 over 107 frames.
REC00000083 charlie uniform india 
LOG (gmm-latgen-faster[5.1.46~1-0d031]:DecodeUtteranceLatticeFaster():decoder-wrappers.cc:285) Log-like per frame for utterance REC00000083 is -7.63224 over 139 frames.
REC00000098 down quebec 
LOG (gmm-latgen-faster[5.1.46~1-0d031]:DecodeUtteranceLatticeFaster():decoder-wrappers.cc:285) Log-like per frame for utterance REC00000098 is -6.98738 over 113 frames.
REC00000117 switch back 
LOG (gmm-latgen-faster[5.1.46~1-0d031]:DecodeUtteranceLatticeFaster():decoder-wrappers.cc:285) Log-like per frame for utterance REC00000117 is -6.99657 over 158 frames.
REC00000129 switch back 
LOG (gmm-latgen-faster[5.1.46~1-0d031]:DecodeUtteranceLatticeFaster():decoder-wrappers.cc:285) Log-like per frame for utterance REC00000129 is -6.98057 over 126 frames.
REC00000133 quebec down x-ray x-ray 
LOG (gmm-latgen-faster[5.1.46~1-0d031]:DecodeUtteranceLatticeFaster():decoder-wrappers.cc:285) Log-like per frame for utterance REC00000133 is -7.87234 over 196 frames.
REC00000136 six mike 
LOG (gmm-latgen-faster[5.1.46~1-0d031]:DecodeUtteranceLatticeFaster():decoder-wrappers.cc:285) Log-like per frame for utterance REC00000136 is -7.07092 over 126 frames.
REC00000138 eight right 
LOG (gmm-latgen-faster[5.1.46~1-0d031]:DecodeUtteranceLatticeFaster():decoder-wrappers.cc:285) Log-like per frame for utterance REC00000138 is -6.86075 over 158 frames.
REC00000142 romeo one golf five down 
LOG (gmm-latgen-faster[5.1.46~1-0d031]:DecodeUtteranceLatticeFaster():decoder-wrappers.cc:285) Log-like per frame for utterance REC00000142 is -7.2419 over 280 frames.
REC00000152 left down papa papa 
LOG (gmm-latgen-faster[5.1.46~1-0d031]:DecodeUtteranceLatticeFaster():decoder-wrappers.cc:285) Log-like per frame for utterance REC00000152 is -6.967 over 209 frames.
REC00000155 two bravo nine up four 
LOG (gmm-latgen-faster[5.1.46~1-0d031]:DecodeUtteranceLatticeFaster():decoder-wrappers.cc:285) Log-like per frame for utterance REC00000155 is -6.7685 over 216 frames.
REC00000164 romeo victor right golf 
LOG (gmm-latgen-faster[5.1.46~1-0d031]:DecodeUtteranceLatticeFaster():decoder-wrappers.cc:285) Log-like per frame for utterance REC00000164 is -7.21128 over 216 frames.
REC00000233 foxtrot hotel 
LOG (gmm-latgen-faster[5.1.46~1-0d031]:DecodeUtteranceLatticeFaster():decoder-wrappers.cc:285) Log-like per frame for utterance REC00000233 is -7.15312 over 164 frames.
REC00000247 uniform lima x-ray lima 
LOG (gmm-latgen-faster[5.1.46~1-0d031]:DecodeUtteranceLatticeFaster():decoder-wrappers.cc:285) Log-like per frame for utterance REC00000247 is -7.35337 over 203 frames.
REC00000252 hotel ten down 
LOG (gmm-latgen-faster[5.1.46~1-0d031]:DecodeUtteranceLatticeFaster():decoder-wrappers.cc:285) Log-like per frame for utterance REC00000252 is -6.95911 over 171 frames.
REC00000253 november whisky six yankee 
LOG (gmm-latgen-faster[5.1.46~1-0d031]:DecodeUtteranceLatticeFaster():decoder-wrappers.cc:285) Log-like per frame for utterance REC00000253 is -7.27408 over 196 frames.
REC00000256 uniform kilo uniform 
LOG (gmm-latgen-faster[5.1.46~1-0d031]:DecodeUtteranceLatticeFaster():decoder-wrappers.cc:285) Log-like per frame for utterance REC00000256 is -7.50227 over 158 frames.
REC00000257 lima victor 
LOG (gmm-latgen-faster[5.1.46~1-0d031]:DecodeUtteranceLatticeFaster():decoder-wrappers.cc:285) Log-like per frame for utterance REC00000257 is -6.83838 over 158 frames.
REC00000265 india six 
LOG (gmm-latgen-faster[5.1.46~1-0d031]:DecodeUtteranceLatticeFaster():decoder-wrappers.cc:285) Log-like per frame for utterance REC00000265 is -6.97622 over 158 frames.
REC00000279 seven one papa yankee 
LOG (gmm-latgen-faster[5.1.46~1-0d031]:DecodeUtteranceLatticeFaster():decoder-wrappers.cc:285) Log-like per frame for utterance REC00000279 is -7.2925 over 184 frames.
REC00000302 juliet lima lima 
LOG (gmm-latgen-faster[5.1.46~1-0d031]:DecodeUtteranceLatticeFaster():decoder-wrappers.cc:285) Log-like per frame for utterance REC00000302 is -7.57155 over 152 frames.
REC00000304 alpha oscar 
LOG (gmm-latgen-faster[5.1.46~1-0d031]:DecodeUtteranceLatticeFaster():decoder-wrappers.cc:285) Log-like per frame for utterance REC00000304 is -7.31742 over 139 frames.
REC00000320 foxtrot juliet seven space 
LOG (gmm-latgen-faster[5.1.46~1-0d031]:DecodeUtteranceLatticeFaster():decoder-wrappers.cc:285) Log-like per frame for utterance REC00000320 is -7.29999 over 235 frames.
REC00000327 bravo three left november november 
LOG (gmm-latgen-faster[5.1.46~1-0d031]:DecodeUtteranceLatticeFaster():decoder-wrappers.cc:285) Log-like per frame for utterance REC00000327 is -7.60281 over 216 frames.
REC00000332 mike left 
LOG (gmm-latgen-faster[5.1.46~1-0d031]:DecodeUtteranceLatticeFaster():decoder-wrappers.cc:285) Log-like per frame for utterance REC00000332 is -7.0931 over 132 frames.
REC00000336 right hotel delta right oscar 
LOG (gmm-latgen-faster[5.1.46~1-0d031]:DecodeUtteranceLatticeFaster():decoder-wrappers.cc:285) Log-like per frame for utterance REC00000336 is -7.79553 over 209 frames.
REC00000361 space six yankee kilo space 
LOG (gmm-latgen-faster[5.1.46~1-0d031]:DecodeUtteranceLatticeFaster():decoder-wrappers.cc:285) Log-like per frame for utterance REC00000361 is -7.73946 over 248 frames.
REC00000371 echo nine four space golf 
LOG (gmm-latgen-faster[5.1.46~1-0d031]:DecodeUtteranceLatticeFaster():decoder-wrappers.cc:285) Log-like per frame for utterance REC00000371 is -7.43367 over 235 frames.
REC00000372 romeo whisky left 
LOG (gmm-latgen-faster[5.1.46~1-0d031]:DecodeUtteranceLatticeFaster():decoder-wrappers.cc:285) Log-like per frame for utterance REC00000372 is -7.50565 over 164 frames.
REC00000379 space escape 
LOG (gmm-latgen-faster[5.1.46~1-0d031]:DecodeUtteranceLatticeFaster():decoder-wrappers.cc:285) Log-like per frame for utterance REC00000379 is -6.88858 over 164 frames.
REC00000394 victor space slap 
LOG (gmm-latgen-faster[5.1.46~1-0d031]:DecodeUtteranceLatticeFaster():decoder-wrappers.cc:285) Log-like per frame for utterance REC00000394 is -7.41726 over 171 frames.
REC00000395 slap space 
LOG (gmm-latgen-faster[5.1.46~1-0d031]:DecodeUtteranceLatticeFaster():decoder-wrappers.cc:285) Log-like per frame for utterance REC00000395 is -7.04415 over 158 frames.
REC00000403 plus tab slap two 
LOG (gmm-latgen-faster[5.1.46~1-0d031]:DecodeUtteranceLatticeFaster():decoder-wrappers.cc:285) Log-like per frame for utterance REC00000403 is -7.35267 over 203 frames.
REC00000405 slap double colon slap 
LOG (gmm-latgen-faster[5.1.46~1-0d031]:DecodeUtteranceLatticeFaster():decoder-wrappers.cc:285) Log-like per frame for utterance REC00000405 is -7.5029 over 216 frames.
REC00000406 delta escape 
LOG (gmm-latgen-faster[5.1.46~1-0d031]:DecodeUtteranceLatticeFaster():decoder-wrappers.cc:285) Log-like per frame for utterance REC00000406 is -6.91567 over 171 frames.
REC00000412 question slap slap 
LOG (gmm-latgen-faster[5.1.46~1-0d031]:DecodeUtteranceLatticeFaster():decoder-wrappers.cc:285) Log-like per frame for utterance REC00000412 is -7.55717 over 171 frames.
REC00000413 underscore bang slap 
LOG (gmm-latgen-faster[5.1.46~1-0d031]:DecodeUtteranceLatticeFaster():decoder-wrappers.cc:285) Log-like per frame for utterance REC00000413 is -7.40347 over 184 frames.
REC00000447 slap space 
LOG (gmm-latgen-faster[5.1.46~1-0d031]:DecodeUtteranceLatticeFaster():decoder-wrappers.cc:285) Log-like per frame for utterance REC00000447 is -7.15181 over 145 frames.
REC00000456 scratch scratch enter zero romeo 
LOG (gmm-latgen-faster[5.1.46~1-0d031]:DecodeUtteranceLatticeFaster():decoder-wrappers.cc:285) Log-like per frame for utterance REC00000456 is -7.53741 over 254 frames.
REC00000462 scratch enter oscar 
LOG (gmm-latgen-faster[5.1.46~1-0d031]:DecodeUtteranceLatticeFaster():decoder-wrappers.cc:285) Log-like per frame for utterance REC00000462 is -7.36245 over 177 frames.
REC00000471 uniform zero lima 
LOG (gmm-latgen-faster[5.1.46~1-0d031]:DecodeUtteranceLatticeFaster():decoder-wrappers.cc:285) Log-like per frame for utterance REC00000471 is -7.30687 over 196 frames.
REC00000473 three nine 
LOG (gmm-latgen-faster[5.1.46~1-0d031]:DecodeUtteranceLatticeFaster():decoder-wrappers.cc:285) Log-like per frame for utterance REC00000473 is -7.01321 over 145 frames.
REC00000475 enter tango 
LOG (gmm-latgen-faster[5.1.46~1-0d031]:DecodeUtteranceLatticeFaster():decoder-wrappers.cc:285) Log-like per frame for utterance REC00000475 is -7.10366 over 164 frames.
REC00000476 sky zero papa scratch enter 
LOG (gmm-latgen-faster[5.1.46~1-0d031]:DecodeUtteranceLatticeFaster():decoder-wrappers.cc:285) Log-like per frame for utterance REC00000476 is -7.71004 over 235 frames.
REC00000483 zero down scratch scratch sky 
LOG (gmm-latgen-faster[5.1.46~1-0d031]:DecodeUtteranceLatticeFaster():decoder-wrappers.cc:285) Log-like per frame for utterance REC00000483 is -7.68901 over 254 frames.
REC00000487 enter sky 
LOG (gmm-latgen-faster[5.1.46~1-0d031]:DecodeUtteranceLatticeFaster():decoder-wrappers.cc:285) Log-like per frame for utterance REC00000487 is -7.30854 over 152 frames.
REC00000489 scratch sky 
LOG (gmm-latgen-faster[5.1.46~1-0d031]:DecodeUtteranceLatticeFaster():decoder-wrappers.cc:285) Log-like per frame for utterance REC00000489 is -7.26413 over 152 frames.
LOG (apply-cmvn[5.1.46~1-0d031]:main():apply-cmvn.cc:146) Applied cepstral mean normalization to 384 utterances, errors on 0
REC00000498 sky zero left alpha 
LOG (gmm-latgen-faster[5.1.46~1-0d031]:DecodeUtteranceLatticeFaster():decoder-wrappers.cc:285) Log-like per frame for utterance REC00000498 is -7.26954 over 228 frames.
REC00000520 paste paste paste 
LOG (gmm-latgen-faster[5.1.46~1-0d031]:DecodeUtteranceLatticeFaster():decoder-wrappers.cc:285) Log-like per frame for utterance REC00000520 is -7.45099 over 177 frames.
REC00000528 alpha golf up delta null 
LOG (gmm-latgen-faster[5.1.46~1-0d031]:DecodeUtteranceLatticeFaster():decoder-wrappers.cc:285) Log-like per frame for utterance REC00000528 is -7.27756 over 235 frames.
REC00000539 null paste 
LOG (gmm-latgen-faster[5.1.46~1-0d031]:DecodeUtteranceLatticeFaster():decoder-wrappers.cc:285) Log-like per frame for utterance REC00000539 is -7.05341 over 164 frames.
REC00001247 control alt 
LOG (gmm-latgen-faster[5.1.46~1-0d031]:DecodeUtteranceLatticeFaster():decoder-wrappers.cc:285) Log-like per frame for utterance REC00001247 is -6.93352 over 164 frames.
REC00001257 comma up super 
LOG (gmm-latgen-faster[5.1.46~1-0d031]:DecodeUtteranceLatticeFaster():decoder-wrappers.cc:285) Log-like per frame for utterance REC00001257 is -6.98752 over 209 frames.
REC00001467 scratch dollar pageup 
LOG (gmm-latgen-faster[5.1.46~1-0d031]:DecodeUtteranceLatticeFaster():decoder-wrappers.cc:285) Log-like per frame for utterance REC00001467 is -7.2796 over 171 frames.
REC00001470 four slap sky oscar 
LOG (gmm-latgen-faster[5.1.46~1-0d031]:DecodeUtteranceLatticeFaster():decoder-wrappers.cc:285) Log-like per frame for utterance REC00001470 is -7.47267 over 164 frames.
REC00001495 zulu bas left oscar enter 
LOG (gmm-latgen-faster[5.1.46~1-0d031]:DecodeUtteranceLatticeFaster():decoder-wrappers.cc:285) Log-like per frame for utterance REC00001495 is -7.80996 over 248 frames.
REC00001498 pagedown whisky 
LOG (gmm-latgen-faster[5.1.46~1-0d031]:DecodeUtteranceLatticeFaster():decoder-wrappers.cc:285) Log-like per frame for utterance REC00001498 is -7.13102 over 139 frames.
REC00004042 dictate 
LOG (gmm-latgen-faster[5.1.46~1-0d031]:DecodeUtteranceLatticeFaster():decoder-wrappers.cc:285) Log-like per frame for utterance REC00004042 is -7.35858 over 75 frames.
REC00004052 dictate 
LOG (gmm-latgen-faster[5.1.46~1-0d031]:DecodeUtteranceLatticeFaster():decoder-wrappers.cc:285) Log-like per frame for utterance REC00004052 is -7.4124 over 107 frames.
LOG (gmm-latgen-faster[5.1.46~1-0d031]:main():gmm-latgen-faster.cc:176) Time taken 33.805s: real-time factor assuming 100 frames/sec is 0.0686605
LOG (gmm-latgen-faster[5.1.46~1-0d031]:main():gmm-latgen-faster.cc:179) Done 384 utterances, failed for 0
LOG (gmm-latgen-faster[5.1.46~1-0d031]:main():gmm-latgen-faster.cc:181) Overall log-likelihood per frame is -6.96417 over 49235 frames.
# Accounting: time=34 threads=1
# Ended (code 0) at Wed Dec 13 20:13:31 SAST 2017, elapsed time 34 seconds
