# gmm-acc-stats-ali exp/tri1/5.mdl "ark,s,cs:apply-cmvn  --utt2spk=ark:data/train/split1/1/utt2spk scp:data/train/split1/1/cmvn.scp scp:data/train/split1/1/feats.scp ark:- | add-deltas  ark:- ark:- |" "ark,s,cs:gunzip -c exp/tri1/ali.1.gz|" exp/tri1/5.1.acc 
# Started at Wed Dec 13 20:14:52 SAST 2017
#
gmm-acc-stats-ali exp/tri1/5.mdl 'ark,s,cs:apply-cmvn  --utt2spk=ark:data/train/split1/1/utt2spk scp:data/train/split1/1/cmvn.scp scp:data/train/split1/1/feats.scp ark:- | add-deltas  ark:- ark:- |' 'ark,s,cs:gunzip -c exp/tri1/ali.1.gz|' exp/tri1/5.1.acc 
add-deltas ark:- ark:- 
apply-cmvn --utt2spk=ark:data/train/split1/1/utt2spk scp:data/train/split1/1/cmvn.scp scp:data/train/split1/1/feats.scp ark:- 
LOG (gmm-acc-stats-ali[5.1.46~1-0d031]:main():gmm-acc-stats-ali.cc:105) Processed 50 utterances; for utterance LIVE00000069_00002 avg. like is -94.3189 over 152 frames.
LOG (gmm-acc-stats-ali[5.1.46~1-0d031]:main():gmm-acc-stats-ali.cc:105) Processed 100 utterances; for utterance LIVE00000074_00052 avg. like is -80.7476 over 152 frames.
LOG (gmm-acc-stats-ali[5.1.46~1-0d031]:main():gmm-acc-stats-ali.cc:105) Processed 150 utterances; for utterance LIVE00000090_00038 avg. like is -81.4663 over 152 frames.
LOG (gmm-acc-stats-ali[5.1.46~1-0d031]:main():gmm-acc-stats-ali.cc:105) Processed 200 utterances; for utterance LIVE00000090_00109 avg. like is -86.9039 over 75 frames.
LOG (gmm-acc-stats-ali[5.1.46~1-0d031]:main():gmm-acc-stats-ali.cc:105) Processed 250 utterances; for utterance LIVE00000092_00038 avg. like is -82.2425 over 75 frames.
LOG (gmm-acc-stats-ali[5.1.46~1-0d031]:main():gmm-acc-stats-ali.cc:105) Processed 300 utterances; for utterance LIVE00000104_00000 avg. like is -83.7626 over 75 frames.
LOG (gmm-acc-stats-ali[5.1.46~1-0d031]:main():gmm-acc-stats-ali.cc:105) Processed 350 utterances; for utterance LIVE00000125_00007 avg. like is -82.4397 over 75 frames.
LOG (gmm-acc-stats-ali[5.1.46~1-0d031]:main():gmm-acc-stats-ali.cc:105) Processed 400 utterances; for utterance LIVE00000125_00083 avg. like is -80.8251 over 75 frames.
LOG (gmm-acc-stats-ali[5.1.46~1-0d031]:main():gmm-acc-stats-ali.cc:105) Processed 450 utterances; for utterance LIVE00000128_00001 avg. like is -87.449 over 152 frames.
LOG (gmm-acc-stats-ali[5.1.46~1-0d031]:main():gmm-acc-stats-ali.cc:105) Processed 500 utterances; for utterance LIVE00000128_00076 avg. like is -81.835 over 152 frames.
LOG (gmm-acc-stats-ali[5.1.46~1-0d031]:main():gmm-acc-stats-ali.cc:105) Processed 550 utterances; for utterance LIVE00000128_00142 avg. like is -83.1622 over 75 frames.
LOG (gmm-acc-stats-ali[5.1.46~1-0d031]:main():gmm-acc-stats-ali.cc:105) Processed 600 utterances; for utterance LIVE00000128_00223 avg. like is -87.4799 over 75 frames.
LOG (gmm-acc-stats-ali[5.1.46~1-0d031]:main():gmm-acc-stats-ali.cc:105) Processed 650 utterances; for utterance LIVE00000144_00029 avg. like is -79.0823 over 94 frames.
LOG (gmm-acc-stats-ali[5.1.46~1-0d031]:main():gmm-acc-stats-ali.cc:105) Processed 700 utterances; for utterance LIVE00000146_00044 avg. like is -81.6737 over 190 frames.
LOG (gmm-acc-stats-ali[5.1.46~1-0d031]:main():gmm-acc-stats-ali.cc:105) Processed 750 utterances; for utterance LIVE00000146_00106 avg. like is -80.7812 over 152 frames.
LOG (gmm-acc-stats-ali[5.1.46~1-0d031]:main():gmm-acc-stats-ali.cc:105) Processed 800 utterances; for utterance LIVE00000151_00018 avg. like is -72.0244 over 113 frames.
LOG (gmm-acc-stats-ali[5.1.46~1-0d031]:main():gmm-acc-stats-ali.cc:105) Processed 850 utterances; for utterance LIVE00000151_00081 avg. like is -77.1272 over 75 frames.
LOG (gmm-acc-stats-ali[5.1.46~1-0d031]:main():gmm-acc-stats-ali.cc:105) Processed 900 utterances; for utterance LIVE00000155_00006 avg. like is -81.3254 over 190 frames.
LOG (gmm-acc-stats-ali[5.1.46~1-0d031]:main():gmm-acc-stats-ali.cc:105) Processed 950 utterances; for utterance LIVE00000155_00079 avg. like is -84.0975 over 152 frames.
LOG (gmm-acc-stats-ali[5.1.46~1-0d031]:main():gmm-acc-stats-ali.cc:105) Processed 1000 utterances; for utterance LIVE00000155_00139 avg. like is -80.4275 over 190 frames.
LOG (gmm-acc-stats-ali[5.1.46~1-0d031]:main():gmm-acc-stats-ali.cc:105) Processed 1050 utterances; for utterance LIVE00000161_00014 avg. like is -78.3988 over 190 frames.
LOG (gmm-acc-stats-ali[5.1.46~1-0d031]:main():gmm-acc-stats-ali.cc:105) Processed 1100 utterances; for utterance LIVE00000168_00009 avg. like is -81.1555 over 94 frames.
LOG (gmm-acc-stats-ali[5.1.46~1-0d031]:main():gmm-acc-stats-ali.cc:105) Processed 1150 utterances; for utterance LIVE00000168_00073 avg. like is -82.3291 over 94 frames.
LOG (gmm-acc-stats-ali[5.1.46~1-0d031]:main():gmm-acc-stats-ali.cc:105) Processed 1200 utterances; for utterance LIVE00000169_00070 avg. like is -81.9456 over 152 frames.
LOG (gmm-acc-stats-ali[5.1.46~1-0d031]:main():gmm-acc-stats-ali.cc:105) Processed 1250 utterances; for utterance LIVE00000169_00132 avg. like is -74.1285 over 113 frames.
LOG (gmm-acc-stats-ali[5.1.46~1-0d031]:main():gmm-acc-stats-ali.cc:105) Processed 1300 utterances; for utterance LIVE00000169_00194 avg. like is -80.7885 over 132 frames.
LOG (gmm-acc-stats-ali[5.1.46~1-0d031]:main():gmm-acc-stats-ali.cc:105) Processed 1350 utterances; for utterance LIVE00000169_00253 avg. like is -75.0671 over 94 frames.
LOG (gmm-acc-stats-ali[5.1.46~1-0d031]:main():gmm-acc-stats-ali.cc:105) Processed 1400 utterances; for utterance LIVE00000169_00308 avg. like is -78.7734 over 152 frames.
LOG (gmm-acc-stats-ali[5.1.46~1-0d031]:main():gmm-acc-stats-ali.cc:105) Processed 1450 utterances; for utterance LIVE00000169_00365 avg. like is -83.1737 over 75 frames.
LOG (gmm-acc-stats-ali[5.1.46~1-0d031]:main():gmm-acc-stats-ali.cc:105) Processed 1500 utterances; for utterance LIVE00000169_00426 avg. like is -81.5218 over 113 frames.
LOG (gmm-acc-stats-ali[5.1.46~1-0d031]:main():gmm-acc-stats-ali.cc:105) Processed 1550 utterances; for utterance LIVE00000169_00481 avg. like is -86.453 over 171 frames.
LOG (gmm-acc-stats-ali[5.1.46~1-0d031]:main():gmm-acc-stats-ali.cc:105) Processed 1600 utterances; for utterance LIVE00000169_00544 avg. like is -74.3076 over 113 frames.
LOG (gmm-acc-stats-ali[5.1.46~1-0d031]:main():gmm-acc-stats-ali.cc:105) Processed 1650 utterances; for utterance LIVE00000169_00604 avg. like is -77.8588 over 132 frames.
LOG (gmm-acc-stats-ali[5.1.46~1-0d031]:main():gmm-acc-stats-ali.cc:105) Processed 1700 utterances; for utterance LIVE00000169_00672 avg. like is -83.0275 over 94 frames.
LOG (gmm-acc-stats-ali[5.1.46~1-0d031]:main():gmm-acc-stats-ali.cc:105) Processed 1750 utterances; for utterance LIVE00000169_00776 avg. like is -79.4069 over 113 frames.
LOG (gmm-acc-stats-ali[5.1.46~1-0d031]:main():gmm-acc-stats-ali.cc:105) Processed 1800 utterances; for utterance LIVE00000170_00019 avg. like is -83.0768 over 94 frames.
LOG (gmm-acc-stats-ali[5.1.46~1-0d031]:main():gmm-acc-stats-ali.cc:105) Processed 1850 utterances; for utterance LIVE00000170_00089 avg. like is -84.1568 over 94 frames.
LOG (gmm-acc-stats-ali[5.1.46~1-0d031]:main():gmm-acc-stats-ali.cc:105) Processed 1900 utterances; for utterance LIVE00000171_00025 avg. like is -84.6609 over 267 frames.
LOG (gmm-acc-stats-ali[5.1.46~1-0d031]:main():gmm-acc-stats-ali.cc:105) Processed 1950 utterances; for utterance LIVE00000171_00104 avg. like is -81.0046 over 171 frames.
LOG (gmm-acc-stats-ali[5.1.46~1-0d031]:main():gmm-acc-stats-ali.cc:105) Processed 2000 utterances; for utterance LIVE00000175_00016 avg. like is -83.8068 over 132 frames.
LOG (gmm-acc-stats-ali[5.1.46~1-0d031]:main():gmm-acc-stats-ali.cc:105) Processed 2050 utterances; for utterance LIVE00000175_00073 avg. like is -75.7186 over 113 frames.
LOG (gmm-acc-stats-ali[5.1.46~1-0d031]:main():gmm-acc-stats-ali.cc:105) Processed 2100 utterances; for utterance LIVE00000175_00148 avg. like is -78.8251 over 113 frames.
LOG (gmm-acc-stats-ali[5.1.46~1-0d031]:main():gmm-acc-stats-ali.cc:105) Processed 2150 utterances; for utterance LIVE00000176_00019 avg. like is -83.2948 over 132 frames.
LOG (gmm-acc-stats-ali[5.1.46~1-0d031]:main():gmm-acc-stats-ali.cc:105) Processed 2200 utterances; for utterance LIVE00000176_00084 avg. like is -77.3415 over 132 frames.
LOG (gmm-acc-stats-ali[5.1.46~1-0d031]:main():gmm-acc-stats-ali.cc:105) Processed 2250 utterances; for utterance LIVE00000176_00147 avg. like is -80.6309 over 132 frames.
LOG (gmm-acc-stats-ali[5.1.46~1-0d031]:main():gmm-acc-stats-ali.cc:105) Processed 2300 utterances; for utterance LIVE00000176_00208 avg. like is -79.9107 over 171 frames.
LOG (gmm-acc-stats-ali[5.1.46~1-0d031]:main():gmm-acc-stats-ali.cc:105) Processed 2350 utterances; for utterance LIVE00000176_00281 avg. like is -77.7552 over 113 frames.
LOG (gmm-acc-stats-ali[5.1.46~1-0d031]:main():gmm-acc-stats-ali.cc:105) Processed 2400 utterances; for utterance LIVE00000177_00059 avg. like is -85.0527 over 75 frames.
LOG (gmm-acc-stats-ali[5.1.46~1-0d031]:main():gmm-acc-stats-ali.cc:105) Processed 2450 utterances; for utterance LIVE00000177_00130 avg. like is -82.4373 over 113 frames.
LOG (gmm-acc-stats-ali[5.1.46~1-0d031]:main():gmm-acc-stats-ali.cc:105) Processed 2500 utterances; for utterance LIVE00000177_00189 avg. like is -77.0306 over 113 frames.
LOG (gmm-acc-stats-ali[5.1.46~1-0d031]:main():gmm-acc-stats-ali.cc:105) Processed 2550 utterances; for utterance LIVE00000179_00051 avg. like is -75.8199 over 75 frames.
LOG (gmm-acc-stats-ali[5.1.46~1-0d031]:main():gmm-acc-stats-ali.cc:105) Processed 2600 utterances; for utterance LIVE00000199_00008 avg. like is -75.8711 over 94 frames.
LOG (gmm-acc-stats-ali[5.1.46~1-0d031]:main():gmm-acc-stats-ali.cc:105) Processed 2650 utterances; for utterance LIVE00000202_00031 avg. like is -74.3432 over 113 frames.
LOG (gmm-acc-stats-ali[5.1.46~1-0d031]:main():gmm-acc-stats-ali.cc:105) Processed 2700 utterances; for utterance LIVE00000202_00098 avg. like is -73.3155 over 94 frames.
LOG (gmm-acc-stats-ali[5.1.46~1-0d031]:main():gmm-acc-stats-ali.cc:105) Processed 2750 utterances; for utterance LIVE00000202_00162 avg. like is -77.7694 over 94 frames.
LOG (gmm-acc-stats-ali[5.1.46~1-0d031]:main():gmm-acc-stats-ali.cc:105) Processed 2800 utterances; for utterance LIVE00000204_00001 avg. like is -82.0632 over 94 frames.
LOG (gmm-acc-stats-ali[5.1.46~1-0d031]:main():gmm-acc-stats-ali.cc:105) Processed 2850 utterances; for utterance LIVE00000204_00065 avg. like is -79.8346 over 94 frames.
LOG (gmm-acc-stats-ali[5.1.46~1-0d031]:main():gmm-acc-stats-ali.cc:105) Processed 2900 utterances; for utterance LIVE00000204_00123 avg. like is -81.4306 over 113 frames.
LOG (gmm-acc-stats-ali[5.1.46~1-0d031]:main():gmm-acc-stats-ali.cc:105) Processed 2950 utterances; for utterance LIVE00000206_00028 avg. like is -82.7521 over 113 frames.
LOG (gmm-acc-stats-ali[5.1.46~1-0d031]:main():gmm-acc-stats-ali.cc:105) Processed 3000 utterances; for utterance LIVE00000206_00087 avg. like is -84.4655 over 132 frames.
LOG (gmm-acc-stats-ali[5.1.46~1-0d031]:main():gmm-acc-stats-ali.cc:105) Processed 3050 utterances; for utterance LIVE00000207_00022 avg. like is -75.0873 over 113 frames.
LOG (gmm-acc-stats-ali[5.1.46~1-0d031]:main():gmm-acc-stats-ali.cc:105) Processed 3100 utterances; for utterance REC00000026 avg. like is -87.1926 over 107 frames.
LOG (gmm-acc-stats-ali[5.1.46~1-0d031]:main():gmm-acc-stats-ali.cc:105) Processed 3150 utterances; for utterance REC00000081 avg. like is -80.9901 over 152 frames.
LOG (gmm-acc-stats-ali[5.1.46~1-0d031]:main():gmm-acc-stats-ali.cc:105) Processed 3200 utterances; for utterance REC00000137 avg. like is -82.8799 over 216 frames.
LOG (gmm-acc-stats-ali[5.1.46~1-0d031]:main():gmm-acc-stats-ali.cc:105) Processed 3250 utterances; for utterance REC00000192 avg. like is -82.6148 over 171 frames.
LOG (gmm-acc-stats-ali[5.1.46~1-0d031]:main():gmm-acc-stats-ali.cc:105) Processed 3300 utterances; for utterance REC00000243 avg. like is -84.4361 over 203 frames.
LOG (gmm-acc-stats-ali[5.1.46~1-0d031]:main():gmm-acc-stats-ali.cc:105) Processed 3350 utterances; for utterance REC00000300 avg. like is -81.1211 over 75 frames.
LOG (gmm-acc-stats-ali[5.1.46~1-0d031]:main():gmm-acc-stats-ali.cc:105) Processed 3400 utterances; for utterance REC00000356 avg. like is -86.8421 over 222 frames.
LOG (gmm-acc-stats-ali[5.1.46~1-0d031]:main():gmm-acc-stats-ali.cc:105) Processed 3450 utterances; for utterance REC00000417 avg. like is -80.9221 over 164 frames.
LOG (gmm-acc-stats-ali[5.1.46~1-0d031]:main():gmm-acc-stats-ali.cc:105) Processed 3500 utterances; for utterance REC00000470 avg. like is -87.2149 over 216 frames.
LOG (gmm-acc-stats-ali[5.1.46~1-0d031]:main():gmm-acc-stats-ali.cc:105) Processed 3550 utterances; for utterance REC00000530 avg. like is -81.5545 over 164 frames.
LOG (gmm-acc-stats-ali[5.1.46~1-0d031]:main():gmm-acc-stats-ali.cc:105) Processed 3600 utterances; for utterance REC00001265 avg. like is -83.8317 over 241 frames.
LOG (gmm-acc-stats-ali[5.1.46~1-0d031]:main():gmm-acc-stats-ali.cc:105) Processed 3650 utterances; for utterance REC00001503 avg. like is -86.4746 over 107 frames.
LOG (apply-cmvn[5.1.46~1-0d031]:main():apply-cmvn.cc:146) Applied cepstral mean normalization to 3670 utterances, errors on 0
LOG (gmm-acc-stats-ali[5.1.46~1-0d031]:main():gmm-acc-stats-ali.cc:112) Done 3670 files, 0 with errors.
LOG (gmm-acc-stats-ali[5.1.46~1-0d031]:main():gmm-acc-stats-ali.cc:115) Overall avg like per frame (Gaussian only) = -81.1073 over 480116 frames.
LOG (gmm-acc-stats-ali[5.1.46~1-0d031]:main():gmm-acc-stats-ali.cc:123) Written accs.
# Accounting: time=2 threads=1
# Ended (code 0) at Wed Dec 13 20:14:54 SAST 2017, elapsed time 2 seconds
