# gmm-acc-stats-ali exp/tri1/30.mdl "ark,s,cs:apply-cmvn  --utt2spk=ark:data/train/split1/1/utt2spk scp:data/train/split1/1/cmvn.scp scp:data/train/split1/1/feats.scp ark:- | add-deltas  ark:- ark:- |" "ark,s,cs:gunzip -c exp/tri1/ali.1.gz|" exp/tri1/30.1.acc 
# Started at Wed Dec 13 20:19:10 SAST 2017
#
gmm-acc-stats-ali exp/tri1/30.mdl 'ark,s,cs:apply-cmvn  --utt2spk=ark:data/train/split1/1/utt2spk scp:data/train/split1/1/cmvn.scp scp:data/train/split1/1/feats.scp ark:- | add-deltas  ark:- ark:- |' 'ark,s,cs:gunzip -c exp/tri1/ali.1.gz|' exp/tri1/30.1.acc 
apply-cmvn --utt2spk=ark:data/train/split1/1/utt2spk scp:data/train/split1/1/cmvn.scp scp:data/train/split1/1/feats.scp ark:- 
add-deltas ark:- ark:- 
LOG (gmm-acc-stats-ali[5.1.46~1-0d031]:main():gmm-acc-stats-ali.cc:105) Processed 50 utterances; for utterance LIVE00000069_00002 avg. like is -86.6696 over 152 frames.
LOG (gmm-acc-stats-ali[5.1.46~1-0d031]:main():gmm-acc-stats-ali.cc:105) Processed 100 utterances; for utterance LIVE00000074_00052 avg. like is -76.2127 over 152 frames.
LOG (gmm-acc-stats-ali[5.1.46~1-0d031]:main():gmm-acc-stats-ali.cc:105) Processed 150 utterances; for utterance LIVE00000090_00038 avg. like is -77.1366 over 152 frames.
LOG (gmm-acc-stats-ali[5.1.46~1-0d031]:main():gmm-acc-stats-ali.cc:105) Processed 200 utterances; for utterance LIVE00000090_00109 avg. like is -78.3251 over 75 frames.
LOG (gmm-acc-stats-ali[5.1.46~1-0d031]:main():gmm-acc-stats-ali.cc:105) Processed 250 utterances; for utterance LIVE00000092_00038 avg. like is -78.0585 over 75 frames.
LOG (gmm-acc-stats-ali[5.1.46~1-0d031]:main():gmm-acc-stats-ali.cc:105) Processed 300 utterances; for utterance LIVE00000104_00000 avg. like is -77.5505 over 75 frames.
LOG (gmm-acc-stats-ali[5.1.46~1-0d031]:main():gmm-acc-stats-ali.cc:105) Processed 350 utterances; for utterance LIVE00000125_00007 avg. like is -77.2518 over 75 frames.
LOG (gmm-acc-stats-ali[5.1.46~1-0d031]:main():gmm-acc-stats-ali.cc:105) Processed 400 utterances; for utterance LIVE00000125_00083 avg. like is -77.0193 over 75 frames.
LOG (gmm-acc-stats-ali[5.1.46~1-0d031]:main():gmm-acc-stats-ali.cc:105) Processed 450 utterances; for utterance LIVE00000128_00001 avg. like is -82.6171 over 152 frames.
LOG (gmm-acc-stats-ali[5.1.46~1-0d031]:main():gmm-acc-stats-ali.cc:105) Processed 500 utterances; for utterance LIVE00000128_00076 avg. like is -77.8413 over 152 frames.
LOG (gmm-acc-stats-ali[5.1.46~1-0d031]:main():gmm-acc-stats-ali.cc:105) Processed 550 utterances; for utterance LIVE00000128_00142 avg. like is -79.4449 over 75 frames.
LOG (gmm-acc-stats-ali[5.1.46~1-0d031]:main():gmm-acc-stats-ali.cc:105) Processed 600 utterances; for utterance LIVE00000128_00223 avg. like is -82.1738 over 75 frames.
LOG (gmm-acc-stats-ali[5.1.46~1-0d031]:main():gmm-acc-stats-ali.cc:105) Processed 650 utterances; for utterance LIVE00000144_00029 avg. like is -75.1631 over 94 frames.
LOG (gmm-acc-stats-ali[5.1.46~1-0d031]:main():gmm-acc-stats-ali.cc:105) Processed 700 utterances; for utterance LIVE00000146_00044 avg. like is -75.8972 over 190 frames.
LOG (gmm-acc-stats-ali[5.1.46~1-0d031]:main():gmm-acc-stats-ali.cc:105) Processed 750 utterances; for utterance LIVE00000146_00106 avg. like is -75.1664 over 152 frames.
LOG (gmm-acc-stats-ali[5.1.46~1-0d031]:main():gmm-acc-stats-ali.cc:105) Processed 800 utterances; for utterance LIVE00000151_00018 avg. like is -68.5891 over 113 frames.
LOG (gmm-acc-stats-ali[5.1.46~1-0d031]:main():gmm-acc-stats-ali.cc:105) Processed 850 utterances; for utterance LIVE00000151_00081 avg. like is -73.3679 over 75 frames.
LOG (gmm-acc-stats-ali[5.1.46~1-0d031]:main():gmm-acc-stats-ali.cc:105) Processed 900 utterances; for utterance LIVE00000155_00006 avg. like is -77.048 over 190 frames.
LOG (gmm-acc-stats-ali[5.1.46~1-0d031]:main():gmm-acc-stats-ali.cc:105) Processed 950 utterances; for utterance LIVE00000155_00079 avg. like is -78.1135 over 152 frames.
LOG (gmm-acc-stats-ali[5.1.46~1-0d031]:main():gmm-acc-stats-ali.cc:105) Processed 1000 utterances; for utterance LIVE00000155_00139 avg. like is -75.8291 over 190 frames.
LOG (gmm-acc-stats-ali[5.1.46~1-0d031]:main():gmm-acc-stats-ali.cc:105) Processed 1050 utterances; for utterance LIVE00000161_00014 avg. like is -73.9124 over 190 frames.
LOG (gmm-acc-stats-ali[5.1.46~1-0d031]:main():gmm-acc-stats-ali.cc:105) Processed 1100 utterances; for utterance LIVE00000168_00009 avg. like is -77.3836 over 94 frames.
LOG (gmm-acc-stats-ali[5.1.46~1-0d031]:main():gmm-acc-stats-ali.cc:105) Processed 1150 utterances; for utterance LIVE00000168_00073 avg. like is -77.3101 over 94 frames.
LOG (gmm-acc-stats-ali[5.1.46~1-0d031]:main():gmm-acc-stats-ali.cc:105) Processed 1200 utterances; for utterance LIVE00000169_00070 avg. like is -77.0573 over 152 frames.
LOG (gmm-acc-stats-ali[5.1.46~1-0d031]:main():gmm-acc-stats-ali.cc:105) Processed 1250 utterances; for utterance LIVE00000169_00132 avg. like is -70.4821 over 113 frames.
LOG (gmm-acc-stats-ali[5.1.46~1-0d031]:main():gmm-acc-stats-ali.cc:105) Processed 1300 utterances; for utterance LIVE00000169_00194 avg. like is -76.0016 over 132 frames.
LOG (gmm-acc-stats-ali[5.1.46~1-0d031]:main():gmm-acc-stats-ali.cc:105) Processed 1350 utterances; for utterance LIVE00000169_00253 avg. like is -70.5954 over 94 frames.
LOG (gmm-acc-stats-ali[5.1.46~1-0d031]:main():gmm-acc-stats-ali.cc:105) Processed 1400 utterances; for utterance LIVE00000169_00308 avg. like is -74.1072 over 152 frames.
LOG (gmm-acc-stats-ali[5.1.46~1-0d031]:main():gmm-acc-stats-ali.cc:105) Processed 1450 utterances; for utterance LIVE00000169_00365 avg. like is -78.208 over 75 frames.
LOG (gmm-acc-stats-ali[5.1.46~1-0d031]:main():gmm-acc-stats-ali.cc:105) Processed 1500 utterances; for utterance LIVE00000169_00426 avg. like is -76.0831 over 113 frames.
LOG (gmm-acc-stats-ali[5.1.46~1-0d031]:main():gmm-acc-stats-ali.cc:105) Processed 1550 utterances; for utterance LIVE00000169_00481 avg. like is -80.3677 over 171 frames.
LOG (gmm-acc-stats-ali[5.1.46~1-0d031]:main():gmm-acc-stats-ali.cc:105) Processed 1600 utterances; for utterance LIVE00000169_00544 avg. like is -71.2302 over 113 frames.
LOG (gmm-acc-stats-ali[5.1.46~1-0d031]:main():gmm-acc-stats-ali.cc:105) Processed 1650 utterances; for utterance LIVE00000169_00604 avg. like is -73.5181 over 132 frames.
LOG (gmm-acc-stats-ali[5.1.46~1-0d031]:main():gmm-acc-stats-ali.cc:105) Processed 1700 utterances; for utterance LIVE00000169_00672 avg. like is -78.6322 over 94 frames.
LOG (gmm-acc-stats-ali[5.1.46~1-0d031]:main():gmm-acc-stats-ali.cc:105) Processed 1750 utterances; for utterance LIVE00000169_00776 avg. like is -74.2976 over 113 frames.
LOG (gmm-acc-stats-ali[5.1.46~1-0d031]:main():gmm-acc-stats-ali.cc:105) Processed 1800 utterances; for utterance LIVE00000170_00019 avg. like is -79.1545 over 94 frames.
LOG (gmm-acc-stats-ali[5.1.46~1-0d031]:main():gmm-acc-stats-ali.cc:105) Processed 1850 utterances; for utterance LIVE00000170_00089 avg. like is -79.2679 over 94 frames.
LOG (gmm-acc-stats-ali[5.1.46~1-0d031]:main():gmm-acc-stats-ali.cc:105) Processed 1900 utterances; for utterance LIVE00000171_00025 avg. like is -79.9733 over 267 frames.
LOG (gmm-acc-stats-ali[5.1.46~1-0d031]:main():gmm-acc-stats-ali.cc:105) Processed 1950 utterances; for utterance LIVE00000171_00104 avg. like is -76.8725 over 171 frames.
LOG (gmm-acc-stats-ali[5.1.46~1-0d031]:main():gmm-acc-stats-ali.cc:105) Processed 2000 utterances; for utterance LIVE00000175_00016 avg. like is -79.7628 over 132 frames.
LOG (gmm-acc-stats-ali[5.1.46~1-0d031]:main():gmm-acc-stats-ali.cc:105) Processed 2050 utterances; for utterance LIVE00000175_00073 avg. like is -71.9058 over 113 frames.
LOG (gmm-acc-stats-ali[5.1.46~1-0d031]:main():gmm-acc-stats-ali.cc:105) Processed 2100 utterances; for utterance LIVE00000175_00148 avg. like is -74.5616 over 113 frames.
LOG (gmm-acc-stats-ali[5.1.46~1-0d031]:main():gmm-acc-stats-ali.cc:105) Processed 2150 utterances; for utterance LIVE00000176_00019 avg. like is -77.9323 over 132 frames.
LOG (gmm-acc-stats-ali[5.1.46~1-0d031]:main():gmm-acc-stats-ali.cc:105) Processed 2200 utterances; for utterance LIVE00000176_00084 avg. like is -73.6457 over 132 frames.
LOG (gmm-acc-stats-ali[5.1.46~1-0d031]:main():gmm-acc-stats-ali.cc:105) Processed 2250 utterances; for utterance LIVE00000176_00147 avg. like is -76.4649 over 132 frames.
LOG (gmm-acc-stats-ali[5.1.46~1-0d031]:main():gmm-acc-stats-ali.cc:105) Processed 2300 utterances; for utterance LIVE00000176_00208 avg. like is -75.8487 over 171 frames.
LOG (gmm-acc-stats-ali[5.1.46~1-0d031]:main():gmm-acc-stats-ali.cc:105) Processed 2350 utterances; for utterance LIVE00000176_00281 avg. like is -73.1674 over 113 frames.
LOG (gmm-acc-stats-ali[5.1.46~1-0d031]:main():gmm-acc-stats-ali.cc:105) Processed 2400 utterances; for utterance LIVE00000177_00059 avg. like is -80.9426 over 75 frames.
LOG (gmm-acc-stats-ali[5.1.46~1-0d031]:main():gmm-acc-stats-ali.cc:105) Processed 2450 utterances; for utterance LIVE00000177_00130 avg. like is -77.5963 over 113 frames.
LOG (gmm-acc-stats-ali[5.1.46~1-0d031]:main():gmm-acc-stats-ali.cc:105) Processed 2500 utterances; for utterance LIVE00000177_00189 avg. like is -74.5564 over 113 frames.
LOG (gmm-acc-stats-ali[5.1.46~1-0d031]:main():gmm-acc-stats-ali.cc:105) Processed 2550 utterances; for utterance LIVE00000179_00051 avg. like is -72.397 over 75 frames.
LOG (gmm-acc-stats-ali[5.1.46~1-0d031]:main():gmm-acc-stats-ali.cc:105) Processed 2600 utterances; for utterance LIVE00000199_00008 avg. like is -70.2987 over 94 frames.
LOG (gmm-acc-stats-ali[5.1.46~1-0d031]:main():gmm-acc-stats-ali.cc:105) Processed 2650 utterances; for utterance LIVE00000202_00031 avg. like is -70.9136 over 113 frames.
LOG (gmm-acc-stats-ali[5.1.46~1-0d031]:main():gmm-acc-stats-ali.cc:105) Processed 2700 utterances; for utterance LIVE00000202_00098 avg. like is -69.5609 over 94 frames.
LOG (gmm-acc-stats-ali[5.1.46~1-0d031]:main():gmm-acc-stats-ali.cc:105) Processed 2750 utterances; for utterance LIVE00000202_00162 avg. like is -73.7287 over 94 frames.
LOG (gmm-acc-stats-ali[5.1.46~1-0d031]:main():gmm-acc-stats-ali.cc:105) Processed 2800 utterances; for utterance LIVE00000204_00001 avg. like is -76.8145 over 94 frames.
LOG (gmm-acc-stats-ali[5.1.46~1-0d031]:main():gmm-acc-stats-ali.cc:105) Processed 2850 utterances; for utterance LIVE00000204_00065 avg. like is -74.5647 over 94 frames.
LOG (gmm-acc-stats-ali[5.1.46~1-0d031]:main():gmm-acc-stats-ali.cc:105) Processed 2900 utterances; for utterance LIVE00000204_00123 avg. like is -76.8206 over 113 frames.
LOG (gmm-acc-stats-ali[5.1.46~1-0d031]:main():gmm-acc-stats-ali.cc:105) Processed 2950 utterances; for utterance LIVE00000206_00028 avg. like is -79.3296 over 113 frames.
LOG (gmm-acc-stats-ali[5.1.46~1-0d031]:main():gmm-acc-stats-ali.cc:105) Processed 3000 utterances; for utterance LIVE00000206_00087 avg. like is -79.3738 over 132 frames.
LOG (gmm-acc-stats-ali[5.1.46~1-0d031]:main():gmm-acc-stats-ali.cc:105) Processed 3050 utterances; for utterance LIVE00000207_00022 avg. like is -71.6022 over 113 frames.
LOG (gmm-acc-stats-ali[5.1.46~1-0d031]:main():gmm-acc-stats-ali.cc:105) Processed 3100 utterances; for utterance REC00000026 avg. like is -82.0204 over 107 frames.
LOG (gmm-acc-stats-ali[5.1.46~1-0d031]:main():gmm-acc-stats-ali.cc:105) Processed 3150 utterances; for utterance REC00000081 avg. like is -76.4037 over 152 frames.
LOG (gmm-acc-stats-ali[5.1.46~1-0d031]:main():gmm-acc-stats-ali.cc:105) Processed 3200 utterances; for utterance REC00000137 avg. like is -77.935 over 216 frames.
LOG (gmm-acc-stats-ali[5.1.46~1-0d031]:main():gmm-acc-stats-ali.cc:105) Processed 3250 utterances; for utterance REC00000192 avg. like is -76.4012 over 171 frames.
LOG (gmm-acc-stats-ali[5.1.46~1-0d031]:main():gmm-acc-stats-ali.cc:105) Processed 3300 utterances; for utterance REC00000243 avg. like is -79.5214 over 203 frames.
LOG (gmm-acc-stats-ali[5.1.46~1-0d031]:main():gmm-acc-stats-ali.cc:105) Processed 3350 utterances; for utterance REC00000300 avg. like is -76.8454 over 75 frames.
LOG (gmm-acc-stats-ali[5.1.46~1-0d031]:main():gmm-acc-stats-ali.cc:105) Processed 3400 utterances; for utterance REC00000356 avg. like is -82.3255 over 222 frames.
LOG (gmm-acc-stats-ali[5.1.46~1-0d031]:main():gmm-acc-stats-ali.cc:105) Processed 3450 utterances; for utterance REC00000417 avg. like is -77.0996 over 164 frames.
LOG (gmm-acc-stats-ali[5.1.46~1-0d031]:main():gmm-acc-stats-ali.cc:105) Processed 3500 utterances; for utterance REC00000470 avg. like is -81.4557 over 216 frames.
LOG (gmm-acc-stats-ali[5.1.46~1-0d031]:main():gmm-acc-stats-ali.cc:105) Processed 3550 utterances; for utterance REC00000530 avg. like is -78.6309 over 164 frames.
LOG (gmm-acc-stats-ali[5.1.46~1-0d031]:main():gmm-acc-stats-ali.cc:105) Processed 3600 utterances; for utterance REC00001265 avg. like is -79.0005 over 241 frames.
LOG (gmm-acc-stats-ali[5.1.46~1-0d031]:main():gmm-acc-stats-ali.cc:105) Processed 3650 utterances; for utterance REC00001503 avg. like is -82.5168 over 107 frames.
LOG (apply-cmvn[5.1.46~1-0d031]:main():apply-cmvn.cc:146) Applied cepstral mean normalization to 3670 utterances, errors on 0
LOG (gmm-acc-stats-ali[5.1.46~1-0d031]:main():gmm-acc-stats-ali.cc:112) Done 3670 files, 0 with errors.
LOG (gmm-acc-stats-ali[5.1.46~1-0d031]:main():gmm-acc-stats-ali.cc:115) Overall avg like per frame (Gaussian only) = -76.719 over 480116 frames.
LOG (gmm-acc-stats-ali[5.1.46~1-0d031]:main():gmm-acc-stats-ali.cc:123) Written accs.
# Accounting: time=10 threads=1
# Ended (code 0) at Wed Dec 13 20:19:20 SAST 2017, elapsed time 10 seconds
