# gmm-acc-stats-ali exp/tri1/23.mdl "ark,s,cs:apply-cmvn  --utt2spk=ark:data/train/split1/1/utt2spk scp:data/train/split1/1/cmvn.scp scp:data/train/split1/1/feats.scp ark:- | add-deltas  ark:- ark:- |" "ark,s,cs:gunzip -c exp/tri1/ali.1.gz|" exp/tri1/23.1.acc 
# Started at Wed Dec 13 20:17:00 SAST 2017
#
gmm-acc-stats-ali exp/tri1/23.mdl 'ark,s,cs:apply-cmvn  --utt2spk=ark:data/train/split1/1/utt2spk scp:data/train/split1/1/cmvn.scp scp:data/train/split1/1/feats.scp ark:- | add-deltas  ark:- ark:- |' 'ark,s,cs:gunzip -c exp/tri1/ali.1.gz|' exp/tri1/23.1.acc 
apply-cmvn --utt2spk=ark:data/train/split1/1/utt2spk scp:data/train/split1/1/cmvn.scp scp:data/train/split1/1/feats.scp ark:- 
add-deltas ark:- ark:- 
LOG (gmm-acc-stats-ali[5.1.46~1-0d031]:main():gmm-acc-stats-ali.cc:105) Processed 50 utterances; for utterance LIVE00000069_00002 avg. like is -87.6912 over 152 frames.
LOG (gmm-acc-stats-ali[5.1.46~1-0d031]:main():gmm-acc-stats-ali.cc:105) Processed 100 utterances; for utterance LIVE00000074_00052 avg. like is -77.104 over 152 frames.
LOG (gmm-acc-stats-ali[5.1.46~1-0d031]:main():gmm-acc-stats-ali.cc:105) Processed 150 utterances; for utterance LIVE00000090_00038 avg. like is -77.9522 over 152 frames.
LOG (gmm-acc-stats-ali[5.1.46~1-0d031]:main():gmm-acc-stats-ali.cc:105) Processed 200 utterances; for utterance LIVE00000090_00109 avg. like is -80.1511 over 75 frames.
LOG (gmm-acc-stats-ali[5.1.46~1-0d031]:main():gmm-acc-stats-ali.cc:105) Processed 250 utterances; for utterance LIVE00000092_00038 avg. like is -78.6699 over 75 frames.
LOG (gmm-acc-stats-ali[5.1.46~1-0d031]:main():gmm-acc-stats-ali.cc:105) Processed 300 utterances; for utterance LIVE00000104_00000 avg. like is -78.6458 over 75 frames.
LOG (gmm-acc-stats-ali[5.1.46~1-0d031]:main():gmm-acc-stats-ali.cc:105) Processed 350 utterances; for utterance LIVE00000125_00007 avg. like is -78.4268 over 75 frames.
LOG (gmm-acc-stats-ali[5.1.46~1-0d031]:main():gmm-acc-stats-ali.cc:105) Processed 400 utterances; for utterance LIVE00000125_00083 avg. like is -77.2344 over 75 frames.
LOG (gmm-acc-stats-ali[5.1.46~1-0d031]:main():gmm-acc-stats-ali.cc:105) Processed 450 utterances; for utterance LIVE00000128_00001 avg. like is -83.4111 over 152 frames.
LOG (gmm-acc-stats-ali[5.1.46~1-0d031]:main():gmm-acc-stats-ali.cc:105) Processed 500 utterances; for utterance LIVE00000128_00076 avg. like is -78.3218 over 152 frames.
LOG (gmm-acc-stats-ali[5.1.46~1-0d031]:main():gmm-acc-stats-ali.cc:105) Processed 550 utterances; for utterance LIVE00000128_00142 avg. like is -80.3272 over 75 frames.
LOG (gmm-acc-stats-ali[5.1.46~1-0d031]:main():gmm-acc-stats-ali.cc:105) Processed 600 utterances; for utterance LIVE00000128_00223 avg. like is -83.0147 over 75 frames.
LOG (gmm-acc-stats-ali[5.1.46~1-0d031]:main():gmm-acc-stats-ali.cc:105) Processed 650 utterances; for utterance LIVE00000144_00029 avg. like is -75.7783 over 94 frames.
LOG (gmm-acc-stats-ali[5.1.46~1-0d031]:main():gmm-acc-stats-ali.cc:105) Processed 700 utterances; for utterance LIVE00000146_00044 avg. like is -76.7459 over 190 frames.
LOG (gmm-acc-stats-ali[5.1.46~1-0d031]:main():gmm-acc-stats-ali.cc:105) Processed 750 utterances; for utterance LIVE00000146_00106 avg. like is -75.9517 over 152 frames.
LOG (gmm-acc-stats-ali[5.1.46~1-0d031]:main():gmm-acc-stats-ali.cc:105) Processed 800 utterances; for utterance LIVE00000151_00018 avg. like is -69.1393 over 113 frames.
LOG (gmm-acc-stats-ali[5.1.46~1-0d031]:main():gmm-acc-stats-ali.cc:105) Processed 850 utterances; for utterance LIVE00000151_00081 avg. like is -74.0315 over 75 frames.
LOG (gmm-acc-stats-ali[5.1.46~1-0d031]:main():gmm-acc-stats-ali.cc:105) Processed 900 utterances; for utterance LIVE00000155_00006 avg. like is -77.8022 over 190 frames.
LOG (gmm-acc-stats-ali[5.1.46~1-0d031]:main():gmm-acc-stats-ali.cc:105) Processed 950 utterances; for utterance LIVE00000155_00079 avg. like is -78.6486 over 152 frames.
LOG (gmm-acc-stats-ali[5.1.46~1-0d031]:main():gmm-acc-stats-ali.cc:105) Processed 1000 utterances; for utterance LIVE00000155_00139 avg. like is -76.4954 over 190 frames.
LOG (gmm-acc-stats-ali[5.1.46~1-0d031]:main():gmm-acc-stats-ali.cc:105) Processed 1050 utterances; for utterance LIVE00000161_00014 avg. like is -74.7084 over 190 frames.
LOG (gmm-acc-stats-ali[5.1.46~1-0d031]:main():gmm-acc-stats-ali.cc:105) Processed 1100 utterances; for utterance LIVE00000168_00009 avg. like is -78.0985 over 94 frames.
LOG (gmm-acc-stats-ali[5.1.46~1-0d031]:main():gmm-acc-stats-ali.cc:105) Processed 1150 utterances; for utterance LIVE00000168_00073 avg. like is -78.2315 over 94 frames.
LOG (gmm-acc-stats-ali[5.1.46~1-0d031]:main():gmm-acc-stats-ali.cc:105) Processed 1200 utterances; for utterance LIVE00000169_00070 avg. like is -77.7205 over 152 frames.
LOG (gmm-acc-stats-ali[5.1.46~1-0d031]:main():gmm-acc-stats-ali.cc:105) Processed 1250 utterances; for utterance LIVE00000169_00132 avg. like is -71.1684 over 113 frames.
LOG (gmm-acc-stats-ali[5.1.46~1-0d031]:main():gmm-acc-stats-ali.cc:105) Processed 1300 utterances; for utterance LIVE00000169_00194 avg. like is -76.7312 over 132 frames.
LOG (gmm-acc-stats-ali[5.1.46~1-0d031]:main():gmm-acc-stats-ali.cc:105) Processed 1350 utterances; for utterance LIVE00000169_00253 avg. like is -71.1929 over 94 frames.
LOG (gmm-acc-stats-ali[5.1.46~1-0d031]:main():gmm-acc-stats-ali.cc:105) Processed 1400 utterances; for utterance LIVE00000169_00308 avg. like is -74.9827 over 152 frames.
LOG (gmm-acc-stats-ali[5.1.46~1-0d031]:main():gmm-acc-stats-ali.cc:105) Processed 1450 utterances; for utterance LIVE00000169_00365 avg. like is -79.0598 over 75 frames.
LOG (gmm-acc-stats-ali[5.1.46~1-0d031]:main():gmm-acc-stats-ali.cc:105) Processed 1500 utterances; for utterance LIVE00000169_00426 avg. like is -76.9671 over 113 frames.
LOG (gmm-acc-stats-ali[5.1.46~1-0d031]:main():gmm-acc-stats-ali.cc:105) Processed 1550 utterances; for utterance LIVE00000169_00481 avg. like is -81.0768 over 171 frames.
LOG (gmm-acc-stats-ali[5.1.46~1-0d031]:main():gmm-acc-stats-ali.cc:105) Processed 1600 utterances; for utterance LIVE00000169_00544 avg. like is -71.6634 over 113 frames.
LOG (gmm-acc-stats-ali[5.1.46~1-0d031]:main():gmm-acc-stats-ali.cc:105) Processed 1650 utterances; for utterance LIVE00000169_00604 avg. like is -74.1882 over 132 frames.
LOG (gmm-acc-stats-ali[5.1.46~1-0d031]:main():gmm-acc-stats-ali.cc:105) Processed 1700 utterances; for utterance LIVE00000169_00672 avg. like is -79.6307 over 94 frames.
LOG (gmm-acc-stats-ali[5.1.46~1-0d031]:main():gmm-acc-stats-ali.cc:105) Processed 1750 utterances; for utterance LIVE00000169_00776 avg. like is -75.0953 over 113 frames.
LOG (gmm-acc-stats-ali[5.1.46~1-0d031]:main():gmm-acc-stats-ali.cc:105) Processed 1800 utterances; for utterance LIVE00000170_00019 avg. like is -79.9028 over 94 frames.
LOG (gmm-acc-stats-ali[5.1.46~1-0d031]:main():gmm-acc-stats-ali.cc:105) Processed 1850 utterances; for utterance LIVE00000170_00089 avg. like is -80.0525 over 94 frames.
LOG (gmm-acc-stats-ali[5.1.46~1-0d031]:main():gmm-acc-stats-ali.cc:105) Processed 1900 utterances; for utterance LIVE00000171_00025 avg. like is -80.5897 over 267 frames.
LOG (gmm-acc-stats-ali[5.1.46~1-0d031]:main():gmm-acc-stats-ali.cc:105) Processed 1950 utterances; for utterance LIVE00000171_00104 avg. like is -77.47 over 171 frames.
LOG (gmm-acc-stats-ali[5.1.46~1-0d031]:main():gmm-acc-stats-ali.cc:105) Processed 2000 utterances; for utterance LIVE00000175_00016 avg. like is -80.7577 over 132 frames.
LOG (gmm-acc-stats-ali[5.1.46~1-0d031]:main():gmm-acc-stats-ali.cc:105) Processed 2050 utterances; for utterance LIVE00000175_00073 avg. like is -72.9585 over 113 frames.
LOG (gmm-acc-stats-ali[5.1.46~1-0d031]:main():gmm-acc-stats-ali.cc:105) Processed 2100 utterances; for utterance LIVE00000175_00148 avg. like is -75.4074 over 113 frames.
LOG (gmm-acc-stats-ali[5.1.46~1-0d031]:main():gmm-acc-stats-ali.cc:105) Processed 2150 utterances; for utterance LIVE00000176_00019 avg. like is -78.3756 over 132 frames.
LOG (gmm-acc-stats-ali[5.1.46~1-0d031]:main():gmm-acc-stats-ali.cc:105) Processed 2200 utterances; for utterance LIVE00000176_00084 avg. like is -74.195 over 132 frames.
LOG (gmm-acc-stats-ali[5.1.46~1-0d031]:main():gmm-acc-stats-ali.cc:105) Processed 2250 utterances; for utterance LIVE00000176_00147 avg. like is -76.7563 over 132 frames.
LOG (gmm-acc-stats-ali[5.1.46~1-0d031]:main():gmm-acc-stats-ali.cc:105) Processed 2300 utterances; for utterance LIVE00000176_00208 avg. like is -76.561 over 171 frames.
LOG (gmm-acc-stats-ali[5.1.46~1-0d031]:main():gmm-acc-stats-ali.cc:105) Processed 2350 utterances; for utterance LIVE00000176_00281 avg. like is -74.1258 over 113 frames.
LOG (gmm-acc-stats-ali[5.1.46~1-0d031]:main():gmm-acc-stats-ali.cc:105) Processed 2400 utterances; for utterance LIVE00000177_00059 avg. like is -81.8983 over 75 frames.
LOG (gmm-acc-stats-ali[5.1.46~1-0d031]:main():gmm-acc-stats-ali.cc:105) Processed 2450 utterances; for utterance LIVE00000177_00130 avg. like is -78.3074 over 113 frames.
LOG (gmm-acc-stats-ali[5.1.46~1-0d031]:main():gmm-acc-stats-ali.cc:105) Processed 2500 utterances; for utterance LIVE00000177_00189 avg. like is -74.961 over 113 frames.
LOG (gmm-acc-stats-ali[5.1.46~1-0d031]:main():gmm-acc-stats-ali.cc:105) Processed 2550 utterances; for utterance LIVE00000179_00051 avg. like is -73.0707 over 75 frames.
LOG (gmm-acc-stats-ali[5.1.46~1-0d031]:main():gmm-acc-stats-ali.cc:105) Processed 2600 utterances; for utterance LIVE00000199_00008 avg. like is -70.9117 over 94 frames.
LOG (gmm-acc-stats-ali[5.1.46~1-0d031]:main():gmm-acc-stats-ali.cc:105) Processed 2650 utterances; for utterance LIVE00000202_00031 avg. like is -71.3795 over 113 frames.
LOG (gmm-acc-stats-ali[5.1.46~1-0d031]:main():gmm-acc-stats-ali.cc:105) Processed 2700 utterances; for utterance LIVE00000202_00098 avg. like is -69.9624 over 94 frames.
LOG (gmm-acc-stats-ali[5.1.46~1-0d031]:main():gmm-acc-stats-ali.cc:105) Processed 2750 utterances; for utterance LIVE00000202_00162 avg. like is -74.2104 over 94 frames.
LOG (gmm-acc-stats-ali[5.1.46~1-0d031]:main():gmm-acc-stats-ali.cc:105) Processed 2800 utterances; for utterance LIVE00000204_00001 avg. like is -77.3418 over 94 frames.
LOG (gmm-acc-stats-ali[5.1.46~1-0d031]:main():gmm-acc-stats-ali.cc:105) Processed 2850 utterances; for utterance LIVE00000204_00065 avg. like is -75.5191 over 94 frames.
LOG (gmm-acc-stats-ali[5.1.46~1-0d031]:main():gmm-acc-stats-ali.cc:105) Processed 2900 utterances; for utterance LIVE00000204_00123 avg. like is -77.54 over 113 frames.
LOG (gmm-acc-stats-ali[5.1.46~1-0d031]:main():gmm-acc-stats-ali.cc:105) Processed 2950 utterances; for utterance LIVE00000206_00028 avg. like is -79.758 over 113 frames.
LOG (gmm-acc-stats-ali[5.1.46~1-0d031]:main():gmm-acc-stats-ali.cc:105) Processed 3000 utterances; for utterance LIVE00000206_00087 avg. like is -80.7348 over 132 frames.
LOG (gmm-acc-stats-ali[5.1.46~1-0d031]:main():gmm-acc-stats-ali.cc:105) Processed 3050 utterances; for utterance LIVE00000207_00022 avg. like is -72.161 over 113 frames.
LOG (gmm-acc-stats-ali[5.1.46~1-0d031]:main():gmm-acc-stats-ali.cc:105) Processed 3100 utterances; for utterance REC00000026 avg. like is -82.6237 over 107 frames.
LOG (gmm-acc-stats-ali[5.1.46~1-0d031]:main():gmm-acc-stats-ali.cc:105) Processed 3150 utterances; for utterance REC00000081 avg. like is -77.0324 over 152 frames.
LOG (gmm-acc-stats-ali[5.1.46~1-0d031]:main():gmm-acc-stats-ali.cc:105) Processed 3200 utterances; for utterance REC00000137 avg. like is -78.4698 over 216 frames.
LOG (gmm-acc-stats-ali[5.1.46~1-0d031]:main():gmm-acc-stats-ali.cc:105) Processed 3250 utterances; for utterance REC00000192 avg. like is -77.5001 over 171 frames.
LOG (gmm-acc-stats-ali[5.1.46~1-0d031]:main():gmm-acc-stats-ali.cc:105) Processed 3300 utterances; for utterance REC00000243 avg. like is -80.3036 over 203 frames.
LOG (gmm-acc-stats-ali[5.1.46~1-0d031]:main():gmm-acc-stats-ali.cc:105) Processed 3350 utterances; for utterance REC00000300 avg. like is -77.023 over 75 frames.
LOG (gmm-acc-stats-ali[5.1.46~1-0d031]:main():gmm-acc-stats-ali.cc:105) Processed 3400 utterances; for utterance REC00000356 avg. like is -82.8904 over 222 frames.
LOG (gmm-acc-stats-ali[5.1.46~1-0d031]:main():gmm-acc-stats-ali.cc:105) Processed 3450 utterances; for utterance REC00000417 avg. like is -78.056 over 164 frames.
LOG (gmm-acc-stats-ali[5.1.46~1-0d031]:main():gmm-acc-stats-ali.cc:105) Processed 3500 utterances; for utterance REC00000470 avg. like is -82.2833 over 216 frames.
LOG (gmm-acc-stats-ali[5.1.46~1-0d031]:main():gmm-acc-stats-ali.cc:105) Processed 3550 utterances; for utterance REC00000530 avg. like is -79.2641 over 164 frames.
LOG (gmm-acc-stats-ali[5.1.46~1-0d031]:main():gmm-acc-stats-ali.cc:105) Processed 3600 utterances; for utterance REC00001265 avg. like is -79.5028 over 241 frames.
LOG (gmm-acc-stats-ali[5.1.46~1-0d031]:main():gmm-acc-stats-ali.cc:105) Processed 3650 utterances; for utterance REC00001503 avg. like is -82.815 over 107 frames.
LOG (apply-cmvn[5.1.46~1-0d031]:main():apply-cmvn.cc:146) Applied cepstral mean normalization to 3670 utterances, errors on 0
LOG (gmm-acc-stats-ali[5.1.46~1-0d031]:main():gmm-acc-stats-ali.cc:112) Done 3670 files, 0 with errors.
LOG (gmm-acc-stats-ali[5.1.46~1-0d031]:main():gmm-acc-stats-ali.cc:115) Overall avg like per frame (Gaussian only) = -77.4235 over 480116 frames.
LOG (gmm-acc-stats-ali[5.1.46~1-0d031]:main():gmm-acc-stats-ali.cc:123) Written accs.
# Accounting: time=5 threads=1
# Ended (code 0) at Wed Dec 13 20:17:05 SAST 2017, elapsed time 5 seconds
