# gmm-acc-stats-ali exp/tri1/8.mdl "ark,s,cs:apply-cmvn  --utt2spk=ark:data/train/split1/1/utt2spk scp:data/train/split1/1/cmvn.scp scp:data/train/split1/1/feats.scp ark:- | add-deltas  ark:- ark:- |" "ark,s,cs:gunzip -c exp/tri1/ali.1.gz|" exp/tri1/8.1.acc 
# Started at Sun Nov 19 12:39:28 SAST 2017
#
gmm-acc-stats-ali exp/tri1/8.mdl 'ark,s,cs:apply-cmvn  --utt2spk=ark:data/train/split1/1/utt2spk scp:data/train/split1/1/cmvn.scp scp:data/train/split1/1/feats.scp ark:- | add-deltas  ark:- ark:- |' 'ark,s,cs:gunzip -c exp/tri1/ali.1.gz|' exp/tri1/8.1.acc 
add-deltas ark:- ark:- 
apply-cmvn --utt2spk=ark:data/train/split1/1/utt2spk scp:data/train/split1/1/cmvn.scp scp:data/train/split1/1/feats.scp ark:- 
LOG (gmm-acc-stats-ali[5.1.46~1-0d031]:main():gmm-acc-stats-ali.cc:105) Processed 50 utterances; for utterance LIVE00000072_00001 avg. like is -74.7358 over 75 frames.
LOG (gmm-acc-stats-ali[5.1.46~1-0d031]:main():gmm-acc-stats-ali.cc:105) Processed 100 utterances; for utterance LIVE00000074_00060 avg. like is -82.989 over 152 frames.
LOG (gmm-acc-stats-ali[5.1.46~1-0d031]:main():gmm-acc-stats-ali.cc:105) Processed 150 utterances; for utterance LIVE00000090_00047 avg. like is -71.9741 over 152 frames.
LOG (gmm-acc-stats-ali[5.1.46~1-0d031]:main():gmm-acc-stats-ali.cc:105) Processed 200 utterances; for utterance LIVE00000090_00112 avg. like is -78.6714 over 152 frames.
LOG (gmm-acc-stats-ali[5.1.46~1-0d031]:main():gmm-acc-stats-ali.cc:105) Processed 250 utterances; for utterance REC00000033 avg. like is -72.4668 over 107 frames.
LOG (gmm-acc-stats-ali[5.1.46~1-0d031]:main():gmm-acc-stats-ali.cc:105) Processed 300 utterances; for utterance REC00000088 avg. like is -81.2692 over 120 frames.
LOG (gmm-acc-stats-ali[5.1.46~1-0d031]:main():gmm-acc-stats-ali.cc:105) Processed 350 utterances; for utterance REC00000142 avg. like is -81.0265 over 280 frames.
LOG (gmm-acc-stats-ali[5.1.46~1-0d031]:main():gmm-acc-stats-ali.cc:105) Processed 400 utterances; for utterance REC00000197 avg. like is -80.705 over 209 frames.
LOG (gmm-acc-stats-ali[5.1.46~1-0d031]:main():gmm-acc-stats-ali.cc:105) Processed 450 utterances; for utterance REC00000251 avg. like is -80.0663 over 228 frames.
LOG (gmm-acc-stats-ali[5.1.46~1-0d031]:main():gmm-acc-stats-ali.cc:105) Processed 500 utterances; for utterance REC00000304 avg. like is -81.7999 over 139 frames.
LOG (gmm-acc-stats-ali[5.1.46~1-0d031]:main():gmm-acc-stats-ali.cc:105) Processed 550 utterances; for utterance REC00000359 avg. like is -81.8756 over 132 frames.
LOG (gmm-acc-stats-ali[5.1.46~1-0d031]:main():gmm-acc-stats-ali.cc:105) Processed 600 utterances; for utterance REC00000412 avg. like is -81.3863 over 171 frames.
LOG (gmm-acc-stats-ali[5.1.46~1-0d031]:main():gmm-acc-stats-ali.cc:105) Processed 650 utterances; for utterance REC00000465 avg. like is -77.1756 over 177 frames.
LOG (gmm-acc-stats-ali[5.1.46~1-0d031]:main():gmm-acc-stats-ali.cc:105) Processed 700 utterances; for utterance REC00000523 avg. like is -80.3232 over 171 frames.
LOG (gmm-acc-stats-ali[5.1.46~1-0d031]:main():gmm-acc-stats-ali.cc:105) Processed 750 utterances; for utterance REC00001259 avg. like is -78.8915 over 209 frames.
LOG (apply-cmvn[5.1.46~1-0d031]:main():apply-cmvn.cc:146) Applied cepstral mean normalization to 807 utterances, errors on 0
LOG (gmm-acc-stats-ali[5.1.46~1-0d031]:main():gmm-acc-stats-ali.cc:105) Processed 800 utterances; for utterance REC00001497 avg. like is -85.2306 over 190 frames.
LOG (gmm-acc-stats-ali[5.1.46~1-0d031]:main():gmm-acc-stats-ali.cc:112) Done 807 files, 0 with errors.
LOG (gmm-acc-stats-ali[5.1.46~1-0d031]:main():gmm-acc-stats-ali.cc:115) Overall avg like per frame (Gaussian only) = -80.5035 over 133597 frames.
LOG (gmm-acc-stats-ali[5.1.46~1-0d031]:main():gmm-acc-stats-ali.cc:123) Written accs.
# Accounting: time=1 threads=1
# Ended (code 0) at Sun Nov 19 12:39:29 SAST 2017, elapsed time 1 seconds
