# gmm-init-model --write-occs=exp/tri1/1.occs exp/tri1/tree exp/tri1/treeacc data/lang/topo exp/tri1/1.mdl 
# Started at Tue Nov 14 18:38:14 SAST 2017
#
gmm-init-model --write-occs=exp/tri1/1.occs exp/tri1/tree exp/tri1/treeacc data/lang/topo exp/tri1/1.mdl 
LOG (gmm-init-model[5.1.46~1-0d031]:main():gmm-init-model.cc:271) Number of separate statistics is 4838
WARNING (gmm-init-model[5.1.46~1-0d031]:InitAmGmm():gmm-init-model.cc:55) Tree has pdf-id 1 with no stats; corresponding phone list: 6 7 8 9 10 
WARNING (gmm-init-model[5.1.46~1-0d031]:InitAmGmm():gmm-init-model.cc:83) Very small count for state 3: 76; corresponding phone list: 15 16 17 18 
WARNING (gmm-init-model[5.1.46~1-0d031]:InitAmGmm():gmm-init-model.cc:83) Very small count for state 4: 39; corresponding phone list: 19 20 21 22 
WARNING (gmm-init-model[5.1.46~1-0d031]:InitAmGmm():gmm-init-model.cc:83) Very small count for state 5: 59; corresponding phone list: 23 
WARNING (gmm-init-model[5.1.46~1-0d031]:InitAmGmm():gmm-init-model.cc:83) Very small count for state 7: 99; corresponding phone list: 31 32 33 34 
WARNING (gmm-init-model[5.1.46~1-0d031]:InitAmGmm():gmm-init-model.cc:83) Very small count for state 8: 59; corresponding phone list: 35 36 37 38 
WARNING (gmm-init-model[5.1.46~1-0d031]:InitAmGmm():gmm-init-model.cc:83) Very small count for state 10: 39; corresponding phone list: 43 44 45 46 
WARNING (gmm-init-model[5.1.46~1-0d031]:InitAmGmm():gmm-init-model.cc:83) Very small count for state 11: 93; corresponding phone list: 47 48 49 50 
WARNING (gmm-init-model[5.1.46~1-0d031]:InitAmGmm():gmm-init-model.cc:83) Very small count for state 15: 65; corresponding phone list: 63 64 65 66 
WARNING (gmm-init-model[5.1.46~1-0d031]:InitAmGmm():gmm-init-model.cc:83) Very small count for state 16: 68; corresponding phone list: 67 68 69 70 
WARNING (gmm-init-model[5.1.46~1-0d031]:InitAmGmm():gmm-init-model.cc:83) Very small count for state 21: 75; corresponding phone list: 87 88 89 90 
WARNING (gmm-init-model[5.1.46~1-0d031]:InitAmGmm():gmm-init-model.cc:83) Very small count for state 25: 99; corresponding phone list: 103 104 105 106 
WARNING (gmm-init-model[5.1.46~1-0d031]:InitAmGmm():gmm-init-model.cc:83) Very small count for state 27: 86; corresponding phone list: 111 112 113 114 
WARNING (gmm-init-model[5.1.46~1-0d031]:InitAmGmm():gmm-init-model.cc:83) Very small count for state 31: 84; corresponding phone list: 127 128 129 130 
WARNING (gmm-init-model[5.1.46~1-0d031]:InitAmGmm():gmm-init-model.cc:83) Very small count for state 32: 50; corresponding phone list: 131 132 133 134 
WARNING (gmm-init-model[5.1.46~1-0d031]:InitAmGmm():gmm-init-model.cc:83) Very small count for state 33: 53; corresponding phone list: 135 136 137 138 
WARNING (gmm-init-model[5.1.46~1-0d031]:InitAmGmm():gmm-init-model.cc:83) Very small count for state 36: 79; corresponding phone list: 147 148 149 150 
WARNING (gmm-init-model[5.1.46~1-0d031]:InitAmGmm():gmm-init-model.cc:83) Very small count for state 39: 94; corresponding phone list: 55 56 57 58 
WARNING (gmm-init-model[5.1.46~1-0d031]:InitAmGmm():gmm-init-model.cc:83) Very small count for state 47: 99; corresponding phone list: 75 76 78 
WARNING (gmm-init-model[5.1.46~1-0d031]:InitAmGmm():gmm-init-model.cc:83) Very small count for state 50: 80; corresponding phone list: 103 104 105 106 
WARNING (gmm-init-model[5.1.46~1-0d031]:InitAmGmm():gmm-init-model.cc:83) Very small count for state 53: 58; corresponding phone list: 117 
WARNING (gmm-init-model[5.1.46~1-0d031]:InitAmGmm():gmm-init-model.cc:83) Very small count for state 57: 40; corresponding phone list: 91 92 93 94 
WARNING (gmm-init-model[5.1.46~1-0d031]:InitAmGmm():gmm-init-model.cc:83) Very small count for state 58: 47; corresponding phone list: 19 20 21 22 
WARNING (gmm-init-model[5.1.46~1-0d031]:InitAmGmm():gmm-init-model.cc:83) Very small count for state 59: 85; corresponding phone list: 15 16 17 18 
WARNING (gmm-init-model[5.1.46~1-0d031]:InitAmGmm():gmm-init-model.cc:83) Very small count for state 62: 91; corresponding phone list: 83 84 85 86 
WARNING (gmm-init-model[5.1.46~1-0d031]:InitAmGmm():gmm-init-model.cc:83) Very small count for state 64: 54; corresponding phone list: 111 112 113 114 
WARNING (gmm-init-model[5.1.46~1-0d031]:InitAmGmm():gmm-init-model.cc:83) Very small count for state 65: 56; corresponding phone list: 111 112 113 114 
WARNING (gmm-init-model[5.1.46~1-0d031]:InitAmGmm():gmm-init-model.cc:83) Very small count for state 69: 85; corresponding phone list: 123 125 126 
WARNING (gmm-init-model[5.1.46~1-0d031]:InitAmGmm():gmm-init-model.cc:83) Very small count for state 71: 89; corresponding phone list: 51 52 53 54 
WARNING (gmm-init-model[5.1.46~1-0d031]:InitAmGmm():gmm-init-model.cc:83) Very small count for state 73: 66; corresponding phone list: 43 44 45 46 
WARNING (gmm-init-model[5.1.46~1-0d031]:InitAmGmm():gmm-init-model.cc:83) Very small count for state 74: 66; corresponding phone list: 95 96 97 98 
WARNING (gmm-init-model[5.1.46~1-0d031]:InitAmGmm():gmm-init-model.cc:83) Very small count for state 79: 94; corresponding phone list: 24 25 26 
WARNING (gmm-init-model[5.1.46~1-0d031]:InitAmGmm():gmm-init-model.cc:83) Very small count for state 80: 74; corresponding phone list: 95 96 97 98 
WARNING (gmm-init-model[5.1.46~1-0d031]:InitAmGmm():gmm-init-model.cc:83) Very small count for state 85: 61; corresponding phone list: 123 125 126 
WARNING (gmm-init-model[5.1.46~1-0d031]:InitAmGmm():gmm-init-model.cc:83) Very small count for state 86: 27; corresponding phone list: 39 40 41 42 
WARNING (gmm-init-model[5.1.46~1-0d031]:InitAmGmm():gmm-init-model.cc:83) Very small count for state 88: 54; corresponding phone list: 37 
WARNING (gmm-init-model[5.1.46~1-0d031]:InitAmGmm():gmm-init-model.cc:83) Very small count for state 89: 49; corresponding phone list: 51 52 53 54 
WARNING (gmm-init-model[5.1.46~1-0d031]:InitAmGmm():gmm-init-model.cc:83) Very small count for state 90: 62; corresponding phone list: 139 140 141 142 
WARNING (gmm-init-model[5.1.46~1-0d031]:InitAmGmm():gmm-init-model.cc:83) Very small count for state 94: 73; corresponding phone list: 59 60 61 62 
WARNING (gmm-init-model[5.1.46~1-0d031]:InitAmGmm():gmm-init-model.cc:83) Very small count for state 95: 44; corresponding phone list: 59 60 61 62 
WARNING (gmm-init-model[5.1.46~1-0d031]:InitAmGmm():gmm-init-model.cc:83) Very small count for state 97: 41; corresponding phone list: 19 20 21 22 
WARNING (gmm-init-model[5.1.46~1-0d031]:InitAmGmm():gmm-init-model.cc:83) Very small count for state 99: 42; corresponding phone list: 71 72 73 74 
WARNING (gmm-init-model[5.1.46~1-0d031]:InitAmGmm():gmm-init-model.cc:83) Very small count for state 100: 44; corresponding phone list: 39 40 41 42 
WARNING (gmm-init-model[5.1.46~1-0d031]:InitAmGmm():gmm-init-model.cc:83) Very small count for state 101: 62; corresponding phone list: 31 32 33 34 
WARNING (gmm-init-model[5.1.46~1-0d031]:InitAmGmm():gmm-init-model.cc:83) Very small count for state 102: 12; corresponding phone list: 99 100 101 102 
WARNING (gmm-init-model[5.1.46~1-0d031]:InitAmGmm():gmm-init-model.cc:83) Very small count for state 104: 57; corresponding phone list: 139 140 141 142 
WARNING (gmm-init-model[5.1.46~1-0d031]:InitAmGmm():gmm-init-model.cc:83) Very small count for state 107: 42; corresponding phone list: 19 20 21 22 
WARNING (gmm-init-model[5.1.46~1-0d031]:InitAmGmm():gmm-init-model.cc:83) Very small count for state 109: 75; corresponding phone list: 63 64 65 66 
WARNING (gmm-init-model[5.1.46~1-0d031]:InitAmGmm():gmm-init-model.cc:83) Very small count for state 110: 86; corresponding phone list: 91 92 93 94 
WARNING (gmm-init-model[5.1.46~1-0d031]:InitAmGmm():gmm-init-model.cc:83) Very small count for state 111: 51; corresponding phone list: 91 92 93 94 
WARNING (gmm-init-model[5.1.46~1-0d031]:InitAmGmm():gmm-init-model.cc:83) Very small count for state 112: 94; corresponding phone list: 83 84 85 86 
WARNING (gmm-init-model[5.1.46~1-0d031]:InitAmGmm():gmm-init-model.cc:83) Very small count for state 114: 78; corresponding phone list: 47 48 49 50 
WARNING (gmm-init-model[5.1.46~1-0d031]:InitAmGmm():gmm-init-model.cc:83) Very small count for state 116: 80; corresponding phone list: 71 72 73 74 
WARNING (gmm-init-model[5.1.46~1-0d031]:InitAmGmm():gmm-init-model.cc:83) Very small count for state 118: 89; corresponding phone list: 107 108 109 110 
WARNING (gmm-init-model[5.1.46~1-0d031]:InitAmGmm():gmm-init-model.cc:83) Very small count for state 121: 76; corresponding phone list: 115 116 117 118 
WARNING (gmm-init-model[5.1.46~1-0d031]:InitAmGmm():gmm-init-model.cc:83) Very small count for state 124: 62; corresponding phone list: 111 112 113 114 
WARNING (gmm-init-model[5.1.46~1-0d031]:InitAmGmm():gmm-init-model.cc:83) Very small count for state 125: 74; corresponding phone list: 135 136 137 138 
WARNING (gmm-init-model[5.1.46~1-0d031]:InitAmGmm():gmm-init-model.cc:83) Very small count for state 126: 67; corresponding phone list: 48 49 50 
WARNING (gmm-init-model[5.1.46~1-0d031]:InitAmGmm():gmm-init-model.cc:83) Very small count for state 128: 80; corresponding phone list: 79 80 81 82 
WARNING (gmm-init-model[5.1.46~1-0d031]:InitAmGmm():gmm-init-model.cc:83) Very small count for state 131: 90; corresponding phone list: 103 104 105 106 
WARNING (gmm-init-model[5.1.46~1-0d031]:InitAmGmm():gmm-init-model.cc:83) Very small count for state 132: 96; corresponding phone list: 103 104 105 106 
WARNING (gmm-init-model[5.1.46~1-0d031]:InitAmGmm():gmm-init-model.cc:83) Very small count for state 137: 37; corresponding phone list: 139 140 141 142 
WARNING (gmm-init-model[5.1.46~1-0d031]:InitAmGmm():gmm-init-model.cc:83) Very small count for state 139: 73; corresponding phone list: 87 88 89 90 
WARNING (gmm-init-model[5.1.46~1-0d031]:InitAmGmm():gmm-init-model.cc:83) Very small count for state 140: 48; corresponding phone list: 111 112 113 114 
WARNING (gmm-init-model[5.1.46~1-0d031]:InitAmGmm():gmm-init-model.cc:83) Very small count for state 142: 69; corresponding phone list: 15 16 17 18 
WARNING (gmm-init-model[5.1.46~1-0d031]:InitAmGmm():gmm-init-model.cc:83) Very small count for state 147: 51; corresponding phone list: 83 84 85 86 
WARNING (gmm-init-model[5.1.46~1-0d031]:InitAmGmm():gmm-init-model.cc:83) Very small count for state 148: 63; corresponding phone list: 71 72 73 74 
WARNING (gmm-init-model[5.1.46~1-0d031]:InitAmGmm():gmm-init-model.cc:83) Very small count for state 150: 96; corresponding phone list: 139 140 141 142 
WARNING (gmm-init-model[5.1.46~1-0d031]:InitAmGmm():gmm-init-model.cc:83) Very small count for state 152: 65; corresponding phone list: 147 148 149 150 
WARNING (gmm-init-model[5.1.46~1-0d031]:InitAmGmm():gmm-init-model.cc:83) Very small count for state 156: 13; corresponding phone list: 15 16 17 18 
WARNING (gmm-init-model[5.1.46~1-0d031]:InitAmGmm():gmm-init-model.cc:83) Very small count for state 157: 43; corresponding phone list: 71 72 73 74 
WARNING (gmm-init-model[5.1.46~1-0d031]:InitAmGmm():gmm-init-model.cc:83) Very small count for state 158: 68; corresponding phone list: 77 
WARNING (gmm-init-model[5.1.46~1-0d031]:InitAmGmm():gmm-init-model.cc:83) Very small count for state 159: 56; corresponding phone list: 91 92 93 94 
WARNING (gmm-init-model[5.1.46~1-0d031]:InitAmGmm():gmm-init-model.cc:83) Very small count for state 161: 83; corresponding phone list: 87 88 89 90 
WARNING (gmm-init-model[5.1.46~1-0d031]:InitAmGmm():gmm-init-model.cc:83) Very small count for state 162: 65; corresponding phone list: 19 20 21 22 
WARNING (gmm-init-model[5.1.46~1-0d031]:InitAmGmm():gmm-init-model.cc:83) Very small count for state 165: 49; corresponding phone list: 47 48 49 50 
WARNING (gmm-init-model[5.1.46~1-0d031]:InitAmGmm():gmm-init-model.cc:83) Very small count for state 167: 56; corresponding phone list: 83 84 85 86 
WARNING (gmm-init-model[5.1.46~1-0d031]:InitAmGmm():gmm-init-model.cc:83) Very small count for state 168: 65; corresponding phone list: 35 36 37 38 
WARNING (gmm-init-model[5.1.46~1-0d031]:InitAmGmm():gmm-init-model.cc:83) Very small count for state 170: 43; corresponding phone list: 71 72 73 74 
WARNING (gmm-init-model[5.1.46~1-0d031]:InitAmGmm():gmm-init-model.cc:83) Very small count for state 172: 61; corresponding phone list: 91 92 93 94 
WARNING (gmm-init-model[5.1.46~1-0d031]:InitAmGmm():gmm-init-model.cc:83) Very small count for state 175: 92; corresponding phone list: 19 20 21 22 
WARNING (gmm-init-model[5.1.46~1-0d031]:InitAmGmm():gmm-init-model.cc:83) Very small count for state 178: 44; corresponding phone list: 139 140 141 142 
WARNING (gmm-init-model[5.1.46~1-0d031]:InitAmGmm():gmm-init-model.cc:83) Very small count for state 179: 93; corresponding phone list: 83 84 85 86 
WARNING (gmm-init-model[5.1.46~1-0d031]:InitAmGmm():gmm-init-model.cc:83) Very small count for state 180: 58; corresponding phone list: 11 12 13 14 
WARNING (gmm-init-model[5.1.46~1-0d031]:InitAmGmm():gmm-init-model.cc:83) Very small count for state 181: 68; corresponding phone list: 37 
WARNING (gmm-init-model[5.1.46~1-0d031]:InitAmGmm():gmm-init-model.cc:83) Very small count for state 185: 51; corresponding phone list: 87 89 90 
WARNING (gmm-init-model[5.1.46~1-0d031]:InitAmGmm():gmm-init-model.cc:83) Very small count for state 186: 60; corresponding phone list: 111 112 113 114 
WARNING (gmm-init-model[5.1.46~1-0d031]:InitAmGmm():gmm-init-model.cc:83) Very small count for state 188: 99; corresponding phone list: 59 60 61 62 
WARNING (gmm-init-model[5.1.46~1-0d031]:InitAmGmm():gmm-init-model.cc:83) Very small count for state 192: 26; corresponding phone list: 55 56 57 58 
WARNING (gmm-init-model[5.1.46~1-0d031]:InitAmGmm():gmm-init-model.cc:83) Very small count for state 193: 93; corresponding phone list: 123 
WARNING (gmm-init-model[5.1.46~1-0d031]:InitAmGmm():gmm-init-model.cc:83) Very small count for state 195: 64; corresponding phone list: 111 112 113 114 
WARNING (gmm-init-model[5.1.46~1-0d031]:InitAmGmm():gmm-init-model.cc:83) Very small count for state 196: 78; corresponding phone list: 83 84 85 86 
WARNING (gmm-init-model[5.1.46~1-0d031]:InitAmGmm():gmm-init-model.cc:83) Very small count for state 197: 57; corresponding phone list: 91 92 93 94 
WARNING (gmm-init-model[5.1.46~1-0d031]:InitAmGmm():gmm-init-model.cc:83) Very small count for state 199: 72; corresponding phone list: 19 20 21 22 
WARNING (gmm-init-model[5.1.46~1-0d031]:InitAmGmm():gmm-init-model.cc:83) Very small count for state 200: 80; corresponding phone list: 83 84 85 86 
WARNING (gmm-init-model[5.1.46~1-0d031]:InitAmGmm():gmm-init-model.cc:83) Very small count for state 201: 66; corresponding phone list: 83 84 85 86 
WARNING (gmm-init-model[5.1.46~1-0d031]:InitAmGmm():gmm-init-model.cc:83) Very small count for state 202: 87; corresponding phone list: 83 84 85 86 
WARNING (gmm-init-model[5.1.46~1-0d031]:InitAmGmm():gmm-init-model.cc:83) Very small count for state 203: 71; corresponding phone list: 24 25 26 
WARNING (gmm-init-model[5.1.46~1-0d031]:InitAmGmm():gmm-init-model.cc:83) Very small count for state 204: 44; corresponding phone list: 115 116 117 118 
WARNING (gmm-init-model[5.1.46~1-0d031]:InitAmGmm():gmm-init-model.cc:83) Very small count for state 205: 62; corresponding phone list: 87 88 89 90 
WARNING (gmm-init-model[5.1.46~1-0d031]:InitAmGmm():gmm-init-model.cc:83) Very small count for state 206: 74; corresponding phone list: 71 72 73 74 
WARNING (gmm-init-model[5.1.46~1-0d031]:InitAmGmm():gmm-init-model.cc:83) Very small count for state 210: 75; corresponding phone list: 111 112 113 114 
WARNING (gmm-init-model[5.1.46~1-0d031]:InitAmGmm():gmm-init-model.cc:83) Very small count for state 211: 87; corresponding phone list: 136 
WARNING (gmm-init-model[5.1.46~1-0d031]:InitAmGmm():gmm-init-model.cc:83) Very small count for state 214: 96; corresponding phone list: 87 89 90 
WARNING (gmm-init-model[5.1.46~1-0d031]:InitAmGmm():gmm-init-model.cc:83) Very small count for state 218: 76; corresponding phone list: 131 132 133 134 
WARNING (gmm-init-model[5.1.46~1-0d031]:InitAmGmm():gmm-init-model.cc:83) Very small count for state 221: 84; corresponding phone list: 103 104 105 106 
WARNING (gmm-init-model[5.1.46~1-0d031]:InitAmGmm():gmm-init-model.cc:83) Very small count for state 223: 58; corresponding phone list: 139 140 141 142 
WARNING (gmm-init-model[5.1.46~1-0d031]:InitAmGmm():gmm-init-model.cc:83) Very small count for state 224: 87; corresponding phone list: 91 92 93 94 
WARNING (gmm-init-model[5.1.46~1-0d031]:InitAmGmm():gmm-init-model.cc:83) Very small count for state 225: 55; corresponding phone list: 131 132 133 134 
WARNING (gmm-init-model[5.1.46~1-0d031]:InitAmGmm():gmm-init-model.cc:83) Very small count for state 226: 65; corresponding phone list: 107 108 109 110 
WARNING (gmm-init-model[5.1.46~1-0d031]:InitAmGmm():gmm-init-model.cc:83) Very small count for state 230: 77; corresponding phone list: 87 89 90 
WARNING (gmm-init-model[5.1.46~1-0d031]:InitAmGmm():gmm-init-model.cc:83) Very small count for state 232: 55; corresponding phone list: 91 92 93 94 
WARNING (gmm-init-model[5.1.46~1-0d031]:InitAmGmm():gmm-init-model.cc:83) Very small count for state 234: 37; corresponding phone list: 115 116 117 118 
WARNING (gmm-init-model[5.1.46~1-0d031]:InitAmGmm():gmm-init-model.cc:83) Very small count for state 235: 54; corresponding phone list: 111 112 113 114 
WARNING (gmm-init-model[5.1.46~1-0d031]:InitAmGmm():gmm-init-model.cc:83) Very small count for state 236: 44; corresponding phone list: 51 52 53 54 
WARNING (gmm-init-model[5.1.46~1-0d031]:InitAmGmm():gmm-init-model.cc:83) Very small count for state 237: 55; corresponding phone list: 111 112 113 114 
WARNING (gmm-init-model[5.1.46~1-0d031]:InitAmGmm():gmm-init-model.cc:83) Very small count for state 240: 77; corresponding phone list: 48 49 50 
WARNING (gmm-init-model[5.1.46~1-0d031]:InitAmGmm():gmm-init-model.cc:83) Very small count for state 241: 46; corresponding phone list: 143 144 145 146 
WARNING (gmm-init-model[5.1.46~1-0d031]:InitAmGmm():gmm-init-model.cc:83) Very small count for state 242: 56; corresponding phone list: 111 112 113 114 
WARNING (gmm-init-model[5.1.46~1-0d031]:InitAmGmm():gmm-init-model.cc:83) Very small count for state 245: 31; corresponding phone list: 19 20 21 22 
WARNING (gmm-init-model[5.1.46~1-0d031]:InitAmGmm():gmm-init-model.cc:83) Very small count for state 249: 47; corresponding phone list: 123 125 126 
WARNING (gmm-init-model[5.1.46~1-0d031]:InitAmGmm():gmm-init-model.cc:83) Very small count for state 250: 38; corresponding phone list: 19 20 21 22 
WARNING (gmm-init-model[5.1.46~1-0d031]:InitAmGmm():gmm-init-model.cc:83) Very small count for state 251: 46; corresponding phone list: 103 104 105 106 
WARNING (gmm-init-model[5.1.46~1-0d031]:InitAmGmm():gmm-init-model.cc:83) Very small count for state 252: 52; corresponding phone list: 103 104 105 106 
WARNING (gmm-init-model[5.1.46~1-0d031]:InitAmGmm():gmm-init-model.cc:83) Very small count for state 255: 88; corresponding phone list: 15 16 17 18 
WARNING (gmm-init-model[5.1.46~1-0d031]:InitAmGmm():gmm-init-model.cc:83) Very small count for state 256: 68; corresponding phone list: 79 80 81 82 
WARNING (gmm-init-model[5.1.46~1-0d031]:InitAmGmm():gmm-init-model.cc:83) Very small count for state 259: 95; corresponding phone list: 19 20 21 22 
WARNING (gmm-init-model[5.1.46~1-0d031]:InitAmGmm():gmm-init-model.cc:83) Very small count for state 260: 61; corresponding phone list: 71 72 73 74 
WARNING (gmm-init-model[5.1.46~1-0d031]:InitAmGmm():gmm-init-model.cc:83) Very small count for state 264: 42; corresponding phone list: 135 136 137 138 
WARNING (gmm-init-model[5.1.46~1-0d031]:InitAmGmm():gmm-init-model.cc:83) Very small count for state 266: 32; corresponding phone list: 45 
WARNING (gmm-init-model[5.1.46~1-0d031]:InitAmGmm():gmm-init-model.cc:83) Very small count for state 271: 62; corresponding phone list: 115 116 117 118 
WARNING (gmm-init-model[5.1.46~1-0d031]:InitAmGmm():gmm-init-model.cc:83) Very small count for state 272: 81; corresponding phone list: 71 72 73 74 
WARNING (gmm-init-model[5.1.46~1-0d031]:InitAmGmm():gmm-init-model.cc:83) Very small count for state 273: 97; corresponding phone list: 91 92 93 94 
WARNING (gmm-init-model[5.1.46~1-0d031]:InitAmGmm():gmm-init-model.cc:83) Very small count for state 275: 94; corresponding phone list: 51 52 53 54 
WARNING (gmm-init-model[5.1.46~1-0d031]:InitAmGmm():gmm-init-model.cc:83) Very small count for state 276: 78; corresponding phone list: 15 16 17 18 
WARNING (gmm-init-model[5.1.46~1-0d031]:InitAmGmm():gmm-init-model.cc:83) Very small count for state 277: 45; corresponding phone list: 15 16 17 18 
WARNING (gmm-init-model[5.1.46~1-0d031]:InitAmGmm():gmm-init-model.cc:83) Very small count for state 278: 65; corresponding phone list: 19 20 21 22 
WARNING (gmm-init-model[5.1.46~1-0d031]:InitAmGmm():gmm-init-model.cc:83) Very small count for state 281: 28; corresponding phone list: 147 148 149 150 
WARNING (gmm-init-model[5.1.46~1-0d031]:InitAmGmm():gmm-init-model.cc:83) Very small count for state 282: 89; corresponding phone list: 63 64 65 66 
WARNING (gmm-init-model[5.1.46~1-0d031]:InitAmGmm():gmm-init-model.cc:83) Very small count for state 283: 86; corresponding phone list: 131 132 133 134 
WARNING (gmm-init-model[5.1.46~1-0d031]:InitAmGmm():gmm-init-model.cc:83) Very small count for state 289: 60; corresponding phone list: 143 144 145 146 
WARNING (gmm-init-model[5.1.46~1-0d031]:InitAmGmm():gmm-init-model.cc:83) Very small count for state 293: 64; corresponding phone list: 77 
WARNING (gmm-init-model[5.1.46~1-0d031]:InitAmGmm():gmm-init-model.cc:83) Very small count for state 297: 65; corresponding phone list: 87 88 89 90 
WARNING (gmm-init-model[5.1.46~1-0d031]:InitAmGmm():gmm-init-model.cc:83) Very small count for state 299: 83; corresponding phone list: 11 12 13 14 
WARNING (gmm-init-model[5.1.46~1-0d031]:InitAmGmm():gmm-init-model.cc:83) Very small count for state 300: 74; corresponding phone list: 11 12 13 14 
WARNING (gmm-init-model[5.1.46~1-0d031]:InitAmGmm():gmm-init-model.cc:83) Very small count for state 301: 22; corresponding phone list: 19 20 21 22 
WARNING (gmm-init-model[5.1.46~1-0d031]:InitAmGmm():gmm-init-model.cc:83) Very small count for state 303: 98; corresponding phone list: 139 140 141 142 
WARNING (gmm-init-model[5.1.46~1-0d031]:InitAmGmm():gmm-init-model.cc:83) Very small count for state 305: 29; corresponding phone list: 111 112 113 114 
WARNING (gmm-init-model[5.1.46~1-0d031]:InitAmGmm():gmm-init-model.cc:83) Very small count for state 306: 95; corresponding phone list: 96 
WARNING (gmm-init-model[5.1.46~1-0d031]:InitAmGmm():gmm-init-model.cc:83) Very small count for state 307: 55; corresponding phone list: 136 
WARNING (gmm-init-model[5.1.46~1-0d031]:InitAmGmm():gmm-init-model.cc:83) Very small count for state 308: 80; corresponding phone list: 39 40 41 42 
WARNING (gmm-init-model[5.1.46~1-0d031]:InitAmGmm():gmm-init-model.cc:83) Very small count for state 313: 44; corresponding phone list: 131 132 133 134 
WARNING (gmm-init-model[5.1.46~1-0d031]:InitAmGmm():gmm-init-model.cc:83) Very small count for state 315: 77; corresponding phone list: 99 100 101 102 
WARNING (gmm-init-model[5.1.46~1-0d031]:InitAmGmm():gmm-init-model.cc:83) Very small count for state 316: 60; corresponding phone list: 115 116 117 118 
WARNING (gmm-init-model[5.1.46~1-0d031]:InitAmGmm():gmm-init-model.cc:83) Very small count for state 318: 45; corresponding phone list: 35 36 37 38 
WARNING (gmm-init-model[5.1.46~1-0d031]:InitAmGmm():gmm-init-model.cc:83) Very small count for state 320: 31; corresponding phone list: 19 20 21 22 
WARNING (gmm-init-model[5.1.46~1-0d031]:InitAmGmm():gmm-init-model.cc:83) Very small count for state 321: 91; corresponding phone list: 119 120 121 122 
WARNING (gmm-init-model[5.1.46~1-0d031]:InitAmGmm():gmm-init-model.cc:83) Very small count for state 323: 41; corresponding phone list: 103 104 105 106 
WARNING (gmm-init-model[5.1.46~1-0d031]:InitAmGmm():gmm-init-model.cc:83) Very small count for state 327: 38; corresponding phone list: 55 56 57 58 
WARNING (gmm-init-model[5.1.46~1-0d031]:InitAmGmm():gmm-init-model.cc:83) Very small count for state 330: 61; corresponding phone list: 83 84 85 86 
WARNING (gmm-init-model[5.1.46~1-0d031]:InitAmGmm():gmm-init-model.cc:83) Very small count for state 332: 40; corresponding phone list: 59 60 61 62 
WARNING (gmm-init-model[5.1.46~1-0d031]:InitAmGmm():gmm-init-model.cc:83) Very small count for state 334: 72; corresponding phone list: 95 96 97 98 
WARNING (gmm-init-model[5.1.46~1-0d031]:InitAmGmm():gmm-init-model.cc:83) Very small count for state 335: 86; corresponding phone list: 95 96 97 98 
WARNING (gmm-init-model[5.1.46~1-0d031]:InitAmGmm():gmm-init-model.cc:83) Very small count for state 337: 98; corresponding phone list: 139 140 141 142 
WARNING (gmm-init-model[5.1.46~1-0d031]:InitAmGmm():gmm-init-model.cc:83) Very small count for state 338: 98; corresponding phone list: 75 76 78 
WARNING (gmm-init-model[5.1.46~1-0d031]:InitAmGmm():gmm-init-model.cc:83) Very small count for state 343: 49; corresponding phone list: 19 20 21 22 
WARNING (gmm-init-model[5.1.46~1-0d031]:InitAmGmm():gmm-init-model.cc:83) Very small count for state 344: 55; corresponding phone list: 35 36 38 
WARNING (gmm-init-model[5.1.46~1-0d031]:InitAmGmm():gmm-init-model.cc:83) Very small count for state 347: 55; corresponding phone list: 83 84 85 86 
WARNING (gmm-init-model[5.1.46~1-0d031]:InitAmGmm():gmm-init-model.cc:83) Very small count for state 350: 95; corresponding phone list: 11 12 13 14 
WARNING (gmm-init-model[5.1.46~1-0d031]:InitAmGmm():gmm-init-model.cc:83) Very small count for state 352: 80; corresponding phone list: 77 
WARNING (gmm-init-model[5.1.46~1-0d031]:InitAmGmm():gmm-init-model.cc:83) Very small count for state 355: 79; corresponding phone list: 15 16 17 18 
WARNING (gmm-init-model[5.1.46~1-0d031]:InitAmGmm():gmm-init-model.cc:83) Very small count for state 356: 88; corresponding phone list: 111 112 113 114 
WARNING (gmm-init-model[5.1.46~1-0d031]:InitAmGmm():gmm-init-model.cc:83) Very small count for state 357: 96; corresponding phone list: 95 96 97 98 
WARNING (gmm-init-model[5.1.46~1-0d031]:InitAmGmm():gmm-init-model.cc:83) Very small count for state 358: 48; corresponding phone list: 11 12 13 14 
WARNING (gmm-init-model[5.1.46~1-0d031]:InitAmGmm():gmm-init-model.cc:83) Very small count for state 359: 43; corresponding phone list: 47 48 49 50 
WARNING (gmm-init-model[5.1.46~1-0d031]:InitAmGmm():gmm-init-model.cc:83) Very small count for state 360: 80; corresponding phone list: 83 84 85 86 
WARNING (gmm-init-model[5.1.46~1-0d031]:InitAmGmm():gmm-init-model.cc:83) Very small count for state 362: 69; corresponding phone list: 71 72 73 74 
WARNING (gmm-init-model[5.1.46~1-0d031]:InitAmGmm():gmm-init-model.cc:83) Very small count for state 364: 26; corresponding phone list: 51 52 53 54 
WARNING (gmm-init-model[5.1.46~1-0d031]:InitAmGmm():gmm-init-model.cc:83) Very small count for state 367: 79; corresponding phone list: 75 76 78 
WARNING (gmm-init-model[5.1.46~1-0d031]:InitAmGmm():gmm-init-model.cc:83) Very small count for state 369: 84; corresponding phone list: 91 92 93 94 
WARNING (gmm-init-model[5.1.46~1-0d031]:InitAmGmm():gmm-init-model.cc:83) Very small count for state 372: 89; corresponding phone list: 48 49 50 
WARNING (gmm-init-model[5.1.46~1-0d031]:InitAmGmm():gmm-init-model.cc:83) Very small count for state 374: 89; corresponding phone list: 103 104 105 106 
WARNING (gmm-init-model[5.1.46~1-0d031]:InitAmGmm():gmm-init-model.cc:83) Very small count for state 377: 36; corresponding phone list: 131 132 133 134 
WARNING (gmm-init-model[5.1.46~1-0d031]:InitAmGmm():gmm-init-model.cc:83) Very small count for state 379: 90; corresponding phone list: 11 12 13 14 
WARNING (gmm-init-model[5.1.46~1-0d031]:InitAmGmm():gmm-init-model.cc:83) Very small count for state 381: 27; corresponding phone list: 51 52 53 54 
WARNING (gmm-init-model[5.1.46~1-0d031]:InitAmGmm():gmm-init-model.cc:83) Very small count for state 382: 47; corresponding phone list: 111 112 113 114 
WARNING (gmm-init-model[5.1.46~1-0d031]:InitAmGmm():gmm-init-model.cc:83) Very small count for state 384: 64; corresponding phone list: 11 12 13 14 
WARNING (gmm-init-model[5.1.46~1-0d031]:InitAmGmm():gmm-init-model.cc:83) Very small count for state 385: 59; corresponding phone list: 117 
WARNING (gmm-init-model[5.1.46~1-0d031]:InitAmGmm():gmm-init-model.cc:83) Very small count for state 386: 99; corresponding phone list: 43 44 45 46 
WARNING (gmm-init-model[5.1.46~1-0d031]:InitAmGmm():gmm-init-model.cc:83) Very small count for state 387: 98; corresponding phone list: 115 116 117 118 
WARNING (gmm-init-model[5.1.46~1-0d031]:InitAmGmm():gmm-init-model.cc:83) Very small count for state 389: 94; corresponding phone list: 83 84 85 86 
WARNING (gmm-init-model[5.1.46~1-0d031]:InitAmGmm():gmm-init-model.cc:83) Very small count for state 390: 64; corresponding phone list: 71 72 73 74 
WARNING (gmm-init-model[5.1.46~1-0d031]:InitAmGmm():gmm-init-model.cc:83) Very small count for state 392: 91; corresponding phone list: 139 140 141 142 
WARNING (gmm-init-model[5.1.46~1-0d031]:InitAmGmm():gmm-init-model.cc:83) Very small count for state 396: 92; corresponding phone list: 115 116 118 
WARNING (gmm-init-model[5.1.46~1-0d031]:InitAmGmm():gmm-init-model.cc:83) Very small count for state 397: 93; corresponding phone list: 111 112 113 114 
WARNING (gmm-init-model[5.1.46~1-0d031]:InitAmGmm():gmm-init-model.cc:83) Very small count for state 398: 86; corresponding phone list: 11 12 13 14 
WARNING (gmm-init-model[5.1.46~1-0d031]:InitAmGmm():gmm-init-model.cc:83) Very small count for state 403: 93; corresponding phone list: 35 36 38 
WARNING (gmm-init-model[5.1.46~1-0d031]:InitAmGmm():gmm-init-model.cc:83) Very small count for state 405: 84; corresponding phone list: 111 112 113 114 
WARNING (gmm-init-model[5.1.46~1-0d031]:InitAmGmm():gmm-init-model.cc:83) Very small count for state 406: 68; corresponding phone list: 91 92 93 94 
WARNING (gmm-init-model[5.1.46~1-0d031]:InitAmGmm():gmm-init-model.cc:83) Very small count for state 408: 98; corresponding phone list: 19 20 21 22 
WARNING (gmm-init-model[5.1.46~1-0d031]:InitAmGmm():gmm-init-model.cc:83) Very small count for state 409: 78; corresponding phone list: 19 20 21 22 
WARNING (gmm-init-model[5.1.46~1-0d031]:InitAmGmm():gmm-init-model.cc:83) Very small count for state 417: 50; corresponding phone list: 103 104 105 106 
WARNING (gmm-init-model[5.1.46~1-0d031]:InitAmGmm():gmm-init-model.cc:83) Very small count for state 418: 80; corresponding phone list: 39 40 41 42 
WARNING (gmm-init-model[5.1.46~1-0d031]:InitAmGmm():gmm-init-model.cc:83) Very small count for state 419: 72; corresponding phone list: 115 116 117 118 
WARNING (gmm-init-model[5.1.46~1-0d031]:InitAmGmm():gmm-init-model.cc:83) Very small count for state 420: 88; corresponding phone list: 87 89 90 
WARNING (gmm-init-model[5.1.46~1-0d031]:InitAmGmm():gmm-init-model.cc:83) Very small count for state 423: 96; corresponding phone list: 111 112 113 114 
WARNING (gmm-init-model[5.1.46~1-0d031]:InitAmGmm():gmm-init-model.cc:83) Very small count for state 424: 83; corresponding phone list: 35 36 37 38 
WARNING (gmm-init-model[5.1.46~1-0d031]:InitAmGmm():gmm-init-model.cc:83) Very small count for state 426: 88; corresponding phone list: 147 148 149 150 
WARNING (gmm-init-model[5.1.46~1-0d031]:InitAmGmm():gmm-init-model.cc:83) Very small count for state 432: 44; corresponding phone list: 71 72 73 74 
WARNING (gmm-init-model[5.1.46~1-0d031]:InitAmGmm():gmm-init-model.cc:83) Very small count for state 433: 64; corresponding phone list: 19 20 21 22 
WARNING (gmm-init-model[5.1.46~1-0d031]:InitAmGmm():gmm-init-model.cc:83) Very small count for state 438: 82; corresponding phone list: 71 72 73 74 
WARNING (gmm-init-model[5.1.46~1-0d031]:InitAmGmm():gmm-init-model.cc:83) Very small count for state 440: 52; corresponding phone list: 47 48 49 50 
WARNING (gmm-init-model[5.1.46~1-0d031]:InitAmGmm():gmm-init-model.cc:83) Very small count for state 444: 76; corresponding phone list: 95 96 97 98 
WARNING (gmm-init-model[5.1.46~1-0d031]:InitAmGmm():gmm-init-model.cc:83) Very small count for state 446: 39; corresponding phone list: 108 109 110 
WARNING (gmm-init-model[5.1.46~1-0d031]:InitAmGmm():gmm-init-model.cc:83) Very small count for state 447: 97; corresponding phone list: 31 32 33 34 
WARNING (gmm-init-model[5.1.46~1-0d031]:InitAmGmm():gmm-init-model.cc:83) Very small count for state 448: 66; corresponding phone list: 111 112 113 114 
WARNING (gmm-init-model[5.1.46~1-0d031]:InitAmGmm():gmm-init-model.cc:83) Very small count for state 453: 62; corresponding phone list: 115 116 117 118 
WARNING (gmm-init-model[5.1.46~1-0d031]:InitAmGmm():gmm-init-model.cc:83) Very small count for state 454: 49; corresponding phone list: 39 40 41 42 
WARNING (gmm-init-model[5.1.46~1-0d031]:InitAmGmm():gmm-init-model.cc:83) Very small count for state 458: 67; corresponding phone list: 111 112 113 114 
WARNING (gmm-init-model[5.1.46~1-0d031]:InitAmGmm():gmm-init-model.cc:83) Very small count for state 465: 97; corresponding phone list: 99 100 101 102 
WARNING (gmm-init-model[5.1.46~1-0d031]:InitAmGmm():gmm-init-model.cc:83) Very small count for state 466: 44; corresponding phone list: 15 16 17 18 
WARNING (gmm-init-model[5.1.46~1-0d031]:InitAmGmm():gmm-init-model.cc:83) Very small count for state 472: 50; corresponding phone list: 48 49 50 
WARNING (gmm-init-model[5.1.46~1-0d031]:InitAmGmm():gmm-init-model.cc:83) Very small count for state 475: 85; corresponding phone list: 107 108 109 110 
WARNING (gmm-init-model[5.1.46~1-0d031]:InitAmGmm():gmm-init-model.cc:83) Very small count for state 479: 36; corresponding phone list: 19 20 21 22 
WARNING (gmm-init-model[5.1.46~1-0d031]:InitAmGmm():gmm-init-model.cc:83) Very small count for state 480: 27; corresponding phone list: 131 132 133 134 
WARNING (gmm-init-model[5.1.46~1-0d031]:InitAmGmm():gmm-init-model.cc:83) Very small count for state 482: 61; corresponding phone list: 131 132 133 134 
WARNING (gmm-init-model[5.1.46~1-0d031]:InitAmGmm():gmm-init-model.cc:83) Very small count for state 484: 76; corresponding phone list: 24 25 26 
WARNING (gmm-init-model[5.1.46~1-0d031]:InitAmGmm():gmm-init-model.cc:83) Very small count for state 485: 88; corresponding phone list: 15 16 17 18 
WARNING (gmm-init-model[5.1.46~1-0d031]:InitAmGmm():gmm-init-model.cc:83) Very small count for state 490: 90; corresponding phone list: 95 97 98 
WARNING (gmm-init-model[5.1.46~1-0d031]:InitAmGmm():gmm-init-model.cc:83) Very small count for state 492: 61; corresponding phone list: 43 44 45 46 
WARNING (gmm-init-model[5.1.46~1-0d031]:InitAmGmm():gmm-init-model.cc:83) Very small count for state 493: 47; corresponding phone list: 91 92 93 94 
WARNING (gmm-init-model[5.1.46~1-0d031]:InitAmGmm():gmm-init-model.cc:83) Very small count for state 496: 92; corresponding phone list: 95 97 98 
WARNING (gmm-init-model[5.1.46~1-0d031]:InitAmGmm():gmm-init-model.cc:83) Very small count for state 499: 95; corresponding phone list: 83 84 85 86 
WARNING (gmm-init-model[5.1.46~1-0d031]:InitAmGmm():gmm-init-model.cc:83) Very small count for state 500: 42; corresponding phone list: 95 96 97 98 
WARNING (gmm-init-model[5.1.46~1-0d031]:InitAmGmm():gmm-init-model.cc:83) Very small count for state 501: 47; corresponding phone list: 55 56 57 58 
WARNING (gmm-init-model[5.1.46~1-0d031]:InitAmGmm():gmm-init-model.cc:83) Very small count for state 503: 69; corresponding phone list: 87 89 90 
WARNING (gmm-init-model[5.1.46~1-0d031]:InitAmGmm():gmm-init-model.cc:83) Very small count for state 505: 78; corresponding phone list: 19 20 21 22 
WARNING (gmm-init-model[5.1.46~1-0d031]:InitAmGmm():gmm-init-model.cc:83) Very small count for state 506: 21; corresponding phone list: 71 72 73 74 
WARNING (gmm-init-model[5.1.46~1-0d031]:InitAmGmm():gmm-init-model.cc:83) Very small count for state 509: 98; corresponding phone list: 107 109 110 
WARNING (gmm-init-model[5.1.46~1-0d031]:InitAmGmm():gmm-init-model.cc:83) Very small count for state 511: 81; corresponding phone list: 48 49 50 
WARNING (gmm-init-model[5.1.46~1-0d031]:InitAmGmm():gmm-init-model.cc:83) Very small count for state 513: 48; corresponding phone list: 107 108 109 110 
WARNING (gmm-init-model[5.1.46~1-0d031]:InitAmGmm():gmm-init-model.cc:83) Very small count for state 515: 40; corresponding phone list: 15 16 17 18 
WARNING (gmm-init-model[5.1.46~1-0d031]:InitAmGmm():gmm-init-model.cc:83) Very small count for state 517: 62; corresponding phone list: 83 84 85 86 
WARNING (gmm-init-model[5.1.46~1-0d031]:InitAmGmm():gmm-init-model.cc:83) Very small count for state 523: 57; corresponding phone list: 75 76 78 
WARNING (gmm-init-model[5.1.46~1-0d031]:InitAmGmm():gmm-init-model.cc:83) Very small count for state 524: 40; corresponding phone list: 71 72 73 74 
WARNING (gmm-init-model[5.1.46~1-0d031]:InitAmGmm():gmm-init-model.cc:83) Very small count for state 525: 55; corresponding phone list: 111 112 113 114 
WARNING (gmm-init-model[5.1.46~1-0d031]:InitAmGmm():gmm-init-model.cc:83) Very small count for state 526: 40; corresponding phone list: 47 48 49 50 
WARNING (gmm-init-model[5.1.46~1-0d031]:InitAmGmm():gmm-init-model.cc:83) Very small count for state 528: 44; corresponding phone list: 83 85 86 
WARNING (gmm-init-model[5.1.46~1-0d031]:InitAmGmm():gmm-init-model.cc:83) Very small count for state 529: 68; corresponding phone list: 37 
WARNING (gmm-init-model[5.1.46~1-0d031]:InitAmGmm():gmm-init-model.cc:83) Very small count for state 530: 72; corresponding phone list: 147 148 149 150 
WARNING (gmm-init-model[5.1.46~1-0d031]:InitAmGmm():gmm-init-model.cc:83) Very small count for state 531: 83; corresponding phone list: 35 36 37 38 
WARNING (gmm-init-model[5.1.46~1-0d031]:InitAmGmm():gmm-init-model.cc:83) Very small count for state 533: 60; corresponding phone list: 91 92 93 94 
WARNING (gmm-init-model[5.1.46~1-0d031]:InitAmGmm():gmm-init-model.cc:83) Very small count for state 535: 94; corresponding phone list: 111 112 113 114 
WARNING (gmm-init-model[5.1.46~1-0d031]:InitAmGmm():gmm-init-model.cc:83) Very small count for state 536: 64; corresponding phone list: 55 56 57 58 
WARNING (gmm-init-model[5.1.46~1-0d031]:InitAmGmm():gmm-init-model.cc:83) Very small count for state 539: 94; corresponding phone list: 59 60 61 62 
WARNING (gmm-init-model[5.1.46~1-0d031]:InitAmGmm():gmm-init-model.cc:83) Very small count for state 540: 73; corresponding phone list: 35 36 38 
WARNING (gmm-init-model[5.1.46~1-0d031]:InitAmGmm():gmm-init-model.cc:83) Very small count for state 542: 40; corresponding phone list: 71 72 73 74 
WARNING (gmm-init-model[5.1.46~1-0d031]:InitAmGmm():gmm-init-model.cc:83) Very small count for state 544: 66; corresponding phone list: 67 68 69 70 
WARNING (gmm-init-model[5.1.46~1-0d031]:InitAmGmm():gmm-init-model.cc:83) Very small count for state 545: 58; corresponding phone list: 147 148 149 150 
LOG (gmm-init-model[5.1.46~1-0d031]:main():gmm-init-model.cc:306) Wrote model.
# Accounting: time=0 threads=1
# Ended (code 0) at Tue Nov 14 18:38:14 SAST 2017, elapsed time 0 seconds
