# gmm-est --mix-up=9920 --power=0.25 --write-occs=exp/tri1/24.occs exp/tri1/23.mdl "gmm-sum-accs - exp/tri1/23.*.acc |" exp/tri1/24.mdl 
# Started at Sun Nov 19 12:43:03 SAST 2017
#
gmm-est --mix-up=9920 --power=0.25 --write-occs=exp/tri1/24.occs exp/tri1/23.mdl 'gmm-sum-accs - exp/tri1/23.*.acc |' exp/tri1/24.mdl 
gmm-sum-accs - exp/tri1/23.1.acc 
LOG (gmm-sum-accs[5.1.46~1-0d031]:main():gmm-sum-accs.cc:63) Summed 1 stats, total count 133597, avg like/frame -77.283
LOG (gmm-sum-accs[5.1.46~1-0d031]:main():gmm-sum-accs.cc:66) Total count of stats is 133597
LOG (gmm-sum-accs[5.1.46~1-0d031]:main():gmm-sum-accs.cc:67) Written stats to -
LOG (gmm-est[5.1.46~1-0d031]:MleUpdate():transition-model.cc:517) TransitionModel::Update, objf change is 0 per frame over 133597 frames. 
LOG (gmm-est[5.1.46~1-0d031]:MleUpdate():transition-model.cc:520) 99 probabilities floored, 1623 out of 2515 transition-states skipped due to insuffient data (it is normal to have some skipped.)
LOG (gmm-est[5.1.46~1-0d031]:main():gmm-est.cc:102) Transition model update: Overall 0 log-like improvement per frame over 133597 frames.
WARNING (gmm-est[5.1.46~1-0d031]:MleDiagGmmUpdate():mle-diag-gmm.cc:359) Too little data - removing Gaussian (weight 0.000314, occupation count 9.970760, vector size 39)
WARNING (gmm-est[5.1.46~1-0d031]:MleDiagGmmUpdate():mle-diag-gmm.cc:359) Too little data - removing Gaussian (weight 0.000314, occupation count 9.977170, vector size 39)
WARNING (gmm-est[5.1.46~1-0d031]:MleDiagGmmUpdate():mle-diag-gmm.cc:359) Too little data - removing Gaussian (weight 0.000314, occupation count 9.972472, vector size 39)
WARNING (gmm-est[5.1.46~1-0d031]:MleDiagGmmUpdate():mle-diag-gmm.cc:359) Too little data - removing Gaussian (weight 0.000300, occupation count 9.529820, vector size 39)
WARNING (gmm-est[5.1.46~1-0d031]:MleDiagGmmUpdate():mle-diag-gmm.cc:365) Gaussian has too little data but not removing it because it is the last Gaussian: i = 0, occ = 0, weight = 1
WARNING (gmm-est[5.1.46~1-0d031]:MleDiagGmmUpdate():mle-diag-gmm.cc:359) Too little data - removing Gaussian (weight 0.000782, occupation count 9.993812, vector size 39)
WARNING (gmm-est[5.1.46~1-0d031]:MleDiagGmmUpdate():mle-diag-gmm.cc:359) Too little data - removing Gaussian (weight 0.022117, occupation count 9.974821, vector size 39)
WARNING (gmm-est[5.1.46~1-0d031]:MleDiagGmmUpdate():mle-diag-gmm.cc:359) Too little data - removing Gaussian (weight 0.019646, occupation count 9.980010, vector size 39)
LOG (gmm-est[5.1.46~1-0d031]:MleAmDiagGmmUpdate():mle-am-diag-gmm.cc:225) 5 variance elements floored in 5 Gaussians, out of 6393
LOG (gmm-est[5.1.46~1-0d031]:MleAmDiagGmmUpdate():mle-am-diag-gmm.cc:229) Removed 7 Gaussians due to counts < --min-gaussian-occupancy=10 and --remove-low-count-gaussians=true
LOG (gmm-est[5.1.46~1-0d031]:main():gmm-est.cc:113) GMM update: Overall 0.0185898 objective function improvement per frame over 133597 frames
LOG (gmm-est[5.1.46~1-0d031]:main():gmm-est.cc:116) GMM update: Overall avg like per frame = -77.283 over 133597 frames.
WARNING (gmm-est[5.1.46~1-0d031]:GetSplitTargets():model-common.cc:134) Could not split up to 9920 due to min-count = 20 (or no counts at all)
LOG (gmm-est[5.1.46~1-0d031]:SplitByCount():am-diag-gmm.cc:116) Split 602 states with target = 9920, power = 0.25, perturb_factor = 0.01 and min_count = 20, split #Gauss from 6393 to 6400
LOG (gmm-est[5.1.46~1-0d031]:main():gmm-est.cc:146) Written model to exp/tri1/24.mdl
# Accounting: time=0 threads=1
# Ended (code 0) at Sun Nov 19 12:43:03 SAST 2017, elapsed time 0 seconds
