# gmm-est --mix-up=8120 --power=0.25 --write-occs=exp/tri1/19.occs exp/tri1/18.mdl "gmm-sum-accs - exp/tri1/18.*.acc |" exp/tri1/19.mdl 
# Started at Wed Nov 15 22:18:49 SAST 2017
#
gmm-est --mix-up=8120 --power=0.25 --write-occs=exp/tri1/19.occs exp/tri1/18.mdl 'gmm-sum-accs - exp/tri1/18.*.acc |' exp/tri1/19.mdl 
gmm-sum-accs - exp/tri1/18.1.acc 
LOG (gmm-sum-accs[5.1.46~1-0d031]:main():gmm-sum-accs.cc:63) Summed 1 stats, total count 122767, avg like/frame -77.4706
LOG (gmm-sum-accs[5.1.46~1-0d031]:main():gmm-sum-accs.cc:66) Total count of stats is 122767
LOG (gmm-sum-accs[5.1.46~1-0d031]:main():gmm-sum-accs.cc:67) Written stats to -
LOG (gmm-est[5.1.46~1-0d031]:MleUpdate():transition-model.cc:517) TransitionModel::Update, objf change is 0 per frame over 122767 frames. 
LOG (gmm-est[5.1.46~1-0d031]:MleUpdate():transition-model.cc:520) 77 probabilities floored, 1472 out of 2279 transition-states skipped due to insuffient data (it is normal to have some skipped.)
LOG (gmm-est[5.1.46~1-0d031]:main():gmm-est.cc:102) Transition model update: Overall 0 log-like improvement per frame over 122767 frames.
WARNING (gmm-est[5.1.46~1-0d031]:MleDiagGmmUpdate():mle-diag-gmm.cc:359) Too little data - removing Gaussian (weight 0.000323, occupation count 9.441078, vector size 39)
WARNING (gmm-est[5.1.46~1-0d031]:MleDiagGmmUpdate():mle-diag-gmm.cc:359) Too little data - removing Gaussian (weight 0.000323, occupation count 9.442816, vector size 39)
WARNING (gmm-est[5.1.46~1-0d031]:MleDiagGmmUpdate():mle-diag-gmm.cc:359) Too little data - removing Gaussian (weight 0.000328, occupation count 9.593930, vector size 39)
WARNING (gmm-est[5.1.46~1-0d031]:MleDiagGmmUpdate():mle-diag-gmm.cc:359) Too little data - removing Gaussian (weight 0.000329, occupation count 9.616802, vector size 39)
WARNING (gmm-est[5.1.46~1-0d031]:MleDiagGmmUpdate():mle-diag-gmm.cc:359) Too little data - removing Gaussian (weight 0.000328, occupation count 9.585037, vector size 39)
WARNING (gmm-est[5.1.46~1-0d031]:MleDiagGmmUpdate():mle-diag-gmm.cc:359) Too little data - removing Gaussian (weight 0.000342, occupation count 9.997588, vector size 39)
WARNING (gmm-est[5.1.46~1-0d031]:MleDiagGmmUpdate():mle-diag-gmm.cc:359) Too little data - removing Gaussian (weight 0.000310, occupation count 9.074339, vector size 39)
WARNING (gmm-est[5.1.46~1-0d031]:MleDiagGmmUpdate():mle-diag-gmm.cc:365) Gaussian has too little data but not removing it because it is the last Gaussian: i = 0, occ = 0, weight = 1
WARNING (gmm-est[5.1.46~1-0d031]:MleDiagGmmUpdate():mle-diag-gmm.cc:359) Too little data - removing Gaussian (weight 0.070688, occupation count 9.613603, vector size 39)
WARNING (gmm-est[5.1.46~1-0d031]:MleDiagGmmUpdate():mle-diag-gmm.cc:359) Too little data - removing Gaussian (weight 0.070289, occupation count 9.981028, vector size 39)
WARNING (gmm-est[5.1.46~1-0d031]:MleDiagGmmUpdate():mle-diag-gmm.cc:359) Too little data - removing Gaussian (weight 0.123445, occupation count 9.999028, vector size 39)
LOG (gmm-est[5.1.46~1-0d031]:MleAmDiagGmmUpdate():mle-am-diag-gmm.cc:225) 2 variance elements floored in 2 Gaussians, out of 5858
LOG (gmm-est[5.1.46~1-0d031]:MleAmDiagGmmUpdate():mle-am-diag-gmm.cc:229) Removed 10 Gaussians due to counts < --min-gaussian-occupancy=10 and --remove-low-count-gaussians=true
LOG (gmm-est[5.1.46~1-0d031]:main():gmm-est.cc:113) GMM update: Overall 0.0657734 objective function improvement per frame over 122767 frames
LOG (gmm-est[5.1.46~1-0d031]:main():gmm-est.cc:116) GMM update: Overall avg like per frame = -77.4706 over 122767 frames.
WARNING (gmm-est[5.1.46~1-0d031]:GetSplitTargets():model-common.cc:134) Could not split up to 8120 due to min-count = 20 (or no counts at all)
LOG (gmm-est[5.1.46~1-0d031]:SplitByCount():am-diag-gmm.cc:116) Split 563 states with target = 8120, power = 0.25, perturb_factor = 0.01 and min_count = 20, split #Gauss from 5858 to 5868
LOG (gmm-est[5.1.46~1-0d031]:main():gmm-est.cc:146) Written model to exp/tri1/19.mdl
# Accounting: time=0 threads=1
# Ended (code 0) at Wed Nov 15 22:18:49 SAST 2017, elapsed time 0 seconds
