# lattice-scale --inv-acoustic-scale=10 "ark:gunzip -c exp/tri1/decode/lat.*.gz|" ark:- | lattice-add-penalty --word-ins-penalty=0.0 ark:- ark:- | lattice-best-path --word-symbol-table=exp/tri1/graph/words.txt ark:- ark,t:exp/tri1/decode/scoring/10.tra 
# Started at Tue Oct  3 21:48:40 SAST 2017
#
lattice-add-penalty --word-ins-penalty=0.0 ark:- ark:- 
lattice-scale --inv-acoustic-scale=10 'ark:gunzip -c exp/tri1/decode/lat.*.gz|' ark:- 
lattice-best-path --word-symbol-table=exp/tri1/graph/words.txt ark:- ark,t:exp/tri1/decode/scoring/10.tra 
LOG (lattice-best-path[5.1.46~1-0d031]:main():lattice-best-path.cc:99) For utterance 00014_00015cmplx, best cost 19.1191 + 1049.32 = 1068.43 over 120 frames.
LOG (lattice-scale[5.1.46~1-0d031]:main():lattice-scale.cc:90) Done 11 lattices.
LOG (lattice-add-penalty[5.1.46~1-0d031]:main():lattice-add-penalty.cc:62) Done adding word insertion penalty to 11 lattices.
00014_00015cmplx window minimise 
LOG (lattice-best-path[5.1.46~1-0d031]:main():lattice-best-path.cc:99) For utterance 00027_00028cmplx, best cost 17.8796 + 904.427 = 922.307 over 107 frames.
00027_00028cmplx switch back 
LOG (lattice-best-path[5.1.46~1-0d031]:main():lattice-best-path.cc:99) For utterance 00039_00040cmplx, best cost 20.0881 + 913.281 = 933.369 over 107 frames.
00039_00040cmplx switch back 
LOG (lattice-best-path[5.1.46~1-0d031]:main():lattice-best-path.cc:99) For utterance 00040_00041cmplx, best cost 16.3128 + 892.685 = 908.998 over 100 frames.
00040_00041cmplx escape 
LOG (lattice-best-path[5.1.46~1-0d031]:main():lattice-best-path.cc:99) For utterance 00052_00053cmplx, best cost 35.742 + 1802.47 = 1838.21 over 177 frames.
00052_00053cmplx whisky juliet one left three 
LOG (lattice-best-path[5.1.46~1-0d031]:main():lattice-best-path.cc:99) For utterance 00067_00068cmplx, best cost 16.7794 + 1005.46 = 1022.24 over 107 frames.
00067_00068cmplx echo oscar 
LOG (lattice-best-path[5.1.46~1-0d031]:main():lattice-best-path.cc:99) For utterance 00070_00071cmplx, best cost 24.5972 + 1509.97 = 1534.57 over 164 frames.
00070_00071cmplx four foxtrot ten 
LOG (lattice-best-path[5.1.46~1-0d031]:main():lattice-best-path.cc:99) For utterance 00072_00073cmplx, best cost 47.4656 + 2210.5 = 2257.97 over 228 frames.
00072_00073cmplx foxtrot juliet three zulu papa zulu one 
LOG (lattice-best-path[5.1.46~1-0d031]:main():lattice-best-path.cc:99) For utterance 00086_00085cmplx, best cost 40.093 + 2118.29 = 2158.38 over 235 frames.
00086_00085cmplx four five echo india bravo sierra 
LOG (lattice-best-path[5.1.46~1-0d031]:main():lattice-best-path.cc:99) For utterance 00092_00091cmplx, best cost 30.8872 + 1750.52 = 1781.41 over 190 frames.
00092_00091cmplx zulu romeo kilo echo 
LOG (lattice-best-path[5.1.46~1-0d031]:main():lattice-best-path.cc:99) For utterance 00099_00098cmplx, best cost 28.5409 + 1279.39 = 1307.93 over 132 frames.
00099_00098cmplx nine sierra lima lima 
LOG (lattice-best-path[5.1.46~1-0d031]:main():lattice-best-path.cc:124) Overall cost per frame is 9.43841 = 0.178467 [graph] + 9.25994 [acoustic] over 1667 frames.
LOG (lattice-best-path[5.1.46~1-0d031]:main():lattice-best-path.cc:128) Done 11 lattices, failed for 0
# Accounting: time=0 threads=1
# Ended (code 0) at Tue Oct  3 21:48:40 SAST 2017, elapsed time 0 seconds
