# gmm-align-compiled --transition-scale=1.0 --acoustic-scale=0.1 --self-loop-scale=0.1 --beam=10 --retry-beam=40 --careful=false "gmm-boost-silence --boost=1.0 1 exp/mono/35.mdl - |" "ark:gunzip -c exp/mono/fsts.1.gz|" "ark,s,cs:apply-cmvn  --utt2spk=ark:data/train/split1/1/utt2spk scp:data/train/split1/1/cmvn.scp scp:data/train/split1/1/feats.scp ark:- | add-deltas ark:- ark:- |" "ark,t:|gzip -c >exp/mono/ali.1.gz" 
# Started at Tue Nov 14 18:37:28 SAST 2017
#
gmm-align-compiled --transition-scale=1.0 --acoustic-scale=0.1 --self-loop-scale=0.1 --beam=10 --retry-beam=40 --careful=false 'gmm-boost-silence --boost=1.0 1 exp/mono/35.mdl - |' 'ark:gunzip -c exp/mono/fsts.1.gz|' 'ark,s,cs:apply-cmvn  --utt2spk=ark:data/train/split1/1/utt2spk scp:data/train/split1/1/cmvn.scp scp:data/train/split1/1/feats.scp ark:- | add-deltas ark:- ark:- |' 'ark,t:|gzip -c >exp/mono/ali.1.gz' 
gmm-boost-silence --boost=1.0 1 exp/mono/35.mdl - 
WARNING (gmm-boost-silence[5.1.46~1-0d031]:main():gmm-boost-silence.cc:82) The pdfs for the silence phones may be shared by other phones (note: this probably does not matter.)
LOG (gmm-boost-silence[5.1.46~1-0d031]:main():gmm-boost-silence.cc:93) Boosted weights for 5 pdfs, by factor of 1
LOG (gmm-boost-silence[5.1.46~1-0d031]:main():gmm-boost-silence.cc:103) Wrote model to -
add-deltas ark:- ark:- 
apply-cmvn --utt2spk=ark:data/train/split1/1/utt2spk scp:data/train/split1/1/cmvn.scp scp:data/train/split1/1/feats.scp ark:- 
WARNING (gmm-align-compiled[5.1.46~1-0d031]:main():gmm-align-compiled.cc:98) No features for utterance LIVE00000091_00003
WARNING (gmm-align-compiled[5.1.46~1-0d031]:main():gmm-align-compiled.cc:98) No features for utterance LIVE00000091_00004
WARNING (gmm-align-compiled[5.1.46~1-0d031]:main():gmm-align-compiled.cc:98) No features for utterance LIVE00000091_00006
WARNING (gmm-align-compiled[5.1.46~1-0d031]:main():gmm-align-compiled.cc:98) No features for utterance LIVE00000091_00007
WARNING (gmm-align-compiled[5.1.46~1-0d031]:main():gmm-align-compiled.cc:98) No features for utterance LIVE00000092_00000
WARNING (gmm-align-compiled[5.1.46~1-0d031]:main():gmm-align-compiled.cc:98) No features for utterance LIVE00000092_00004
WARNING (gmm-align-compiled[5.1.46~1-0d031]:main():gmm-align-compiled.cc:98) No features for utterance LIVE00000092_00007
WARNING (gmm-align-compiled[5.1.46~1-0d031]:main():gmm-align-compiled.cc:98) No features for utterance LIVE00000092_00009
WARNING (gmm-align-compiled[5.1.46~1-0d031]:main():gmm-align-compiled.cc:98) No features for utterance LIVE00000092_00015
WARNING (gmm-align-compiled[5.1.46~1-0d031]:main():gmm-align-compiled.cc:98) No features for utterance LIVE00000092_00019
WARNING (gmm-align-compiled[5.1.46~1-0d031]:main():gmm-align-compiled.cc:98) No features for utterance LIVE00000092_00020
WARNING (gmm-align-compiled[5.1.46~1-0d031]:main():gmm-align-compiled.cc:98) No features for utterance LIVE00000092_00021
WARNING (gmm-align-compiled[5.1.46~1-0d031]:main():gmm-align-compiled.cc:98) No features for utterance LIVE00000092_00022
WARNING (gmm-align-compiled[5.1.46~1-0d031]:main():gmm-align-compiled.cc:98) No features for utterance LIVE00000092_00023
WARNING (gmm-align-compiled[5.1.46~1-0d031]:main():gmm-align-compiled.cc:98) No features for utterance LIVE00000092_00024
WARNING (gmm-align-compiled[5.1.46~1-0d031]:main():gmm-align-compiled.cc:98) No features for utterance LIVE00000092_00031
WARNING (gmm-align-compiled[5.1.46~1-0d031]:main():gmm-align-compiled.cc:98) No features for utterance LIVE00000092_00033
WARNING (gmm-align-compiled[5.1.46~1-0d031]:main():gmm-align-compiled.cc:98) No features for utterance LIVE00000092_00035
WARNING (gmm-align-compiled[5.1.46~1-0d031]:main():gmm-align-compiled.cc:98) No features for utterance LIVE00000092_00036
WARNING (gmm-align-compiled[5.1.46~1-0d031]:main():gmm-align-compiled.cc:98) No features for utterance LIVE00000092_00037
WARNING (gmm-align-compiled[5.1.46~1-0d031]:main():gmm-align-compiled.cc:98) No features for utterance LIVE00000092_00038
WARNING (gmm-align-compiled[5.1.46~1-0d031]:main():gmm-align-compiled.cc:98) No features for utterance LIVE00000092_00039
WARNING (gmm-align-compiled[5.1.46~1-0d031]:main():gmm-align-compiled.cc:98) No features for utterance LIVE00000092_00043
WARNING (gmm-align-compiled[5.1.46~1-0d031]:main():gmm-align-compiled.cc:98) No features for utterance LIVE00000092_00044
WARNING (gmm-align-compiled[5.1.46~1-0d031]:main():gmm-align-compiled.cc:98) No features for utterance LIVE00000092_00045
WARNING (gmm-align-compiled[5.1.46~1-0d031]:main():gmm-align-compiled.cc:98) No features for utterance LIVE00000092_00047
WARNING (gmm-align-compiled[5.1.46~1-0d031]:main():gmm-align-compiled.cc:98) No features for utterance LIVE00000092_00049
WARNING (gmm-align-compiled[5.1.46~1-0d031]:main():gmm-align-compiled.cc:98) No features for utterance LIVE00000092_00050
WARNING (gmm-align-compiled[5.1.46~1-0d031]:main():gmm-align-compiled.cc:98) No features for utterance LIVE00000092_00051
WARNING (gmm-align-compiled[5.1.46~1-0d031]:main():gmm-align-compiled.cc:98) No features for utterance LIVE00000092_00052
WARNING (gmm-align-compiled[5.1.46~1-0d031]:main():gmm-align-compiled.cc:98) No features for utterance LIVE00000092_00053
WARNING (gmm-align-compiled[5.1.46~1-0d031]:main():gmm-align-compiled.cc:98) No features for utterance LIVE00000092_00054
WARNING (gmm-align-compiled[5.1.46~1-0d031]:main():gmm-align-compiled.cc:98) No features for utterance LIVE00000092_00055
WARNING (gmm-align-compiled[5.1.46~1-0d031]:main():gmm-align-compiled.cc:98) No features for utterance LIVE00000092_00056
WARNING (gmm-align-compiled[5.1.46~1-0d031]:main():gmm-align-compiled.cc:98) No features for utterance LIVE00000092_00059
WARNING (gmm-align-compiled[5.1.46~1-0d031]:main():gmm-align-compiled.cc:98) No features for utterance LIVE00000092_00060
WARNING (gmm-align-compiled[5.1.46~1-0d031]:main():gmm-align-compiled.cc:98) No features for utterance LIVE00000093_00000
WARNING (gmm-align-compiled[5.1.46~1-0d031]:main():gmm-align-compiled.cc:98) No features for utterance LIVE00000093_00001
WARNING (gmm-align-compiled[5.1.46~1-0d031]:main():gmm-align-compiled.cc:98) No features for utterance LIVE00000093_00002
WARNING (gmm-align-compiled[5.1.46~1-0d031]:main():gmm-align-compiled.cc:98) No features for utterance LIVE00000093_00004
WARNING (gmm-align-compiled[5.1.46~1-0d031]:main():gmm-align-compiled.cc:98) No features for utterance LIVE00000093_00006
WARNING (gmm-align-compiled[5.1.46~1-0d031]:main():gmm-align-compiled.cc:98) No features for utterance LIVE00000093_00007
WARNING (gmm-align-compiled[5.1.46~1-0d031]:main():gmm-align-compiled.cc:98) No features for utterance LIVE00000093_00008
WARNING (gmm-align-compiled[5.1.46~1-0d031]:main():gmm-align-compiled.cc:98) No features for utterance LIVE00000093_00010
WARNING (gmm-align-compiled[5.1.46~1-0d031]:main():gmm-align-compiled.cc:98) No features for utterance LIVE00000093_00011
WARNING (gmm-align-compiled[5.1.46~1-0d031]:main():gmm-align-compiled.cc:98) No features for utterance LIVE00000093_00013
WARNING (gmm-align-compiled[5.1.46~1-0d031]:main():gmm-align-compiled.cc:98) No features for utterance LIVE00000094_00003
WARNING (gmm-align-compiled[5.1.46~1-0d031]:main():gmm-align-compiled.cc:98) No features for utterance LIVE00000094_00004
WARNING (gmm-align-compiled[5.1.46~1-0d031]:main():gmm-align-compiled.cc:98) No features for utterance LIVE00000094_00006
WARNING (gmm-align-compiled[5.1.46~1-0d031]:main():gmm-align-compiled.cc:98) No features for utterance LIVE00000094_00007
WARNING (gmm-align-compiled[5.1.46~1-0d031]:main():gmm-align-compiled.cc:98) No features for utterance LIVE00000094_00008
WARNING (gmm-align-compiled[5.1.46~1-0d031]:main():gmm-align-compiled.cc:98) No features for utterance LIVE00000094_00011
WARNING (gmm-align-compiled[5.1.46~1-0d031]:main():gmm-align-compiled.cc:98) No features for utterance LIVE00000094_00012
WARNING (gmm-align-compiled[5.1.46~1-0d031]:main():gmm-align-compiled.cc:98) No features for utterance LIVE00000094_00013
WARNING (gmm-align-compiled[5.1.46~1-0d031]:main():gmm-align-compiled.cc:98) No features for utterance LIVE00000094_00016
WARNING (gmm-align-compiled[5.1.46~1-0d031]:main():gmm-align-compiled.cc:98) No features for utterance LIVE00000094_00017
WARNING (gmm-align-compiled[5.1.46~1-0d031]:main():gmm-align-compiled.cc:98) No features for utterance LIVE00000094_00018
WARNING (gmm-align-compiled[5.1.46~1-0d031]:main():gmm-align-compiled.cc:98) No features for utterance LIVE00000094_00020
WARNING (gmm-align-compiled[5.1.46~1-0d031]:main():gmm-align-compiled.cc:98) No features for utterance LIVE00000094_00021
WARNING (gmm-align-compiled[5.1.46~1-0d031]:main():gmm-align-compiled.cc:98) No features for utterance LIVE00000094_00022
WARNING (gmm-align-compiled[5.1.46~1-0d031]:main():gmm-align-compiled.cc:98) No features for utterance LIVE00000094_00023
WARNING (gmm-align-compiled[5.1.46~1-0d031]:main():gmm-align-compiled.cc:98) No features for utterance LIVE00000095_00002
WARNING (gmm-align-compiled[5.1.46~1-0d031]:main():gmm-align-compiled.cc:98) No features for utterance LIVE00000095_00003
WARNING (gmm-align-compiled[5.1.46~1-0d031]:main():gmm-align-compiled.cc:98) No features for utterance LIVE00000095_00008
WARNING (gmm-align-compiled[5.1.46~1-0d031]:main():gmm-align-compiled.cc:98) No features for utterance LIVE00000095_00009
WARNING (gmm-align-compiled[5.1.46~1-0d031]:main():gmm-align-compiled.cc:98) No features for utterance LIVE00000095_00010
WARNING (gmm-align-compiled[5.1.46~1-0d031]:main():gmm-align-compiled.cc:98) No features for utterance LIVE00000095_00011
WARNING (gmm-align-compiled[5.1.46~1-0d031]:main():gmm-align-compiled.cc:98) No features for utterance LIVE00000104_00000
WARNING (gmm-align-compiled[5.1.46~1-0d031]:main():gmm-align-compiled.cc:98) No features for utterance LIVE00000108_00001
WARNING (gmm-align-compiled[5.1.46~1-0d031]:main():gmm-align-compiled.cc:98) No features for utterance LIVE00000110_00002
WARNING (gmm-align-compiled[5.1.46~1-0d031]:main():gmm-align-compiled.cc:98) No features for utterance LIVE00000111_00000
WARNING (gmm-align-compiled[5.1.46~1-0d031]:main():gmm-align-compiled.cc:98) No features for utterance LIVE00000111_00002
WARNING (gmm-align-compiled[5.1.46~1-0d031]:main():gmm-align-compiled.cc:98) No features for utterance LIVE00000111_00003
WARNING (gmm-align-compiled[5.1.46~1-0d031]:main():gmm-align-compiled.cc:98) No features for utterance LIVE00000111_00004
WARNING (gmm-align-compiled[5.1.46~1-0d031]:main():gmm-align-compiled.cc:98) No features for utterance LIVE00000111_00006
WARNING (gmm-align-compiled[5.1.46~1-0d031]:main():gmm-align-compiled.cc:98) No features for utterance LIVE00000111_00007
WARNING (gmm-align-compiled[5.1.46~1-0d031]:main():gmm-align-compiled.cc:98) No features for utterance LIVE00000112_00001
WARNING (gmm-align-compiled[5.1.46~1-0d031]:main():gmm-align-compiled.cc:98) No features for utterance LIVE00000112_00008
WARNING (gmm-align-compiled[5.1.46~1-0d031]:main():gmm-align-compiled.cc:98) No features for utterance LIVE00000112_00012
WARNING (gmm-align-compiled[5.1.46~1-0d031]:main():gmm-align-compiled.cc:98) No features for utterance LIVE00000113_00000
WARNING (gmm-align-compiled[5.1.46~1-0d031]:main():gmm-align-compiled.cc:98) No features for utterance LIVE00000113_00001
WARNING (gmm-align-compiled[5.1.46~1-0d031]:main():gmm-align-compiled.cc:98) No features for utterance LIVE00000113_00002
WARNING (gmm-align-compiled[5.1.46~1-0d031]:main():gmm-align-compiled.cc:98) No features for utterance LIVE00000113_00003
WARNING (gmm-align-compiled[5.1.46~1-0d031]:main():gmm-align-compiled.cc:98) No features for utterance LIVE00000113_00004
WARNING (gmm-align-compiled[5.1.46~1-0d031]:main():gmm-align-compiled.cc:98) No features for utterance LIVE00000113_00005
WARNING (gmm-align-compiled[5.1.46~1-0d031]:main():gmm-align-compiled.cc:98) No features for utterance LIVE00000113_00006
WARNING (gmm-align-compiled[5.1.46~1-0d031]:main():gmm-align-compiled.cc:98) No features for utterance LIVE00000113_00007
WARNING (gmm-align-compiled[5.1.46~1-0d031]:main():gmm-align-compiled.cc:98) No features for utterance LIVE00000113_00008
WARNING (gmm-align-compiled[5.1.46~1-0d031]:main():gmm-align-compiled.cc:98) No features for utterance LIVE00000114_00000
WARNING (gmm-align-compiled[5.1.46~1-0d031]:main():gmm-align-compiled.cc:98) No features for utterance LIVE00000115_00000
WARNING (gmm-align-compiled[5.1.46~1-0d031]:main():gmm-align-compiled.cc:98) No features for utterance LIVE00000115_00001
WARNING (gmm-align-compiled[5.1.46~1-0d031]:main():gmm-align-compiled.cc:98) No features for utterance LIVE00000116_00000
WARNING (gmm-align-compiled[5.1.46~1-0d031]:main():gmm-align-compiled.cc:98) No features for utterance LIVE00000116_00001
WARNING (gmm-align-compiled[5.1.46~1-0d031]:main():gmm-align-compiled.cc:98) No features for utterance LIVE00000116_00003
WARNING (gmm-align-compiled[5.1.46~1-0d031]:main():gmm-align-compiled.cc:98) No features for utterance LIVE00000116_00004
WARNING (gmm-align-compiled[5.1.46~1-0d031]:main():gmm-align-compiled.cc:98) No features for utterance LIVE00000117_00000
WARNING (gmm-align-compiled[5.1.46~1-0d031]:main():gmm-align-compiled.cc:98) No features for utterance LIVE00000117_00001
WARNING (gmm-align-compiled[5.1.46~1-0d031]:main():gmm-align-compiled.cc:98) No features for utterance LIVE00000117_00002
WARNING (gmm-align-compiled[5.1.46~1-0d031]:main():gmm-align-compiled.cc:98) No features for utterance LIVE00000117_00004
WARNING (gmm-align-compiled[5.1.46~1-0d031]:main():gmm-align-compiled.cc:98) No features for utterance LIVE00000117_00005
WARNING (gmm-align-compiled[5.1.46~1-0d031]:main():gmm-align-compiled.cc:98) No features for utterance LIVE00000118_00000
WARNING (gmm-align-compiled[5.1.46~1-0d031]:main():gmm-align-compiled.cc:98) No features for utterance LIVE00000118_00001
WARNING (gmm-align-compiled[5.1.46~1-0d031]:main():gmm-align-compiled.cc:98) No features for utterance LIVE00000119_00001
WARNING (gmm-align-compiled[5.1.46~1-0d031]:main():gmm-align-compiled.cc:98) No features for utterance LIVE00000120_00001
WARNING (gmm-align-compiled[5.1.46~1-0d031]:main():gmm-align-compiled.cc:98) No features for utterance LIVE00000120_00003
WARNING (gmm-align-compiled[5.1.46~1-0d031]:main():gmm-align-compiled.cc:98) No features for utterance LIVE00000120_00005
WARNING (gmm-align-compiled[5.1.46~1-0d031]:main():gmm-align-compiled.cc:98) No features for utterance LIVE00000120_00006
WARNING (gmm-align-compiled[5.1.46~1-0d031]:main():gmm-align-compiled.cc:98) No features for utterance LIVE00000120_00007
WARNING (gmm-align-compiled[5.1.46~1-0d031]:main():gmm-align-compiled.cc:98) No features for utterance LIVE00000121_00002
WARNING (gmm-align-compiled[5.1.46~1-0d031]:main():gmm-align-compiled.cc:98) No features for utterance LIVE00000122_00002
WARNING (gmm-align-compiled[5.1.46~1-0d031]:main():gmm-align-compiled.cc:98) No features for utterance LIVE00000123_00001
WARNING (gmm-align-compiled[5.1.46~1-0d031]:main():gmm-align-compiled.cc:98) No features for utterance LIVE00000124_00000
WARNING (gmm-align-compiled[5.1.46~1-0d031]:main():gmm-align-compiled.cc:98) No features for utterance LIVE00000124_00001
WARNING (gmm-align-compiled[5.1.46~1-0d031]:main():gmm-align-compiled.cc:98) No features for utterance LIVE00000124_00002
WARNING (gmm-align-compiled[5.1.46~1-0d031]:main():gmm-align-compiled.cc:98) No features for utterance LIVE00000124_00003
WARNING (gmm-align-compiled[5.1.46~1-0d031]:main():gmm-align-compiled.cc:98) No features for utterance LIVE00000125_00001
WARNING (gmm-align-compiled[5.1.46~1-0d031]:main():gmm-align-compiled.cc:98) No features for utterance LIVE00000125_00004
WARNING (gmm-align-compiled[5.1.46~1-0d031]:main():gmm-align-compiled.cc:98) No features for utterance LIVE00000125_00007
WARNING (gmm-align-compiled[5.1.46~1-0d031]:main():gmm-align-compiled.cc:98) No features for utterance LIVE00000125_00008
WARNING (gmm-align-compiled[5.1.46~1-0d031]:main():gmm-align-compiled.cc:98) No features for utterance LIVE00000125_00010
WARNING (gmm-align-compiled[5.1.46~1-0d031]:main():gmm-align-compiled.cc:98) No features for utterance LIVE00000125_00011
WARNING (gmm-align-compiled[5.1.46~1-0d031]:main():gmm-align-compiled.cc:98) No features for utterance LIVE00000125_00012
WARNING (gmm-align-compiled[5.1.46~1-0d031]:main():gmm-align-compiled.cc:98) No features for utterance LIVE00000125_00013
WARNING (gmm-align-compiled[5.1.46~1-0d031]:main():gmm-align-compiled.cc:98) No features for utterance LIVE00000125_00014
WARNING (gmm-align-compiled[5.1.46~1-0d031]:main():gmm-align-compiled.cc:98) No features for utterance LIVE00000125_00015
WARNING (gmm-align-compiled[5.1.46~1-0d031]:main():gmm-align-compiled.cc:98) No features for utterance LIVE00000125_00016
WARNING (gmm-align-compiled[5.1.46~1-0d031]:main():gmm-align-compiled.cc:98) No features for utterance LIVE00000125_00018
WARNING (gmm-align-compiled[5.1.46~1-0d031]:main():gmm-align-compiled.cc:98) No features for utterance LIVE00000125_00019
WARNING (gmm-align-compiled[5.1.46~1-0d031]:main():gmm-align-compiled.cc:98) No features for utterance LIVE00000125_00020
WARNING (gmm-align-compiled[5.1.46~1-0d031]:main():gmm-align-compiled.cc:98) No features for utterance LIVE00000125_00021
WARNING (gmm-align-compiled[5.1.46~1-0d031]:main():gmm-align-compiled.cc:98) No features for utterance LIVE00000125_00022
WARNING (gmm-align-compiled[5.1.46~1-0d031]:main():gmm-align-compiled.cc:98) No features for utterance LIVE00000125_00024
WARNING (gmm-align-compiled[5.1.46~1-0d031]:main():gmm-align-compiled.cc:98) No features for utterance LIVE00000125_00025
WARNING (gmm-align-compiled[5.1.46~1-0d031]:main():gmm-align-compiled.cc:98) No features for utterance LIVE00000125_00026
WARNING (gmm-align-compiled[5.1.46~1-0d031]:main():gmm-align-compiled.cc:98) No features for utterance LIVE00000125_00028
WARNING (gmm-align-compiled[5.1.46~1-0d031]:main():gmm-align-compiled.cc:98) No features for utterance LIVE00000125_00030
WARNING (gmm-align-compiled[5.1.46~1-0d031]:main():gmm-align-compiled.cc:98) No features for utterance LIVE00000125_00031
WARNING (gmm-align-compiled[5.1.46~1-0d031]:main():gmm-align-compiled.cc:98) No features for utterance LIVE00000125_00032
WARNING (gmm-align-compiled[5.1.46~1-0d031]:main():gmm-align-compiled.cc:98) No features for utterance LIVE00000125_00033
WARNING (gmm-align-compiled[5.1.46~1-0d031]:main():gmm-align-compiled.cc:98) No features for utterance LIVE00000125_00034
WARNING (gmm-align-compiled[5.1.46~1-0d031]:main():gmm-align-compiled.cc:98) No features for utterance LIVE00000125_00036
WARNING (gmm-align-compiled[5.1.46~1-0d031]:main():gmm-align-compiled.cc:98) No features for utterance LIVE00000125_00037
WARNING (gmm-align-compiled[5.1.46~1-0d031]:main():gmm-align-compiled.cc:98) No features for utterance LIVE00000125_00039
WARNING (gmm-align-compiled[5.1.46~1-0d031]:main():gmm-align-compiled.cc:98) No features for utterance LIVE00000125_00040
WARNING (gmm-align-compiled[5.1.46~1-0d031]:main():gmm-align-compiled.cc:98) No features for utterance LIVE00000125_00042
WARNING (gmm-align-compiled[5.1.46~1-0d031]:main():gmm-align-compiled.cc:98) No features for utterance LIVE00000125_00043
WARNING (gmm-align-compiled[5.1.46~1-0d031]:main():gmm-align-compiled.cc:98) No features for utterance LIVE00000125_00044
WARNING (gmm-align-compiled[5.1.46~1-0d031]:main():gmm-align-compiled.cc:98) No features for utterance LIVE00000125_00045
WARNING (gmm-align-compiled[5.1.46~1-0d031]:main():gmm-align-compiled.cc:98) No features for utterance LIVE00000125_00047
WARNING (gmm-align-compiled[5.1.46~1-0d031]:main():gmm-align-compiled.cc:98) No features for utterance LIVE00000125_00048
WARNING (gmm-align-compiled[5.1.46~1-0d031]:main():gmm-align-compiled.cc:98) No features for utterance LIVE00000125_00049
WARNING (gmm-align-compiled[5.1.46~1-0d031]:main():gmm-align-compiled.cc:98) No features for utterance LIVE00000125_00050
WARNING (gmm-align-compiled[5.1.46~1-0d031]:main():gmm-align-compiled.cc:98) No features for utterance LIVE00000125_00053
WARNING (gmm-align-compiled[5.1.46~1-0d031]:main():gmm-align-compiled.cc:98) No features for utterance LIVE00000125_00054
WARNING (gmm-align-compiled[5.1.46~1-0d031]:main():gmm-align-compiled.cc:98) No features for utterance LIVE00000125_00055
WARNING (gmm-align-compiled[5.1.46~1-0d031]:main():gmm-align-compiled.cc:98) No features for utterance LIVE00000125_00056
WARNING (gmm-align-compiled[5.1.46~1-0d031]:main():gmm-align-compiled.cc:98) No features for utterance LIVE00000125_00057
WARNING (gmm-align-compiled[5.1.46~1-0d031]:main():gmm-align-compiled.cc:98) No features for utterance LIVE00000125_00060
WARNING (gmm-align-compiled[5.1.46~1-0d031]:main():gmm-align-compiled.cc:98) No features for utterance LIVE00000125_00061
WARNING (gmm-align-compiled[5.1.46~1-0d031]:main():gmm-align-compiled.cc:98) No features for utterance LIVE00000125_00062
WARNING (gmm-align-compiled[5.1.46~1-0d031]:main():gmm-align-compiled.cc:98) No features for utterance LIVE00000125_00064
WARNING (gmm-align-compiled[5.1.46~1-0d031]:main():gmm-align-compiled.cc:98) No features for utterance LIVE00000125_00067
WARNING (gmm-align-compiled[5.1.46~1-0d031]:main():gmm-align-compiled.cc:98) No features for utterance LIVE00000125_00068
WARNING (gmm-align-compiled[5.1.46~1-0d031]:main():gmm-align-compiled.cc:98) No features for utterance LIVE00000125_00071
WARNING (gmm-align-compiled[5.1.46~1-0d031]:main():gmm-align-compiled.cc:98) No features for utterance LIVE00000125_00073
WARNING (gmm-align-compiled[5.1.46~1-0d031]:main():gmm-align-compiled.cc:98) No features for utterance LIVE00000125_00074
WARNING (gmm-align-compiled[5.1.46~1-0d031]:main():gmm-align-compiled.cc:98) No features for utterance LIVE00000125_00076
WARNING (gmm-align-compiled[5.1.46~1-0d031]:main():gmm-align-compiled.cc:98) No features for utterance LIVE00000125_00078
WARNING (gmm-align-compiled[5.1.46~1-0d031]:main():gmm-align-compiled.cc:98) No features for utterance LIVE00000125_00080
WARNING (gmm-align-compiled[5.1.46~1-0d031]:main():gmm-align-compiled.cc:98) No features for utterance LIVE00000125_00082
WARNING (gmm-align-compiled[5.1.46~1-0d031]:main():gmm-align-compiled.cc:98) No features for utterance LIVE00000125_00083
WARNING (gmm-align-compiled[5.1.46~1-0d031]:main():gmm-align-compiled.cc:98) No features for utterance LIVE00000125_00084
WARNING (gmm-align-compiled[5.1.46~1-0d031]:main():gmm-align-compiled.cc:98) No features for utterance LIVE00000125_00085
WARNING (gmm-align-compiled[5.1.46~1-0d031]:main():gmm-align-compiled.cc:98) No features for utterance LIVE00000125_00086
WARNING (gmm-align-compiled[5.1.46~1-0d031]:main():gmm-align-compiled.cc:98) No features for utterance LIVE00000125_00087
WARNING (gmm-align-compiled[5.1.46~1-0d031]:main():gmm-align-compiled.cc:98) No features for utterance LIVE00000125_00088
WARNING (gmm-align-compiled[5.1.46~1-0d031]:main():gmm-align-compiled.cc:98) No features for utterance LIVE00000125_00089
WARNING (gmm-align-compiled[5.1.46~1-0d031]:main():gmm-align-compiled.cc:98) No features for utterance LIVE00000125_00093
WARNING (gmm-align-compiled[5.1.46~1-0d031]:main():gmm-align-compiled.cc:98) No features for utterance LIVE00000125_00096
WARNING (gmm-align-compiled[5.1.46~1-0d031]:main():gmm-align-compiled.cc:98) No features for utterance LIVE00000125_00098
WARNING (gmm-align-compiled[5.1.46~1-0d031]:main():gmm-align-compiled.cc:98) No features for utterance LIVE00000125_00100
WARNING (gmm-align-compiled[5.1.46~1-0d031]:main():gmm-align-compiled.cc:98) No features for utterance LIVE00000125_00101
WARNING (gmm-align-compiled[5.1.46~1-0d031]:main():gmm-align-compiled.cc:98) No features for utterance LIVE00000125_00102
WARNING (gmm-align-compiled[5.1.46~1-0d031]:main():gmm-align-compiled.cc:98) No features for utterance LIVE00000125_00104
WARNING (gmm-align-compiled[5.1.46~1-0d031]:main():gmm-align-compiled.cc:98) No features for utterance LIVE00000125_00105
WARNING (gmm-align-compiled[5.1.46~1-0d031]:main():gmm-align-compiled.cc:98) No features for utterance LIVE00000125_00106
WARNING (gmm-align-compiled[5.1.46~1-0d031]:main():gmm-align-compiled.cc:98) No features for utterance LIVE00000125_00107
WARNING (gmm-align-compiled[5.1.46~1-0d031]:main():gmm-align-compiled.cc:98) No features for utterance LIVE00000125_00108
WARNING (gmm-align-compiled[5.1.46~1-0d031]:main():gmm-align-compiled.cc:98) No features for utterance LIVE00000125_00110
WARNING (gmm-align-compiled[5.1.46~1-0d031]:main():gmm-align-compiled.cc:98) No features for utterance LIVE00000125_00112
WARNING (gmm-align-compiled[5.1.46~1-0d031]:main():gmm-align-compiled.cc:98) No features for utterance LIVE00000125_00114
WARNING (gmm-align-compiled[5.1.46~1-0d031]:main():gmm-align-compiled.cc:98) No features for utterance LIVE00000125_00116
WARNING (gmm-align-compiled[5.1.46~1-0d031]:main():gmm-align-compiled.cc:98) No features for utterance LIVE00000125_00117
WARNING (gmm-align-compiled[5.1.46~1-0d031]:main():gmm-align-compiled.cc:98) No features for utterance LIVE00000126_00000
WARNING (gmm-align-compiled[5.1.46~1-0d031]:main():gmm-align-compiled.cc:98) No features for utterance LIVE00000126_00001
WARNING (gmm-align-compiled[5.1.46~1-0d031]:main():gmm-align-compiled.cc:98) No features for utterance LIVE00000126_00002
WARNING (gmm-align-compiled[5.1.46~1-0d031]:main():gmm-align-compiled.cc:98) No features for utterance LIVE00000126_00003
WARNING (gmm-align-compiled[5.1.46~1-0d031]:main():gmm-align-compiled.cc:98) No features for utterance LIVE00000126_00004
WARNING (gmm-align-compiled[5.1.46~1-0d031]:main():gmm-align-compiled.cc:98) No features for utterance LIVE00000126_00007
WARNING (gmm-align-compiled[5.1.46~1-0d031]:main():gmm-align-compiled.cc:98) No features for utterance LIVE00000127_00003
WARNING (gmm-align-compiled[5.1.46~1-0d031]:main():gmm-align-compiled.cc:98) No features for utterance LIVE00000127_00010
WARNING (gmm-align-compiled[5.1.46~1-0d031]:main():gmm-align-compiled.cc:98) No features for utterance LIVE00000127_00012
WARNING (gmm-align-compiled[5.1.46~1-0d031]:main():gmm-align-compiled.cc:98) No features for utterance LIVE00000127_00014
WARNING (gmm-align-compiled[5.1.46~1-0d031]:main():gmm-align-compiled.cc:98) No features for utterance LIVE00000127_00017
WARNING (gmm-align-compiled[5.1.46~1-0d031]:main():gmm-align-compiled.cc:98) No features for utterance LIVE00000127_00018
WARNING (gmm-align-compiled[5.1.46~1-0d031]:main():gmm-align-compiled.cc:98) No features for utterance LIVE00000127_00019
WARNING (gmm-align-compiled[5.1.46~1-0d031]:main():gmm-align-compiled.cc:98) No features for utterance LIVE00000127_00020
WARNING (gmm-align-compiled[5.1.46~1-0d031]:main():gmm-align-compiled.cc:98) No features for utterance LIVE00000127_00021
WARNING (gmm-align-compiled[5.1.46~1-0d031]:main():gmm-align-compiled.cc:98) No features for utterance LIVE00000127_00022
WARNING (gmm-align-compiled[5.1.46~1-0d031]:main():gmm-align-compiled.cc:98) No features for utterance LIVE00000127_00023
WARNING (gmm-align-compiled[5.1.46~1-0d031]:main():gmm-align-compiled.cc:98) No features for utterance LIVE00000127_00024
WARNING (gmm-align-compiled[5.1.46~1-0d031]:main():gmm-align-compiled.cc:98) No features for utterance LIVE00000127_00025
WARNING (gmm-align-compiled[5.1.46~1-0d031]:main():gmm-align-compiled.cc:98) No features for utterance LIVE00000127_00026
WARNING (gmm-align-compiled[5.1.46~1-0d031]:main():gmm-align-compiled.cc:98) No features for utterance LIVE00000127_00028
WARNING (gmm-align-compiled[5.1.46~1-0d031]:main():gmm-align-compiled.cc:98) No features for utterance LIVE00000127_00029
WARNING (gmm-align-compiled[5.1.46~1-0d031]:main():gmm-align-compiled.cc:98) No features for utterance LIVE00000127_00030
WARNING (gmm-align-compiled[5.1.46~1-0d031]:main():gmm-align-compiled.cc:98) No features for utterance LIVE00000127_00032
WARNING (gmm-align-compiled[5.1.46~1-0d031]:main():gmm-align-compiled.cc:98) No features for utterance LIVE00000127_00033
WARNING (gmm-align-compiled[5.1.46~1-0d031]:main():gmm-align-compiled.cc:98) No features for utterance LIVE00000127_00034
WARNING (gmm-align-compiled[5.1.46~1-0d031]:main():gmm-align-compiled.cc:98) No features for utterance LIVE00000127_00035
WARNING (gmm-align-compiled[5.1.46~1-0d031]:main():gmm-align-compiled.cc:98) No features for utterance LIVE00000127_00037
WARNING (gmm-align-compiled[5.1.46~1-0d031]:main():gmm-align-compiled.cc:98) No features for utterance LIVE00000127_00038
WARNING (gmm-align-compiled[5.1.46~1-0d031]:main():gmm-align-compiled.cc:98) No features for utterance LIVE00000127_00039
WARNING (gmm-align-compiled[5.1.46~1-0d031]:main():gmm-align-compiled.cc:98) No features for utterance LIVE00000127_00040
WARNING (gmm-align-compiled[5.1.46~1-0d031]:main():gmm-align-compiled.cc:98) No features for utterance LIVE00000127_00041
WARNING (gmm-align-compiled[5.1.46~1-0d031]:main():gmm-align-compiled.cc:98) No features for utterance LIVE00000128_00002
WARNING (gmm-align-compiled[5.1.46~1-0d031]:main():gmm-align-compiled.cc:98) No features for utterance LIVE00000128_00003
WARNING (gmm-align-compiled[5.1.46~1-0d031]:main():gmm-align-compiled.cc:98) No features for utterance LIVE00000128_00004
WARNING (gmm-align-compiled[5.1.46~1-0d031]:main():gmm-align-compiled.cc:98) No features for utterance LIVE00000128_00005
WARNING (gmm-align-compiled[5.1.46~1-0d031]:main():gmm-align-compiled.cc:98) No features for utterance LIVE00000128_00007
WARNING (gmm-align-compiled[5.1.46~1-0d031]:main():gmm-align-compiled.cc:98) No features for utterance LIVE00000128_00010
WARNING (gmm-align-compiled[5.1.46~1-0d031]:main():gmm-align-compiled.cc:98) No features for utterance LIVE00000128_00011
WARNING (gmm-align-compiled[5.1.46~1-0d031]:main():gmm-align-compiled.cc:98) No features for utterance LIVE00000128_00014
WARNING (gmm-align-compiled[5.1.46~1-0d031]:main():gmm-align-compiled.cc:98) No features for utterance LIVE00000128_00015
WARNING (gmm-align-compiled[5.1.46~1-0d031]:main():gmm-align-compiled.cc:98) No features for utterance LIVE00000128_00016
WARNING (gmm-align-compiled[5.1.46~1-0d031]:main():gmm-align-compiled.cc:98) No features for utterance LIVE00000128_00019
WARNING (gmm-align-compiled[5.1.46~1-0d031]:main():gmm-align-compiled.cc:98) No features for utterance LIVE00000128_00021
WARNING (gmm-align-compiled[5.1.46~1-0d031]:main():gmm-align-compiled.cc:98) No features for utterance LIVE00000128_00022
WARNING (gmm-align-compiled[5.1.46~1-0d031]:main():gmm-align-compiled.cc:98) No features for utterance LIVE00000128_00023
WARNING (gmm-align-compiled[5.1.46~1-0d031]:main():gmm-align-compiled.cc:98) No features for utterance LIVE00000128_00024
WARNING (gmm-align-compiled[5.1.46~1-0d031]:main():gmm-align-compiled.cc:98) No features for utterance LIVE00000128_00028
WARNING (gmm-align-compiled[5.1.46~1-0d031]:main():gmm-align-compiled.cc:98) No features for utterance LIVE00000128_00029
WARNING (gmm-align-compiled[5.1.46~1-0d031]:main():gmm-align-compiled.cc:98) No features for utterance LIVE00000128_00030
WARNING (gmm-align-compiled[5.1.46~1-0d031]:main():gmm-align-compiled.cc:98) No features for utterance LIVE00000128_00031
WARNING (gmm-align-compiled[5.1.46~1-0d031]:main():gmm-align-compiled.cc:98) No features for utterance LIVE00000128_00032
WARNING (gmm-align-compiled[5.1.46~1-0d031]:main():gmm-align-compiled.cc:98) No features for utterance LIVE00000128_00033
WARNING (gmm-align-compiled[5.1.46~1-0d031]:main():gmm-align-compiled.cc:98) No features for utterance LIVE00000128_00034
WARNING (gmm-align-compiled[5.1.46~1-0d031]:main():gmm-align-compiled.cc:98) No features for utterance LIVE00000128_00036
WARNING (gmm-align-compiled[5.1.46~1-0d031]:main():gmm-align-compiled.cc:98) No features for utterance LIVE00000128_00039
WARNING (gmm-align-compiled[5.1.46~1-0d031]:main():gmm-align-compiled.cc:98) No features for utterance LIVE00000128_00041
WARNING (gmm-align-compiled[5.1.46~1-0d031]:main():gmm-align-compiled.cc:98) No features for utterance LIVE00000128_00042
WARNING (gmm-align-compiled[5.1.46~1-0d031]:main():gmm-align-compiled.cc:98) No features for utterance LIVE00000128_00043
WARNING (gmm-align-compiled[5.1.46~1-0d031]:main():gmm-align-compiled.cc:98) No features for utterance LIVE00000128_00044
WARNING (gmm-align-compiled[5.1.46~1-0d031]:main():gmm-align-compiled.cc:98) No features for utterance LIVE00000128_00045
WARNING (gmm-align-compiled[5.1.46~1-0d031]:main():gmm-align-compiled.cc:98) No features for utterance LIVE00000128_00046
WARNING (gmm-align-compiled[5.1.46~1-0d031]:main():gmm-align-compiled.cc:98) No features for utterance LIVE00000128_00047
WARNING (gmm-align-compiled[5.1.46~1-0d031]:main():gmm-align-compiled.cc:98) No features for utterance LIVE00000128_00050
WARNING (gmm-align-compiled[5.1.46~1-0d031]:main():gmm-align-compiled.cc:98) No features for utterance LIVE00000128_00051
WARNING (gmm-align-compiled[5.1.46~1-0d031]:main():gmm-align-compiled.cc:98) No features for utterance LIVE00000128_00052
WARNING (gmm-align-compiled[5.1.46~1-0d031]:main():gmm-align-compiled.cc:98) No features for utterance LIVE00000128_00054
WARNING (gmm-align-compiled[5.1.46~1-0d031]:main():gmm-align-compiled.cc:98) No features for utterance LIVE00000128_00055
WARNING (gmm-align-compiled[5.1.46~1-0d031]:main():gmm-align-compiled.cc:98) No features for utterance LIVE00000128_00056
WARNING (gmm-align-compiled[5.1.46~1-0d031]:main():gmm-align-compiled.cc:98) No features for utterance LIVE00000128_00057
WARNING (gmm-align-compiled[5.1.46~1-0d031]:main():gmm-align-compiled.cc:98) No features for utterance LIVE00000128_00058
WARNING (gmm-align-compiled[5.1.46~1-0d031]:main():gmm-align-compiled.cc:98) No features for utterance LIVE00000128_00059
WARNING (gmm-align-compiled[5.1.46~1-0d031]:main():gmm-align-compiled.cc:98) No features for utterance LIVE00000128_00060
WARNING (gmm-align-compiled[5.1.46~1-0d031]:main():gmm-align-compiled.cc:98) No features for utterance LIVE00000128_00063
WARNING (gmm-align-compiled[5.1.46~1-0d031]:main():gmm-align-compiled.cc:98) No features for utterance LIVE00000128_00065
WARNING (gmm-align-compiled[5.1.46~1-0d031]:main():gmm-align-compiled.cc:98) No features for utterance LIVE00000128_00067
WARNING (gmm-align-compiled[5.1.46~1-0d031]:main():gmm-align-compiled.cc:98) No features for utterance LIVE00000128_00068
WARNING (gmm-align-compiled[5.1.46~1-0d031]:main():gmm-align-compiled.cc:98) No features for utterance LIVE00000128_00071
WARNING (gmm-align-compiled[5.1.46~1-0d031]:main():gmm-align-compiled.cc:98) No features for utterance LIVE00000128_00072
WARNING (gmm-align-compiled[5.1.46~1-0d031]:main():gmm-align-compiled.cc:98) No features for utterance LIVE00000128_00073
WARNING (gmm-align-compiled[5.1.46~1-0d031]:main():gmm-align-compiled.cc:98) No features for utterance LIVE00000128_00074
WARNING (gmm-align-compiled[5.1.46~1-0d031]:main():gmm-align-compiled.cc:98) No features for utterance LIVE00000128_00076
WARNING (gmm-align-compiled[5.1.46~1-0d031]:main():gmm-align-compiled.cc:98) No features for utterance LIVE00000128_00077
WARNING (gmm-align-compiled[5.1.46~1-0d031]:main():gmm-align-compiled.cc:98) No features for utterance LIVE00000128_00078
WARNING (gmm-align-compiled[5.1.46~1-0d031]:main():gmm-align-compiled.cc:98) No features for utterance LIVE00000128_00079
WARNING (gmm-align-compiled[5.1.46~1-0d031]:main():gmm-align-compiled.cc:98) No features for utterance LIVE00000128_00080
WARNING (gmm-align-compiled[5.1.46~1-0d031]:main():gmm-align-compiled.cc:98) No features for utterance LIVE00000128_00081
WARNING (gmm-align-compiled[5.1.46~1-0d031]:main():gmm-align-compiled.cc:98) No features for utterance LIVE00000128_00082
WARNING (gmm-align-compiled[5.1.46~1-0d031]:main():gmm-align-compiled.cc:98) No features for utterance LIVE00000128_00083
WARNING (gmm-align-compiled[5.1.46~1-0d031]:main():gmm-align-compiled.cc:98) No features for utterance LIVE00000128_00084
WARNING (gmm-align-compiled[5.1.46~1-0d031]:main():gmm-align-compiled.cc:98) No features for utterance LIVE00000128_00085
WARNING (gmm-align-compiled[5.1.46~1-0d031]:main():gmm-align-compiled.cc:98) No features for utterance LIVE00000128_00086
WARNING (gmm-align-compiled[5.1.46~1-0d031]:main():gmm-align-compiled.cc:98) No features for utterance LIVE00000128_00088
WARNING (gmm-align-compiled[5.1.46~1-0d031]:main():gmm-align-compiled.cc:98) No features for utterance LIVE00000128_00089
WARNING (gmm-align-compiled[5.1.46~1-0d031]:main():gmm-align-compiled.cc:98) No features for utterance LIVE00000128_00094
WARNING (gmm-align-compiled[5.1.46~1-0d031]:main():gmm-align-compiled.cc:98) No features for utterance LIVE00000128_00096
WARNING (gmm-align-compiled[5.1.46~1-0d031]:main():gmm-align-compiled.cc:98) No features for utterance LIVE00000128_00097
WARNING (gmm-align-compiled[5.1.46~1-0d031]:main():gmm-align-compiled.cc:98) No features for utterance LIVE00000128_00098
WARNING (gmm-align-compiled[5.1.46~1-0d031]:main():gmm-align-compiled.cc:98) No features for utterance LIVE00000128_00099
WARNING (gmm-align-compiled[5.1.46~1-0d031]:main():gmm-align-compiled.cc:98) No features for utterance LIVE00000128_00100
WARNING (gmm-align-compiled[5.1.46~1-0d031]:main():gmm-align-compiled.cc:98) No features for utterance LIVE00000128_00101
WARNING (gmm-align-compiled[5.1.46~1-0d031]:main():gmm-align-compiled.cc:98) No features for utterance LIVE00000128_00102
WARNING (gmm-align-compiled[5.1.46~1-0d031]:main():gmm-align-compiled.cc:98) No features for utterance LIVE00000128_00105
WARNING (gmm-align-compiled[5.1.46~1-0d031]:main():gmm-align-compiled.cc:98) No features for utterance LIVE00000128_00107
WARNING (gmm-align-compiled[5.1.46~1-0d031]:main():gmm-align-compiled.cc:98) No features for utterance LIVE00000128_00108
WARNING (gmm-align-compiled[5.1.46~1-0d031]:main():gmm-align-compiled.cc:98) No features for utterance LIVE00000128_00110
WARNING (gmm-align-compiled[5.1.46~1-0d031]:main():gmm-align-compiled.cc:98) No features for utterance LIVE00000128_00112
WARNING (gmm-align-compiled[5.1.46~1-0d031]:main():gmm-align-compiled.cc:98) No features for utterance LIVE00000128_00113
WARNING (gmm-align-compiled[5.1.46~1-0d031]:main():gmm-align-compiled.cc:98) No features for utterance LIVE00000128_00114
WARNING (gmm-align-compiled[5.1.46~1-0d031]:main():gmm-align-compiled.cc:98) No features for utterance LIVE00000128_00115
WARNING (gmm-align-compiled[5.1.46~1-0d031]:main():gmm-align-compiled.cc:98) No features for utterance LIVE00000128_00116
WARNING (gmm-align-compiled[5.1.46~1-0d031]:main():gmm-align-compiled.cc:98) No features for utterance LIVE00000128_00118
WARNING (gmm-align-compiled[5.1.46~1-0d031]:main():gmm-align-compiled.cc:98) No features for utterance LIVE00000128_00119
WARNING (gmm-align-compiled[5.1.46~1-0d031]:main():gmm-align-compiled.cc:98) No features for utterance LIVE00000128_00120
WARNING (gmm-align-compiled[5.1.46~1-0d031]:main():gmm-align-compiled.cc:98) No features for utterance LIVE00000128_00122
WARNING (gmm-align-compiled[5.1.46~1-0d031]:main():gmm-align-compiled.cc:98) No features for utterance LIVE00000128_00123
WARNING (gmm-align-compiled[5.1.46~1-0d031]:main():gmm-align-compiled.cc:98) No features for utterance LIVE00000128_00124
WARNING (gmm-align-compiled[5.1.46~1-0d031]:main():gmm-align-compiled.cc:98) No features for utterance LIVE00000128_00125
WARNING (gmm-align-compiled[5.1.46~1-0d031]:main():gmm-align-compiled.cc:98) No features for utterance LIVE00000128_00126
WARNING (gmm-align-compiled[5.1.46~1-0d031]:main():gmm-align-compiled.cc:98) No features for utterance LIVE00000128_00127
WARNING (gmm-align-compiled[5.1.46~1-0d031]:main():gmm-align-compiled.cc:98) No features for utterance LIVE00000128_00129
WARNING (gmm-align-compiled[5.1.46~1-0d031]:main():gmm-align-compiled.cc:98) No features for utterance LIVE00000128_00130
WARNING (gmm-align-compiled[5.1.46~1-0d031]:main():gmm-align-compiled.cc:98) No features for utterance LIVE00000128_00133
WARNING (gmm-align-compiled[5.1.46~1-0d031]:main():gmm-align-compiled.cc:98) No features for utterance LIVE00000128_00134
WARNING (gmm-align-compiled[5.1.46~1-0d031]:main():gmm-align-compiled.cc:98) No features for utterance LIVE00000128_00135
WARNING (gmm-align-compiled[5.1.46~1-0d031]:main():gmm-align-compiled.cc:98) No features for utterance LIVE00000128_00136
WARNING (gmm-align-compiled[5.1.46~1-0d031]:main():gmm-align-compiled.cc:98) No features for utterance LIVE00000128_00137
WARNING (gmm-align-compiled[5.1.46~1-0d031]:main():gmm-align-compiled.cc:98) No features for utterance LIVE00000128_00139
WARNING (gmm-align-compiled[5.1.46~1-0d031]:main():gmm-align-compiled.cc:98) No features for utterance LIVE00000128_00140
WARNING (gmm-align-compiled[5.1.46~1-0d031]:main():gmm-align-compiled.cc:98) No features for utterance LIVE00000128_00141
WARNING (gmm-align-compiled[5.1.46~1-0d031]:main():gmm-align-compiled.cc:98) No features for utterance LIVE00000128_00142
WARNING (gmm-align-compiled[5.1.46~1-0d031]:main():gmm-align-compiled.cc:98) No features for utterance LIVE00000128_00145
WARNING (gmm-align-compiled[5.1.46~1-0d031]:main():gmm-align-compiled.cc:98) No features for utterance LIVE00000128_00146
WARNING (gmm-align-compiled[5.1.46~1-0d031]:main():gmm-align-compiled.cc:98) No features for utterance LIVE00000128_00147
WARNING (gmm-align-compiled[5.1.46~1-0d031]:main():gmm-align-compiled.cc:98) No features for utterance LIVE00000128_00149
WARNING (gmm-align-compiled[5.1.46~1-0d031]:main():gmm-align-compiled.cc:98) No features for utterance LIVE00000128_00150
WARNING (gmm-align-compiled[5.1.46~1-0d031]:main():gmm-align-compiled.cc:98) No features for utterance LIVE00000128_00151
WARNING (gmm-align-compiled[5.1.46~1-0d031]:main():gmm-align-compiled.cc:98) No features for utterance LIVE00000128_00152
WARNING (gmm-align-compiled[5.1.46~1-0d031]:main():gmm-align-compiled.cc:98) No features for utterance LIVE00000128_00153
WARNING (gmm-align-compiled[5.1.46~1-0d031]:main():gmm-align-compiled.cc:98) No features for utterance LIVE00000128_00156
WARNING (gmm-align-compiled[5.1.46~1-0d031]:main():gmm-align-compiled.cc:98) No features for utterance LIVE00000128_00157
WARNING (gmm-align-compiled[5.1.46~1-0d031]:main():gmm-align-compiled.cc:98) No features for utterance LIVE00000128_00159
WARNING (gmm-align-compiled[5.1.46~1-0d031]:main():gmm-align-compiled.cc:98) No features for utterance LIVE00000128_00160
WARNING (gmm-align-compiled[5.1.46~1-0d031]:main():gmm-align-compiled.cc:98) No features for utterance LIVE00000128_00161
WARNING (gmm-align-compiled[5.1.46~1-0d031]:main():gmm-align-compiled.cc:98) No features for utterance LIVE00000128_00163
WARNING (gmm-align-compiled[5.1.46~1-0d031]:main():gmm-align-compiled.cc:98) No features for utterance LIVE00000128_00164
WARNING (gmm-align-compiled[5.1.46~1-0d031]:main():gmm-align-compiled.cc:98) No features for utterance LIVE00000128_00165
WARNING (gmm-align-compiled[5.1.46~1-0d031]:main():gmm-align-compiled.cc:98) No features for utterance LIVE00000128_00167
WARNING (gmm-align-compiled[5.1.46~1-0d031]:main():gmm-align-compiled.cc:98) No features for utterance LIVE00000128_00169
WARNING (gmm-align-compiled[5.1.46~1-0d031]:main():gmm-align-compiled.cc:98) No features for utterance LIVE00000128_00170
WARNING (gmm-align-compiled[5.1.46~1-0d031]:main():gmm-align-compiled.cc:98) No features for utterance LIVE00000128_00172
WARNING (gmm-align-compiled[5.1.46~1-0d031]:main():gmm-align-compiled.cc:98) No features for utterance LIVE00000128_00173
WARNING (gmm-align-compiled[5.1.46~1-0d031]:main():gmm-align-compiled.cc:98) No features for utterance LIVE00000128_00174
WARNING (gmm-align-compiled[5.1.46~1-0d031]:main():gmm-align-compiled.cc:98) No features for utterance LIVE00000128_00175
WARNING (gmm-align-compiled[5.1.46~1-0d031]:main():gmm-align-compiled.cc:98) No features for utterance LIVE00000128_00176
WARNING (gmm-align-compiled[5.1.46~1-0d031]:main():gmm-align-compiled.cc:98) No features for utterance LIVE00000128_00179
WARNING (gmm-align-compiled[5.1.46~1-0d031]:main():gmm-align-compiled.cc:98) No features for utterance LIVE00000128_00183
WARNING (gmm-align-compiled[5.1.46~1-0d031]:main():gmm-align-compiled.cc:98) No features for utterance LIVE00000128_00184
WARNING (gmm-align-compiled[5.1.46~1-0d031]:main():gmm-align-compiled.cc:98) No features for utterance LIVE00000128_00190
WARNING (gmm-align-compiled[5.1.46~1-0d031]:main():gmm-align-compiled.cc:98) No features for utterance LIVE00000128_00191
WARNING (gmm-align-compiled[5.1.46~1-0d031]:main():gmm-align-compiled.cc:98) No features for utterance LIVE00000128_00192
WARNING (gmm-align-compiled[5.1.46~1-0d031]:main():gmm-align-compiled.cc:98) No features for utterance LIVE00000128_00193
WARNING (gmm-align-compiled[5.1.46~1-0d031]:main():gmm-align-compiled.cc:98) No features for utterance LIVE00000128_00195
WARNING (gmm-align-compiled[5.1.46~1-0d031]:main():gmm-align-compiled.cc:98) No features for utterance LIVE00000128_00197
WARNING (gmm-align-compiled[5.1.46~1-0d031]:main():gmm-align-compiled.cc:98) No features for utterance LIVE00000128_00199
WARNING (gmm-align-compiled[5.1.46~1-0d031]:main():gmm-align-compiled.cc:98) No features for utterance LIVE00000128_00200
WARNING (gmm-align-compiled[5.1.46~1-0d031]:main():gmm-align-compiled.cc:98) No features for utterance LIVE00000128_00202
WARNING (gmm-align-compiled[5.1.46~1-0d031]:main():gmm-align-compiled.cc:98) No features for utterance LIVE00000128_00207
WARNING (gmm-align-compiled[5.1.46~1-0d031]:main():gmm-align-compiled.cc:98) No features for utterance LIVE00000128_00208
WARNING (gmm-align-compiled[5.1.46~1-0d031]:main():gmm-align-compiled.cc:98) No features for utterance LIVE00000128_00209
WARNING (gmm-align-compiled[5.1.46~1-0d031]:main():gmm-align-compiled.cc:98) No features for utterance LIVE00000128_00210
WARNING (gmm-align-compiled[5.1.46~1-0d031]:main():gmm-align-compiled.cc:98) No features for utterance LIVE00000128_00211
WARNING (gmm-align-compiled[5.1.46~1-0d031]:main():gmm-align-compiled.cc:98) No features for utterance LIVE00000128_00212
WARNING (gmm-align-compiled[5.1.46~1-0d031]:main():gmm-align-compiled.cc:98) No features for utterance LIVE00000128_00215
WARNING (gmm-align-compiled[5.1.46~1-0d031]:main():gmm-align-compiled.cc:98) No features for utterance LIVE00000128_00217
WARNING (gmm-align-compiled[5.1.46~1-0d031]:main():gmm-align-compiled.cc:98) No features for utterance LIVE00000128_00218
WARNING (gmm-align-compiled[5.1.46~1-0d031]:main():gmm-align-compiled.cc:98) No features for utterance LIVE00000128_00219
WARNING (gmm-align-compiled[5.1.46~1-0d031]:main():gmm-align-compiled.cc:98) No features for utterance LIVE00000128_00221
WARNING (gmm-align-compiled[5.1.46~1-0d031]:main():gmm-align-compiled.cc:98) No features for utterance LIVE00000128_00223
WARNING (gmm-align-compiled[5.1.46~1-0d031]:main():gmm-align-compiled.cc:98) No features for utterance LIVE00000128_00224
WARNING (gmm-align-compiled[5.1.46~1-0d031]:main():gmm-align-compiled.cc:98) No features for utterance LIVE00000128_00225
WARNING (gmm-align-compiled[5.1.46~1-0d031]:main():gmm-align-compiled.cc:98) No features for utterance LIVE00000128_00226
WARNING (gmm-align-compiled[5.1.46~1-0d031]:main():gmm-align-compiled.cc:98) No features for utterance LIVE00000128_00228
WARNING (gmm-align-compiled[5.1.46~1-0d031]:main():gmm-align-compiled.cc:98) No features for utterance LIVE00000128_00229
WARNING (gmm-align-compiled[5.1.46~1-0d031]:main():gmm-align-compiled.cc:98) No features for utterance LIVE00000128_00230
WARNING (gmm-align-compiled[5.1.46~1-0d031]:main():gmm-align-compiled.cc:98) No features for utterance LIVE00000128_00231
WARNING (gmm-align-compiled[5.1.46~1-0d031]:main():gmm-align-compiled.cc:98) No features for utterance LIVE00000128_00233
WARNING (gmm-align-compiled[5.1.46~1-0d031]:main():gmm-align-compiled.cc:98) No features for utterance LIVE00000128_00234
WARNING (gmm-align-compiled[5.1.46~1-0d031]:main():gmm-align-compiled.cc:98) No features for utterance LIVE00000128_00235
WARNING (gmm-align-compiled[5.1.46~1-0d031]:main():gmm-align-compiled.cc:98) No features for utterance LIVE00000128_00237
WARNING (gmm-align-compiled[5.1.46~1-0d031]:main():gmm-align-compiled.cc:98) No features for utterance LIVE00000128_00238
LOG (apply-cmvn[5.1.46~1-0d031]:main():apply-cmvn.cc:146) Applied cepstral mean normalization to 727 utterances, errors on 0
LOG (gmm-align-compiled[5.1.46~1-0d031]:main():gmm-align-compiled.cc:129) Overall log-likelihood per frame is -83.743 over 116385 frames.
LOG (gmm-align-compiled[5.1.46~1-0d031]:main():gmm-align-compiled.cc:131) Retried 0 out of 1111 utterances.
LOG (gmm-align-compiled[5.1.46~1-0d031]:main():gmm-align-compiled.cc:133) Done 727, errors on 384
# Accounting: time=6 threads=1
# Ended (code 0) at Tue Nov 14 18:37:34 SAST 2017, elapsed time 6 seconds
