# gmm-est --write-occs=exp/mono/8.occs --mix-up=286 --power=0.25 exp/mono/7.mdl "gmm-sum-accs - exp/mono/7.*.acc|" exp/mono/8.mdl 
# Started at Wed Oct 25 07:09:57 SAST 2017
#
gmm-est --write-occs=exp/mono/8.occs --mix-up=286 --power=0.25 exp/mono/7.mdl 'gmm-sum-accs - exp/mono/7.*.acc|' exp/mono/8.mdl 
gmm-sum-accs - exp/mono/7.1.acc 
LOG (gmm-sum-accs[5.1.46~1-0d031]:main():gmm-sum-accs.cc:63) Summed 1 stats, total count 54509, avg like/frame -87.5405
LOG (gmm-sum-accs[5.1.46~1-0d031]:main():gmm-sum-accs.cc:66) Total count of stats is 54509
LOG (gmm-sum-accs[5.1.46~1-0d031]:main():gmm-sum-accs.cc:67) Written stats to -
LOG (gmm-est[5.1.46~1-0d031]:MleUpdate():transition-model.cc:517) TransitionModel::Update, objf change is 0.00151765 per frame over 54509 frames. 
LOG (gmm-est[5.1.46~1-0d031]:MleUpdate():transition-model.cc:520) 28 probabilities floored, 237 out of 458 transition-states skipped due to insuffient data (it is normal to have some skipped.)
LOG (gmm-est[5.1.46~1-0d031]:main():gmm-est.cc:102) Transition model update: Overall 0.00151765 log-like improvement per frame over 54509 frames.
WARNING (gmm-est[5.1.46~1-0d031]:MleDiagGmmUpdate():mle-diag-gmm.cc:365) Gaussian has too little data but not removing it because it is the last Gaussian: i = 0, occ = 0, weight = 1
WARNING (gmm-est[5.1.46~1-0d031]:MleDiagGmmUpdate():mle-diag-gmm.cc:365) Gaussian has too little data but not removing it because it is the last Gaussian: i = 0, occ = 0, weight = 1
WARNING (gmm-est[5.1.46~1-0d031]:MleDiagGmmUpdate():mle-diag-gmm.cc:365) Gaussian has too little data but not removing it because it is the last Gaussian: i = 0, occ = 0, weight = 1
WARNING (gmm-est[5.1.46~1-0d031]:MleDiagGmmUpdate():mle-diag-gmm.cc:365) Gaussian has too little data but not removing it because it is the last Gaussian: i = 0, occ = 0, weight = 1
WARNING (gmm-est[5.1.46~1-0d031]:MleDiagGmmUpdate():mle-diag-gmm.cc:365) Gaussian has too little data but not removing it because it is the last Gaussian: i = 0, occ = 0, weight = 1
LOG (gmm-est[5.1.46~1-0d031]:MleAmDiagGmmUpdate():mle-am-diag-gmm.cc:225) 0 variance elements floored in 0 Gaussians, out of 257
LOG (gmm-est[5.1.46~1-0d031]:MleAmDiagGmmUpdate():mle-am-diag-gmm.cc:229) Removed 0 Gaussians due to counts < --min-gaussian-occupancy=10 and --remove-low-count-gaussians=true
LOG (gmm-est[5.1.46~1-0d031]:main():gmm-est.cc:113) GMM update: Overall 0.320283 objective function improvement per frame over 54509 frames
LOG (gmm-est[5.1.46~1-0d031]:main():gmm-est.cc:116) GMM update: Overall avg like per frame = -87.5405 over 54509 frames.
LOG (gmm-est[5.1.46~1-0d031]:SplitByCount():am-diag-gmm.cc:116) Split 112 states with target = 286, power = 0.25, perturb_factor = 0.01 and min_count = 20, split #Gauss from 257 to 286
LOG (gmm-est[5.1.46~1-0d031]:main():gmm-est.cc:146) Written model to exp/mono/8.mdl
# Accounting: time=0 threads=1
# Ended (code 0) at Wed Oct 25 07:09:57 SAST 2017, elapsed time 0 seconds
