# gmm-est --write-occs=exp/mono/19.occs --mix-up=608 --power=0.25 exp/mono/18.mdl "gmm-sum-accs - exp/mono/18.*.acc|" exp/mono/19.mdl 
# Started at Mon Nov 13 07:28:28 SAST 2017
#
gmm-est --write-occs=exp/mono/19.occs --mix-up=608 --power=0.25 exp/mono/18.mdl 'gmm-sum-accs - exp/mono/18.*.acc|' exp/mono/19.mdl 
gmm-sum-accs - exp/mono/18.1.acc 
LOG (gmm-sum-accs[5.1.46~1-0d031]:main():gmm-sum-accs.cc:63) Summed 1 stats, total count 87655, avg like/frame -84.5744
LOG (gmm-sum-accs[5.1.46~1-0d031]:main():gmm-sum-accs.cc:66) Total count of stats is 87655
LOG (gmm-sum-accs[5.1.46~1-0d031]:main():gmm-sum-accs.cc:67) Written stats to -
LOG (gmm-est[5.1.46~1-0d031]:MleUpdate():transition-model.cc:517) TransitionModel::Update, objf change is 0.000373974 per frame over 87655 frames. 
LOG (gmm-est[5.1.46~1-0d031]:MleUpdate():transition-model.cc:520) 13 probabilities floored, 228 out of 470 transition-states skipped due to insuffient data (it is normal to have some skipped.)
LOG (gmm-est[5.1.46~1-0d031]:main():gmm-est.cc:102) Transition model update: Overall 0.000373974 log-like improvement per frame over 87655 frames.
WARNING (gmm-est[5.1.46~1-0d031]:MleDiagGmmUpdate():mle-diag-gmm.cc:365) Gaussian has too little data but not removing it because it is the last Gaussian: i = 0, occ = 0, weight = 1
WARNING (gmm-est[5.1.46~1-0d031]:MleDiagGmmUpdate():mle-diag-gmm.cc:365) Gaussian has too little data but not removing it because it is the last Gaussian: i = 0, occ = 0, weight = 1
WARNING (gmm-est[5.1.46~1-0d031]:MleDiagGmmUpdate():mle-diag-gmm.cc:365) Gaussian has too little data but not removing it because it is the last Gaussian: i = 0, occ = 0, weight = 1
WARNING (gmm-est[5.1.46~1-0d031]:MleDiagGmmUpdate():mle-diag-gmm.cc:365) Gaussian has too little data but not removing it because it is the last Gaussian: i = 0, occ = 0, weight = 1
WARNING (gmm-est[5.1.46~1-0d031]:MleDiagGmmUpdate():mle-diag-gmm.cc:365) Gaussian has too little data but not removing it because it is the last Gaussian: i = 0, occ = 0, weight = 1
LOG (gmm-est[5.1.46~1-0d031]:MleAmDiagGmmUpdate():mle-am-diag-gmm.cc:225) 0 variance elements floored in 0 Gaussians, out of 579
LOG (gmm-est[5.1.46~1-0d031]:MleAmDiagGmmUpdate():mle-am-diag-gmm.cc:229) Removed 0 Gaussians due to counts < --min-gaussian-occupancy=10 and --remove-low-count-gaussians=true
LOG (gmm-est[5.1.46~1-0d031]:main():gmm-est.cc:113) GMM update: Overall 0.123825 objective function improvement per frame over 87655 frames
LOG (gmm-est[5.1.46~1-0d031]:main():gmm-est.cc:116) GMM update: Overall avg like per frame = -84.5744 over 87655 frames.
LOG (gmm-est[5.1.46~1-0d031]:SplitByCount():am-diag-gmm.cc:116) Split 115 states with target = 608, power = 0.25, perturb_factor = 0.01 and min_count = 20, split #Gauss from 579 to 608
LOG (gmm-est[5.1.46~1-0d031]:main():gmm-est.cc:146) Written model to exp/mono/19.mdl
# Accounting: time=0 threads=1
# Ended (code 0) at Mon Nov 13 07:28:28 SAST 2017, elapsed time 0 seconds
