# build-tree --verbose=1 --max-leaves=2000 --cluster-thresh=-1 exp/tri1/treeacc data/lang/phones/roots.int exp/tri1/questions.qst data/lang/topo exp/tri1/tree 
# Started at Tue Nov 14 18:38:11 SAST 2017
#
build-tree --verbose=1 --max-leaves=2000 --cluster-thresh=-1 exp/tri1/treeacc data/lang/phones/roots.int exp/tri1/questions.qst data/lang/topo exp/tri1/tree 
LOG (build-tree[5.1.46~1-0d031]:main():build-tree.cc:100) Number of separate statistics is 4838
LOG (build-tree[5.1.46~1-0d031]:BuildTree():build-tree.cc:159) BuildTree: before building trees, map has 37 leaves.
LOG (build-tree[5.1.46~1-0d031]:SplitDecisionTree():build-tree-utils.cc:577) DoDecisionTreeSplit: split 589 times, #leaves now 626
LOG (build-tree[5.1.46~1-0d031]:BuildTree():build-tree.cc:185) Setting clustering threshold to smallest split 300.18
VLOG[1] (build-tree[5.1.46~1-0d031]:BuildTree():build-tree.cc:194) After decision tree split, num-leaves = 626, like-impr = 7.18488 per frame over 116385 frames.
VLOG[1] (build-tree[5.1.46~1-0d031]:BuildTree():build-tree.cc:198) Including just phones that were split, improvement is 7.18488 per frame over 116385 frames.
LOG (build-tree[5.1.46~1-0d031]:BuildTree():build-tree.cc:213) BuildTree: removed 80 leaves.
VLOG[1] (build-tree[5.1.46~1-0d031]:BuildTree():build-tree.cc:220) Objf change due to clustering -0.139228 per frame.
VLOG[1] (build-tree[5.1.46~1-0d031]:BuildTree():build-tree.cc:223) Normalizing over only split phones, this is: -0.139228 per frame.
VLOG[1] (build-tree[5.1.46~1-0d031]:BuildTree():build-tree.cc:226) Num-leaves is now 546
VLOG[1] (build-tree[5.1.46~1-0d031]:main():build-tree.cc:138) For pdf-id 1, low count 0
VLOG[1] (build-tree[5.1.46~1-0d031]:main():build-tree.cc:138) For pdf-id 3, low count 76
VLOG[1] (build-tree[5.1.46~1-0d031]:main():build-tree.cc:138) For pdf-id 4, low count 39
VLOG[1] (build-tree[5.1.46~1-0d031]:main():build-tree.cc:138) For pdf-id 5, low count 59
VLOG[1] (build-tree[5.1.46~1-0d031]:main():build-tree.cc:138) For pdf-id 7, low count 99
VLOG[1] (build-tree[5.1.46~1-0d031]:main():build-tree.cc:138) For pdf-id 8, low count 59
VLOG[1] (build-tree[5.1.46~1-0d031]:main():build-tree.cc:138) For pdf-id 10, low count 39
VLOG[1] (build-tree[5.1.46~1-0d031]:main():build-tree.cc:138) For pdf-id 11, low count 93
VLOG[1] (build-tree[5.1.46~1-0d031]:main():build-tree.cc:138) For pdf-id 15, low count 65
VLOG[1] (build-tree[5.1.46~1-0d031]:main():build-tree.cc:138) For pdf-id 16, low count 68
VLOG[1] (build-tree[5.1.46~1-0d031]:main():build-tree.cc:138) For pdf-id 21, low count 75
VLOG[1] (build-tree[5.1.46~1-0d031]:main():build-tree.cc:138) For pdf-id 25, low count 99
VLOG[1] (build-tree[5.1.46~1-0d031]:main():build-tree.cc:138) For pdf-id 27, low count 86
VLOG[1] (build-tree[5.1.46~1-0d031]:main():build-tree.cc:138) For pdf-id 31, low count 84
VLOG[1] (build-tree[5.1.46~1-0d031]:main():build-tree.cc:138) For pdf-id 32, low count 50
VLOG[1] (build-tree[5.1.46~1-0d031]:main():build-tree.cc:138) For pdf-id 33, low count 53
VLOG[1] (build-tree[5.1.46~1-0d031]:main():build-tree.cc:138) For pdf-id 36, low count 79
VLOG[1] (build-tree[5.1.46~1-0d031]:main():build-tree.cc:138) For pdf-id 39, low count 94
VLOG[1] (build-tree[5.1.46~1-0d031]:main():build-tree.cc:138) For pdf-id 47, low count 99
VLOG[1] (build-tree[5.1.46~1-0d031]:main():build-tree.cc:138) For pdf-id 50, low count 80
VLOG[1] (build-tree[5.1.46~1-0d031]:main():build-tree.cc:138) For pdf-id 53, low count 58
VLOG[1] (build-tree[5.1.46~1-0d031]:main():build-tree.cc:138) For pdf-id 57, low count 40
VLOG[1] (build-tree[5.1.46~1-0d031]:main():build-tree.cc:138) For pdf-id 58, low count 47
VLOG[1] (build-tree[5.1.46~1-0d031]:main():build-tree.cc:138) For pdf-id 59, low count 85
VLOG[1] (build-tree[5.1.46~1-0d031]:main():build-tree.cc:138) For pdf-id 62, low count 91
VLOG[1] (build-tree[5.1.46~1-0d031]:main():build-tree.cc:138) For pdf-id 64, low count 54
VLOG[1] (build-tree[5.1.46~1-0d031]:main():build-tree.cc:138) For pdf-id 65, low count 56
VLOG[1] (build-tree[5.1.46~1-0d031]:main():build-tree.cc:138) For pdf-id 69, low count 85
VLOG[1] (build-tree[5.1.46~1-0d031]:main():build-tree.cc:138) For pdf-id 71, low count 89
VLOG[1] (build-tree[5.1.46~1-0d031]:main():build-tree.cc:138) For pdf-id 73, low count 66
VLOG[1] (build-tree[5.1.46~1-0d031]:main():build-tree.cc:138) For pdf-id 74, low count 66
VLOG[1] (build-tree[5.1.46~1-0d031]:main():build-tree.cc:138) For pdf-id 79, low count 94
VLOG[1] (build-tree[5.1.46~1-0d031]:main():build-tree.cc:138) For pdf-id 80, low count 74
VLOG[1] (build-tree[5.1.46~1-0d031]:main():build-tree.cc:138) For pdf-id 85, low count 61
VLOG[1] (build-tree[5.1.46~1-0d031]:main():build-tree.cc:138) For pdf-id 86, low count 27
VLOG[1] (build-tree[5.1.46~1-0d031]:main():build-tree.cc:138) For pdf-id 88, low count 54
VLOG[1] (build-tree[5.1.46~1-0d031]:main():build-tree.cc:138) For pdf-id 89, low count 49
VLOG[1] (build-tree[5.1.46~1-0d031]:main():build-tree.cc:138) For pdf-id 90, low count 62
VLOG[1] (build-tree[5.1.46~1-0d031]:main():build-tree.cc:138) For pdf-id 94, low count 73
VLOG[1] (build-tree[5.1.46~1-0d031]:main():build-tree.cc:138) For pdf-id 95, low count 44
VLOG[1] (build-tree[5.1.46~1-0d031]:main():build-tree.cc:138) For pdf-id 97, low count 41
VLOG[1] (build-tree[5.1.46~1-0d031]:main():build-tree.cc:138) For pdf-id 99, low count 42
VLOG[1] (build-tree[5.1.46~1-0d031]:main():build-tree.cc:138) For pdf-id 100, low count 44
VLOG[1] (build-tree[5.1.46~1-0d031]:main():build-tree.cc:138) For pdf-id 101, low count 62
VLOG[1] (build-tree[5.1.46~1-0d031]:main():build-tree.cc:138) For pdf-id 102, low count 12
VLOG[1] (build-tree[5.1.46~1-0d031]:main():build-tree.cc:138) For pdf-id 104, low count 57
VLOG[1] (build-tree[5.1.46~1-0d031]:main():build-tree.cc:138) For pdf-id 107, low count 42
VLOG[1] (build-tree[5.1.46~1-0d031]:main():build-tree.cc:138) For pdf-id 109, low count 75
VLOG[1] (build-tree[5.1.46~1-0d031]:main():build-tree.cc:138) For pdf-id 110, low count 86
VLOG[1] (build-tree[5.1.46~1-0d031]:main():build-tree.cc:138) For pdf-id 111, low count 51
VLOG[1] (build-tree[5.1.46~1-0d031]:main():build-tree.cc:138) For pdf-id 112, low count 94
VLOG[1] (build-tree[5.1.46~1-0d031]:main():build-tree.cc:138) For pdf-id 114, low count 78
VLOG[1] (build-tree[5.1.46~1-0d031]:main():build-tree.cc:138) For pdf-id 116, low count 80
VLOG[1] (build-tree[5.1.46~1-0d031]:main():build-tree.cc:138) For pdf-id 118, low count 89
VLOG[1] (build-tree[5.1.46~1-0d031]:main():build-tree.cc:138) For pdf-id 121, low count 76
VLOG[1] (build-tree[5.1.46~1-0d031]:main():build-tree.cc:138) For pdf-id 124, low count 62
VLOG[1] (build-tree[5.1.46~1-0d031]:main():build-tree.cc:138) For pdf-id 125, low count 74
VLOG[1] (build-tree[5.1.46~1-0d031]:main():build-tree.cc:138) For pdf-id 126, low count 67
VLOG[1] (build-tree[5.1.46~1-0d031]:main():build-tree.cc:138) For pdf-id 128, low count 80
VLOG[1] (build-tree[5.1.46~1-0d031]:main():build-tree.cc:138) For pdf-id 131, low count 90
VLOG[1] (build-tree[5.1.46~1-0d031]:main():build-tree.cc:138) For pdf-id 132, low count 96
VLOG[1] (build-tree[5.1.46~1-0d031]:main():build-tree.cc:138) For pdf-id 137, low count 37
VLOG[1] (build-tree[5.1.46~1-0d031]:main():build-tree.cc:138) For pdf-id 139, low count 73
VLOG[1] (build-tree[5.1.46~1-0d031]:main():build-tree.cc:138) For pdf-id 140, low count 48
VLOG[1] (build-tree[5.1.46~1-0d031]:main():build-tree.cc:138) For pdf-id 142, low count 69
VLOG[1] (build-tree[5.1.46~1-0d031]:main():build-tree.cc:138) For pdf-id 147, low count 51
VLOG[1] (build-tree[5.1.46~1-0d031]:main():build-tree.cc:138) For pdf-id 148, low count 63
VLOG[1] (build-tree[5.1.46~1-0d031]:main():build-tree.cc:138) For pdf-id 150, low count 96
VLOG[1] (build-tree[5.1.46~1-0d031]:main():build-tree.cc:138) For pdf-id 152, low count 65
VLOG[1] (build-tree[5.1.46~1-0d031]:main():build-tree.cc:138) For pdf-id 156, low count 13
VLOG[1] (build-tree[5.1.46~1-0d031]:main():build-tree.cc:138) For pdf-id 157, low count 43
VLOG[1] (build-tree[5.1.46~1-0d031]:main():build-tree.cc:138) For pdf-id 158, low count 68
VLOG[1] (build-tree[5.1.46~1-0d031]:main():build-tree.cc:138) For pdf-id 159, low count 56
VLOG[1] (build-tree[5.1.46~1-0d031]:main():build-tree.cc:138) For pdf-id 161, low count 83
VLOG[1] (build-tree[5.1.46~1-0d031]:main():build-tree.cc:138) For pdf-id 162, low count 65
VLOG[1] (build-tree[5.1.46~1-0d031]:main():build-tree.cc:138) For pdf-id 165, low count 49
VLOG[1] (build-tree[5.1.46~1-0d031]:main():build-tree.cc:138) For pdf-id 167, low count 56
VLOG[1] (build-tree[5.1.46~1-0d031]:main():build-tree.cc:138) For pdf-id 168, low count 65
VLOG[1] (build-tree[5.1.46~1-0d031]:main():build-tree.cc:138) For pdf-id 170, low count 43
VLOG[1] (build-tree[5.1.46~1-0d031]:main():build-tree.cc:138) For pdf-id 172, low count 61
VLOG[1] (build-tree[5.1.46~1-0d031]:main():build-tree.cc:138) For pdf-id 175, low count 92
VLOG[1] (build-tree[5.1.46~1-0d031]:main():build-tree.cc:138) For pdf-id 178, low count 44
VLOG[1] (build-tree[5.1.46~1-0d031]:main():build-tree.cc:138) For pdf-id 179, low count 93
VLOG[1] (build-tree[5.1.46~1-0d031]:main():build-tree.cc:138) For pdf-id 180, low count 58
VLOG[1] (build-tree[5.1.46~1-0d031]:main():build-tree.cc:138) For pdf-id 181, low count 68
VLOG[1] (build-tree[5.1.46~1-0d031]:main():build-tree.cc:138) For pdf-id 185, low count 51
VLOG[1] (build-tree[5.1.46~1-0d031]:main():build-tree.cc:138) For pdf-id 186, low count 60
VLOG[1] (build-tree[5.1.46~1-0d031]:main():build-tree.cc:138) For pdf-id 188, low count 99
VLOG[1] (build-tree[5.1.46~1-0d031]:main():build-tree.cc:138) For pdf-id 192, low count 26
VLOG[1] (build-tree[5.1.46~1-0d031]:main():build-tree.cc:138) For pdf-id 193, low count 93
VLOG[1] (build-tree[5.1.46~1-0d031]:main():build-tree.cc:138) For pdf-id 195, low count 64
VLOG[1] (build-tree[5.1.46~1-0d031]:main():build-tree.cc:138) For pdf-id 196, low count 78
VLOG[1] (build-tree[5.1.46~1-0d031]:main():build-tree.cc:138) For pdf-id 197, low count 57
VLOG[1] (build-tree[5.1.46~1-0d031]:main():build-tree.cc:138) For pdf-id 199, low count 72
VLOG[1] (build-tree[5.1.46~1-0d031]:main():build-tree.cc:138) For pdf-id 200, low count 80
VLOG[1] (build-tree[5.1.46~1-0d031]:main():build-tree.cc:138) For pdf-id 201, low count 66
VLOG[1] (build-tree[5.1.46~1-0d031]:main():build-tree.cc:138) For pdf-id 202, low count 87
VLOG[1] (build-tree[5.1.46~1-0d031]:main():build-tree.cc:138) For pdf-id 203, low count 71
VLOG[1] (build-tree[5.1.46~1-0d031]:main():build-tree.cc:138) For pdf-id 204, low count 44
VLOG[1] (build-tree[5.1.46~1-0d031]:main():build-tree.cc:138) For pdf-id 205, low count 62
VLOG[1] (build-tree[5.1.46~1-0d031]:main():build-tree.cc:138) For pdf-id 206, low count 74
VLOG[1] (build-tree[5.1.46~1-0d031]:main():build-tree.cc:138) For pdf-id 210, low count 75
VLOG[1] (build-tree[5.1.46~1-0d031]:main():build-tree.cc:138) For pdf-id 211, low count 87
VLOG[1] (build-tree[5.1.46~1-0d031]:main():build-tree.cc:138) For pdf-id 214, low count 96
VLOG[1] (build-tree[5.1.46~1-0d031]:main():build-tree.cc:138) For pdf-id 218, low count 76
VLOG[1] (build-tree[5.1.46~1-0d031]:main():build-tree.cc:138) For pdf-id 221, low count 84
VLOG[1] (build-tree[5.1.46~1-0d031]:main():build-tree.cc:138) For pdf-id 223, low count 58
VLOG[1] (build-tree[5.1.46~1-0d031]:main():build-tree.cc:138) For pdf-id 224, low count 87
VLOG[1] (build-tree[5.1.46~1-0d031]:main():build-tree.cc:138) For pdf-id 225, low count 55
VLOG[1] (build-tree[5.1.46~1-0d031]:main():build-tree.cc:138) For pdf-id 226, low count 65
VLOG[1] (build-tree[5.1.46~1-0d031]:main():build-tree.cc:138) For pdf-id 230, low count 77
VLOG[1] (build-tree[5.1.46~1-0d031]:main():build-tree.cc:138) For pdf-id 232, low count 55
VLOG[1] (build-tree[5.1.46~1-0d031]:main():build-tree.cc:138) For pdf-id 234, low count 37
VLOG[1] (build-tree[5.1.46~1-0d031]:main():build-tree.cc:138) For pdf-id 235, low count 54
VLOG[1] (build-tree[5.1.46~1-0d031]:main():build-tree.cc:138) For pdf-id 236, low count 44
VLOG[1] (build-tree[5.1.46~1-0d031]:main():build-tree.cc:138) For pdf-id 237, low count 55
VLOG[1] (build-tree[5.1.46~1-0d031]:main():build-tree.cc:138) For pdf-id 240, low count 77
VLOG[1] (build-tree[5.1.46~1-0d031]:main():build-tree.cc:138) For pdf-id 241, low count 46
VLOG[1] (build-tree[5.1.46~1-0d031]:main():build-tree.cc:138) For pdf-id 242, low count 56
VLOG[1] (build-tree[5.1.46~1-0d031]:main():build-tree.cc:138) For pdf-id 245, low count 31
VLOG[1] (build-tree[5.1.46~1-0d031]:main():build-tree.cc:138) For pdf-id 249, low count 47
VLOG[1] (build-tree[5.1.46~1-0d031]:main():build-tree.cc:138) For pdf-id 250, low count 38
VLOG[1] (build-tree[5.1.46~1-0d031]:main():build-tree.cc:138) For pdf-id 251, low count 46
VLOG[1] (build-tree[5.1.46~1-0d031]:main():build-tree.cc:138) For pdf-id 252, low count 52
VLOG[1] (build-tree[5.1.46~1-0d031]:main():build-tree.cc:138) For pdf-id 255, low count 88
VLOG[1] (build-tree[5.1.46~1-0d031]:main():build-tree.cc:138) For pdf-id 256, low count 68
VLOG[1] (build-tree[5.1.46~1-0d031]:main():build-tree.cc:138) For pdf-id 259, low count 95
VLOG[1] (build-tree[5.1.46~1-0d031]:main():build-tree.cc:138) For pdf-id 260, low count 61
VLOG[1] (build-tree[5.1.46~1-0d031]:main():build-tree.cc:138) For pdf-id 264, low count 42
VLOG[1] (build-tree[5.1.46~1-0d031]:main():build-tree.cc:138) For pdf-id 266, low count 32
VLOG[1] (build-tree[5.1.46~1-0d031]:main():build-tree.cc:138) For pdf-id 271, low count 62
VLOG[1] (build-tree[5.1.46~1-0d031]:main():build-tree.cc:138) For pdf-id 272, low count 81
VLOG[1] (build-tree[5.1.46~1-0d031]:main():build-tree.cc:138) For pdf-id 273, low count 97
VLOG[1] (build-tree[5.1.46~1-0d031]:main():build-tree.cc:138) For pdf-id 275, low count 94
VLOG[1] (build-tree[5.1.46~1-0d031]:main():build-tree.cc:138) For pdf-id 276, low count 78
VLOG[1] (build-tree[5.1.46~1-0d031]:main():build-tree.cc:138) For pdf-id 277, low count 45
VLOG[1] (build-tree[5.1.46~1-0d031]:main():build-tree.cc:138) For pdf-id 278, low count 65
VLOG[1] (build-tree[5.1.46~1-0d031]:main():build-tree.cc:138) For pdf-id 281, low count 28
VLOG[1] (build-tree[5.1.46~1-0d031]:main():build-tree.cc:138) For pdf-id 282, low count 89
VLOG[1] (build-tree[5.1.46~1-0d031]:main():build-tree.cc:138) For pdf-id 283, low count 86
VLOG[1] (build-tree[5.1.46~1-0d031]:main():build-tree.cc:138) For pdf-id 289, low count 60
VLOG[1] (build-tree[5.1.46~1-0d031]:main():build-tree.cc:138) For pdf-id 293, low count 64
VLOG[1] (build-tree[5.1.46~1-0d031]:main():build-tree.cc:138) For pdf-id 297, low count 65
VLOG[1] (build-tree[5.1.46~1-0d031]:main():build-tree.cc:138) For pdf-id 299, low count 83
VLOG[1] (build-tree[5.1.46~1-0d031]:main():build-tree.cc:138) For pdf-id 300, low count 74
VLOG[1] (build-tree[5.1.46~1-0d031]:main():build-tree.cc:138) For pdf-id 301, low count 22
VLOG[1] (build-tree[5.1.46~1-0d031]:main():build-tree.cc:138) For pdf-id 303, low count 98
VLOG[1] (build-tree[5.1.46~1-0d031]:main():build-tree.cc:138) For pdf-id 305, low count 29
VLOG[1] (build-tree[5.1.46~1-0d031]:main():build-tree.cc:138) For pdf-id 306, low count 95
VLOG[1] (build-tree[5.1.46~1-0d031]:main():build-tree.cc:138) For pdf-id 307, low count 55
VLOG[1] (build-tree[5.1.46~1-0d031]:main():build-tree.cc:138) For pdf-id 308, low count 80
VLOG[1] (build-tree[5.1.46~1-0d031]:main():build-tree.cc:138) For pdf-id 313, low count 44
VLOG[1] (build-tree[5.1.46~1-0d031]:main():build-tree.cc:138) For pdf-id 315, low count 77
VLOG[1] (build-tree[5.1.46~1-0d031]:main():build-tree.cc:138) For pdf-id 316, low count 60
VLOG[1] (build-tree[5.1.46~1-0d031]:main():build-tree.cc:138) For pdf-id 318, low count 45
VLOG[1] (build-tree[5.1.46~1-0d031]:main():build-tree.cc:138) For pdf-id 320, low count 31
VLOG[1] (build-tree[5.1.46~1-0d031]:main():build-tree.cc:138) For pdf-id 321, low count 91
VLOG[1] (build-tree[5.1.46~1-0d031]:main():build-tree.cc:138) For pdf-id 323, low count 41
VLOG[1] (build-tree[5.1.46~1-0d031]:main():build-tree.cc:138) For pdf-id 327, low count 38
VLOG[1] (build-tree[5.1.46~1-0d031]:main():build-tree.cc:138) For pdf-id 330, low count 61
VLOG[1] (build-tree[5.1.46~1-0d031]:main():build-tree.cc:138) For pdf-id 332, low count 40
VLOG[1] (build-tree[5.1.46~1-0d031]:main():build-tree.cc:138) For pdf-id 334, low count 72
VLOG[1] (build-tree[5.1.46~1-0d031]:main():build-tree.cc:138) For pdf-id 335, low count 86
VLOG[1] (build-tree[5.1.46~1-0d031]:main():build-tree.cc:138) For pdf-id 337, low count 98
VLOG[1] (build-tree[5.1.46~1-0d031]:main():build-tree.cc:138) For pdf-id 338, low count 98
VLOG[1] (build-tree[5.1.46~1-0d031]:main():build-tree.cc:138) For pdf-id 343, low count 49
VLOG[1] (build-tree[5.1.46~1-0d031]:main():build-tree.cc:138) For pdf-id 344, low count 55
VLOG[1] (build-tree[5.1.46~1-0d031]:main():build-tree.cc:138) For pdf-id 347, low count 55
VLOG[1] (build-tree[5.1.46~1-0d031]:main():build-tree.cc:138) For pdf-id 350, low count 95
VLOG[1] (build-tree[5.1.46~1-0d031]:main():build-tree.cc:138) For pdf-id 352, low count 80
VLOG[1] (build-tree[5.1.46~1-0d031]:main():build-tree.cc:138) For pdf-id 355, low count 79
VLOG[1] (build-tree[5.1.46~1-0d031]:main():build-tree.cc:138) For pdf-id 356, low count 88
VLOG[1] (build-tree[5.1.46~1-0d031]:main():build-tree.cc:138) For pdf-id 357, low count 96
VLOG[1] (build-tree[5.1.46~1-0d031]:main():build-tree.cc:138) For pdf-id 358, low count 48
VLOG[1] (build-tree[5.1.46~1-0d031]:main():build-tree.cc:138) For pdf-id 359, low count 43
VLOG[1] (build-tree[5.1.46~1-0d031]:main():build-tree.cc:138) For pdf-id 360, low count 80
VLOG[1] (build-tree[5.1.46~1-0d031]:main():build-tree.cc:138) For pdf-id 362, low count 69
VLOG[1] (build-tree[5.1.46~1-0d031]:main():build-tree.cc:138) For pdf-id 364, low count 26
VLOG[1] (build-tree[5.1.46~1-0d031]:main():build-tree.cc:138) For pdf-id 367, low count 79
VLOG[1] (build-tree[5.1.46~1-0d031]:main():build-tree.cc:138) For pdf-id 369, low count 84
VLOG[1] (build-tree[5.1.46~1-0d031]:main():build-tree.cc:138) For pdf-id 372, low count 89
VLOG[1] (build-tree[5.1.46~1-0d031]:main():build-tree.cc:138) For pdf-id 374, low count 89
VLOG[1] (build-tree[5.1.46~1-0d031]:main():build-tree.cc:138) For pdf-id 377, low count 36
VLOG[1] (build-tree[5.1.46~1-0d031]:main():build-tree.cc:138) For pdf-id 379, low count 90
VLOG[1] (build-tree[5.1.46~1-0d031]:main():build-tree.cc:138) For pdf-id 381, low count 27
VLOG[1] (build-tree[5.1.46~1-0d031]:main():build-tree.cc:138) For pdf-id 382, low count 47
VLOG[1] (build-tree[5.1.46~1-0d031]:main():build-tree.cc:138) For pdf-id 384, low count 64
VLOG[1] (build-tree[5.1.46~1-0d031]:main():build-tree.cc:138) For pdf-id 385, low count 59
VLOG[1] (build-tree[5.1.46~1-0d031]:main():build-tree.cc:138) For pdf-id 386, low count 99
VLOG[1] (build-tree[5.1.46~1-0d031]:main():build-tree.cc:138) For pdf-id 387, low count 98
VLOG[1] (build-tree[5.1.46~1-0d031]:main():build-tree.cc:138) For pdf-id 389, low count 94
VLOG[1] (build-tree[5.1.46~1-0d031]:main():build-tree.cc:138) For pdf-id 390, low count 64
VLOG[1] (build-tree[5.1.46~1-0d031]:main():build-tree.cc:138) For pdf-id 392, low count 91
VLOG[1] (build-tree[5.1.46~1-0d031]:main():build-tree.cc:138) For pdf-id 396, low count 92
VLOG[1] (build-tree[5.1.46~1-0d031]:main():build-tree.cc:138) For pdf-id 397, low count 93
VLOG[1] (build-tree[5.1.46~1-0d031]:main():build-tree.cc:138) For pdf-id 398, low count 86
VLOG[1] (build-tree[5.1.46~1-0d031]:main():build-tree.cc:138) For pdf-id 403, low count 93
VLOG[1] (build-tree[5.1.46~1-0d031]:main():build-tree.cc:138) For pdf-id 405, low count 84
VLOG[1] (build-tree[5.1.46~1-0d031]:main():build-tree.cc:138) For pdf-id 406, low count 68
VLOG[1] (build-tree[5.1.46~1-0d031]:main():build-tree.cc:138) For pdf-id 408, low count 98
VLOG[1] (build-tree[5.1.46~1-0d031]:main():build-tree.cc:138) For pdf-id 409, low count 78
VLOG[1] (build-tree[5.1.46~1-0d031]:main():build-tree.cc:138) For pdf-id 417, low count 50
VLOG[1] (build-tree[5.1.46~1-0d031]:main():build-tree.cc:138) For pdf-id 418, low count 80
VLOG[1] (build-tree[5.1.46~1-0d031]:main():build-tree.cc:138) For pdf-id 419, low count 72
VLOG[1] (build-tree[5.1.46~1-0d031]:main():build-tree.cc:138) For pdf-id 420, low count 88
VLOG[1] (build-tree[5.1.46~1-0d031]:main():build-tree.cc:138) For pdf-id 423, low count 96
VLOG[1] (build-tree[5.1.46~1-0d031]:main():build-tree.cc:138) For pdf-id 424, low count 83
VLOG[1] (build-tree[5.1.46~1-0d031]:main():build-tree.cc:138) For pdf-id 426, low count 88
VLOG[1] (build-tree[5.1.46~1-0d031]:main():build-tree.cc:138) For pdf-id 432, low count 44
VLOG[1] (build-tree[5.1.46~1-0d031]:main():build-tree.cc:138) For pdf-id 433, low count 64
VLOG[1] (build-tree[5.1.46~1-0d031]:main():build-tree.cc:138) For pdf-id 438, low count 82
VLOG[1] (build-tree[5.1.46~1-0d031]:main():build-tree.cc:138) For pdf-id 440, low count 52
VLOG[1] (build-tree[5.1.46~1-0d031]:main():build-tree.cc:138) For pdf-id 444, low count 76
VLOG[1] (build-tree[5.1.46~1-0d031]:main():build-tree.cc:138) For pdf-id 446, low count 39
VLOG[1] (build-tree[5.1.46~1-0d031]:main():build-tree.cc:138) For pdf-id 447, low count 97
VLOG[1] (build-tree[5.1.46~1-0d031]:main():build-tree.cc:138) For pdf-id 448, low count 66
VLOG[1] (build-tree[5.1.46~1-0d031]:main():build-tree.cc:138) For pdf-id 453, low count 62
VLOG[1] (build-tree[5.1.46~1-0d031]:main():build-tree.cc:138) For pdf-id 454, low count 49
VLOG[1] (build-tree[5.1.46~1-0d031]:main():build-tree.cc:138) For pdf-id 458, low count 67
VLOG[1] (build-tree[5.1.46~1-0d031]:main():build-tree.cc:138) For pdf-id 465, low count 97
VLOG[1] (build-tree[5.1.46~1-0d031]:main():build-tree.cc:138) For pdf-id 466, low count 44
VLOG[1] (build-tree[5.1.46~1-0d031]:main():build-tree.cc:138) For pdf-id 472, low count 50
VLOG[1] (build-tree[5.1.46~1-0d031]:main():build-tree.cc:138) For pdf-id 475, low count 85
VLOG[1] (build-tree[5.1.46~1-0d031]:main():build-tree.cc:138) For pdf-id 479, low count 36
VLOG[1] (build-tree[5.1.46~1-0d031]:main():build-tree.cc:138) For pdf-id 480, low count 27
VLOG[1] (build-tree[5.1.46~1-0d031]:main():build-tree.cc:138) For pdf-id 482, low count 61
VLOG[1] (build-tree[5.1.46~1-0d031]:main():build-tree.cc:138) For pdf-id 484, low count 76
VLOG[1] (build-tree[5.1.46~1-0d031]:main():build-tree.cc:138) For pdf-id 485, low count 88
VLOG[1] (build-tree[5.1.46~1-0d031]:main():build-tree.cc:138) For pdf-id 490, low count 90
VLOG[1] (build-tree[5.1.46~1-0d031]:main():build-tree.cc:138) For pdf-id 492, low count 61
VLOG[1] (build-tree[5.1.46~1-0d031]:main():build-tree.cc:138) For pdf-id 493, low count 47
VLOG[1] (build-tree[5.1.46~1-0d031]:main():build-tree.cc:138) For pdf-id 496, low count 92
VLOG[1] (build-tree[5.1.46~1-0d031]:main():build-tree.cc:138) For pdf-id 499, low count 95
VLOG[1] (build-tree[5.1.46~1-0d031]:main():build-tree.cc:138) For pdf-id 500, low count 42
VLOG[1] (build-tree[5.1.46~1-0d031]:main():build-tree.cc:138) For pdf-id 501, low count 47
VLOG[1] (build-tree[5.1.46~1-0d031]:main():build-tree.cc:138) For pdf-id 503, low count 69
VLOG[1] (build-tree[5.1.46~1-0d031]:main():build-tree.cc:138) For pdf-id 505, low count 78
VLOG[1] (build-tree[5.1.46~1-0d031]:main():build-tree.cc:138) For pdf-id 506, low count 21
VLOG[1] (build-tree[5.1.46~1-0d031]:main():build-tree.cc:138) For pdf-id 509, low count 98
VLOG[1] (build-tree[5.1.46~1-0d031]:main():build-tree.cc:138) For pdf-id 511, low count 81
VLOG[1] (build-tree[5.1.46~1-0d031]:main():build-tree.cc:138) For pdf-id 513, low count 48
VLOG[1] (build-tree[5.1.46~1-0d031]:main():build-tree.cc:138) For pdf-id 515, low count 40
VLOG[1] (build-tree[5.1.46~1-0d031]:main():build-tree.cc:138) For pdf-id 517, low count 62
VLOG[1] (build-tree[5.1.46~1-0d031]:main():build-tree.cc:138) For pdf-id 523, low count 57
VLOG[1] (build-tree[5.1.46~1-0d031]:main():build-tree.cc:138) For pdf-id 524, low count 40
VLOG[1] (build-tree[5.1.46~1-0d031]:main():build-tree.cc:138) For pdf-id 525, low count 55
VLOG[1] (build-tree[5.1.46~1-0d031]:main():build-tree.cc:138) For pdf-id 526, low count 40
VLOG[1] (build-tree[5.1.46~1-0d031]:main():build-tree.cc:138) For pdf-id 528, low count 44
VLOG[1] (build-tree[5.1.46~1-0d031]:main():build-tree.cc:138) For pdf-id 529, low count 68
VLOG[1] (build-tree[5.1.46~1-0d031]:main():build-tree.cc:138) For pdf-id 530, low count 72
VLOG[1] (build-tree[5.1.46~1-0d031]:main():build-tree.cc:138) For pdf-id 531, low count 83
VLOG[1] (build-tree[5.1.46~1-0d031]:main():build-tree.cc:138) For pdf-id 533, low count 60
VLOG[1] (build-tree[5.1.46~1-0d031]:main():build-tree.cc:138) For pdf-id 535, low count 94
VLOG[1] (build-tree[5.1.46~1-0d031]:main():build-tree.cc:138) For pdf-id 536, low count 64
VLOG[1] (build-tree[5.1.46~1-0d031]:main():build-tree.cc:138) For pdf-id 539, low count 94
VLOG[1] (build-tree[5.1.46~1-0d031]:main():build-tree.cc:138) For pdf-id 540, low count 73
VLOG[1] (build-tree[5.1.46~1-0d031]:main():build-tree.cc:138) For pdf-id 542, low count 40
VLOG[1] (build-tree[5.1.46~1-0d031]:main():build-tree.cc:138) For pdf-id 544, low count 66
VLOG[1] (build-tree[5.1.46~1-0d031]:main():build-tree.cc:138) For pdf-id 545, low count 58
WARNING (build-tree[5.1.46~1-0d031]:main():build-tree.cc:180) Saw no stats for following phones: 2 3 4 5 6 7 8 9 10 11 12 14 16 18 22 24 26 27 28 30 31 34 38 42 46 48 50 51 54 58 62 64 66 68 69 70 72 74 78 80 81 82 86 90 94 98 99 102 103 106 110 114 118 119 121 122 126 128 129 130 131 134 138 140 142 144 145 146 149 150 
LOG (build-tree[5.1.46~1-0d031]:main():build-tree.cc:184) Wrote tree
# Accounting: time=3 threads=1
# Ended (code 0) at Tue Nov 14 18:38:14 SAST 2017, elapsed time 3 seconds
