# gmm-init-model --write-occs=exp/tri1/1.occs exp/tri1/tree exp/tri1/treeacc data/lang/topo exp/tri1/1.mdl 
# Started at Tue Oct  3 21:48:27 SAST 2017
#
gmm-init-model --write-occs=exp/tri1/1.occs exp/tri1/tree exp/tri1/treeacc data/lang/topo exp/tri1/1.mdl 
LOG (gmm-init-model[5.1.46~1-0d031]:main():gmm-init-model.cc:271) Number of separate statistics is 1241
WARNING (gmm-init-model[5.1.46~1-0d031]:InitAmGmm():gmm-init-model.cc:55) Tree has pdf-id 1 with no stats; corresponding phone list: 6 7 8 9 10 
WARNING (gmm-init-model[5.1.46~1-0d031]:InitAmGmm():gmm-init-model.cc:83) Very small count for state 2: 31; corresponding phone list: 11 12 13 14 
WARNING (gmm-init-model[5.1.46~1-0d031]:InitAmGmm():gmm-init-model.cc:83) Very small count for state 3: 23; corresponding phone list: 15 16 17 18 
WARNING (gmm-init-model[5.1.46~1-0d031]:InitAmGmm():gmm-init-model.cc:83) Very small count for state 5: 69; corresponding phone list: 23 24 25 26 
WARNING (gmm-init-model[5.1.46~1-0d031]:InitAmGmm():gmm-init-model.cc:83) Very small count for state 6: 83; corresponding phone list: 27 28 29 30 
WARNING (gmm-init-model[5.1.46~1-0d031]:InitAmGmm():gmm-init-model.cc:83) Very small count for state 7: 47; corresponding phone list: 31 32 33 34 
WARNING (gmm-init-model[5.1.46~1-0d031]:InitAmGmm():gmm-init-model.cc:83) Very small count for state 8: 41; corresponding phone list: 35 36 37 38 
WARNING (gmm-init-model[5.1.46~1-0d031]:InitAmGmm():gmm-init-model.cc:83) Very small count for state 9: 69; corresponding phone list: 39 40 41 42 
WARNING (gmm-init-model[5.1.46~1-0d031]:InitAmGmm():gmm-init-model.cc:83) Very small count for state 10: 27; corresponding phone list: 43 44 45 46 
WARNING (gmm-init-model[5.1.46~1-0d031]:InitAmGmm():gmm-init-model.cc:83) Very small count for state 12: 35; corresponding phone list: 51 52 53 54 
WARNING (gmm-init-model[5.1.46~1-0d031]:InitAmGmm():gmm-init-model.cc:83) Very small count for state 15: 42; corresponding phone list: 63 64 65 66 
WARNING (gmm-init-model[5.1.46~1-0d031]:InitAmGmm():gmm-init-model.cc:83) Very small count for state 16: 41; corresponding phone list: 67 68 69 70 
WARNING (gmm-init-model[5.1.46~1-0d031]:InitAmGmm():gmm-init-model.cc:83) Very small count for state 17: 34; corresponding phone list: 71 72 73 74 
WARNING (gmm-init-model[5.1.46~1-0d031]:InitAmGmm():gmm-init-model.cc:83) Very small count for state 18: 54; corresponding phone list: 75 76 77 78 
WARNING (gmm-init-model[5.1.46~1-0d031]:InitAmGmm():gmm-init-model.cc:83) Very small count for state 19: 35; corresponding phone list: 79 80 81 82 
WARNING (gmm-init-model[5.1.46~1-0d031]:InitAmGmm():gmm-init-model.cc:83) Very small count for state 20: 99; corresponding phone list: 83 84 85 86 
WARNING (gmm-init-model[5.1.46~1-0d031]:InitAmGmm():gmm-init-model.cc:83) Very small count for state 21: 29; corresponding phone list: 87 88 89 90 
WARNING (gmm-init-model[5.1.46~1-0d031]:InitAmGmm():gmm-init-model.cc:83) Very small count for state 22: 53; corresponding phone list: 91 92 93 94 
WARNING (gmm-init-model[5.1.46~1-0d031]:InitAmGmm():gmm-init-model.cc:83) Very small count for state 23: 68; corresponding phone list: 95 96 97 98 
WARNING (gmm-init-model[5.1.46~1-0d031]:InitAmGmm():gmm-init-model.cc:83) Very small count for state 24: 51; corresponding phone list: 99 100 101 102 
WARNING (gmm-init-model[5.1.46~1-0d031]:InitAmGmm():gmm-init-model.cc:83) Very small count for state 25: 61; corresponding phone list: 103 104 105 106 
WARNING (gmm-init-model[5.1.46~1-0d031]:InitAmGmm():gmm-init-model.cc:83) Very small count for state 26: 33; corresponding phone list: 107 108 109 110 
WARNING (gmm-init-model[5.1.46~1-0d031]:InitAmGmm():gmm-init-model.cc:83) Very small count for state 27: 94; corresponding phone list: 111 112 113 114 
WARNING (gmm-init-model[5.1.46~1-0d031]:InitAmGmm():gmm-init-model.cc:83) Very small count for state 28: 64; corresponding phone list: 115 116 117 118 
WARNING (gmm-init-model[5.1.46~1-0d031]:InitAmGmm():gmm-init-model.cc:83) Very small count for state 30: 23; corresponding phone list: 123 124 125 126 
WARNING (gmm-init-model[5.1.46~1-0d031]:InitAmGmm():gmm-init-model.cc:83) Very small count for state 31: 57; corresponding phone list: 127 128 129 130 
WARNING (gmm-init-model[5.1.46~1-0d031]:InitAmGmm():gmm-init-model.cc:83) Very small count for state 32: 58; corresponding phone list: 131 132 133 134 
WARNING (gmm-init-model[5.1.46~1-0d031]:InitAmGmm():gmm-init-model.cc:83) Very small count for state 33: 36; corresponding phone list: 135 136 137 138 
WARNING (gmm-init-model[5.1.46~1-0d031]:InitAmGmm():gmm-init-model.cc:83) Very small count for state 34: 38; corresponding phone list: 139 140 141 142 
WARNING (gmm-init-model[5.1.46~1-0d031]:InitAmGmm():gmm-init-model.cc:83) Very small count for state 35: 50; corresponding phone list: 143 144 145 146 
WARNING (gmm-init-model[5.1.46~1-0d031]:InitAmGmm():gmm-init-model.cc:83) Very small count for state 37: 81; corresponding phone list: 115 116 117 118 
WARNING (gmm-init-model[5.1.46~1-0d031]:InitAmGmm():gmm-init-model.cc:83) Very small count for state 38: 33; corresponding phone list: 19 20 21 22 
WARNING (gmm-init-model[5.1.46~1-0d031]:InitAmGmm():gmm-init-model.cc:83) Very small count for state 39: 92; corresponding phone list: 55 56 57 58 
WARNING (gmm-init-model[5.1.46~1-0d031]:InitAmGmm():gmm-init-model.cc:83) Very small count for state 40: 67; corresponding phone list: 39 40 41 42 
WARNING (gmm-init-model[5.1.46~1-0d031]:InitAmGmm():gmm-init-model.cc:83) Very small count for state 41: 39; corresponding phone list: 84 
WARNING (gmm-init-model[5.1.46~1-0d031]:InitAmGmm():gmm-init-model.cc:83) Very small count for state 42: 32; corresponding phone list: 95 96 97 98 
WARNING (gmm-init-model[5.1.46~1-0d031]:InitAmGmm():gmm-init-model.cc:83) Very small count for state 43: 24; corresponding phone list: 115 116 117 118 
WARNING (gmm-init-model[5.1.46~1-0d031]:InitAmGmm():gmm-init-model.cc:83) Very small count for state 44: 60; corresponding phone list: 43 44 45 46 
WARNING (gmm-init-model[5.1.46~1-0d031]:InitAmGmm():gmm-init-model.cc:83) Very small count for state 45: 69; corresponding phone list: 135 136 137 138 
WARNING (gmm-init-model[5.1.46~1-0d031]:InitAmGmm():gmm-init-model.cc:83) Very small count for state 46: 57; corresponding phone list: 135 136 137 138 
WARNING (gmm-init-model[5.1.46~1-0d031]:InitAmGmm():gmm-init-model.cc:83) Very small count for state 47: 52; corresponding phone list: 27 28 29 30 
WARNING (gmm-init-model[5.1.46~1-0d031]:InitAmGmm():gmm-init-model.cc:83) Very small count for state 48: 41; corresponding phone list: 59 60 61 62 
WARNING (gmm-init-model[5.1.46~1-0d031]:InitAmGmm():gmm-init-model.cc:83) Very small count for state 49: 20; corresponding phone list: 71 72 73 74 
WARNING (gmm-init-model[5.1.46~1-0d031]:InitAmGmm():gmm-init-model.cc:83) Very small count for state 50: 15; corresponding phone list: 119 120 121 122 
WARNING (gmm-init-model[5.1.46~1-0d031]:InitAmGmm():gmm-init-model.cc:83) Very small count for state 51: 32; corresponding phone list: 83 84 85 86 
WARNING (gmm-init-model[5.1.46~1-0d031]:InitAmGmm():gmm-init-model.cc:83) Very small count for state 52: 29; corresponding phone list: 127 128 129 130 
WARNING (gmm-init-model[5.1.46~1-0d031]:InitAmGmm():gmm-init-model.cc:83) Very small count for state 53: 76; corresponding phone list: 95 96 97 98 
WARNING (gmm-init-model[5.1.46~1-0d031]:InitAmGmm():gmm-init-model.cc:83) Very small count for state 55: 47; corresponding phone list: 115 116 117 118 
WARNING (gmm-init-model[5.1.46~1-0d031]:InitAmGmm():gmm-init-model.cc:83) Very small count for state 57: 31; corresponding phone list: 95 96 97 98 
WARNING (gmm-init-model[5.1.46~1-0d031]:InitAmGmm():gmm-init-model.cc:83) Very small count for state 58: 23; corresponding phone list: 31 32 33 34 
WARNING (gmm-init-model[5.1.46~1-0d031]:InitAmGmm():gmm-init-model.cc:83) Very small count for state 59: 89; corresponding phone list: 115 116 117 118 
WARNING (gmm-init-model[5.1.46~1-0d031]:InitAmGmm():gmm-init-model.cc:83) Very small count for state 60: 24; corresponding phone list: 91 92 93 94 
WARNING (gmm-init-model[5.1.46~1-0d031]:InitAmGmm():gmm-init-model.cc:83) Very small count for state 62: 51; corresponding phone list: 119 120 121 122 
WARNING (gmm-init-model[5.1.46~1-0d031]:InitAmGmm():gmm-init-model.cc:83) Very small count for state 66: 17; corresponding phone list: 111 112 113 114 
WARNING (gmm-init-model[5.1.46~1-0d031]:InitAmGmm():gmm-init-model.cc:83) Very small count for state 68: 28; corresponding phone list: 135 136 137 138 
WARNING (gmm-init-model[5.1.46~1-0d031]:InitAmGmm():gmm-init-model.cc:83) Very small count for state 69: 33; corresponding phone list: 71 72 73 74 
WARNING (gmm-init-model[5.1.46~1-0d031]:InitAmGmm():gmm-init-model.cc:83) Very small count for state 70: 89; corresponding phone list: 75 76 77 78 
WARNING (gmm-init-model[5.1.46~1-0d031]:InitAmGmm():gmm-init-model.cc:83) Very small count for state 71: 57; corresponding phone list: 51 52 53 54 
WARNING (gmm-init-model[5.1.46~1-0d031]:InitAmGmm():gmm-init-model.cc:83) Very small count for state 72: 65; corresponding phone list: 127 128 129 130 
WARNING (gmm-init-model[5.1.46~1-0d031]:InitAmGmm():gmm-init-model.cc:83) Very small count for state 73: 49; corresponding phone list: 51 52 53 54 
WARNING (gmm-init-model[5.1.46~1-0d031]:InitAmGmm():gmm-init-model.cc:83) Very small count for state 75: 24; corresponding phone list: 27 28 29 30 
WARNING (gmm-init-model[5.1.46~1-0d031]:InitAmGmm():gmm-init-model.cc:83) Very small count for state 76: 13; corresponding phone list: 19 20 21 22 
WARNING (gmm-init-model[5.1.46~1-0d031]:InitAmGmm():gmm-init-model.cc:83) Very small count for state 77: 87; corresponding phone list: 135 136 137 138 
WARNING (gmm-init-model[5.1.46~1-0d031]:InitAmGmm():gmm-init-model.cc:83) Very small count for state 78: 58; corresponding phone list: 119 120 121 122 
WARNING (gmm-init-model[5.1.46~1-0d031]:InitAmGmm():gmm-init-model.cc:83) Very small count for state 81: 66; corresponding phone list: 19 20 21 22 
WARNING (gmm-init-model[5.1.46~1-0d031]:InitAmGmm():gmm-init-model.cc:83) Very small count for state 82: 97; corresponding phone list: 71 72 73 74 
WARNING (gmm-init-model[5.1.46~1-0d031]:InitAmGmm():gmm-init-model.cc:83) Very small count for state 83: 21; corresponding phone list: 87 88 89 90 
WARNING (gmm-init-model[5.1.46~1-0d031]:InitAmGmm():gmm-init-model.cc:83) Very small count for state 84: 71; corresponding phone list: 131 132 133 134 
WARNING (gmm-init-model[5.1.46~1-0d031]:InitAmGmm():gmm-init-model.cc:83) Very small count for state 85: 52; corresponding phone list: 131 132 133 134 
WARNING (gmm-init-model[5.1.46~1-0d031]:InitAmGmm():gmm-init-model.cc:83) Very small count for state 86: 33; corresponding phone list: 43 44 45 46 
WARNING (gmm-init-model[5.1.46~1-0d031]:InitAmGmm():gmm-init-model.cc:83) Very small count for state 87: 67; corresponding phone list: 119 120 121 122 
WARNING (gmm-init-model[5.1.46~1-0d031]:InitAmGmm():gmm-init-model.cc:83) Very small count for state 88: 29; corresponding phone list: 115 116 117 118 
WARNING (gmm-init-model[5.1.46~1-0d031]:InitAmGmm():gmm-init-model.cc:83) Very small count for state 90: 88; corresponding phone list: 117 
WARNING (gmm-init-model[5.1.46~1-0d031]:InitAmGmm():gmm-init-model.cc:83) Very small count for state 92: 29; corresponding phone list: 119 120 121 122 
WARNING (gmm-init-model[5.1.46~1-0d031]:InitAmGmm():gmm-init-model.cc:83) Very small count for state 96: 85; corresponding phone list: 71 72 73 74 
WARNING (gmm-init-model[5.1.46~1-0d031]:InitAmGmm():gmm-init-model.cc:83) Very small count for state 99: 56; corresponding phone list: 39 40 41 42 
WARNING (gmm-init-model[5.1.46~1-0d031]:InitAmGmm():gmm-init-model.cc:83) Very small count for state 100: 26; corresponding phone list: 109 
WARNING (gmm-init-model[5.1.46~1-0d031]:InitAmGmm():gmm-init-model.cc:83) Very small count for state 101: 18; corresponding phone list: 123 124 125 126 
WARNING (gmm-init-model[5.1.46~1-0d031]:InitAmGmm():gmm-init-model.cc:83) Very small count for state 103: 87; corresponding phone list: 23 24 25 26 
WARNING (gmm-init-model[5.1.46~1-0d031]:InitAmGmm():gmm-init-model.cc:83) Very small count for state 104: 35; corresponding phone list: 55 56 57 58 
WARNING (gmm-init-model[5.1.46~1-0d031]:InitAmGmm():gmm-init-model.cc:83) Very small count for state 106: 28; corresponding phone list: 15 16 17 18 
WARNING (gmm-init-model[5.1.46~1-0d031]:InitAmGmm():gmm-init-model.cc:83) Very small count for state 108: 63; corresponding phone list: 75 76 77 78 
WARNING (gmm-init-model[5.1.46~1-0d031]:InitAmGmm():gmm-init-model.cc:83) Very small count for state 109: 81; corresponding phone list: 35 36 37 38 
WARNING (gmm-init-model[5.1.46~1-0d031]:InitAmGmm():gmm-init-model.cc:83) Very small count for state 110: 45; corresponding phone list: 63 64 65 66 
WARNING (gmm-init-model[5.1.46~1-0d031]:InitAmGmm():gmm-init-model.cc:83) Very small count for state 111: 11; corresponding phone list: 63 64 65 66 
WARNING (gmm-init-model[5.1.46~1-0d031]:InitAmGmm():gmm-init-model.cc:83) Very small count for state 113: 38; corresponding phone list: 135 136 137 138 
WARNING (gmm-init-model[5.1.46~1-0d031]:InitAmGmm():gmm-init-model.cc:83) Very small count for state 118: 54; corresponding phone list: 39 40 41 42 
WARNING (gmm-init-model[5.1.46~1-0d031]:InitAmGmm():gmm-init-model.cc:83) Very small count for state 119: 86; corresponding phone list: 111 112 113 114 
WARNING (gmm-init-model[5.1.46~1-0d031]:InitAmGmm():gmm-init-model.cc:83) Very small count for state 120: 29; corresponding phone list: 31 32 33 34 
WARNING (gmm-init-model[5.1.46~1-0d031]:InitAmGmm():gmm-init-model.cc:83) Very small count for state 121: 34; corresponding phone list: 43 44 45 46 
WARNING (gmm-init-model[5.1.46~1-0d031]:InitAmGmm():gmm-init-model.cc:83) Very small count for state 122: 70; corresponding phone list: 75 76 77 78 
WARNING (gmm-init-model[5.1.46~1-0d031]:InitAmGmm():gmm-init-model.cc:83) Very small count for state 123: 13; corresponding phone list: 95 97 98 
WARNING (gmm-init-model[5.1.46~1-0d031]:InitAmGmm():gmm-init-model.cc:83) Very small count for state 125: 22; corresponding phone list: 43 44 45 46 
WARNING (gmm-init-model[5.1.46~1-0d031]:InitAmGmm():gmm-init-model.cc:83) Very small count for state 126: 30; corresponding phone list: 131 132 133 134 
WARNING (gmm-init-model[5.1.46~1-0d031]:InitAmGmm():gmm-init-model.cc:83) Very small count for state 128: 51; corresponding phone list: 107 108 110 
WARNING (gmm-init-model[5.1.46~1-0d031]:InitAmGmm():gmm-init-model.cc:83) Very small count for state 129: 13; corresponding phone list: 83 84 85 86 
WARNING (gmm-init-model[5.1.46~1-0d031]:InitAmGmm():gmm-init-model.cc:83) Very small count for state 130: 31; corresponding phone list: 39 40 41 42 
WARNING (gmm-init-model[5.1.46~1-0d031]:InitAmGmm():gmm-init-model.cc:83) Very small count for state 131: 64; corresponding phone list: 127 128 129 130 
WARNING (gmm-init-model[5.1.46~1-0d031]:InitAmGmm():gmm-init-model.cc:83) Very small count for state 132: 34; corresponding phone list: 31 32 33 34 
LOG (gmm-init-model[5.1.46~1-0d031]:main():gmm-init-model.cc:306) Wrote model.
# Accounting: time=0 threads=1
# Ended (code 0) at Tue Oct  3 21:48:27 SAST 2017, elapsed time 0 seconds
