# gmm-acc-stats-ali exp/mono/2.mdl "ark,s,cs:apply-cmvn  --utt2spk=ark:data/train/split1/1/utt2spk scp:data/train/split1/1/cmvn.scp scp:data/train/split1/1/feats.scp ark:- | add-deltas ark:- ark:- |" "ark:gunzip -c exp/mono/ali.1.gz|" exp/mono/2.1.acc 
# Started at Wed Dec 13 20:03:30 SAST 2017
#
gmm-acc-stats-ali exp/mono/2.mdl 'ark,s,cs:apply-cmvn  --utt2spk=ark:data/train/split1/1/utt2spk scp:data/train/split1/1/cmvn.scp scp:data/train/split1/1/feats.scp ark:- | add-deltas ark:- ark:- |' 'ark:gunzip -c exp/mono/ali.1.gz|' exp/mono/2.1.acc 
add-deltas ark:- ark:- 
apply-cmvn --utt2spk=ark:data/train/split1/1/utt2spk scp:data/train/split1/1/cmvn.scp scp:data/train/split1/1/feats.scp ark:- 
LOG (gmm-acc-stats-ali[5.1.46~1-0d031]:main():gmm-acc-stats-ali.cc:105) Processed 50 utterances; for utterance LIVE00000069_00002 avg. like is -97.8131 over 152 frames.
LOG (gmm-acc-stats-ali[5.1.46~1-0d031]:main():gmm-acc-stats-ali.cc:105) Processed 100 utterances; for utterance LIVE00000074_00052 avg. like is -90.2095 over 152 frames.
LOG (gmm-acc-stats-ali[5.1.46~1-0d031]:main():gmm-acc-stats-ali.cc:105) Processed 150 utterances; for utterance LIVE00000090_00038 avg. like is -88.9386 over 152 frames.
LOG (gmm-acc-stats-ali[5.1.46~1-0d031]:main():gmm-acc-stats-ali.cc:105) Processed 200 utterances; for utterance LIVE00000090_00109 avg. like is -96.8516 over 75 frames.
LOG (gmm-acc-stats-ali[5.1.46~1-0d031]:main():gmm-acc-stats-ali.cc:105) Processed 250 utterances; for utterance LIVE00000092_00038 avg. like is -92.6519 over 75 frames.
LOG (gmm-acc-stats-ali[5.1.46~1-0d031]:main():gmm-acc-stats-ali.cc:105) Processed 300 utterances; for utterance LIVE00000104_00000 avg. like is -93.5732 over 75 frames.
LOG (gmm-acc-stats-ali[5.1.46~1-0d031]:main():gmm-acc-stats-ali.cc:105) Processed 350 utterances; for utterance LIVE00000125_00007 avg. like is -89.69 over 75 frames.
LOG (gmm-acc-stats-ali[5.1.46~1-0d031]:main():gmm-acc-stats-ali.cc:105) Processed 400 utterances; for utterance LIVE00000125_00083 avg. like is -88.3872 over 75 frames.
LOG (gmm-acc-stats-ali[5.1.46~1-0d031]:main():gmm-acc-stats-ali.cc:105) Processed 450 utterances; for utterance LIVE00000128_00001 avg. like is -95.1694 over 152 frames.
LOG (gmm-acc-stats-ali[5.1.46~1-0d031]:main():gmm-acc-stats-ali.cc:105) Processed 500 utterances; for utterance LIVE00000128_00076 avg. like is -90.4758 over 152 frames.
LOG (gmm-acc-stats-ali[5.1.46~1-0d031]:main():gmm-acc-stats-ali.cc:105) Processed 550 utterances; for utterance LIVE00000128_00142 avg. like is -88.1559 over 75 frames.
LOG (gmm-acc-stats-ali[5.1.46~1-0d031]:main():gmm-acc-stats-ali.cc:105) Processed 600 utterances; for utterance LIVE00000128_00223 avg. like is -98.6253 over 75 frames.
LOG (gmm-acc-stats-ali[5.1.46~1-0d031]:main():gmm-acc-stats-ali.cc:105) Processed 650 utterances; for utterance LIVE00000144_00029 avg. like is -86.8658 over 94 frames.
LOG (gmm-acc-stats-ali[5.1.46~1-0d031]:main():gmm-acc-stats-ali.cc:105) Processed 700 utterances; for utterance LIVE00000146_00044 avg. like is -91.6584 over 190 frames.
LOG (gmm-acc-stats-ali[5.1.46~1-0d031]:main():gmm-acc-stats-ali.cc:105) Processed 750 utterances; for utterance LIVE00000146_00106 avg. like is -87.8067 over 152 frames.
LOG (gmm-acc-stats-ali[5.1.46~1-0d031]:main():gmm-acc-stats-ali.cc:105) Processed 800 utterances; for utterance LIVE00000151_00018 avg. like is -77.7875 over 113 frames.
LOG (gmm-acc-stats-ali[5.1.46~1-0d031]:main():gmm-acc-stats-ali.cc:105) Processed 850 utterances; for utterance LIVE00000151_00081 avg. like is -81.9351 over 75 frames.
LOG (gmm-acc-stats-ali[5.1.46~1-0d031]:main():gmm-acc-stats-ali.cc:105) Processed 900 utterances; for utterance LIVE00000155_00006 avg. like is -90.3994 over 190 frames.
LOG (gmm-acc-stats-ali[5.1.46~1-0d031]:main():gmm-acc-stats-ali.cc:105) Processed 950 utterances; for utterance LIVE00000155_00079 avg. like is -96.4367 over 152 frames.
LOG (gmm-acc-stats-ali[5.1.46~1-0d031]:main():gmm-acc-stats-ali.cc:105) Processed 1000 utterances; for utterance LIVE00000155_00139 avg. like is -89.3925 over 190 frames.
LOG (gmm-acc-stats-ali[5.1.46~1-0d031]:main():gmm-acc-stats-ali.cc:105) Processed 1050 utterances; for utterance LIVE00000161_00014 avg. like is -88.8111 over 190 frames.
LOG (gmm-acc-stats-ali[5.1.46~1-0d031]:main():gmm-acc-stats-ali.cc:105) Processed 1100 utterances; for utterance LIVE00000168_00009 avg. like is -87.5978 over 94 frames.
LOG (gmm-acc-stats-ali[5.1.46~1-0d031]:main():gmm-acc-stats-ali.cc:105) Processed 1150 utterances; for utterance LIVE00000168_00073 avg. like is -90.4367 over 94 frames.
LOG (gmm-acc-stats-ali[5.1.46~1-0d031]:main():gmm-acc-stats-ali.cc:105) Processed 1200 utterances; for utterance LIVE00000169_00070 avg. like is -91.0034 over 152 frames.
LOG (gmm-acc-stats-ali[5.1.46~1-0d031]:main():gmm-acc-stats-ali.cc:105) Processed 1250 utterances; for utterance LIVE00000169_00132 avg. like is -82.5724 over 113 frames.
LOG (gmm-acc-stats-ali[5.1.46~1-0d031]:main():gmm-acc-stats-ali.cc:105) Processed 1300 utterances; for utterance LIVE00000169_00194 avg. like is -87.4744 over 132 frames.
LOG (gmm-acc-stats-ali[5.1.46~1-0d031]:main():gmm-acc-stats-ali.cc:105) Processed 1350 utterances; for utterance LIVE00000169_00253 avg. like is -82.3711 over 94 frames.
LOG (gmm-acc-stats-ali[5.1.46~1-0d031]:main():gmm-acc-stats-ali.cc:105) Processed 1400 utterances; for utterance LIVE00000169_00308 avg. like is -89.4696 over 152 frames.
LOG (gmm-acc-stats-ali[5.1.46~1-0d031]:main():gmm-acc-stats-ali.cc:105) Processed 1450 utterances; for utterance LIVE00000169_00365 avg. like is -87.6983 over 75 frames.
LOG (gmm-acc-stats-ali[5.1.46~1-0d031]:main():gmm-acc-stats-ali.cc:105) Processed 1500 utterances; for utterance LIVE00000169_00426 avg. like is -93.9415 over 113 frames.
LOG (gmm-acc-stats-ali[5.1.46~1-0d031]:main():gmm-acc-stats-ali.cc:105) Processed 1550 utterances; for utterance LIVE00000169_00481 avg. like is -94.019 over 171 frames.
LOG (gmm-acc-stats-ali[5.1.46~1-0d031]:main():gmm-acc-stats-ali.cc:105) Processed 1600 utterances; for utterance LIVE00000169_00544 avg. like is -83.78 over 113 frames.
LOG (gmm-acc-stats-ali[5.1.46~1-0d031]:main():gmm-acc-stats-ali.cc:105) Processed 1650 utterances; for utterance LIVE00000169_00604 avg. like is -87.3663 over 132 frames.
LOG (gmm-acc-stats-ali[5.1.46~1-0d031]:main():gmm-acc-stats-ali.cc:105) Processed 1700 utterances; for utterance LIVE00000169_00672 avg. like is -88.5727 over 94 frames.
LOG (gmm-acc-stats-ali[5.1.46~1-0d031]:main():gmm-acc-stats-ali.cc:105) Processed 1750 utterances; for utterance LIVE00000169_00776 avg. like is -90.6359 over 113 frames.
LOG (gmm-acc-stats-ali[5.1.46~1-0d031]:main():gmm-acc-stats-ali.cc:105) Processed 1800 utterances; for utterance LIVE00000170_00019 avg. like is -87.4941 over 94 frames.
LOG (gmm-acc-stats-ali[5.1.46~1-0d031]:main():gmm-acc-stats-ali.cc:105) Processed 1850 utterances; for utterance LIVE00000170_00089 avg. like is -92.5437 over 94 frames.
LOG (gmm-acc-stats-ali[5.1.46~1-0d031]:main():gmm-acc-stats-ali.cc:105) Processed 1900 utterances; for utterance LIVE00000171_00025 avg. like is -92.9848 over 267 frames.
LOG (gmm-acc-stats-ali[5.1.46~1-0d031]:main():gmm-acc-stats-ali.cc:105) Processed 1950 utterances; for utterance LIVE00000171_00104 avg. like is -90.3911 over 171 frames.
LOG (gmm-acc-stats-ali[5.1.46~1-0d031]:main():gmm-acc-stats-ali.cc:105) Processed 2000 utterances; for utterance LIVE00000175_00016 avg. like is -90.0557 over 132 frames.
LOG (gmm-acc-stats-ali[5.1.46~1-0d031]:main():gmm-acc-stats-ali.cc:105) Processed 2050 utterances; for utterance LIVE00000175_00073 avg. like is -82.1597 over 113 frames.
LOG (gmm-acc-stats-ali[5.1.46~1-0d031]:main():gmm-acc-stats-ali.cc:105) Processed 2100 utterances; for utterance LIVE00000175_00148 avg. like is -82.8082 over 113 frames.
LOG (gmm-acc-stats-ali[5.1.46~1-0d031]:main():gmm-acc-stats-ali.cc:105) Processed 2150 utterances; for utterance LIVE00000176_00019 avg. like is -93.4285 over 132 frames.
LOG (gmm-acc-stats-ali[5.1.46~1-0d031]:main():gmm-acc-stats-ali.cc:105) Processed 2200 utterances; for utterance LIVE00000176_00084 avg. like is -84.9152 over 132 frames.
LOG (gmm-acc-stats-ali[5.1.46~1-0d031]:main():gmm-acc-stats-ali.cc:105) Processed 2250 utterances; for utterance LIVE00000176_00147 avg. like is -91.1172 over 132 frames.
LOG (gmm-acc-stats-ali[5.1.46~1-0d031]:main():gmm-acc-stats-ali.cc:105) Processed 2300 utterances; for utterance LIVE00000176_00208 avg. like is -87.9397 over 171 frames.
LOG (gmm-acc-stats-ali[5.1.46~1-0d031]:main():gmm-acc-stats-ali.cc:105) Processed 2350 utterances; for utterance LIVE00000176_00281 avg. like is -86.1092 over 113 frames.
LOG (gmm-acc-stats-ali[5.1.46~1-0d031]:main():gmm-acc-stats-ali.cc:105) Processed 2400 utterances; for utterance LIVE00000177_00059 avg. like is -92.0137 over 75 frames.
LOG (gmm-acc-stats-ali[5.1.46~1-0d031]:main():gmm-acc-stats-ali.cc:105) Processed 2450 utterances; for utterance LIVE00000177_00130 avg. like is -92.5336 over 113 frames.
LOG (gmm-acc-stats-ali[5.1.46~1-0d031]:main():gmm-acc-stats-ali.cc:105) Processed 2500 utterances; for utterance LIVE00000177_00189 avg. like is -82.3766 over 113 frames.
LOG (gmm-acc-stats-ali[5.1.46~1-0d031]:main():gmm-acc-stats-ali.cc:105) Processed 2550 utterances; for utterance LIVE00000179_00051 avg. like is -81.0197 over 75 frames.
LOG (gmm-acc-stats-ali[5.1.46~1-0d031]:main():gmm-acc-stats-ali.cc:105) Processed 2600 utterances; for utterance LIVE00000199_00008 avg. like is -80.3353 over 94 frames.
LOG (gmm-acc-stats-ali[5.1.46~1-0d031]:main():gmm-acc-stats-ali.cc:105) Processed 2650 utterances; for utterance LIVE00000202_00031 avg. like is -81.7381 over 113 frames.
LOG (gmm-acc-stats-ali[5.1.46~1-0d031]:main():gmm-acc-stats-ali.cc:105) Processed 2700 utterances; for utterance LIVE00000202_00098 avg. like is -81.8549 over 94 frames.
LOG (gmm-acc-stats-ali[5.1.46~1-0d031]:main():gmm-acc-stats-ali.cc:105) Processed 2750 utterances; for utterance LIVE00000202_00162 avg. like is -86.4606 over 94 frames.
LOG (gmm-acc-stats-ali[5.1.46~1-0d031]:main():gmm-acc-stats-ali.cc:105) Processed 2800 utterances; for utterance LIVE00000204_00001 avg. like is -91.2206 over 94 frames.
LOG (gmm-acc-stats-ali[5.1.46~1-0d031]:main():gmm-acc-stats-ali.cc:105) Processed 2850 utterances; for utterance LIVE00000204_00065 avg. like is -86.422 over 94 frames.
LOG (gmm-acc-stats-ali[5.1.46~1-0d031]:main():gmm-acc-stats-ali.cc:105) Processed 2900 utterances; for utterance LIVE00000204_00123 avg. like is -90.9998 over 113 frames.
LOG (gmm-acc-stats-ali[5.1.46~1-0d031]:main():gmm-acc-stats-ali.cc:105) Processed 2950 utterances; for utterance LIVE00000206_00028 avg. like is -88.2162 over 113 frames.
LOG (gmm-acc-stats-ali[5.1.46~1-0d031]:main():gmm-acc-stats-ali.cc:105) Processed 3000 utterances; for utterance LIVE00000206_00087 avg. like is -87.9369 over 132 frames.
LOG (gmm-acc-stats-ali[5.1.46~1-0d031]:main():gmm-acc-stats-ali.cc:105) Processed 3050 utterances; for utterance LIVE00000207_00022 avg. like is -83.1074 over 113 frames.
LOG (gmm-acc-stats-ali[5.1.46~1-0d031]:main():gmm-acc-stats-ali.cc:105) Processed 3100 utterances; for utterance REC00000026 avg. like is -97.5434 over 107 frames.
LOG (gmm-acc-stats-ali[5.1.46~1-0d031]:main():gmm-acc-stats-ali.cc:105) Processed 3150 utterances; for utterance REC00000081 avg. like is -92.8041 over 152 frames.
LOG (gmm-acc-stats-ali[5.1.46~1-0d031]:main():gmm-acc-stats-ali.cc:105) Processed 3200 utterances; for utterance REC00000137 avg. like is -92.2509 over 216 frames.
LOG (gmm-acc-stats-ali[5.1.46~1-0d031]:main():gmm-acc-stats-ali.cc:105) Processed 3250 utterances; for utterance REC00000192 avg. like is -91.2806 over 171 frames.
LOG (gmm-acc-stats-ali[5.1.46~1-0d031]:main():gmm-acc-stats-ali.cc:105) Processed 3300 utterances; for utterance REC00000243 avg. like is -93.6261 over 203 frames.
LOG (gmm-acc-stats-ali[5.1.46~1-0d031]:main():gmm-acc-stats-ali.cc:105) Processed 3350 utterances; for utterance REC00000300 avg. like is -89.5407 over 75 frames.
LOG (gmm-acc-stats-ali[5.1.46~1-0d031]:main():gmm-acc-stats-ali.cc:105) Processed 3400 utterances; for utterance REC00000356 avg. like is -95.5364 over 222 frames.
LOG (gmm-acc-stats-ali[5.1.46~1-0d031]:main():gmm-acc-stats-ali.cc:105) Processed 3450 utterances; for utterance REC00000417 avg. like is -89.6875 over 164 frames.
LOG (gmm-acc-stats-ali[5.1.46~1-0d031]:main():gmm-acc-stats-ali.cc:105) Processed 3500 utterances; for utterance REC00000470 avg. like is -96.093 over 216 frames.
LOG (gmm-acc-stats-ali[5.1.46~1-0d031]:main():gmm-acc-stats-ali.cc:105) Processed 3550 utterances; for utterance REC00000530 avg. like is -88.0875 over 164 frames.
LOG (gmm-acc-stats-ali[5.1.46~1-0d031]:main():gmm-acc-stats-ali.cc:105) Processed 3600 utterances; for utterance REC00001265 avg. like is -93.7311 over 241 frames.
LOG (gmm-acc-stats-ali[5.1.46~1-0d031]:main():gmm-acc-stats-ali.cc:105) Processed 3650 utterances; for utterance REC00001503 avg. like is -97.8893 over 107 frames.
LOG (apply-cmvn[5.1.46~1-0d031]:main():apply-cmvn.cc:146) Applied cepstral mean normalization to 3670 utterances, errors on 0
LOG (gmm-acc-stats-ali[5.1.46~1-0d031]:main():gmm-acc-stats-ali.cc:112) Done 3670 files, 0 with errors.
LOG (gmm-acc-stats-ali[5.1.46~1-0d031]:main():gmm-acc-stats-ali.cc:115) Overall avg like per frame (Gaussian only) = -89.0016 over 480116 frames.
LOG (gmm-acc-stats-ali[5.1.46~1-0d031]:main():gmm-acc-stats-ali.cc:123) Written accs.
# Accounting: time=1 threads=1
# Ended (code 0) at Wed Dec 13 20:03:31 SAST 2017, elapsed time 1 seconds
