# gmm-align-compiled --transition-scale=1.0 --acoustic-scale=0.1 --self-loop-scale=0.1 --beam=6 --retry-beam=24 --careful=false "gmm-boost-silence --boost=1.0 1 exp/mono/1.mdl - |" "ark:gunzip -c exp/mono/fsts.1.gz|" "ark,s,cs:apply-cmvn  --utt2spk=ark:data/train/split1/1/utt2spk scp:data/train/split1/1/cmvn.scp scp:data/train/split1/1/feats.scp ark:- | add-deltas ark:- ark:- |" "ark,t:|gzip -c >exp/mono/ali.1.gz" 
# Started at Wed Dec 13 20:02:41 SAST 2017
#
gmm-align-compiled --transition-scale=1.0 --acoustic-scale=0.1 --self-loop-scale=0.1 --beam=6 --retry-beam=24 --careful=false 'gmm-boost-silence --boost=1.0 1 exp/mono/1.mdl - |' 'ark:gunzip -c exp/mono/fsts.1.gz|' 'ark,s,cs:apply-cmvn  --utt2spk=ark:data/train/split1/1/utt2spk scp:data/train/split1/1/cmvn.scp scp:data/train/split1/1/feats.scp ark:- | add-deltas ark:- ark:- |' 'ark,t:|gzip -c >exp/mono/ali.1.gz' 
gmm-boost-silence --boost=1.0 1 exp/mono/1.mdl - 
WARNING (gmm-boost-silence[5.1.46~1-0d031]:main():gmm-boost-silence.cc:82) The pdfs for the silence phones may be shared by other phones (note: this probably does not matter.)
LOG (gmm-boost-silence[5.1.46~1-0d031]:main():gmm-boost-silence.cc:93) Boosted weights for 5 pdfs, by factor of 1
LOG (gmm-boost-silence[5.1.46~1-0d031]:main():gmm-boost-silence.cc:103) Wrote model to -
add-deltas ark:- ark:- 
apply-cmvn --utt2spk=ark:data/train/split1/1/utt2spk scp:data/train/split1/1/cmvn.scp scp:data/train/split1/1/feats.scp ark:- 
WARNING (gmm-align-compiled[5.1.46~1-0d031]:AlignUtteranceWrapper():decoder-wrappers.cc:466) Retrying utterance LIVE00000067_00012 with beam 24
WARNING (gmm-align-compiled[5.1.46~1-0d031]:AlignUtteranceWrapper():decoder-wrappers.cc:466) Retrying utterance LIVE00000074_00026 with beam 24
WARNING (gmm-align-compiled[5.1.46~1-0d031]:AlignUtteranceWrapper():decoder-wrappers.cc:466) Retrying utterance LIVE00000090_00017 with beam 24
WARNING (gmm-align-compiled[5.1.46~1-0d031]:AlignUtteranceWrapper():decoder-wrappers.cc:466) Retrying utterance LIVE00000093_00010 with beam 24
WARNING (gmm-align-compiled[5.1.46~1-0d031]:AlignUtteranceWrapper():decoder-wrappers.cc:466) Retrying utterance LIVE00000120_00001 with beam 24
WARNING (gmm-align-compiled[5.1.46~1-0d031]:AlignUtteranceWrapper():decoder-wrappers.cc:466) Retrying utterance LIVE00000125_00050 with beam 24
WARNING (gmm-align-compiled[5.1.46~1-0d031]:AlignUtteranceWrapper():decoder-wrappers.cc:466) Retrying utterance LIVE00000146_00013 with beam 24
WARNING (gmm-align-compiled[5.1.46~1-0d031]:AlignUtteranceWrapper():decoder-wrappers.cc:466) Retrying utterance LIVE00000153_00000 with beam 24
WARNING (gmm-align-compiled[5.1.46~1-0d031]:AlignUtteranceWrapper():decoder-wrappers.cc:466) Retrying utterance LIVE00000154_00000 with beam 24
WARNING (gmm-align-compiled[5.1.46~1-0d031]:AlignUtteranceWrapper():decoder-wrappers.cc:466) Retrying utterance LIVE00000155_00110 with beam 24
WARNING (gmm-align-compiled[5.1.46~1-0d031]:AlignUtteranceWrapper():decoder-wrappers.cc:466) Retrying utterance LIVE00000155_00120 with beam 24
WARNING (gmm-align-compiled[5.1.46~1-0d031]:AlignUtteranceWrapper():decoder-wrappers.cc:466) Retrying utterance LIVE00000155_00125 with beam 24
WARNING (gmm-align-compiled[5.1.46~1-0d031]:AlignUtteranceWrapper():decoder-wrappers.cc:466) Retrying utterance LIVE00000169_00086 with beam 24
WARNING (gmm-align-compiled[5.1.46~1-0d031]:AlignUtteranceWrapper():decoder-wrappers.cc:466) Retrying utterance LIVE00000169_00150 with beam 24
WARNING (gmm-align-compiled[5.1.46~1-0d031]:AlignUtteranceWrapper():decoder-wrappers.cc:466) Retrying utterance LIVE00000169_00315 with beam 24
WARNING (gmm-align-compiled[5.1.46~1-0d031]:AlignUtteranceWrapper():decoder-wrappers.cc:466) Retrying utterance LIVE00000169_00551 with beam 24
WARNING (gmm-align-compiled[5.1.46~1-0d031]:AlignUtteranceWrapper():decoder-wrappers.cc:466) Retrying utterance LIVE00000171_00097 with beam 24
WARNING (gmm-align-compiled[5.1.46~1-0d031]:AlignUtteranceWrapper():decoder-wrappers.cc:466) Retrying utterance LIVE00000171_00098 with beam 24
WARNING (gmm-align-compiled[5.1.46~1-0d031]:AlignUtteranceWrapper():decoder-wrappers.cc:466) Retrying utterance LIVE00000174_00002 with beam 24
WARNING (gmm-align-compiled[5.1.46~1-0d031]:AlignUtteranceWrapper():decoder-wrappers.cc:466) Retrying utterance LIVE00000176_00045 with beam 24
WARNING (gmm-align-compiled[5.1.46~1-0d031]:AlignUtteranceWrapper():decoder-wrappers.cc:466) Retrying utterance LIVE00000176_00123 with beam 24
WARNING (gmm-align-compiled[5.1.46~1-0d031]:AlignUtteranceWrapper():decoder-wrappers.cc:466) Retrying utterance LIVE00000176_00173 with beam 24
WARNING (gmm-align-compiled[5.1.46~1-0d031]:AlignUtteranceWrapper():decoder-wrappers.cc:466) Retrying utterance LIVE00000176_00187 with beam 24
WARNING (gmm-align-compiled[5.1.46~1-0d031]:AlignUtteranceWrapper():decoder-wrappers.cc:466) Retrying utterance LIVE00000202_00024 with beam 24
WARNING (gmm-align-compiled[5.1.46~1-0d031]:AlignUtteranceWrapper():decoder-wrappers.cc:466) Retrying utterance LIVE00000204_00017 with beam 24
WARNING (gmm-align-compiled[5.1.46~1-0d031]:AlignUtteranceWrapper():decoder-wrappers.cc:466) Retrying utterance REC00000000 with beam 24
WARNING (gmm-align-compiled[5.1.46~1-0d031]:AlignUtteranceWrapper():decoder-wrappers.cc:466) Retrying utterance REC00000021 with beam 24
WARNING (gmm-align-compiled[5.1.46~1-0d031]:AlignUtteranceWrapper():decoder-wrappers.cc:466) Retrying utterance REC00000031 with beam 24
WARNING (gmm-align-compiled[5.1.46~1-0d031]:AlignUtteranceWrapper():decoder-wrappers.cc:466) Retrying utterance REC00000053 with beam 24
WARNING (gmm-align-compiled[5.1.46~1-0d031]:AlignUtteranceWrapper():decoder-wrappers.cc:466) Retrying utterance REC00000063 with beam 24
WARNING (gmm-align-compiled[5.1.46~1-0d031]:AlignUtteranceWrapper():decoder-wrappers.cc:466) Retrying utterance REC00000067 with beam 24
WARNING (gmm-align-compiled[5.1.46~1-0d031]:AlignUtteranceWrapper():decoder-wrappers.cc:466) Retrying utterance REC00000091 with beam 24
WARNING (gmm-align-compiled[5.1.46~1-0d031]:AlignUtteranceWrapper():decoder-wrappers.cc:466) Retrying utterance REC00000092 with beam 24
WARNING (gmm-align-compiled[5.1.46~1-0d031]:AlignUtteranceWrapper():decoder-wrappers.cc:466) Retrying utterance REC00000112 with beam 24
WARNING (gmm-align-compiled[5.1.46~1-0d031]:AlignUtteranceWrapper():decoder-wrappers.cc:466) Retrying utterance REC00000116 with beam 24
WARNING (gmm-align-compiled[5.1.46~1-0d031]:AlignUtteranceWrapper():decoder-wrappers.cc:466) Retrying utterance REC00000162 with beam 24
WARNING (gmm-align-compiled[5.1.46~1-0d031]:AlignUtteranceWrapper():decoder-wrappers.cc:466) Retrying utterance REC00000168 with beam 24
WARNING (gmm-align-compiled[5.1.46~1-0d031]:AlignUtteranceWrapper():decoder-wrappers.cc:466) Retrying utterance REC00000195 with beam 24
WARNING (gmm-align-compiled[5.1.46~1-0d031]:AlignUtteranceWrapper():decoder-wrappers.cc:466) Retrying utterance REC00000232 with beam 24
WARNING (gmm-align-compiled[5.1.46~1-0d031]:AlignUtteranceWrapper():decoder-wrappers.cc:466) Retrying utterance REC00000246 with beam 24
WARNING (gmm-align-compiled[5.1.46~1-0d031]:AlignUtteranceWrapper():decoder-wrappers.cc:466) Retrying utterance REC00000248 with beam 24
WARNING (gmm-align-compiled[5.1.46~1-0d031]:AlignUtteranceWrapper():decoder-wrappers.cc:466) Retrying utterance REC00000273 with beam 24
WARNING (gmm-align-compiled[5.1.46~1-0d031]:AlignUtteranceWrapper():decoder-wrappers.cc:466) Retrying utterance REC00000281 with beam 24
WARNING (gmm-align-compiled[5.1.46~1-0d031]:AlignUtteranceWrapper():decoder-wrappers.cc:466) Retrying utterance REC00000298 with beam 24
WARNING (gmm-align-compiled[5.1.46~1-0d031]:AlignUtteranceWrapper():decoder-wrappers.cc:466) Retrying utterance REC00000363 with beam 24
WARNING (gmm-align-compiled[5.1.46~1-0d031]:AlignUtteranceWrapper():decoder-wrappers.cc:466) Retrying utterance REC00000364 with beam 24
WARNING (gmm-align-compiled[5.1.46~1-0d031]:AlignUtteranceWrapper():decoder-wrappers.cc:466) Retrying utterance REC00000382 with beam 24
WARNING (gmm-align-compiled[5.1.46~1-0d031]:AlignUtteranceWrapper():decoder-wrappers.cc:466) Retrying utterance REC00000399 with beam 24
WARNING (gmm-align-compiled[5.1.46~1-0d031]:AlignUtteranceWrapper():decoder-wrappers.cc:466) Retrying utterance REC00000400 with beam 24
WARNING (gmm-align-compiled[5.1.46~1-0d031]:AlignUtteranceWrapper():decoder-wrappers.cc:466) Retrying utterance REC00000416 with beam 24
WARNING (gmm-align-compiled[5.1.46~1-0d031]:AlignUtteranceWrapper():decoder-wrappers.cc:466) Retrying utterance REC00000423 with beam 24
WARNING (gmm-align-compiled[5.1.46~1-0d031]:AlignUtteranceWrapper():decoder-wrappers.cc:466) Retrying utterance REC00000432 with beam 24
WARNING (gmm-align-compiled[5.1.46~1-0d031]:AlignUtteranceWrapper():decoder-wrappers.cc:466) Retrying utterance REC00000433 with beam 24
WARNING (gmm-align-compiled[5.1.46~1-0d031]:AlignUtteranceWrapper():decoder-wrappers.cc:466) Retrying utterance REC00000437 with beam 24
WARNING (gmm-align-compiled[5.1.46~1-0d031]:AlignUtteranceWrapper():decoder-wrappers.cc:466) Retrying utterance REC00000438 with beam 24
WARNING (gmm-align-compiled[5.1.46~1-0d031]:AlignUtteranceWrapper():decoder-wrappers.cc:466) Retrying utterance REC00000440 with beam 24
WARNING (gmm-align-compiled[5.1.46~1-0d031]:AlignUtteranceWrapper():decoder-wrappers.cc:466) Retrying utterance REC00000450 with beam 24
WARNING (gmm-align-compiled[5.1.46~1-0d031]:AlignUtteranceWrapper():decoder-wrappers.cc:466) Retrying utterance REC00000458 with beam 24
WARNING (gmm-align-compiled[5.1.46~1-0d031]:AlignUtteranceWrapper():decoder-wrappers.cc:466) Retrying utterance REC00000469 with beam 24
WARNING (gmm-align-compiled[5.1.46~1-0d031]:AlignUtteranceWrapper():decoder-wrappers.cc:466) Retrying utterance REC00000478 with beam 24
WARNING (gmm-align-compiled[5.1.46~1-0d031]:AlignUtteranceWrapper():decoder-wrappers.cc:466) Retrying utterance REC00000495 with beam 24
WARNING (gmm-align-compiled[5.1.46~1-0d031]:AlignUtteranceWrapper():decoder-wrappers.cc:466) Retrying utterance REC00000531 with beam 24
WARNING (gmm-align-compiled[5.1.46~1-0d031]:AlignUtteranceWrapper():decoder-wrappers.cc:466) Retrying utterance REC00000534 with beam 24
WARNING (gmm-align-compiled[5.1.46~1-0d031]:AlignUtteranceWrapper():decoder-wrappers.cc:466) Retrying utterance REC00001231 with beam 24
WARNING (gmm-align-compiled[5.1.46~1-0d031]:AlignUtteranceWrapper():decoder-wrappers.cc:466) Retrying utterance REC00001236 with beam 24
WARNING (gmm-align-compiled[5.1.46~1-0d031]:AlignUtteranceWrapper():decoder-wrappers.cc:466) Retrying utterance REC00001270 with beam 24
WARNING (gmm-align-compiled[5.1.46~1-0d031]:AlignUtteranceWrapper():decoder-wrappers.cc:466) Retrying utterance REC00001477 with beam 24
LOG (apply-cmvn[5.1.46~1-0d031]:main():apply-cmvn.cc:146) Applied cepstral mean normalization to 3670 utterances, errors on 0
WARNING (gmm-align-compiled[5.1.46~1-0d031]:AlignUtteranceWrapper():decoder-wrappers.cc:466) Retrying utterance REC00004040 with beam 24
WARNING (gmm-align-compiled[5.1.46~1-0d031]:AlignUtteranceWrapper():decoder-wrappers.cc:466) Retrying utterance REC00004047 with beam 24
LOG (gmm-align-compiled[5.1.46~1-0d031]:main():gmm-align-compiled.cc:129) Overall log-likelihood per frame is -95.4589 over 480116 frames.
LOG (gmm-align-compiled[5.1.46~1-0d031]:main():gmm-align-compiled.cc:131) Retried 69 out of 3670 utterances.
LOG (gmm-align-compiled[5.1.46~1-0d031]:main():gmm-align-compiled.cc:133) Done 3670, errors on 0
# Accounting: time=28 threads=1
# Ended (code 0) at Wed Dec 13 20:03:09 SAST 2017, elapsed time 28 seconds
