# align-equal-compiled "ark:gunzip -c exp/mono/fsts.1.gz|" "ark,s,cs:apply-cmvn  --utt2spk=ark:data/train/split1/1/utt2spk scp:data/train/split1/1/cmvn.scp scp:data/train/split1/1/feats.scp ark:- | add-deltas ark:- ark:- |" ark,t:- | gmm-acc-stats-ali --binary=true exp/mono/0.mdl "ark,s,cs:apply-cmvn  --utt2spk=ark:data/train/split1/1/utt2spk scp:data/train/split1/1/cmvn.scp scp:data/train/split1/1/feats.scp ark:- | add-deltas ark:- ark:- |" ark:- exp/mono/0.1.acc 
# Started at Sun Nov 19 12:35:43 SAST 2017
#
align-equal-compiled 'ark:gunzip -c exp/mono/fsts.1.gz|' 'ark,s,cs:apply-cmvn  --utt2spk=ark:data/train/split1/1/utt2spk scp:data/train/split1/1/cmvn.scp scp:data/train/split1/1/feats.scp ark:- | add-deltas ark:- ark:- |' ark,t:- 
gmm-acc-stats-ali --binary=true exp/mono/0.mdl 'ark,s,cs:apply-cmvn  --utt2spk=ark:data/train/split1/1/utt2spk scp:data/train/split1/1/cmvn.scp scp:data/train/split1/1/feats.scp ark:- | add-deltas ark:- ark:- |' ark:- exp/mono/0.1.acc 
add-deltas ark:- ark:- 
add-deltas ark:- ark:- 
apply-cmvn --utt2spk=ark:data/train/split1/1/utt2spk scp:data/train/split1/1/cmvn.scp scp:data/train/split1/1/feats.scp ark:- 
apply-cmvn --utt2spk=ark:data/train/split1/1/utt2spk scp:data/train/split1/1/cmvn.scp scp:data/train/split1/1/feats.scp ark:- 
WARNING (align-equal-compiled[5.1.46~1-0d031]:main():align-equal-compiled.cc:69) No features for utterance LIVE00000066_00016
LOG (gmm-acc-stats-ali[5.1.46~1-0d031]:main():gmm-acc-stats-ali.cc:105) Processed 50 utterances; for utterance LIVE00000072_00001 avg. like is -97.0121 over 75 frames.
WARNING (align-equal-compiled[5.1.46~1-0d031]:main():align-equal-compiled.cc:69) No features for utterance LIVE00000074_00050
LOG (gmm-acc-stats-ali[5.1.46~1-0d031]:main():gmm-acc-stats-ali.cc:105) Processed 100 utterances; for utterance LIVE00000074_00060 avg. like is -102.588 over 152 frames.
LOG (gmm-acc-stats-ali[5.1.46~1-0d031]:main():gmm-acc-stats-ali.cc:105) Processed 150 utterances; for utterance LIVE00000090_00047 avg. like is -95.0725 over 152 frames.
WARNING (align-equal-compiled[5.1.46~1-0d031]:main():align-equal-compiled.cc:69) No features for utterance LIVE00000090_00078
WARNING (align-equal-compiled[5.1.46~1-0d031]:main():align-equal-compiled.cc:69) No features for utterance LIVE00000090_00120
WARNING (align-equal-compiled[5.1.46~1-0d031]:main():align-equal-compiled.cc:69) No features for utterance LIVE00000090_00128
LOG (gmm-acc-stats-ali[5.1.46~1-0d031]:main():gmm-acc-stats-ali.cc:105) Processed 200 utterances; for utterance LIVE00000090_00112 avg. like is -98.5574 over 152 frames.
WARNING (align-equal-compiled[5.1.46~1-0d031]:main():align-equal-compiled.cc:69) No features for utterance LIVE00000091_00003
WARNING (align-equal-compiled[5.1.46~1-0d031]:main():align-equal-compiled.cc:69) No features for utterance LIVE00000091_00004
WARNING (align-equal-compiled[5.1.46~1-0d031]:main():align-equal-compiled.cc:69) No features for utterance LIVE00000091_00006
WARNING (align-equal-compiled[5.1.46~1-0d031]:main():align-equal-compiled.cc:69) No features for utterance LIVE00000091_00007
WARNING (align-equal-compiled[5.1.46~1-0d031]:main():align-equal-compiled.cc:69) No features for utterance LIVE00000092_00000
WARNING (align-equal-compiled[5.1.46~1-0d031]:main():align-equal-compiled.cc:69) No features for utterance LIVE00000092_00004
WARNING (align-equal-compiled[5.1.46~1-0d031]:main():align-equal-compiled.cc:69) No features for utterance LIVE00000092_00007
WARNING (align-equal-compiled[5.1.46~1-0d031]:main():align-equal-compiled.cc:69) No features for utterance LIVE00000092_00008
WARNING (align-equal-compiled[5.1.46~1-0d031]:main():align-equal-compiled.cc:69) No features for utterance LIVE00000092_00009
WARNING (align-equal-compiled[5.1.46~1-0d031]:main():align-equal-compiled.cc:69) No features for utterance LIVE00000092_00010
WARNING (align-equal-compiled[5.1.46~1-0d031]:main():align-equal-compiled.cc:69) No features for utterance LIVE00000092_00015
WARNING (align-equal-compiled[5.1.46~1-0d031]:main():align-equal-compiled.cc:69) No features for utterance LIVE00000092_00019
WARNING (align-equal-compiled[5.1.46~1-0d031]:main():align-equal-compiled.cc:69) No features for utterance LIVE00000092_00020
WARNING (align-equal-compiled[5.1.46~1-0d031]:main():align-equal-compiled.cc:69) No features for utterance LIVE00000092_00021
WARNING (align-equal-compiled[5.1.46~1-0d031]:main():align-equal-compiled.cc:69) No features for utterance LIVE00000092_00022
WARNING (align-equal-compiled[5.1.46~1-0d031]:main():align-equal-compiled.cc:69) No features for utterance LIVE00000092_00023
WARNING (align-equal-compiled[5.1.46~1-0d031]:main():align-equal-compiled.cc:69) No features for utterance LIVE00000092_00030
WARNING (align-equal-compiled[5.1.46~1-0d031]:main():align-equal-compiled.cc:69) No features for utterance LIVE00000092_00031
WARNING (align-equal-compiled[5.1.46~1-0d031]:main():align-equal-compiled.cc:69) No features for utterance LIVE00000092_00032
WARNING (align-equal-compiled[5.1.46~1-0d031]:main():align-equal-compiled.cc:69) No features for utterance LIVE00000092_00033
WARNING (align-equal-compiled[5.1.46~1-0d031]:main():align-equal-compiled.cc:69) No features for utterance LIVE00000092_00035
WARNING (align-equal-compiled[5.1.46~1-0d031]:main():align-equal-compiled.cc:69) No features for utterance LIVE00000092_00036
WARNING (align-equal-compiled[5.1.46~1-0d031]:main():align-equal-compiled.cc:69) No features for utterance LIVE00000092_00037
WARNING (align-equal-compiled[5.1.46~1-0d031]:main():align-equal-compiled.cc:69) No features for utterance LIVE00000092_00038
WARNING (align-equal-compiled[5.1.46~1-0d031]:main():align-equal-compiled.cc:69) No features for utterance LIVE00000092_00039
WARNING (align-equal-compiled[5.1.46~1-0d031]:main():align-equal-compiled.cc:69) No features for utterance LIVE00000092_00044
WARNING (align-equal-compiled[5.1.46~1-0d031]:main():align-equal-compiled.cc:69) No features for utterance LIVE00000092_00045
WARNING (align-equal-compiled[5.1.46~1-0d031]:main():align-equal-compiled.cc:69) No features for utterance LIVE00000092_00047
WARNING (align-equal-compiled[5.1.46~1-0d031]:main():align-equal-compiled.cc:69) No features for utterance LIVE00000092_00049
WARNING (align-equal-compiled[5.1.46~1-0d031]:main():align-equal-compiled.cc:69) No features for utterance LIVE00000092_00050
WARNING (align-equal-compiled[5.1.46~1-0d031]:main():align-equal-compiled.cc:69) No features for utterance LIVE00000092_00051
WARNING (align-equal-compiled[5.1.46~1-0d031]:main():align-equal-compiled.cc:69) No features for utterance LIVE00000092_00052
WARNING (align-equal-compiled[5.1.46~1-0d031]:main():align-equal-compiled.cc:69) No features for utterance LIVE00000092_00054
WARNING (align-equal-compiled[5.1.46~1-0d031]:main():align-equal-compiled.cc:69) No features for utterance LIVE00000092_00055
WARNING (align-equal-compiled[5.1.46~1-0d031]:main():align-equal-compiled.cc:69) No features for utterance LIVE00000092_00056
WARNING (align-equal-compiled[5.1.46~1-0d031]:main():align-equal-compiled.cc:69) No features for utterance LIVE00000092_00057
WARNING (align-equal-compiled[5.1.46~1-0d031]:main():align-equal-compiled.cc:69) No features for utterance LIVE00000092_00060
WARNING (align-equal-compiled[5.1.46~1-0d031]:main():align-equal-compiled.cc:69) No features for utterance LIVE00000093_00000
WARNING (align-equal-compiled[5.1.46~1-0d031]:main():align-equal-compiled.cc:69) No features for utterance LIVE00000093_00001
WARNING (align-equal-compiled[5.1.46~1-0d031]:main():align-equal-compiled.cc:69) No features for utterance LIVE00000093_00002
WARNING (align-equal-compiled[5.1.46~1-0d031]:main():align-equal-compiled.cc:69) No features for utterance LIVE00000093_00003
WARNING (align-equal-compiled[5.1.46~1-0d031]:main():align-equal-compiled.cc:69) No features for utterance LIVE00000093_00004
WARNING (align-equal-compiled[5.1.46~1-0d031]:main():align-equal-compiled.cc:69) No features for utterance LIVE00000093_00006
WARNING (align-equal-compiled[5.1.46~1-0d031]:main():align-equal-compiled.cc:69) No features for utterance LIVE00000093_00007
WARNING (align-equal-compiled[5.1.46~1-0d031]:main():align-equal-compiled.cc:69) No features for utterance LIVE00000093_00008
WARNING (align-equal-compiled[5.1.46~1-0d031]:main():align-equal-compiled.cc:69) No features for utterance LIVE00000093_00009
WARNING (align-equal-compiled[5.1.46~1-0d031]:main():align-equal-compiled.cc:69) No features for utterance LIVE00000093_00010
WARNING (align-equal-compiled[5.1.46~1-0d031]:main():align-equal-compiled.cc:69) No features for utterance LIVE00000093_00011
WARNING (align-equal-compiled[5.1.46~1-0d031]:main():align-equal-compiled.cc:69) No features for utterance LIVE00000093_00013
WARNING (align-equal-compiled[5.1.46~1-0d031]:main():align-equal-compiled.cc:69) No features for utterance LIVE00000093_00014
WARNING (align-equal-compiled[5.1.46~1-0d031]:main():align-equal-compiled.cc:69) No features for utterance LIVE00000094_00000
WARNING (align-equal-compiled[5.1.46~1-0d031]:main():align-equal-compiled.cc:69) No features for utterance LIVE00000094_00003
WARNING (align-equal-compiled[5.1.46~1-0d031]:main():align-equal-compiled.cc:69) No features for utterance LIVE00000094_00004
WARNING (align-equal-compiled[5.1.46~1-0d031]:main():align-equal-compiled.cc:69) No features for utterance LIVE00000094_00006
WARNING (align-equal-compiled[5.1.46~1-0d031]:main():align-equal-compiled.cc:69) No features for utterance LIVE00000094_00007
WARNING (align-equal-compiled[5.1.46~1-0d031]:main():align-equal-compiled.cc:69) No features for utterance LIVE00000094_00008
WARNING (align-equal-compiled[5.1.46~1-0d031]:main():align-equal-compiled.cc:69) No features for utterance LIVE00000094_00012
WARNING (align-equal-compiled[5.1.46~1-0d031]:main():align-equal-compiled.cc:69) No features for utterance LIVE00000094_00013
WARNING (align-equal-compiled[5.1.46~1-0d031]:main():align-equal-compiled.cc:69) No features for utterance LIVE00000094_00016
WARNING (align-equal-compiled[5.1.46~1-0d031]:main():align-equal-compiled.cc:69) No features for utterance LIVE00000094_00017
WARNING (align-equal-compiled[5.1.46~1-0d031]:main():align-equal-compiled.cc:69) No features for utterance LIVE00000094_00018
WARNING (align-equal-compiled[5.1.46~1-0d031]:main():align-equal-compiled.cc:69) No features for utterance LIVE00000094_00019
WARNING (align-equal-compiled[5.1.46~1-0d031]:main():align-equal-compiled.cc:69) No features for utterance LIVE00000094_00020
WARNING (align-equal-compiled[5.1.46~1-0d031]:main():align-equal-compiled.cc:69) No features for utterance LIVE00000094_00021
WARNING (align-equal-compiled[5.1.46~1-0d031]:main():align-equal-compiled.cc:69) No features for utterance LIVE00000094_00022
WARNING (align-equal-compiled[5.1.46~1-0d031]:main():align-equal-compiled.cc:69) No features for utterance LIVE00000094_00023
WARNING (align-equal-compiled[5.1.46~1-0d031]:main():align-equal-compiled.cc:69) No features for utterance LIVE00000095_00002
WARNING (align-equal-compiled[5.1.46~1-0d031]:main():align-equal-compiled.cc:69) No features for utterance LIVE00000095_00003
WARNING (align-equal-compiled[5.1.46~1-0d031]:main():align-equal-compiled.cc:69) No features for utterance LIVE00000095_00008
WARNING (align-equal-compiled[5.1.46~1-0d031]:main():align-equal-compiled.cc:69) No features for utterance LIVE00000095_00009
WARNING (align-equal-compiled[5.1.46~1-0d031]:main():align-equal-compiled.cc:69) No features for utterance LIVE00000095_00010
WARNING (align-equal-compiled[5.1.46~1-0d031]:main():align-equal-compiled.cc:69) No features for utterance LIVE00000095_00011
WARNING (align-equal-compiled[5.1.46~1-0d031]:main():align-equal-compiled.cc:69) No features for utterance LIVE00000104_00000
WARNING (align-equal-compiled[5.1.46~1-0d031]:main():align-equal-compiled.cc:69) No features for utterance LIVE00000108_00001
WARNING (align-equal-compiled[5.1.46~1-0d031]:main():align-equal-compiled.cc:69) No features for utterance LIVE00000110_00002
WARNING (align-equal-compiled[5.1.46~1-0d031]:main():align-equal-compiled.cc:69) No features for utterance LIVE00000111_00000
WARNING (align-equal-compiled[5.1.46~1-0d031]:main():align-equal-compiled.cc:69) No features for utterance LIVE00000111_00001
WARNING (align-equal-compiled[5.1.46~1-0d031]:main():align-equal-compiled.cc:69) No features for utterance LIVE00000111_00003
WARNING (align-equal-compiled[5.1.46~1-0d031]:main():align-equal-compiled.cc:69) No features for utterance LIVE00000111_00006
WARNING (align-equal-compiled[5.1.46~1-0d031]:main():align-equal-compiled.cc:69) No features for utterance LIVE00000111_00007
WARNING (align-equal-compiled[5.1.46~1-0d031]:main():align-equal-compiled.cc:69) No features for utterance LIVE00000112_00001
WARNING (align-equal-compiled[5.1.46~1-0d031]:main():align-equal-compiled.cc:69) No features for utterance LIVE00000112_00008
WARNING (align-equal-compiled[5.1.46~1-0d031]:main():align-equal-compiled.cc:69) No features for utterance LIVE00000112_00012
WARNING (align-equal-compiled[5.1.46~1-0d031]:main():align-equal-compiled.cc:69) No features for utterance LIVE00000113_00000
WARNING (align-equal-compiled[5.1.46~1-0d031]:main():align-equal-compiled.cc:69) No features for utterance LIVE00000113_00001
WARNING (align-equal-compiled[5.1.46~1-0d031]:main():align-equal-compiled.cc:69) No features for utterance LIVE00000113_00003
WARNING (align-equal-compiled[5.1.46~1-0d031]:main():align-equal-compiled.cc:69) No features for utterance LIVE00000113_00005
WARNING (align-equal-compiled[5.1.46~1-0d031]:main():align-equal-compiled.cc:69) No features for utterance LIVE00000113_00007
WARNING (align-equal-compiled[5.1.46~1-0d031]:main():align-equal-compiled.cc:69) No features for utterance LIVE00000113_00008
WARNING (align-equal-compiled[5.1.46~1-0d031]:main():align-equal-compiled.cc:69) No features for utterance LIVE00000114_00000
WARNING (align-equal-compiled[5.1.46~1-0d031]:main():align-equal-compiled.cc:69) No features for utterance LIVE00000115_00000
WARNING (align-equal-compiled[5.1.46~1-0d031]:main():align-equal-compiled.cc:69) No features for utterance LIVE00000115_00001
WARNING (align-equal-compiled[5.1.46~1-0d031]:main():align-equal-compiled.cc:69) No features for utterance LIVE00000116_00000
WARNING (align-equal-compiled[5.1.46~1-0d031]:main():align-equal-compiled.cc:69) No features for utterance LIVE00000116_00001
WARNING (align-equal-compiled[5.1.46~1-0d031]:main():align-equal-compiled.cc:69) No features for utterance LIVE00000116_00003
WARNING (align-equal-compiled[5.1.46~1-0d031]:main():align-equal-compiled.cc:69) No features for utterance LIVE00000116_00004
WARNING (align-equal-compiled[5.1.46~1-0d031]:main():align-equal-compiled.cc:69) No features for utterance LIVE00000117_00000
WARNING (align-equal-compiled[5.1.46~1-0d031]:main():align-equal-compiled.cc:69) No features for utterance LIVE00000117_00001
WARNING (align-equal-compiled[5.1.46~1-0d031]:main():align-equal-compiled.cc:69) No features for utterance LIVE00000117_00002
WARNING (align-equal-compiled[5.1.46~1-0d031]:main():align-equal-compiled.cc:69) No features for utterance LIVE00000117_00004
WARNING (align-equal-compiled[5.1.46~1-0d031]:main():align-equal-compiled.cc:69) No features for utterance LIVE00000117_00005
WARNING (align-equal-compiled[5.1.46~1-0d031]:main():align-equal-compiled.cc:69) No features for utterance LIVE00000118_00000
WARNING (align-equal-compiled[5.1.46~1-0d031]:main():align-equal-compiled.cc:69) No features for utterance LIVE00000118_00001
WARNING (align-equal-compiled[5.1.46~1-0d031]:main():align-equal-compiled.cc:69) No features for utterance LIVE00000119_00001
WARNING (align-equal-compiled[5.1.46~1-0d031]:main():align-equal-compiled.cc:69) No features for utterance LIVE00000120_00001
WARNING (align-equal-compiled[5.1.46~1-0d031]:main():align-equal-compiled.cc:69) No features for utterance LIVE00000120_00003
WARNING (align-equal-compiled[5.1.46~1-0d031]:main():align-equal-compiled.cc:69) No features for utterance LIVE00000120_00005
WARNING (align-equal-compiled[5.1.46~1-0d031]:main():align-equal-compiled.cc:69) No features for utterance LIVE00000120_00006
WARNING (align-equal-compiled[5.1.46~1-0d031]:main():align-equal-compiled.cc:69) No features for utterance LIVE00000120_00007
WARNING (align-equal-compiled[5.1.46~1-0d031]:main():align-equal-compiled.cc:69) No features for utterance LIVE00000120_00008
WARNING (align-equal-compiled[5.1.46~1-0d031]:main():align-equal-compiled.cc:69) No features for utterance LIVE00000121_00002
WARNING (align-equal-compiled[5.1.46~1-0d031]:main():align-equal-compiled.cc:69) No features for utterance LIVE00000122_00000
WARNING (align-equal-compiled[5.1.46~1-0d031]:main():align-equal-compiled.cc:69) No features for utterance LIVE00000123_00001
WARNING (align-equal-compiled[5.1.46~1-0d031]:main():align-equal-compiled.cc:69) No features for utterance LIVE00000124_00000
WARNING (align-equal-compiled[5.1.46~1-0d031]:main():align-equal-compiled.cc:69) No features for utterance LIVE00000124_00001
WARNING (align-equal-compiled[5.1.46~1-0d031]:main():align-equal-compiled.cc:69) No features for utterance LIVE00000124_00002
WARNING (align-equal-compiled[5.1.46~1-0d031]:main():align-equal-compiled.cc:69) No features for utterance LIVE00000124_00003
WARNING (align-equal-compiled[5.1.46~1-0d031]:main():align-equal-compiled.cc:69) No features for utterance LIVE00000125_00000
WARNING (align-equal-compiled[5.1.46~1-0d031]:main():align-equal-compiled.cc:69) No features for utterance LIVE00000125_00001
WARNING (align-equal-compiled[5.1.46~1-0d031]:main():align-equal-compiled.cc:69) No features for utterance LIVE00000125_00002
WARNING (align-equal-compiled[5.1.46~1-0d031]:main():align-equal-compiled.cc:69) No features for utterance LIVE00000125_00004
WARNING (align-equal-compiled[5.1.46~1-0d031]:main():align-equal-compiled.cc:69) No features for utterance LIVE00000125_00007
WARNING (align-equal-compiled[5.1.46~1-0d031]:main():align-equal-compiled.cc:69) No features for utterance LIVE00000125_00008
WARNING (align-equal-compiled[5.1.46~1-0d031]:main():align-equal-compiled.cc:69) No features for utterance LIVE00000125_00010
WARNING (align-equal-compiled[5.1.46~1-0d031]:main():align-equal-compiled.cc:69) No features for utterance LIVE00000125_00011
WARNING (align-equal-compiled[5.1.46~1-0d031]:main():align-equal-compiled.cc:69) No features for utterance LIVE00000125_00012
WARNING (align-equal-compiled[5.1.46~1-0d031]:main():align-equal-compiled.cc:69) No features for utterance LIVE00000125_00013
WARNING (align-equal-compiled[5.1.46~1-0d031]:main():align-equal-compiled.cc:69) No features for utterance LIVE00000125_00014
WARNING (align-equal-compiled[5.1.46~1-0d031]:main():align-equal-compiled.cc:69) No features for utterance LIVE00000125_00015
WARNING (align-equal-compiled[5.1.46~1-0d031]:main():align-equal-compiled.cc:69) No features for utterance LIVE00000125_00016
WARNING (align-equal-compiled[5.1.46~1-0d031]:main():align-equal-compiled.cc:69) No features for utterance LIVE00000125_00018
WARNING (align-equal-compiled[5.1.46~1-0d031]:main():align-equal-compiled.cc:69) No features for utterance LIVE00000125_00019
WARNING (align-equal-compiled[5.1.46~1-0d031]:main():align-equal-compiled.cc:69) No features for utterance LIVE00000125_00020
WARNING (align-equal-compiled[5.1.46~1-0d031]:main():align-equal-compiled.cc:69) No features for utterance LIVE00000125_00021
WARNING (align-equal-compiled[5.1.46~1-0d031]:main():align-equal-compiled.cc:69) No features for utterance LIVE00000125_00022
WARNING (align-equal-compiled[5.1.46~1-0d031]:main():align-equal-compiled.cc:69) No features for utterance LIVE00000125_00023
WARNING (align-equal-compiled[5.1.46~1-0d031]:main():align-equal-compiled.cc:69) No features for utterance LIVE00000125_00024
WARNING (align-equal-compiled[5.1.46~1-0d031]:main():align-equal-compiled.cc:69) No features for utterance LIVE00000125_00026
WARNING (align-equal-compiled[5.1.46~1-0d031]:main():align-equal-compiled.cc:69) No features for utterance LIVE00000125_00028
WARNING (align-equal-compiled[5.1.46~1-0d031]:main():align-equal-compiled.cc:69) No features for utterance LIVE00000125_00030
WARNING (align-equal-compiled[5.1.46~1-0d031]:main():align-equal-compiled.cc:69) No features for utterance LIVE00000125_00031
WARNING (align-equal-compiled[5.1.46~1-0d031]:main():align-equal-compiled.cc:69) No features for utterance LIVE00000125_00032
WARNING (align-equal-compiled[5.1.46~1-0d031]:main():align-equal-compiled.cc:69) No features for utterance LIVE00000125_00033
WARNING (align-equal-compiled[5.1.46~1-0d031]:main():align-equal-compiled.cc:69) No features for utterance LIVE00000125_00034
WARNING (align-equal-compiled[5.1.46~1-0d031]:main():align-equal-compiled.cc:69) No features for utterance LIVE00000125_00037
WARNING (align-equal-compiled[5.1.46~1-0d031]:main():align-equal-compiled.cc:69) No features for utterance LIVE00000125_00038
WARNING (align-equal-compiled[5.1.46~1-0d031]:main():align-equal-compiled.cc:69) No features for utterance LIVE00000125_00039
WARNING (align-equal-compiled[5.1.46~1-0d031]:main():align-equal-compiled.cc:69) No features for utterance LIVE00000125_00040
WARNING (align-equal-compiled[5.1.46~1-0d031]:main():align-equal-compiled.cc:69) No features for utterance LIVE00000125_00041
WARNING (align-equal-compiled[5.1.46~1-0d031]:main():align-equal-compiled.cc:69) No features for utterance LIVE00000125_00042
WARNING (align-equal-compiled[5.1.46~1-0d031]:main():align-equal-compiled.cc:69) No features for utterance LIVE00000125_00043
WARNING (align-equal-compiled[5.1.46~1-0d031]:main():align-equal-compiled.cc:69) No features for utterance LIVE00000125_00044
WARNING (align-equal-compiled[5.1.46~1-0d031]:main():align-equal-compiled.cc:69) No features for utterance LIVE00000125_00045
WARNING (align-equal-compiled[5.1.46~1-0d031]:main():align-equal-compiled.cc:69) No features for utterance LIVE00000125_00048
WARNING (align-equal-compiled[5.1.46~1-0d031]:main():align-equal-compiled.cc:69) No features for utterance LIVE00000125_00049
WARNING (align-equal-compiled[5.1.46~1-0d031]:main():align-equal-compiled.cc:69) No features for utterance LIVE00000125_00050
WARNING (align-equal-compiled[5.1.46~1-0d031]:main():align-equal-compiled.cc:69) No features for utterance LIVE00000125_00053
WARNING (align-equal-compiled[5.1.46~1-0d031]:main():align-equal-compiled.cc:69) No features for utterance LIVE00000125_00054
WARNING (align-equal-compiled[5.1.46~1-0d031]:main():align-equal-compiled.cc:69) No features for utterance LIVE00000125_00055
WARNING (align-equal-compiled[5.1.46~1-0d031]:main():align-equal-compiled.cc:69) No features for utterance LIVE00000125_00056
WARNING (align-equal-compiled[5.1.46~1-0d031]:main():align-equal-compiled.cc:69) No features for utterance LIVE00000125_00057
WARNING (align-equal-compiled[5.1.46~1-0d031]:main():align-equal-compiled.cc:69) No features for utterance LIVE00000125_00058
WARNING (align-equal-compiled[5.1.46~1-0d031]:main():align-equal-compiled.cc:69) No features for utterance LIVE00000125_00060
WARNING (align-equal-compiled[5.1.46~1-0d031]:main():align-equal-compiled.cc:69) No features for utterance LIVE00000125_00061
WARNING (align-equal-compiled[5.1.46~1-0d031]:main():align-equal-compiled.cc:69) No features for utterance LIVE00000125_00062
WARNING (align-equal-compiled[5.1.46~1-0d031]:main():align-equal-compiled.cc:69) No features for utterance LIVE00000125_00064
WARNING (align-equal-compiled[5.1.46~1-0d031]:main():align-equal-compiled.cc:69) No features for utterance LIVE00000125_00067
WARNING (align-equal-compiled[5.1.46~1-0d031]:main():align-equal-compiled.cc:69) No features for utterance LIVE00000125_00068
WARNING (align-equal-compiled[5.1.46~1-0d031]:main():align-equal-compiled.cc:69) No features for utterance LIVE00000125_00071
WARNING (align-equal-compiled[5.1.46~1-0d031]:main():align-equal-compiled.cc:69) No features for utterance LIVE00000125_00072
WARNING (align-equal-compiled[5.1.46~1-0d031]:main():align-equal-compiled.cc:69) No features for utterance LIVE00000125_00073
WARNING (align-equal-compiled[5.1.46~1-0d031]:main():align-equal-compiled.cc:69) No features for utterance LIVE00000125_00074
WARNING (align-equal-compiled[5.1.46~1-0d031]:main():align-equal-compiled.cc:69) No features for utterance LIVE00000125_00076
WARNING (align-equal-compiled[5.1.46~1-0d031]:main():align-equal-compiled.cc:69) No features for utterance LIVE00000125_00077
WARNING (align-equal-compiled[5.1.46~1-0d031]:main():align-equal-compiled.cc:69) No features for utterance LIVE00000125_00078
WARNING (align-equal-compiled[5.1.46~1-0d031]:main():align-equal-compiled.cc:69) No features for utterance LIVE00000125_00080
WARNING (align-equal-compiled[5.1.46~1-0d031]:main():align-equal-compiled.cc:69) No features for utterance LIVE00000125_00082
WARNING (align-equal-compiled[5.1.46~1-0d031]:main():align-equal-compiled.cc:69) No features for utterance LIVE00000125_00083
WARNING (align-equal-compiled[5.1.46~1-0d031]:main():align-equal-compiled.cc:69) No features for utterance LIVE00000125_00084
WARNING (align-equal-compiled[5.1.46~1-0d031]:main():align-equal-compiled.cc:69) No features for utterance LIVE00000125_00085
WARNING (align-equal-compiled[5.1.46~1-0d031]:main():align-equal-compiled.cc:69) No features for utterance LIVE00000125_00086
WARNING (align-equal-compiled[5.1.46~1-0d031]:main():align-equal-compiled.cc:69) No features for utterance LIVE00000125_00087
WARNING (align-equal-compiled[5.1.46~1-0d031]:main():align-equal-compiled.cc:69) No features for utterance LIVE00000125_00088
WARNING (align-equal-compiled[5.1.46~1-0d031]:main():align-equal-compiled.cc:69) No features for utterance LIVE00000125_00089
WARNING (align-equal-compiled[5.1.46~1-0d031]:main():align-equal-compiled.cc:69) No features for utterance LIVE00000125_00093
WARNING (align-equal-compiled[5.1.46~1-0d031]:main():align-equal-compiled.cc:69) No features for utterance LIVE00000125_00095
WARNING (align-equal-compiled[5.1.46~1-0d031]:main():align-equal-compiled.cc:69) No features for utterance LIVE00000125_00096
WARNING (align-equal-compiled[5.1.46~1-0d031]:main():align-equal-compiled.cc:69) No features for utterance LIVE00000125_00098
WARNING (align-equal-compiled[5.1.46~1-0d031]:main():align-equal-compiled.cc:69) No features for utterance LIVE00000125_00100
WARNING (align-equal-compiled[5.1.46~1-0d031]:main():align-equal-compiled.cc:69) No features for utterance LIVE00000125_00101
WARNING (align-equal-compiled[5.1.46~1-0d031]:main():align-equal-compiled.cc:69) No features for utterance LIVE00000125_00102
WARNING (align-equal-compiled[5.1.46~1-0d031]:main():align-equal-compiled.cc:69) No features for utterance LIVE00000125_00104
WARNING (align-equal-compiled[5.1.46~1-0d031]:main():align-equal-compiled.cc:69) No features for utterance LIVE00000125_00105
WARNING (align-equal-compiled[5.1.46~1-0d031]:main():align-equal-compiled.cc:69) No features for utterance LIVE00000125_00106
WARNING (align-equal-compiled[5.1.46~1-0d031]:main():align-equal-compiled.cc:69) No features for utterance LIVE00000125_00107
WARNING (align-equal-compiled[5.1.46~1-0d031]:main():align-equal-compiled.cc:69) No features for utterance LIVE00000125_00108
WARNING (align-equal-compiled[5.1.46~1-0d031]:main():align-equal-compiled.cc:69) No features for utterance LIVE00000125_00110
WARNING (align-equal-compiled[5.1.46~1-0d031]:main():align-equal-compiled.cc:69) No features for utterance LIVE00000125_00114
WARNING (align-equal-compiled[5.1.46~1-0d031]:main():align-equal-compiled.cc:69) No features for utterance LIVE00000125_00116
WARNING (align-equal-compiled[5.1.46~1-0d031]:main():align-equal-compiled.cc:69) No features for utterance LIVE00000125_00117
WARNING (align-equal-compiled[5.1.46~1-0d031]:main():align-equal-compiled.cc:69) No features for utterance LIVE00000126_00000
WARNING (align-equal-compiled[5.1.46~1-0d031]:main():align-equal-compiled.cc:69) No features for utterance LIVE00000126_00001
WARNING (align-equal-compiled[5.1.46~1-0d031]:main():align-equal-compiled.cc:69) No features for utterance LIVE00000126_00002
WARNING (align-equal-compiled[5.1.46~1-0d031]:main():align-equal-compiled.cc:69) No features for utterance LIVE00000126_00003
WARNING (align-equal-compiled[5.1.46~1-0d031]:main():align-equal-compiled.cc:69) No features for utterance LIVE00000126_00004
WARNING (align-equal-compiled[5.1.46~1-0d031]:main():align-equal-compiled.cc:69) No features for utterance LIVE00000126_00006
WARNING (align-equal-compiled[5.1.46~1-0d031]:main():align-equal-compiled.cc:69) No features for utterance LIVE00000126_00007
WARNING (align-equal-compiled[5.1.46~1-0d031]:main():align-equal-compiled.cc:69) No features for utterance LIVE00000127_00003
WARNING (align-equal-compiled[5.1.46~1-0d031]:main():align-equal-compiled.cc:69) No features for utterance LIVE00000127_00010
WARNING (align-equal-compiled[5.1.46~1-0d031]:main():align-equal-compiled.cc:69) No features for utterance LIVE00000127_00012
WARNING (align-equal-compiled[5.1.46~1-0d031]:main():align-equal-compiled.cc:69) No features for utterance LIVE00000127_00014
WARNING (align-equal-compiled[5.1.46~1-0d031]:main():align-equal-compiled.cc:69) No features for utterance LIVE00000127_00017
WARNING (align-equal-compiled[5.1.46~1-0d031]:main():align-equal-compiled.cc:69) No features for utterance LIVE00000127_00018
WARNING (align-equal-compiled[5.1.46~1-0d031]:main():align-equal-compiled.cc:69) No features for utterance LIVE00000127_00019
WARNING (align-equal-compiled[5.1.46~1-0d031]:main():align-equal-compiled.cc:69) No features for utterance LIVE00000127_00020
WARNING (align-equal-compiled[5.1.46~1-0d031]:main():align-equal-compiled.cc:69) No features for utterance LIVE00000127_00021
WARNING (align-equal-compiled[5.1.46~1-0d031]:main():align-equal-compiled.cc:69) No features for utterance LIVE00000127_00022
WARNING (align-equal-compiled[5.1.46~1-0d031]:main():align-equal-compiled.cc:69) No features for utterance LIVE00000127_00023
WARNING (align-equal-compiled[5.1.46~1-0d031]:main():align-equal-compiled.cc:69) No features for utterance LIVE00000127_00024
WARNING (align-equal-compiled[5.1.46~1-0d031]:main():align-equal-compiled.cc:69) No features for utterance LIVE00000127_00025
WARNING (align-equal-compiled[5.1.46~1-0d031]:main():align-equal-compiled.cc:69) No features for utterance LIVE00000127_00026
WARNING (align-equal-compiled[5.1.46~1-0d031]:main():align-equal-compiled.cc:69) No features for utterance LIVE00000127_00028
WARNING (align-equal-compiled[5.1.46~1-0d031]:main():align-equal-compiled.cc:69) No features for utterance LIVE00000127_00030
WARNING (align-equal-compiled[5.1.46~1-0d031]:main():align-equal-compiled.cc:69) No features for utterance LIVE00000127_00032
WARNING (align-equal-compiled[5.1.46~1-0d031]:main():align-equal-compiled.cc:69) No features for utterance LIVE00000127_00033
WARNING (align-equal-compiled[5.1.46~1-0d031]:main():align-equal-compiled.cc:69) No features for utterance LIVE00000127_00035
WARNING (align-equal-compiled[5.1.46~1-0d031]:main():align-equal-compiled.cc:69) No features for utterance LIVE00000127_00037
WARNING (align-equal-compiled[5.1.46~1-0d031]:main():align-equal-compiled.cc:69) No features for utterance LIVE00000127_00038
WARNING (align-equal-compiled[5.1.46~1-0d031]:main():align-equal-compiled.cc:69) No features for utterance LIVE00000127_00039
WARNING (align-equal-compiled[5.1.46~1-0d031]:main():align-equal-compiled.cc:69) No features for utterance LIVE00000127_00040
WARNING (align-equal-compiled[5.1.46~1-0d031]:main():align-equal-compiled.cc:69) No features for utterance LIVE00000127_00041
WARNING (align-equal-compiled[5.1.46~1-0d031]:main():align-equal-compiled.cc:69) No features for utterance LIVE00000128_00001
WARNING (align-equal-compiled[5.1.46~1-0d031]:main():align-equal-compiled.cc:69) No features for utterance LIVE00000128_00002
WARNING (align-equal-compiled[5.1.46~1-0d031]:main():align-equal-compiled.cc:69) No features for utterance LIVE00000128_00003
WARNING (align-equal-compiled[5.1.46~1-0d031]:main():align-equal-compiled.cc:69) No features for utterance LIVE00000128_00004
WARNING (align-equal-compiled[5.1.46~1-0d031]:main():align-equal-compiled.cc:69) No features for utterance LIVE00000128_00005
WARNING (align-equal-compiled[5.1.46~1-0d031]:main():align-equal-compiled.cc:69) No features for utterance LIVE00000128_00006
WARNING (align-equal-compiled[5.1.46~1-0d031]:main():align-equal-compiled.cc:69) No features for utterance LIVE00000128_00007
WARNING (align-equal-compiled[5.1.46~1-0d031]:main():align-equal-compiled.cc:69) No features for utterance LIVE00000128_00010
WARNING (align-equal-compiled[5.1.46~1-0d031]:main():align-equal-compiled.cc:69) No features for utterance LIVE00000128_00011
WARNING (align-equal-compiled[5.1.46~1-0d031]:main():align-equal-compiled.cc:69) No features for utterance LIVE00000128_00014
WARNING (align-equal-compiled[5.1.46~1-0d031]:main():align-equal-compiled.cc:69) No features for utterance LIVE00000128_00015
WARNING (align-equal-compiled[5.1.46~1-0d031]:main():align-equal-compiled.cc:69) No features for utterance LIVE00000128_00016
WARNING (align-equal-compiled[5.1.46~1-0d031]:main():align-equal-compiled.cc:69) No features for utterance LIVE00000128_00019
WARNING (align-equal-compiled[5.1.46~1-0d031]:main():align-equal-compiled.cc:69) No features for utterance LIVE00000128_00021
WARNING (align-equal-compiled[5.1.46~1-0d031]:main():align-equal-compiled.cc:69) No features for utterance LIVE00000128_00022
WARNING (align-equal-compiled[5.1.46~1-0d031]:main():align-equal-compiled.cc:69) No features for utterance LIVE00000128_00023
WARNING (align-equal-compiled[5.1.46~1-0d031]:main():align-equal-compiled.cc:69) No features for utterance LIVE00000128_00024
WARNING (align-equal-compiled[5.1.46~1-0d031]:main():align-equal-compiled.cc:69) No features for utterance LIVE00000128_00027
WARNING (align-equal-compiled[5.1.46~1-0d031]:main():align-equal-compiled.cc:69) No features for utterance LIVE00000128_00028
WARNING (align-equal-compiled[5.1.46~1-0d031]:main():align-equal-compiled.cc:69) No features for utterance LIVE00000128_00029
WARNING (align-equal-compiled[5.1.46~1-0d031]:main():align-equal-compiled.cc:69) No features for utterance LIVE00000128_00030
WARNING (align-equal-compiled[5.1.46~1-0d031]:main():align-equal-compiled.cc:69) No features for utterance LIVE00000128_00031
WARNING (align-equal-compiled[5.1.46~1-0d031]:main():align-equal-compiled.cc:69) No features for utterance LIVE00000128_00032
WARNING (align-equal-compiled[5.1.46~1-0d031]:main():align-equal-compiled.cc:69) No features for utterance LIVE00000128_00033
WARNING (align-equal-compiled[5.1.46~1-0d031]:main():align-equal-compiled.cc:69) No features for utterance LIVE00000128_00034
WARNING (align-equal-compiled[5.1.46~1-0d031]:main():align-equal-compiled.cc:69) No features for utterance LIVE00000128_00036
WARNING (align-equal-compiled[5.1.46~1-0d031]:main():align-equal-compiled.cc:69) No features for utterance LIVE00000128_00037
WARNING (align-equal-compiled[5.1.46~1-0d031]:main():align-equal-compiled.cc:69) No features for utterance LIVE00000128_00038
WARNING (align-equal-compiled[5.1.46~1-0d031]:main():align-equal-compiled.cc:69) No features for utterance LIVE00000128_00039
WARNING (align-equal-compiled[5.1.46~1-0d031]:main():align-equal-compiled.cc:69) No features for utterance LIVE00000128_00040
WARNING (align-equal-compiled[5.1.46~1-0d031]:main():align-equal-compiled.cc:69) No features for utterance LIVE00000128_00042
WARNING (align-equal-compiled[5.1.46~1-0d031]:main():align-equal-compiled.cc:69) No features for utterance LIVE00000128_00043
WARNING (align-equal-compiled[5.1.46~1-0d031]:main():align-equal-compiled.cc:69) No features for utterance LIVE00000128_00045
WARNING (align-equal-compiled[5.1.46~1-0d031]:main():align-equal-compiled.cc:69) No features for utterance LIVE00000128_00046
WARNING (align-equal-compiled[5.1.46~1-0d031]:main():align-equal-compiled.cc:69) No features for utterance LIVE00000128_00047
WARNING (align-equal-compiled[5.1.46~1-0d031]:main():align-equal-compiled.cc:69) No features for utterance LIVE00000128_00048
WARNING (align-equal-compiled[5.1.46~1-0d031]:main():align-equal-compiled.cc:69) No features for utterance LIVE00000128_00049
WARNING (align-equal-compiled[5.1.46~1-0d031]:main():align-equal-compiled.cc:69) No features for utterance LIVE00000128_00050
WARNING (align-equal-compiled[5.1.46~1-0d031]:main():align-equal-compiled.cc:69) No features for utterance LIVE00000128_00051
WARNING (align-equal-compiled[5.1.46~1-0d031]:main():align-equal-compiled.cc:69) No features for utterance LIVE00000128_00052
WARNING (align-equal-compiled[5.1.46~1-0d031]:main():align-equal-compiled.cc:69) No features for utterance LIVE00000128_00054
WARNING (align-equal-compiled[5.1.46~1-0d031]:main():align-equal-compiled.cc:69) No features for utterance LIVE00000128_00055
WARNING (align-equal-compiled[5.1.46~1-0d031]:main():align-equal-compiled.cc:69) No features for utterance LIVE00000128_00056
WARNING (align-equal-compiled[5.1.46~1-0d031]:main():align-equal-compiled.cc:69) No features for utterance LIVE00000128_00057
WARNING (align-equal-compiled[5.1.46~1-0d031]:main():align-equal-compiled.cc:69) No features for utterance LIVE00000128_00058
WARNING (align-equal-compiled[5.1.46~1-0d031]:main():align-equal-compiled.cc:69) No features for utterance LIVE00000128_00059
WARNING (align-equal-compiled[5.1.46~1-0d031]:main():align-equal-compiled.cc:69) No features for utterance LIVE00000128_00060
WARNING (align-equal-compiled[5.1.46~1-0d031]:main():align-equal-compiled.cc:69) No features for utterance LIVE00000128_00063
WARNING (align-equal-compiled[5.1.46~1-0d031]:main():align-equal-compiled.cc:69) No features for utterance LIVE00000128_00065
WARNING (align-equal-compiled[5.1.46~1-0d031]:main():align-equal-compiled.cc:69) No features for utterance LIVE00000128_00067
WARNING (align-equal-compiled[5.1.46~1-0d031]:main():align-equal-compiled.cc:69) No features for utterance LIVE00000128_00068
WARNING (align-equal-compiled[5.1.46~1-0d031]:main():align-equal-compiled.cc:69) No features for utterance LIVE00000128_00071
WARNING (align-equal-compiled[5.1.46~1-0d031]:main():align-equal-compiled.cc:69) No features for utterance LIVE00000128_00073
WARNING (align-equal-compiled[5.1.46~1-0d031]:main():align-equal-compiled.cc:69) No features for utterance LIVE00000128_00074
WARNING (align-equal-compiled[5.1.46~1-0d031]:main():align-equal-compiled.cc:69) No features for utterance LIVE00000128_00076
WARNING (align-equal-compiled[5.1.46~1-0d031]:main():align-equal-compiled.cc:69) No features for utterance LIVE00000128_00077
WARNING (align-equal-compiled[5.1.46~1-0d031]:main():align-equal-compiled.cc:69) No features for utterance LIVE00000128_00078
WARNING (align-equal-compiled[5.1.46~1-0d031]:main():align-equal-compiled.cc:69) No features for utterance LIVE00000128_00079
WARNING (align-equal-compiled[5.1.46~1-0d031]:main():align-equal-compiled.cc:69) No features for utterance LIVE00000128_00080
WARNING (align-equal-compiled[5.1.46~1-0d031]:main():align-equal-compiled.cc:69) No features for utterance LIVE00000128_00081
WARNING (align-equal-compiled[5.1.46~1-0d031]:main():align-equal-compiled.cc:69) No features for utterance LIVE00000128_00082
WARNING (align-equal-compiled[5.1.46~1-0d031]:main():align-equal-compiled.cc:69) No features for utterance LIVE00000128_00083
WARNING (align-equal-compiled[5.1.46~1-0d031]:main():align-equal-compiled.cc:69) No features for utterance LIVE00000128_00084
WARNING (align-equal-compiled[5.1.46~1-0d031]:main():align-equal-compiled.cc:69) No features for utterance LIVE00000128_00085
WARNING (align-equal-compiled[5.1.46~1-0d031]:main():align-equal-compiled.cc:69) No features for utterance LIVE00000128_00086
WARNING (align-equal-compiled[5.1.46~1-0d031]:main():align-equal-compiled.cc:69) No features for utterance LIVE00000128_00088
WARNING (align-equal-compiled[5.1.46~1-0d031]:main():align-equal-compiled.cc:69) No features for utterance LIVE00000128_00089
WARNING (align-equal-compiled[5.1.46~1-0d031]:main():align-equal-compiled.cc:69) No features for utterance LIVE00000128_00091
WARNING (align-equal-compiled[5.1.46~1-0d031]:main():align-equal-compiled.cc:69) No features for utterance LIVE00000128_00092
WARNING (align-equal-compiled[5.1.46~1-0d031]:main():align-equal-compiled.cc:69) No features for utterance LIVE00000128_00093
WARNING (align-equal-compiled[5.1.46~1-0d031]:main():align-equal-compiled.cc:69) No features for utterance LIVE00000128_00094
WARNING (align-equal-compiled[5.1.46~1-0d031]:main():align-equal-compiled.cc:69) No features for utterance LIVE00000128_00096
WARNING (align-equal-compiled[5.1.46~1-0d031]:main():align-equal-compiled.cc:69) No features for utterance LIVE00000128_00097
WARNING (align-equal-compiled[5.1.46~1-0d031]:main():align-equal-compiled.cc:69) No features for utterance LIVE00000128_00099
WARNING (align-equal-compiled[5.1.46~1-0d031]:main():align-equal-compiled.cc:69) No features for utterance LIVE00000128_00100
WARNING (align-equal-compiled[5.1.46~1-0d031]:main():align-equal-compiled.cc:69) No features for utterance LIVE00000128_00101
WARNING (align-equal-compiled[5.1.46~1-0d031]:main():align-equal-compiled.cc:69) No features for utterance LIVE00000128_00102
WARNING (align-equal-compiled[5.1.46~1-0d031]:main():align-equal-compiled.cc:69) No features for utterance LIVE00000128_00103
WARNING (align-equal-compiled[5.1.46~1-0d031]:main():align-equal-compiled.cc:69) No features for utterance LIVE00000128_00104
WARNING (align-equal-compiled[5.1.46~1-0d031]:main():align-equal-compiled.cc:69) No features for utterance LIVE00000128_00105
WARNING (align-equal-compiled[5.1.46~1-0d031]:main():align-equal-compiled.cc:69) No features for utterance LIVE00000128_00107
WARNING (align-equal-compiled[5.1.46~1-0d031]:main():align-equal-compiled.cc:69) No features for utterance LIVE00000128_00108
WARNING (align-equal-compiled[5.1.46~1-0d031]:main():align-equal-compiled.cc:69) No features for utterance LIVE00000128_00110
WARNING (align-equal-compiled[5.1.46~1-0d031]:main():align-equal-compiled.cc:69) No features for utterance LIVE00000128_00112
WARNING (align-equal-compiled[5.1.46~1-0d031]:main():align-equal-compiled.cc:69) No features for utterance LIVE00000128_00114
WARNING (align-equal-compiled[5.1.46~1-0d031]:main():align-equal-compiled.cc:69) No features for utterance LIVE00000128_00115
WARNING (align-equal-compiled[5.1.46~1-0d031]:main():align-equal-compiled.cc:69) No features for utterance LIVE00000128_00116
WARNING (align-equal-compiled[5.1.46~1-0d031]:main():align-equal-compiled.cc:69) No features for utterance LIVE00000128_00117
WARNING (align-equal-compiled[5.1.46~1-0d031]:main():align-equal-compiled.cc:69) No features for utterance LIVE00000128_00118
WARNING (align-equal-compiled[5.1.46~1-0d031]:main():align-equal-compiled.cc:69) No features for utterance LIVE00000128_00119
WARNING (align-equal-compiled[5.1.46~1-0d031]:main():align-equal-compiled.cc:69) No features for utterance LIVE00000128_00120
WARNING (align-equal-compiled[5.1.46~1-0d031]:main():align-equal-compiled.cc:69) No features for utterance LIVE00000128_00122
WARNING (align-equal-compiled[5.1.46~1-0d031]:main():align-equal-compiled.cc:69) No features for utterance LIVE00000128_00123
WARNING (align-equal-compiled[5.1.46~1-0d031]:main():align-equal-compiled.cc:69) No features for utterance LIVE00000128_00124
WARNING (align-equal-compiled[5.1.46~1-0d031]:main():align-equal-compiled.cc:69) No features for utterance LIVE00000128_00125
WARNING (align-equal-compiled[5.1.46~1-0d031]:main():align-equal-compiled.cc:69) No features for utterance LIVE00000128_00126
WARNING (align-equal-compiled[5.1.46~1-0d031]:main():align-equal-compiled.cc:69) No features for utterance LIVE00000128_00127
WARNING (align-equal-compiled[5.1.46~1-0d031]:main():align-equal-compiled.cc:69) No features for utterance LIVE00000128_00130
WARNING (align-equal-compiled[5.1.46~1-0d031]:main():align-equal-compiled.cc:69) No features for utterance LIVE00000128_00136
WARNING (align-equal-compiled[5.1.46~1-0d031]:main():align-equal-compiled.cc:69) No features for utterance LIVE00000128_00137
WARNING (align-equal-compiled[5.1.46~1-0d031]:main():align-equal-compiled.cc:69) No features for utterance LIVE00000128_00139
WARNING (align-equal-compiled[5.1.46~1-0d031]:main():align-equal-compiled.cc:69) No features for utterance LIVE00000128_00140
WARNING (align-equal-compiled[5.1.46~1-0d031]:main():align-equal-compiled.cc:69) No features for utterance LIVE00000128_00141
WARNING (align-equal-compiled[5.1.46~1-0d031]:main():align-equal-compiled.cc:69) No features for utterance LIVE00000128_00145
WARNING (align-equal-compiled[5.1.46~1-0d031]:main():align-equal-compiled.cc:69) No features for utterance LIVE00000128_00146
WARNING (align-equal-compiled[5.1.46~1-0d031]:main():align-equal-compiled.cc:69) No features for utterance LIVE00000128_00147
WARNING (align-equal-compiled[5.1.46~1-0d031]:main():align-equal-compiled.cc:69) No features for utterance LIVE00000128_00149
WARNING (align-equal-compiled[5.1.46~1-0d031]:main():align-equal-compiled.cc:69) No features for utterance LIVE00000128_00150
WARNING (align-equal-compiled[5.1.46~1-0d031]:main():align-equal-compiled.cc:69) No features for utterance LIVE00000128_00151
WARNING (align-equal-compiled[5.1.46~1-0d031]:main():align-equal-compiled.cc:69) No features for utterance LIVE00000128_00152
WARNING (align-equal-compiled[5.1.46~1-0d031]:main():align-equal-compiled.cc:69) No features for utterance LIVE00000128_00153
WARNING (align-equal-compiled[5.1.46~1-0d031]:main():align-equal-compiled.cc:69) No features for utterance LIVE00000128_00156
WARNING (align-equal-compiled[5.1.46~1-0d031]:main():align-equal-compiled.cc:69) No features for utterance LIVE00000128_00157
WARNING (align-equal-compiled[5.1.46~1-0d031]:main():align-equal-compiled.cc:69) No features for utterance LIVE00000128_00158
WARNING (align-equal-compiled[5.1.46~1-0d031]:main():align-equal-compiled.cc:69) No features for utterance LIVE00000128_00159
WARNING (align-equal-compiled[5.1.46~1-0d031]:main():align-equal-compiled.cc:69) No features for utterance LIVE00000128_00160
WARNING (align-equal-compiled[5.1.46~1-0d031]:main():align-equal-compiled.cc:69) No features for utterance LIVE00000128_00161
WARNING (align-equal-compiled[5.1.46~1-0d031]:main():align-equal-compiled.cc:69) No features for utterance LIVE00000128_00164
WARNING (align-equal-compiled[5.1.46~1-0d031]:main():align-equal-compiled.cc:69) No features for utterance LIVE00000128_00165
WARNING (align-equal-compiled[5.1.46~1-0d031]:main():align-equal-compiled.cc:69) No features for utterance LIVE00000128_00166
WARNING (align-equal-compiled[5.1.46~1-0d031]:main():align-equal-compiled.cc:69) No features for utterance LIVE00000128_00167
WARNING (align-equal-compiled[5.1.46~1-0d031]:main():align-equal-compiled.cc:69) No features for utterance LIVE00000128_00169
WARNING (align-equal-compiled[5.1.46~1-0d031]:main():align-equal-compiled.cc:69) No features for utterance LIVE00000128_00170
WARNING (align-equal-compiled[5.1.46~1-0d031]:main():align-equal-compiled.cc:69) No features for utterance LIVE00000128_00172
WARNING (align-equal-compiled[5.1.46~1-0d031]:main():align-equal-compiled.cc:69) No features for utterance LIVE00000128_00173
WARNING (align-equal-compiled[5.1.46~1-0d031]:main():align-equal-compiled.cc:69) No features for utterance LIVE00000128_00174
WARNING (align-equal-compiled[5.1.46~1-0d031]:main():align-equal-compiled.cc:69) No features for utterance LIVE00000128_00175
WARNING (align-equal-compiled[5.1.46~1-0d031]:main():align-equal-compiled.cc:69) No features for utterance LIVE00000128_00176
WARNING (align-equal-compiled[5.1.46~1-0d031]:main():align-equal-compiled.cc:69) No features for utterance LIVE00000128_00179
WARNING (align-equal-compiled[5.1.46~1-0d031]:main():align-equal-compiled.cc:69) No features for utterance LIVE00000128_00180
WARNING (align-equal-compiled[5.1.46~1-0d031]:main():align-equal-compiled.cc:69) No features for utterance LIVE00000128_00183
WARNING (align-equal-compiled[5.1.46~1-0d031]:main():align-equal-compiled.cc:69) No features for utterance LIVE00000128_00184
WARNING (align-equal-compiled[5.1.46~1-0d031]:main():align-equal-compiled.cc:69) No features for utterance LIVE00000128_00185
WARNING (align-equal-compiled[5.1.46~1-0d031]:main():align-equal-compiled.cc:69) No features for utterance LIVE00000128_00186
WARNING (align-equal-compiled[5.1.46~1-0d031]:main():align-equal-compiled.cc:69) No features for utterance LIVE00000128_00190
WARNING (align-equal-compiled[5.1.46~1-0d031]:main():align-equal-compiled.cc:69) No features for utterance LIVE00000128_00192
WARNING (align-equal-compiled[5.1.46~1-0d031]:main():align-equal-compiled.cc:69) No features for utterance LIVE00000128_00193
WARNING (align-equal-compiled[5.1.46~1-0d031]:main():align-equal-compiled.cc:69) No features for utterance LIVE00000128_00195
WARNING (align-equal-compiled[5.1.46~1-0d031]:main():align-equal-compiled.cc:69) No features for utterance LIVE00000128_00197
WARNING (align-equal-compiled[5.1.46~1-0d031]:main():align-equal-compiled.cc:69) No features for utterance LIVE00000128_00199
WARNING (align-equal-compiled[5.1.46~1-0d031]:main():align-equal-compiled.cc:69) No features for utterance LIVE00000128_00200
WARNING (align-equal-compiled[5.1.46~1-0d031]:main():align-equal-compiled.cc:69) No features for utterance LIVE00000128_00202
WARNING (align-equal-compiled[5.1.46~1-0d031]:main():align-equal-compiled.cc:69) No features for utterance LIVE00000128_00206
WARNING (align-equal-compiled[5.1.46~1-0d031]:main():align-equal-compiled.cc:69) No features for utterance LIVE00000128_00207
WARNING (align-equal-compiled[5.1.46~1-0d031]:main():align-equal-compiled.cc:69) No features for utterance LIVE00000128_00208
WARNING (align-equal-compiled[5.1.46~1-0d031]:main():align-equal-compiled.cc:69) No features for utterance LIVE00000128_00210
WARNING (align-equal-compiled[5.1.46~1-0d031]:main():align-equal-compiled.cc:69) No features for utterance LIVE00000128_00211
WARNING (align-equal-compiled[5.1.46~1-0d031]:main():align-equal-compiled.cc:69) No features for utterance LIVE00000128_00212
WARNING (align-equal-compiled[5.1.46~1-0d031]:main():align-equal-compiled.cc:69) No features for utterance LIVE00000128_00215
WARNING (align-equal-compiled[5.1.46~1-0d031]:main():align-equal-compiled.cc:69) No features for utterance LIVE00000128_00217
WARNING (align-equal-compiled[5.1.46~1-0d031]:main():align-equal-compiled.cc:69) No features for utterance LIVE00000128_00218
WARNING (align-equal-compiled[5.1.46~1-0d031]:main():align-equal-compiled.cc:69) No features for utterance LIVE00000128_00220
WARNING (align-equal-compiled[5.1.46~1-0d031]:main():align-equal-compiled.cc:69) No features for utterance LIVE00000128_00221
WARNING (align-equal-compiled[5.1.46~1-0d031]:main():align-equal-compiled.cc:69) No features for utterance LIVE00000128_00223
WARNING (align-equal-compiled[5.1.46~1-0d031]:main():align-equal-compiled.cc:69) No features for utterance LIVE00000128_00224
WARNING (align-equal-compiled[5.1.46~1-0d031]:main():align-equal-compiled.cc:69) No features for utterance LIVE00000128_00226
WARNING (align-equal-compiled[5.1.46~1-0d031]:main():align-equal-compiled.cc:69) No features for utterance LIVE00000128_00227
WARNING (align-equal-compiled[5.1.46~1-0d031]:main():align-equal-compiled.cc:69) No features for utterance LIVE00000128_00228
WARNING (align-equal-compiled[5.1.46~1-0d031]:main():align-equal-compiled.cc:69) No features for utterance LIVE00000128_00230
WARNING (align-equal-compiled[5.1.46~1-0d031]:main():align-equal-compiled.cc:69) No features for utterance LIVE00000128_00231
WARNING (align-equal-compiled[5.1.46~1-0d031]:main():align-equal-compiled.cc:69) No features for utterance LIVE00000128_00233
WARNING (align-equal-compiled[5.1.46~1-0d031]:main():align-equal-compiled.cc:69) No features for utterance LIVE00000128_00234
WARNING (align-equal-compiled[5.1.46~1-0d031]:main():align-equal-compiled.cc:69) No features for utterance LIVE00000128_00235
WARNING (align-equal-compiled[5.1.46~1-0d031]:main():align-equal-compiled.cc:69) No features for utterance LIVE00000128_00237
WARNING (align-equal-compiled[5.1.46~1-0d031]:main():align-equal-compiled.cc:69) No features for utterance LIVE00000128_00238
WARNING (align-equal-compiled[5.1.46~1-0d031]:main():align-equal-compiled.cc:69) No features for utterance LIVE00000131_00000
WARNING (align-equal-compiled[5.1.46~1-0d031]:main():align-equal-compiled.cc:69) No features for utterance LIVE00000131_00001
WARNING (align-equal-compiled[5.1.46~1-0d031]:main():align-equal-compiled.cc:69) No features for utterance LIVE00000131_00003
WARNING (align-equal-compiled[5.1.46~1-0d031]:main():align-equal-compiled.cc:69) No features for utterance LIVE00000131_00004
WARNING (align-equal-compiled[5.1.46~1-0d031]:main():align-equal-compiled.cc:69) No features for utterance LIVE00000131_00005
WARNING (align-equal-compiled[5.1.46~1-0d031]:main():align-equal-compiled.cc:69) No features for utterance LIVE00000141_00016
WARNING (align-equal-compiled[5.1.46~1-0d031]:main():align-equal-compiled.cc:69) No features for utterance LIVE00000142_00001
WARNING (align-equal-compiled[5.1.46~1-0d031]:main():align-equal-compiled.cc:69) No features for utterance LIVE00000142_00002
WARNING (align-equal-compiled[5.1.46~1-0d031]:main():align-equal-compiled.cc:69) No features for utterance LIVE00000142_00003
WARNING (align-equal-compiled[5.1.46~1-0d031]:main():align-equal-compiled.cc:69) No features for utterance LIVE00000143_00000
WARNING (align-equal-compiled[5.1.46~1-0d031]:main():align-equal-compiled.cc:69) No features for utterance LIVE00000143_00001
WARNING (align-equal-compiled[5.1.46~1-0d031]:main():align-equal-compiled.cc:69) No features for utterance LIVE00000143_00002
WARNING (align-equal-compiled[5.1.46~1-0d031]:main():align-equal-compiled.cc:69) No features for utterance LIVE00000143_00003
WARNING (align-equal-compiled[5.1.46~1-0d031]:main():align-equal-compiled.cc:69) No features for utterance LIVE00000143_00004
WARNING (align-equal-compiled[5.1.46~1-0d031]:main():align-equal-compiled.cc:69) No features for utterance LIVE00000143_00005
WARNING (align-equal-compiled[5.1.46~1-0d031]:main():align-equal-compiled.cc:69) No features for utterance LIVE00000143_00006
WARNING (align-equal-compiled[5.1.46~1-0d031]:main():align-equal-compiled.cc:69) No features for utterance LIVE00000144_00000
WARNING (align-equal-compiled[5.1.46~1-0d031]:main():align-equal-compiled.cc:69) No features for utterance LIVE00000144_00001
WARNING (align-equal-compiled[5.1.46~1-0d031]:main():align-equal-compiled.cc:69) No features for utterance LIVE00000144_00002
WARNING (align-equal-compiled[5.1.46~1-0d031]:main():align-equal-compiled.cc:69) No features for utterance LIVE00000144_00003
WARNING (align-equal-compiled[5.1.46~1-0d031]:main():align-equal-compiled.cc:69) No features for utterance LIVE00000144_00004
WARNING (align-equal-compiled[5.1.46~1-0d031]:main():align-equal-compiled.cc:69) No features for utterance LIVE00000144_00005
WARNING (align-equal-compiled[5.1.46~1-0d031]:main():align-equal-compiled.cc:69) No features for utterance LIVE00000144_00006
WARNING (align-equal-compiled[5.1.46~1-0d031]:main():align-equal-compiled.cc:69) No features for utterance LIVE00000144_00007
WARNING (align-equal-compiled[5.1.46~1-0d031]:main():align-equal-compiled.cc:69) No features for utterance LIVE00000144_00008
WARNING (align-equal-compiled[5.1.46~1-0d031]:main():align-equal-compiled.cc:69) No features for utterance LIVE00000144_00009
WARNING (align-equal-compiled[5.1.46~1-0d031]:main():align-equal-compiled.cc:69) No features for utterance LIVE00000144_00010
WARNING (align-equal-compiled[5.1.46~1-0d031]:main():align-equal-compiled.cc:69) No features for utterance LIVE00000144_00011
WARNING (align-equal-compiled[5.1.46~1-0d031]:main():align-equal-compiled.cc:69) No features for utterance LIVE00000144_00012
WARNING (align-equal-compiled[5.1.46~1-0d031]:main():align-equal-compiled.cc:69) No features for utterance LIVE00000144_00013
WARNING (align-equal-compiled[5.1.46~1-0d031]:main():align-equal-compiled.cc:69) No features for utterance LIVE00000144_00014
WARNING (align-equal-compiled[5.1.46~1-0d031]:main():align-equal-compiled.cc:69) No features for utterance LIVE00000144_00015
WARNING (align-equal-compiled[5.1.46~1-0d031]:main():align-equal-compiled.cc:69) No features for utterance LIVE00000144_00016
WARNING (align-equal-compiled[5.1.46~1-0d031]:main():align-equal-compiled.cc:69) No features for utterance LIVE00000144_00017
WARNING (align-equal-compiled[5.1.46~1-0d031]:main():align-equal-compiled.cc:69) No features for utterance LIVE00000144_00018
WARNING (align-equal-compiled[5.1.46~1-0d031]:main():align-equal-compiled.cc:69) No features for utterance LIVE00000144_00019
WARNING (align-equal-compiled[5.1.46~1-0d031]:main():align-equal-compiled.cc:69) No features for utterance LIVE00000144_00021
WARNING (align-equal-compiled[5.1.46~1-0d031]:main():align-equal-compiled.cc:69) No features for utterance LIVE00000144_00022
WARNING (align-equal-compiled[5.1.46~1-0d031]:main():align-equal-compiled.cc:69) No features for utterance LIVE00000144_00023
WARNING (align-equal-compiled[5.1.46~1-0d031]:main():align-equal-compiled.cc:69) No features for utterance LIVE00000144_00024
WARNING (align-equal-compiled[5.1.46~1-0d031]:main():align-equal-compiled.cc:69) No features for utterance LIVE00000144_00025
WARNING (align-equal-compiled[5.1.46~1-0d031]:main():align-equal-compiled.cc:69) No features for utterance LIVE00000144_00026
WARNING (align-equal-compiled[5.1.46~1-0d031]:main():align-equal-compiled.cc:69) No features for utterance LIVE00000144_00027
WARNING (align-equal-compiled[5.1.46~1-0d031]:main():align-equal-compiled.cc:69) No features for utterance LIVE00000144_00029
WARNING (align-equal-compiled[5.1.46~1-0d031]:main():align-equal-compiled.cc:69) No features for utterance LIVE00000144_00030
WARNING (align-equal-compiled[5.1.46~1-0d031]:main():align-equal-compiled.cc:69) No features for utterance LIVE00000144_00031
WARNING (align-equal-compiled[5.1.46~1-0d031]:main():align-equal-compiled.cc:69) No features for utterance LIVE00000144_00032
WARNING (align-equal-compiled[5.1.46~1-0d031]:main():align-equal-compiled.cc:69) No features for utterance LIVE00000144_00033
WARNING (align-equal-compiled[5.1.46~1-0d031]:main():align-equal-compiled.cc:69) No features for utterance LIVE00000144_00035
WARNING (align-equal-compiled[5.1.46~1-0d031]:main():align-equal-compiled.cc:69) No features for utterance LIVE00000144_00036
WARNING (align-equal-compiled[5.1.46~1-0d031]:main():align-equal-compiled.cc:69) No features for utterance LIVE00000144_00037
WARNING (align-equal-compiled[5.1.46~1-0d031]:main():align-equal-compiled.cc:69) No features for utterance LIVE00000144_00038
WARNING (align-equal-compiled[5.1.46~1-0d031]:main():align-equal-compiled.cc:69) No features for utterance LIVE00000144_00039
WARNING (align-equal-compiled[5.1.46~1-0d031]:main():align-equal-compiled.cc:69) No features for utterance LIVE00000144_00040
WARNING (align-equal-compiled[5.1.46~1-0d031]:main():align-equal-compiled.cc:69) No features for utterance LIVE00000144_00041
WARNING (align-equal-compiled[5.1.46~1-0d031]:main():align-equal-compiled.cc:69) No features for utterance LIVE00000145_00002
WARNING (align-equal-compiled[5.1.46~1-0d031]:main():align-equal-compiled.cc:69) No features for utterance LIVE00000146_00000
WARNING (align-equal-compiled[5.1.46~1-0d031]:main():align-equal-compiled.cc:69) No features for utterance LIVE00000146_00001
WARNING (align-equal-compiled[5.1.46~1-0d031]:main():align-equal-compiled.cc:69) No features for utterance LIVE00000146_00002
WARNING (align-equal-compiled[5.1.46~1-0d031]:main():align-equal-compiled.cc:69) No features for utterance LIVE00000146_00004
WARNING (align-equal-compiled[5.1.46~1-0d031]:main():align-equal-compiled.cc:69) No features for utterance LIVE00000146_00005
WARNING (align-equal-compiled[5.1.46~1-0d031]:main():align-equal-compiled.cc:69) No features for utterance LIVE00000146_00006
WARNING (align-equal-compiled[5.1.46~1-0d031]:main():align-equal-compiled.cc:69) No features for utterance LIVE00000146_00007
WARNING (align-equal-compiled[5.1.46~1-0d031]:main():align-equal-compiled.cc:69) No features for utterance LIVE00000146_00008
WARNING (align-equal-compiled[5.1.46~1-0d031]:main():align-equal-compiled.cc:69) No features for utterance LIVE00000146_00009
WARNING (align-equal-compiled[5.1.46~1-0d031]:main():align-equal-compiled.cc:69) No features for utterance LIVE00000146_00010
WARNING (align-equal-compiled[5.1.46~1-0d031]:main():align-equal-compiled.cc:69) No features for utterance LIVE00000146_00013
WARNING (align-equal-compiled[5.1.46~1-0d031]:main():align-equal-compiled.cc:69) No features for utterance LIVE00000146_00014
WARNING (align-equal-compiled[5.1.46~1-0d031]:main():align-equal-compiled.cc:69) No features for utterance LIVE00000146_00015
WARNING (align-equal-compiled[5.1.46~1-0d031]:main():align-equal-compiled.cc:69) No features for utterance LIVE00000146_00016
WARNING (align-equal-compiled[5.1.46~1-0d031]:main():align-equal-compiled.cc:69) No features for utterance LIVE00000146_00017
WARNING (align-equal-compiled[5.1.46~1-0d031]:main():align-equal-compiled.cc:69) No features for utterance LIVE00000146_00018
WARNING (align-equal-compiled[5.1.46~1-0d031]:main():align-equal-compiled.cc:69) No features for utterance LIVE00000146_00019
WARNING (align-equal-compiled[5.1.46~1-0d031]:main():align-equal-compiled.cc:69) No features for utterance LIVE00000146_00021
WARNING (align-equal-compiled[5.1.46~1-0d031]:main():align-equal-compiled.cc:69) No features for utterance LIVE00000146_00022
WARNING (align-equal-compiled[5.1.46~1-0d031]:main():align-equal-compiled.cc:69) No features for utterance LIVE00000146_00023
WARNING (align-equal-compiled[5.1.46~1-0d031]:main():align-equal-compiled.cc:69) No features for utterance LIVE00000146_00025
WARNING (align-equal-compiled[5.1.46~1-0d031]:main():align-equal-compiled.cc:69) No features for utterance LIVE00000146_00027
WARNING (align-equal-compiled[5.1.46~1-0d031]:main():align-equal-compiled.cc:69) No features for utterance LIVE00000146_00028
WARNING (align-equal-compiled[5.1.46~1-0d031]:main():align-equal-compiled.cc:69) No features for utterance LIVE00000146_00030
WARNING (align-equal-compiled[5.1.46~1-0d031]:main():align-equal-compiled.cc:69) No features for utterance LIVE00000146_00031
WARNING (align-equal-compiled[5.1.46~1-0d031]:main():align-equal-compiled.cc:69) No features for utterance LIVE00000146_00033
WARNING (align-equal-compiled[5.1.46~1-0d031]:main():align-equal-compiled.cc:69) No features for utterance LIVE00000146_00034
WARNING (align-equal-compiled[5.1.46~1-0d031]:main():align-equal-compiled.cc:69) No features for utterance LIVE00000146_00035
WARNING (align-equal-compiled[5.1.46~1-0d031]:main():align-equal-compiled.cc:69) No features for utterance LIVE00000146_00036
WARNING (align-equal-compiled[5.1.46~1-0d031]:main():align-equal-compiled.cc:69) No features for utterance LIVE00000146_00037
WARNING (align-equal-compiled[5.1.46~1-0d031]:main():align-equal-compiled.cc:69) No features for utterance LIVE00000146_00038
WARNING (align-equal-compiled[5.1.46~1-0d031]:main():align-equal-compiled.cc:69) No features for utterance LIVE00000146_00039
WARNING (align-equal-compiled[5.1.46~1-0d031]:main():align-equal-compiled.cc:69) No features for utterance LIVE00000146_00041
WARNING (align-equal-compiled[5.1.46~1-0d031]:main():align-equal-compiled.cc:69) No features for utterance LIVE00000146_00042
WARNING (align-equal-compiled[5.1.46~1-0d031]:main():align-equal-compiled.cc:69) No features for utterance LIVE00000146_00043
WARNING (align-equal-compiled[5.1.46~1-0d031]:main():align-equal-compiled.cc:69) No features for utterance LIVE00000146_00044
WARNING (align-equal-compiled[5.1.46~1-0d031]:main():align-equal-compiled.cc:69) No features for utterance LIVE00000146_00045
WARNING (align-equal-compiled[5.1.46~1-0d031]:main():align-equal-compiled.cc:69) No features for utterance LIVE00000146_00046
WARNING (align-equal-compiled[5.1.46~1-0d031]:main():align-equal-compiled.cc:69) No features for utterance LIVE00000146_00047
WARNING (align-equal-compiled[5.1.46~1-0d031]:main():align-equal-compiled.cc:69) No features for utterance LIVE00000146_00048
WARNING (align-equal-compiled[5.1.46~1-0d031]:main():align-equal-compiled.cc:69) No features for utterance LIVE00000146_00049
WARNING (align-equal-compiled[5.1.46~1-0d031]:main():align-equal-compiled.cc:69) No features for utterance LIVE00000146_00050
WARNING (align-equal-compiled[5.1.46~1-0d031]:main():align-equal-compiled.cc:69) No features for utterance LIVE00000146_00051
WARNING (align-equal-compiled[5.1.46~1-0d031]:main():align-equal-compiled.cc:69) No features for utterance LIVE00000146_00053
WARNING (align-equal-compiled[5.1.46~1-0d031]:main():align-equal-compiled.cc:69) No features for utterance LIVE00000146_00054
WARNING (align-equal-compiled[5.1.46~1-0d031]:main():align-equal-compiled.cc:69) No features for utterance LIVE00000146_00055
WARNING (align-equal-compiled[5.1.46~1-0d031]:main():align-equal-compiled.cc:69) No features for utterance LIVE00000146_00056
WARNING (align-equal-compiled[5.1.46~1-0d031]:main():align-equal-compiled.cc:69) No features for utterance LIVE00000146_00057
WARNING (align-equal-compiled[5.1.46~1-0d031]:main():align-equal-compiled.cc:69) No features for utterance LIVE00000146_00058
WARNING (align-equal-compiled[5.1.46~1-0d031]:main():align-equal-compiled.cc:69) No features for utterance LIVE00000146_00059
WARNING (align-equal-compiled[5.1.46~1-0d031]:main():align-equal-compiled.cc:69) No features for utterance LIVE00000146_00060
WARNING (align-equal-compiled[5.1.46~1-0d031]:main():align-equal-compiled.cc:69) No features for utterance LIVE00000146_00061
WARNING (align-equal-compiled[5.1.46~1-0d031]:main():align-equal-compiled.cc:69) No features for utterance LIVE00000146_00063
WARNING (align-equal-compiled[5.1.46~1-0d031]:main():align-equal-compiled.cc:69) No features for utterance LIVE00000146_00064
WARNING (align-equal-compiled[5.1.46~1-0d031]:main():align-equal-compiled.cc:69) No features for utterance LIVE00000146_00065
WARNING (align-equal-compiled[5.1.46~1-0d031]:main():align-equal-compiled.cc:69) No features for utterance LIVE00000146_00066
WARNING (align-equal-compiled[5.1.46~1-0d031]:main():align-equal-compiled.cc:69) No features for utterance LIVE00000146_00068
WARNING (align-equal-compiled[5.1.46~1-0d031]:main():align-equal-compiled.cc:69) No features for utterance LIVE00000146_00069
WARNING (align-equal-compiled[5.1.46~1-0d031]:main():align-equal-compiled.cc:69) No features for utterance LIVE00000146_00072
WARNING (align-equal-compiled[5.1.46~1-0d031]:main():align-equal-compiled.cc:69) No features for utterance LIVE00000146_00074
WARNING (align-equal-compiled[5.1.46~1-0d031]:main():align-equal-compiled.cc:69) No features for utterance LIVE00000146_00077
WARNING (align-equal-compiled[5.1.46~1-0d031]:main():align-equal-compiled.cc:69) No features for utterance LIVE00000146_00079
WARNING (align-equal-compiled[5.1.46~1-0d031]:main():align-equal-compiled.cc:69) No features for utterance LIVE00000146_00080
WARNING (align-equal-compiled[5.1.46~1-0d031]:main():align-equal-compiled.cc:69) No features for utterance LIVE00000146_00081
WARNING (align-equal-compiled[5.1.46~1-0d031]:main():align-equal-compiled.cc:69) No features for utterance LIVE00000146_00083
WARNING (align-equal-compiled[5.1.46~1-0d031]:main():align-equal-compiled.cc:69) No features for utterance LIVE00000146_00085
WARNING (align-equal-compiled[5.1.46~1-0d031]:main():align-equal-compiled.cc:69) No features for utterance LIVE00000146_00086
WARNING (align-equal-compiled[5.1.46~1-0d031]:main():align-equal-compiled.cc:69) No features for utterance LIVE00000146_00087
WARNING (align-equal-compiled[5.1.46~1-0d031]:main():align-equal-compiled.cc:69) No features for utterance LIVE00000146_00088
WARNING (align-equal-compiled[5.1.46~1-0d031]:main():align-equal-compiled.cc:69) No features for utterance LIVE00000146_00089
WARNING (align-equal-compiled[5.1.46~1-0d031]:main():align-equal-compiled.cc:69) No features for utterance LIVE00000146_00090
WARNING (align-equal-compiled[5.1.46~1-0d031]:main():align-equal-compiled.cc:69) No features for utterance LIVE00000146_00091
WARNING (align-equal-compiled[5.1.46~1-0d031]:main():align-equal-compiled.cc:69) No features for utterance LIVE00000146_00092
WARNING (align-equal-compiled[5.1.46~1-0d031]:main():align-equal-compiled.cc:69) No features for utterance LIVE00000146_00093
WARNING (align-equal-compiled[5.1.46~1-0d031]:main():align-equal-compiled.cc:69) No features for utterance LIVE00000146_00094
WARNING (align-equal-compiled[5.1.46~1-0d031]:main():align-equal-compiled.cc:69) No features for utterance LIVE00000146_00095
WARNING (align-equal-compiled[5.1.46~1-0d031]:main():align-equal-compiled.cc:69) No features for utterance LIVE00000146_00097
WARNING (align-equal-compiled[5.1.46~1-0d031]:main():align-equal-compiled.cc:69) No features for utterance LIVE00000146_00099
WARNING (align-equal-compiled[5.1.46~1-0d031]:main():align-equal-compiled.cc:69) No features for utterance LIVE00000146_00101
WARNING (align-equal-compiled[5.1.46~1-0d031]:main():align-equal-compiled.cc:69) No features for utterance LIVE00000146_00104
WARNING (align-equal-compiled[5.1.46~1-0d031]:main():align-equal-compiled.cc:69) No features for utterance LIVE00000146_00105
WARNING (align-equal-compiled[5.1.46~1-0d031]:main():align-equal-compiled.cc:69) No features for utterance LIVE00000146_00106
WARNING (align-equal-compiled[5.1.46~1-0d031]:main():align-equal-compiled.cc:69) No features for utterance LIVE00000146_00110
WARNING (align-equal-compiled[5.1.46~1-0d031]:main():align-equal-compiled.cc:69) No features for utterance LIVE00000146_00111
WARNING (align-equal-compiled[5.1.46~1-0d031]:main():align-equal-compiled.cc:69) No features for utterance LIVE00000146_00112
WARNING (align-equal-compiled[5.1.46~1-0d031]:main():align-equal-compiled.cc:69) No features for utterance LIVE00000146_00113
WARNING (align-equal-compiled[5.1.46~1-0d031]:main():align-equal-compiled.cc:69) No features for utterance LIVE00000146_00119
WARNING (align-equal-compiled[5.1.46~1-0d031]:main():align-equal-compiled.cc:69) No features for utterance LIVE00000146_00120
WARNING (align-equal-compiled[5.1.46~1-0d031]:main():align-equal-compiled.cc:69) No features for utterance LIVE00000146_00122
WARNING (align-equal-compiled[5.1.46~1-0d031]:main():align-equal-compiled.cc:69) No features for utterance LIVE00000146_00123
WARNING (align-equal-compiled[5.1.46~1-0d031]:main():align-equal-compiled.cc:69) No features for utterance LIVE00000146_00124
WARNING (align-equal-compiled[5.1.46~1-0d031]:main():align-equal-compiled.cc:69) No features for utterance LIVE00000146_00126
WARNING (align-equal-compiled[5.1.46~1-0d031]:main():align-equal-compiled.cc:69) No features for utterance LIVE00000146_00127
WARNING (align-equal-compiled[5.1.46~1-0d031]:main():align-equal-compiled.cc:69) No features for utterance LIVE00000146_00128
WARNING (align-equal-compiled[5.1.46~1-0d031]:main():align-equal-compiled.cc:69) No features for utterance LIVE00000146_00129
WARNING (align-equal-compiled[5.1.46~1-0d031]:main():align-equal-compiled.cc:69) No features for utterance LIVE00000146_00131
WARNING (align-equal-compiled[5.1.46~1-0d031]:main():align-equal-compiled.cc:69) No features for utterance LIVE00000146_00132
WARNING (align-equal-compiled[5.1.46~1-0d031]:main():align-equal-compiled.cc:69) No features for utterance LIVE00000146_00133
WARNING (align-equal-compiled[5.1.46~1-0d031]:main():align-equal-compiled.cc:69) No features for utterance LIVE00000146_00134
WARNING (align-equal-compiled[5.1.46~1-0d031]:main():align-equal-compiled.cc:69) No features for utterance LIVE00000146_00136
WARNING (align-equal-compiled[5.1.46~1-0d031]:main():align-equal-compiled.cc:69) No features for utterance LIVE00000146_00138
WARNING (align-equal-compiled[5.1.46~1-0d031]:main():align-equal-compiled.cc:69) No features for utterance LIVE00000146_00139
WARNING (align-equal-compiled[5.1.46~1-0d031]:main():align-equal-compiled.cc:69) No features for utterance LIVE00000146_00140
WARNING (align-equal-compiled[5.1.46~1-0d031]:main():align-equal-compiled.cc:69) No features for utterance LIVE00000146_00142
WARNING (align-equal-compiled[5.1.46~1-0d031]:main():align-equal-compiled.cc:69) No features for utterance LIVE00000146_00143
WARNING (align-equal-compiled[5.1.46~1-0d031]:main():align-equal-compiled.cc:69) No features for utterance LIVE00000146_00144
WARNING (align-equal-compiled[5.1.46~1-0d031]:main():align-equal-compiled.cc:69) No features for utterance LIVE00000146_00145
WARNING (align-equal-compiled[5.1.46~1-0d031]:main():align-equal-compiled.cc:69) No features for utterance LIVE00000146_00146
WARNING (align-equal-compiled[5.1.46~1-0d031]:main():align-equal-compiled.cc:69) No features for utterance LIVE00000146_00147
WARNING (align-equal-compiled[5.1.46~1-0d031]:main():align-equal-compiled.cc:69) No features for utterance LIVE00000146_00148
LOG (gmm-acc-stats-ali[5.1.46~1-0d031]:main():gmm-acc-stats-ali.cc:105) Processed 250 utterances; for utterance REC00000033 avg. like is -96.539 over 107 frames.
LOG (gmm-acc-stats-ali[5.1.46~1-0d031]:main():gmm-acc-stats-ali.cc:105) Processed 300 utterances; for utterance REC00000088 avg. like is -99.5455 over 120 frames.
LOG (gmm-acc-stats-ali[5.1.46~1-0d031]:main():gmm-acc-stats-ali.cc:105) Processed 350 utterances; for utterance REC00000142 avg. like is -101.589 over 280 frames.
LOG (gmm-acc-stats-ali[5.1.46~1-0d031]:main():gmm-acc-stats-ali.cc:105) Processed 400 utterances; for utterance REC00000197 avg. like is -101.769 over 209 frames.
LOG (gmm-acc-stats-ali[5.1.46~1-0d031]:main():gmm-acc-stats-ali.cc:105) Processed 450 utterances; for utterance REC00000251 avg. like is -102.181 over 228 frames.
LOG (gmm-acc-stats-ali[5.1.46~1-0d031]:main():gmm-acc-stats-ali.cc:105) Processed 500 utterances; for utterance REC00000304 avg. like is -101.902 over 139 frames.
LOG (gmm-acc-stats-ali[5.1.46~1-0d031]:main():gmm-acc-stats-ali.cc:105) Processed 550 utterances; for utterance REC00000359 avg. like is -104.61 over 132 frames.
LOG (gmm-acc-stats-ali[5.1.46~1-0d031]:main():gmm-acc-stats-ali.cc:105) Processed 600 utterances; for utterance REC00000412 avg. like is -103.844 over 171 frames.
LOG (gmm-acc-stats-ali[5.1.46~1-0d031]:main():gmm-acc-stats-ali.cc:105) Processed 650 utterances; for utterance REC00000465 avg. like is -99.4885 over 177 frames.
LOG (gmm-acc-stats-ali[5.1.46~1-0d031]:main():gmm-acc-stats-ali.cc:105) Processed 700 utterances; for utterance REC00000523 avg. like is -100.568 over 171 frames.
LOG (gmm-acc-stats-ali[5.1.46~1-0d031]:main():gmm-acc-stats-ali.cc:105) Processed 750 utterances; for utterance REC00001259 avg. like is -98.8112 over 209 frames.
LOG (apply-cmvn[5.1.46~1-0d031]:main():apply-cmvn.cc:146) Applied cepstral mean normalization to 807 utterances, errors on 0
LOG (apply-cmvn[5.1.46~1-0d031]:main():apply-cmvn.cc:146) Applied cepstral mean normalization to 807 utterances, errors on 0
WARNING (align-equal-compiled[5.1.46~1-0d031]:main():align-equal-compiled.cc:109) Computed 807 alignments; 567 lacked features, 0 had other errors.
LOG (gmm-acc-stats-ali[5.1.46~1-0d031]:main():gmm-acc-stats-ali.cc:105) Processed 800 utterances; for utterance REC00001497 avg. like is -103.545 over 190 frames.
LOG (gmm-acc-stats-ali[5.1.46~1-0d031]:main():gmm-acc-stats-ali.cc:112) Done 807 files, 0 with errors.
LOG (gmm-acc-stats-ali[5.1.46~1-0d031]:main():gmm-acc-stats-ali.cc:115) Overall avg like per frame (Gaussian only) = -101.664 over 133597 frames.
LOG (gmm-acc-stats-ali[5.1.46~1-0d031]:main():gmm-acc-stats-ali.cc:123) Written accs.
# Accounting: time=1 threads=1
# Ended (code 0) at Sun Nov 19 12:35:44 SAST 2017, elapsed time 1 seconds
