# gmm-align-compiled --transition-scale=1.0 --acoustic-scale=0.1 --self-loop-scale=0.1 --beam=10 --retry-beam=40 --careful=false "gmm-boost-silence --boost=1.0 1 exp/mono/32.mdl - |" "ark:gunzip -c exp/mono/fsts.1.gz|" "ark,s,cs:apply-cmvn  --utt2spk=ark:data/train/split1/1/utt2spk scp:data/train/split1/1/cmvn.scp scp:data/train/split1/1/feats.scp ark:- | add-deltas ark:- ark:- |" "ark,t:|gzip -c >exp/mono/ali.1.gz" 
# Started at Wed Nov 15 22:16:27 SAST 2017
#
gmm-align-compiled --transition-scale=1.0 --acoustic-scale=0.1 --self-loop-scale=0.1 --beam=10 --retry-beam=40 --careful=false 'gmm-boost-silence --boost=1.0 1 exp/mono/32.mdl - |' 'ark:gunzip -c exp/mono/fsts.1.gz|' 'ark,s,cs:apply-cmvn  --utt2spk=ark:data/train/split1/1/utt2spk scp:data/train/split1/1/cmvn.scp scp:data/train/split1/1/feats.scp ark:- | add-deltas ark:- ark:- |' 'ark,t:|gzip -c >exp/mono/ali.1.gz' 
gmm-boost-silence --boost=1.0 1 exp/mono/32.mdl - 
WARNING (gmm-boost-silence[5.1.46~1-0d031]:main():gmm-boost-silence.cc:82) The pdfs for the silence phones may be shared by other phones (note: this probably does not matter.)
LOG (gmm-boost-silence[5.1.46~1-0d031]:main():gmm-boost-silence.cc:93) Boosted weights for 5 pdfs, by factor of 1
LOG (gmm-boost-silence[5.1.46~1-0d031]:main():gmm-boost-silence.cc:103) Wrote model to -
add-deltas ark:- ark:- 
apply-cmvn --utt2spk=ark:data/train/split1/1/utt2spk scp:data/train/split1/1/cmvn.scp scp:data/train/split1/1/feats.scp ark:- 
WARNING (gmm-align-compiled[5.1.46~1-0d031]:main():gmm-align-compiled.cc:98) No features for utterance LIVE00000066_00016
WARNING (gmm-align-compiled[5.1.46~1-0d031]:main():gmm-align-compiled.cc:98) No features for utterance LIVE00000074_00050
WARNING (gmm-align-compiled[5.1.46~1-0d031]:main():gmm-align-compiled.cc:98) No features for utterance LIVE00000090_00078
WARNING (gmm-align-compiled[5.1.46~1-0d031]:main():gmm-align-compiled.cc:98) No features for utterance LIVE00000090_00120
WARNING (gmm-align-compiled[5.1.46~1-0d031]:main():gmm-align-compiled.cc:98) No features for utterance LIVE00000090_00128
WARNING (gmm-align-compiled[5.1.46~1-0d031]:main():gmm-align-compiled.cc:98) No features for utterance LIVE00000090_00130
WARNING (gmm-align-compiled[5.1.46~1-0d031]:main():gmm-align-compiled.cc:98) No features for utterance LIVE00000091_00003
WARNING (gmm-align-compiled[5.1.46~1-0d031]:main():gmm-align-compiled.cc:98) No features for utterance LIVE00000091_00004
WARNING (gmm-align-compiled[5.1.46~1-0d031]:main():gmm-align-compiled.cc:98) No features for utterance LIVE00000091_00006
WARNING (gmm-align-compiled[5.1.46~1-0d031]:main():gmm-align-compiled.cc:98) No features for utterance LIVE00000092_00000
WARNING (gmm-align-compiled[5.1.46~1-0d031]:main():gmm-align-compiled.cc:98) No features for utterance LIVE00000092_00004
WARNING (gmm-align-compiled[5.1.46~1-0d031]:main():gmm-align-compiled.cc:98) No features for utterance LIVE00000092_00007
WARNING (gmm-align-compiled[5.1.46~1-0d031]:main():gmm-align-compiled.cc:98) No features for utterance LIVE00000092_00008
WARNING (gmm-align-compiled[5.1.46~1-0d031]:main():gmm-align-compiled.cc:98) No features for utterance LIVE00000092_00009
WARNING (gmm-align-compiled[5.1.46~1-0d031]:main():gmm-align-compiled.cc:98) No features for utterance LIVE00000092_00010
WARNING (gmm-align-compiled[5.1.46~1-0d031]:main():gmm-align-compiled.cc:98) No features for utterance LIVE00000092_00015
WARNING (gmm-align-compiled[5.1.46~1-0d031]:main():gmm-align-compiled.cc:98) No features for utterance LIVE00000092_00020
WARNING (gmm-align-compiled[5.1.46~1-0d031]:main():gmm-align-compiled.cc:98) No features for utterance LIVE00000092_00021
WARNING (gmm-align-compiled[5.1.46~1-0d031]:main():gmm-align-compiled.cc:98) No features for utterance LIVE00000092_00022
WARNING (gmm-align-compiled[5.1.46~1-0d031]:main():gmm-align-compiled.cc:98) No features for utterance LIVE00000092_00023
WARNING (gmm-align-compiled[5.1.46~1-0d031]:main():gmm-align-compiled.cc:98) No features for utterance LIVE00000092_00024
WARNING (gmm-align-compiled[5.1.46~1-0d031]:main():gmm-align-compiled.cc:98) No features for utterance LIVE00000092_00030
WARNING (gmm-align-compiled[5.1.46~1-0d031]:main():gmm-align-compiled.cc:98) No features for utterance LIVE00000092_00031
WARNING (gmm-align-compiled[5.1.46~1-0d031]:main():gmm-align-compiled.cc:98) No features for utterance LIVE00000092_00032
WARNING (gmm-align-compiled[5.1.46~1-0d031]:main():gmm-align-compiled.cc:98) No features for utterance LIVE00000092_00033
WARNING (gmm-align-compiled[5.1.46~1-0d031]:main():gmm-align-compiled.cc:98) No features for utterance LIVE00000092_00035
WARNING (gmm-align-compiled[5.1.46~1-0d031]:main():gmm-align-compiled.cc:98) No features for utterance LIVE00000092_00036
WARNING (gmm-align-compiled[5.1.46~1-0d031]:main():gmm-align-compiled.cc:98) No features for utterance LIVE00000092_00038
WARNING (gmm-align-compiled[5.1.46~1-0d031]:main():gmm-align-compiled.cc:98) No features for utterance LIVE00000092_00039
WARNING (gmm-align-compiled[5.1.46~1-0d031]:main():gmm-align-compiled.cc:98) No features for utterance LIVE00000092_00043
WARNING (gmm-align-compiled[5.1.46~1-0d031]:main():gmm-align-compiled.cc:98) No features for utterance LIVE00000092_00045
WARNING (gmm-align-compiled[5.1.46~1-0d031]:main():gmm-align-compiled.cc:98) No features for utterance LIVE00000092_00047
WARNING (gmm-align-compiled[5.1.46~1-0d031]:main():gmm-align-compiled.cc:98) No features for utterance LIVE00000092_00049
WARNING (gmm-align-compiled[5.1.46~1-0d031]:main():gmm-align-compiled.cc:98) No features for utterance LIVE00000092_00050
WARNING (gmm-align-compiled[5.1.46~1-0d031]:main():gmm-align-compiled.cc:98) No features for utterance LIVE00000092_00051
WARNING (gmm-align-compiled[5.1.46~1-0d031]:main():gmm-align-compiled.cc:98) No features for utterance LIVE00000092_00052
WARNING (gmm-align-compiled[5.1.46~1-0d031]:main():gmm-align-compiled.cc:98) No features for utterance LIVE00000092_00053
WARNING (gmm-align-compiled[5.1.46~1-0d031]:main():gmm-align-compiled.cc:98) No features for utterance LIVE00000092_00054
WARNING (gmm-align-compiled[5.1.46~1-0d031]:main():gmm-align-compiled.cc:98) No features for utterance LIVE00000092_00055
WARNING (gmm-align-compiled[5.1.46~1-0d031]:main():gmm-align-compiled.cc:98) No features for utterance LIVE00000092_00056
WARNING (gmm-align-compiled[5.1.46~1-0d031]:main():gmm-align-compiled.cc:98) No features for utterance LIVE00000092_00059
WARNING (gmm-align-compiled[5.1.46~1-0d031]:main():gmm-align-compiled.cc:98) No features for utterance LIVE00000092_00060
WARNING (gmm-align-compiled[5.1.46~1-0d031]:main():gmm-align-compiled.cc:98) No features for utterance LIVE00000093_00000
WARNING (gmm-align-compiled[5.1.46~1-0d031]:main():gmm-align-compiled.cc:98) No features for utterance LIVE00000093_00001
WARNING (gmm-align-compiled[5.1.46~1-0d031]:main():gmm-align-compiled.cc:98) No features for utterance LIVE00000093_00002
WARNING (gmm-align-compiled[5.1.46~1-0d031]:main():gmm-align-compiled.cc:98) No features for utterance LIVE00000093_00003
WARNING (gmm-align-compiled[5.1.46~1-0d031]:main():gmm-align-compiled.cc:98) No features for utterance LIVE00000093_00004
WARNING (gmm-align-compiled[5.1.46~1-0d031]:main():gmm-align-compiled.cc:98) No features for utterance LIVE00000093_00006
WARNING (gmm-align-compiled[5.1.46~1-0d031]:main():gmm-align-compiled.cc:98) No features for utterance LIVE00000093_00007
WARNING (gmm-align-compiled[5.1.46~1-0d031]:main():gmm-align-compiled.cc:98) No features for utterance LIVE00000093_00008
WARNING (gmm-align-compiled[5.1.46~1-0d031]:main():gmm-align-compiled.cc:98) No features for utterance LIVE00000093_00009
WARNING (gmm-align-compiled[5.1.46~1-0d031]:main():gmm-align-compiled.cc:98) No features for utterance LIVE00000093_00010
WARNING (gmm-align-compiled[5.1.46~1-0d031]:main():gmm-align-compiled.cc:98) No features for utterance LIVE00000093_00011
WARNING (gmm-align-compiled[5.1.46~1-0d031]:main():gmm-align-compiled.cc:98) No features for utterance LIVE00000093_00013
WARNING (gmm-align-compiled[5.1.46~1-0d031]:main():gmm-align-compiled.cc:98) No features for utterance LIVE00000093_00014
WARNING (gmm-align-compiled[5.1.46~1-0d031]:main():gmm-align-compiled.cc:98) No features for utterance LIVE00000094_00000
WARNING (gmm-align-compiled[5.1.46~1-0d031]:main():gmm-align-compiled.cc:98) No features for utterance LIVE00000094_00003
WARNING (gmm-align-compiled[5.1.46~1-0d031]:main():gmm-align-compiled.cc:98) No features for utterance LIVE00000094_00004
WARNING (gmm-align-compiled[5.1.46~1-0d031]:main():gmm-align-compiled.cc:98) No features for utterance LIVE00000094_00006
WARNING (gmm-align-compiled[5.1.46~1-0d031]:main():gmm-align-compiled.cc:98) No features for utterance LIVE00000094_00008
WARNING (gmm-align-compiled[5.1.46~1-0d031]:main():gmm-align-compiled.cc:98) No features for utterance LIVE00000094_00011
WARNING (gmm-align-compiled[5.1.46~1-0d031]:main():gmm-align-compiled.cc:98) No features for utterance LIVE00000094_00012
WARNING (gmm-align-compiled[5.1.46~1-0d031]:main():gmm-align-compiled.cc:98) No features for utterance LIVE00000094_00013
WARNING (gmm-align-compiled[5.1.46~1-0d031]:main():gmm-align-compiled.cc:98) No features for utterance LIVE00000094_00016
WARNING (gmm-align-compiled[5.1.46~1-0d031]:main():gmm-align-compiled.cc:98) No features for utterance LIVE00000094_00017
WARNING (gmm-align-compiled[5.1.46~1-0d031]:main():gmm-align-compiled.cc:98) No features for utterance LIVE00000094_00018
WARNING (gmm-align-compiled[5.1.46~1-0d031]:main():gmm-align-compiled.cc:98) No features for utterance LIVE00000094_00019
WARNING (gmm-align-compiled[5.1.46~1-0d031]:main():gmm-align-compiled.cc:98) No features for utterance LIVE00000094_00022
WARNING (gmm-align-compiled[5.1.46~1-0d031]:main():gmm-align-compiled.cc:98) No features for utterance LIVE00000094_00023
WARNING (gmm-align-compiled[5.1.46~1-0d031]:main():gmm-align-compiled.cc:98) No features for utterance LIVE00000095_00002
WARNING (gmm-align-compiled[5.1.46~1-0d031]:main():gmm-align-compiled.cc:98) No features for utterance LIVE00000095_00003
WARNING (gmm-align-compiled[5.1.46~1-0d031]:main():gmm-align-compiled.cc:98) No features for utterance LIVE00000095_00008
WARNING (gmm-align-compiled[5.1.46~1-0d031]:main():gmm-align-compiled.cc:98) No features for utterance LIVE00000095_00009
WARNING (gmm-align-compiled[5.1.46~1-0d031]:main():gmm-align-compiled.cc:98) No features for utterance LIVE00000095_00011
WARNING (gmm-align-compiled[5.1.46~1-0d031]:main():gmm-align-compiled.cc:98) No features for utterance LIVE00000104_00003
WARNING (gmm-align-compiled[5.1.46~1-0d031]:main():gmm-align-compiled.cc:98) No features for utterance LIVE00000108_00001
WARNING (gmm-align-compiled[5.1.46~1-0d031]:main():gmm-align-compiled.cc:98) No features for utterance LIVE00000110_00002
WARNING (gmm-align-compiled[5.1.46~1-0d031]:main():gmm-align-compiled.cc:98) No features for utterance LIVE00000111_00000
WARNING (gmm-align-compiled[5.1.46~1-0d031]:main():gmm-align-compiled.cc:98) No features for utterance LIVE00000111_00001
WARNING (gmm-align-compiled[5.1.46~1-0d031]:main():gmm-align-compiled.cc:98) No features for utterance LIVE00000111_00002
WARNING (gmm-align-compiled[5.1.46~1-0d031]:main():gmm-align-compiled.cc:98) No features for utterance LIVE00000111_00003
WARNING (gmm-align-compiled[5.1.46~1-0d031]:main():gmm-align-compiled.cc:98) No features for utterance LIVE00000111_00004
WARNING (gmm-align-compiled[5.1.46~1-0d031]:main():gmm-align-compiled.cc:98) No features for utterance LIVE00000111_00006
WARNING (gmm-align-compiled[5.1.46~1-0d031]:main():gmm-align-compiled.cc:98) No features for utterance LIVE00000112_00001
WARNING (gmm-align-compiled[5.1.46~1-0d031]:main():gmm-align-compiled.cc:98) No features for utterance LIVE00000112_00008
WARNING (gmm-align-compiled[5.1.46~1-0d031]:main():gmm-align-compiled.cc:98) No features for utterance LIVE00000112_00012
WARNING (gmm-align-compiled[5.1.46~1-0d031]:main():gmm-align-compiled.cc:98) No features for utterance LIVE00000113_00000
WARNING (gmm-align-compiled[5.1.46~1-0d031]:main():gmm-align-compiled.cc:98) No features for utterance LIVE00000113_00001
WARNING (gmm-align-compiled[5.1.46~1-0d031]:main():gmm-align-compiled.cc:98) No features for utterance LIVE00000113_00002
WARNING (gmm-align-compiled[5.1.46~1-0d031]:main():gmm-align-compiled.cc:98) No features for utterance LIVE00000113_00003
WARNING (gmm-align-compiled[5.1.46~1-0d031]:main():gmm-align-compiled.cc:98) No features for utterance LIVE00000113_00004
WARNING (gmm-align-compiled[5.1.46~1-0d031]:main():gmm-align-compiled.cc:98) No features for utterance LIVE00000113_00005
WARNING (gmm-align-compiled[5.1.46~1-0d031]:main():gmm-align-compiled.cc:98) No features for utterance LIVE00000113_00006
WARNING (gmm-align-compiled[5.1.46~1-0d031]:main():gmm-align-compiled.cc:98) No features for utterance LIVE00000113_00007
WARNING (gmm-align-compiled[5.1.46~1-0d031]:main():gmm-align-compiled.cc:98) No features for utterance LIVE00000113_00008
WARNING (gmm-align-compiled[5.1.46~1-0d031]:main():gmm-align-compiled.cc:98) No features for utterance LIVE00000114_00000
WARNING (gmm-align-compiled[5.1.46~1-0d031]:main():gmm-align-compiled.cc:98) No features for utterance LIVE00000115_00001
WARNING (gmm-align-compiled[5.1.46~1-0d031]:main():gmm-align-compiled.cc:98) No features for utterance LIVE00000116_00000
WARNING (gmm-align-compiled[5.1.46~1-0d031]:main():gmm-align-compiled.cc:98) No features for utterance LIVE00000116_00001
WARNING (gmm-align-compiled[5.1.46~1-0d031]:main():gmm-align-compiled.cc:98) No features for utterance LIVE00000116_00003
WARNING (gmm-align-compiled[5.1.46~1-0d031]:main():gmm-align-compiled.cc:98) No features for utterance LIVE00000116_00004
WARNING (gmm-align-compiled[5.1.46~1-0d031]:main():gmm-align-compiled.cc:98) No features for utterance LIVE00000117_00000
WARNING (gmm-align-compiled[5.1.46~1-0d031]:main():gmm-align-compiled.cc:98) No features for utterance LIVE00000117_00005
WARNING (gmm-align-compiled[5.1.46~1-0d031]:main():gmm-align-compiled.cc:98) No features for utterance LIVE00000118_00000
WARNING (gmm-align-compiled[5.1.46~1-0d031]:main():gmm-align-compiled.cc:98) No features for utterance LIVE00000118_00001
WARNING (gmm-align-compiled[5.1.46~1-0d031]:main():gmm-align-compiled.cc:98) No features for utterance LIVE00000119_00001
WARNING (gmm-align-compiled[5.1.46~1-0d031]:main():gmm-align-compiled.cc:98) No features for utterance LIVE00000120_00001
WARNING (gmm-align-compiled[5.1.46~1-0d031]:main():gmm-align-compiled.cc:98) No features for utterance LIVE00000120_00003
WARNING (gmm-align-compiled[5.1.46~1-0d031]:main():gmm-align-compiled.cc:98) No features for utterance LIVE00000120_00005
WARNING (gmm-align-compiled[5.1.46~1-0d031]:main():gmm-align-compiled.cc:98) No features for utterance LIVE00000120_00006
WARNING (gmm-align-compiled[5.1.46~1-0d031]:main():gmm-align-compiled.cc:98) No features for utterance LIVE00000120_00007
WARNING (gmm-align-compiled[5.1.46~1-0d031]:main():gmm-align-compiled.cc:98) No features for utterance LIVE00000121_00002
WARNING (gmm-align-compiled[5.1.46~1-0d031]:main():gmm-align-compiled.cc:98) No features for utterance LIVE00000122_00000
WARNING (gmm-align-compiled[5.1.46~1-0d031]:main():gmm-align-compiled.cc:98) No features for utterance LIVE00000122_00002
WARNING (gmm-align-compiled[5.1.46~1-0d031]:main():gmm-align-compiled.cc:98) No features for utterance LIVE00000123_00001
WARNING (gmm-align-compiled[5.1.46~1-0d031]:main():gmm-align-compiled.cc:98) No features for utterance LIVE00000124_00001
WARNING (gmm-align-compiled[5.1.46~1-0d031]:main():gmm-align-compiled.cc:98) No features for utterance LIVE00000124_00002
WARNING (gmm-align-compiled[5.1.46~1-0d031]:main():gmm-align-compiled.cc:98) No features for utterance LIVE00000125_00000
WARNING (gmm-align-compiled[5.1.46~1-0d031]:main():gmm-align-compiled.cc:98) No features for utterance LIVE00000125_00001
WARNING (gmm-align-compiled[5.1.46~1-0d031]:main():gmm-align-compiled.cc:98) No features for utterance LIVE00000125_00002
WARNING (gmm-align-compiled[5.1.46~1-0d031]:main():gmm-align-compiled.cc:98) No features for utterance LIVE00000125_00004
WARNING (gmm-align-compiled[5.1.46~1-0d031]:main():gmm-align-compiled.cc:98) No features for utterance LIVE00000125_00007
WARNING (gmm-align-compiled[5.1.46~1-0d031]:main():gmm-align-compiled.cc:98) No features for utterance LIVE00000125_00008
WARNING (gmm-align-compiled[5.1.46~1-0d031]:main():gmm-align-compiled.cc:98) No features for utterance LIVE00000125_00010
WARNING (gmm-align-compiled[5.1.46~1-0d031]:main():gmm-align-compiled.cc:98) No features for utterance LIVE00000125_00011
WARNING (gmm-align-compiled[5.1.46~1-0d031]:main():gmm-align-compiled.cc:98) No features for utterance LIVE00000125_00012
WARNING (gmm-align-compiled[5.1.46~1-0d031]:main():gmm-align-compiled.cc:98) No features for utterance LIVE00000125_00013
WARNING (gmm-align-compiled[5.1.46~1-0d031]:main():gmm-align-compiled.cc:98) No features for utterance LIVE00000125_00014
WARNING (gmm-align-compiled[5.1.46~1-0d031]:main():gmm-align-compiled.cc:98) No features for utterance LIVE00000125_00015
WARNING (gmm-align-compiled[5.1.46~1-0d031]:main():gmm-align-compiled.cc:98) No features for utterance LIVE00000125_00016
WARNING (gmm-align-compiled[5.1.46~1-0d031]:main():gmm-align-compiled.cc:98) No features for utterance LIVE00000125_00018
WARNING (gmm-align-compiled[5.1.46~1-0d031]:main():gmm-align-compiled.cc:98) No features for utterance LIVE00000125_00019
WARNING (gmm-align-compiled[5.1.46~1-0d031]:main():gmm-align-compiled.cc:98) No features for utterance LIVE00000125_00020
WARNING (gmm-align-compiled[5.1.46~1-0d031]:main():gmm-align-compiled.cc:98) No features for utterance LIVE00000125_00021
WARNING (gmm-align-compiled[5.1.46~1-0d031]:main():gmm-align-compiled.cc:98) No features for utterance LIVE00000125_00022
WARNING (gmm-align-compiled[5.1.46~1-0d031]:main():gmm-align-compiled.cc:98) No features for utterance LIVE00000125_00023
WARNING (gmm-align-compiled[5.1.46~1-0d031]:main():gmm-align-compiled.cc:98) No features for utterance LIVE00000125_00024
WARNING (gmm-align-compiled[5.1.46~1-0d031]:main():gmm-align-compiled.cc:98) No features for utterance LIVE00000125_00026
WARNING (gmm-align-compiled[5.1.46~1-0d031]:main():gmm-align-compiled.cc:98) No features for utterance LIVE00000125_00028
WARNING (gmm-align-compiled[5.1.46~1-0d031]:main():gmm-align-compiled.cc:98) No features for utterance LIVE00000125_00030
WARNING (gmm-align-compiled[5.1.46~1-0d031]:main():gmm-align-compiled.cc:98) No features for utterance LIVE00000125_00031
WARNING (gmm-align-compiled[5.1.46~1-0d031]:main():gmm-align-compiled.cc:98) No features for utterance LIVE00000125_00032
WARNING (gmm-align-compiled[5.1.46~1-0d031]:main():gmm-align-compiled.cc:98) No features for utterance LIVE00000125_00033
WARNING (gmm-align-compiled[5.1.46~1-0d031]:main():gmm-align-compiled.cc:98) No features for utterance LIVE00000125_00034
WARNING (gmm-align-compiled[5.1.46~1-0d031]:main():gmm-align-compiled.cc:98) No features for utterance LIVE00000125_00036
WARNING (gmm-align-compiled[5.1.46~1-0d031]:main():gmm-align-compiled.cc:98) No features for utterance LIVE00000125_00037
WARNING (gmm-align-compiled[5.1.46~1-0d031]:main():gmm-align-compiled.cc:98) No features for utterance LIVE00000125_00038
WARNING (gmm-align-compiled[5.1.46~1-0d031]:main():gmm-align-compiled.cc:98) No features for utterance LIVE00000125_00039
WARNING (gmm-align-compiled[5.1.46~1-0d031]:main():gmm-align-compiled.cc:98) No features for utterance LIVE00000125_00040
WARNING (gmm-align-compiled[5.1.46~1-0d031]:main():gmm-align-compiled.cc:98) No features for utterance LIVE00000125_00041
WARNING (gmm-align-compiled[5.1.46~1-0d031]:main():gmm-align-compiled.cc:98) No features for utterance LIVE00000125_00042
WARNING (gmm-align-compiled[5.1.46~1-0d031]:main():gmm-align-compiled.cc:98) No features for utterance LIVE00000125_00043
WARNING (gmm-align-compiled[5.1.46~1-0d031]:main():gmm-align-compiled.cc:98) No features for utterance LIVE00000125_00044
WARNING (gmm-align-compiled[5.1.46~1-0d031]:main():gmm-align-compiled.cc:98) No features for utterance LIVE00000125_00045
WARNING (gmm-align-compiled[5.1.46~1-0d031]:main():gmm-align-compiled.cc:98) No features for utterance LIVE00000125_00047
WARNING (gmm-align-compiled[5.1.46~1-0d031]:main():gmm-align-compiled.cc:98) No features for utterance LIVE00000125_00048
WARNING (gmm-align-compiled[5.1.46~1-0d031]:main():gmm-align-compiled.cc:98) No features for utterance LIVE00000125_00049
WARNING (gmm-align-compiled[5.1.46~1-0d031]:main():gmm-align-compiled.cc:98) No features for utterance LIVE00000125_00050
WARNING (gmm-align-compiled[5.1.46~1-0d031]:main():gmm-align-compiled.cc:98) No features for utterance LIVE00000125_00053
WARNING (gmm-align-compiled[5.1.46~1-0d031]:main():gmm-align-compiled.cc:98) No features for utterance LIVE00000125_00054
WARNING (gmm-align-compiled[5.1.46~1-0d031]:main():gmm-align-compiled.cc:98) No features for utterance LIVE00000125_00055
WARNING (gmm-align-compiled[5.1.46~1-0d031]:main():gmm-align-compiled.cc:98) No features for utterance LIVE00000125_00056
WARNING (gmm-align-compiled[5.1.46~1-0d031]:main():gmm-align-compiled.cc:98) No features for utterance LIVE00000125_00057
WARNING (gmm-align-compiled[5.1.46~1-0d031]:main():gmm-align-compiled.cc:98) No features for utterance LIVE00000125_00058
WARNING (gmm-align-compiled[5.1.46~1-0d031]:main():gmm-align-compiled.cc:98) No features for utterance LIVE00000125_00060
WARNING (gmm-align-compiled[5.1.46~1-0d031]:main():gmm-align-compiled.cc:98) No features for utterance LIVE00000125_00061
WARNING (gmm-align-compiled[5.1.46~1-0d031]:main():gmm-align-compiled.cc:98) No features for utterance LIVE00000125_00062
WARNING (gmm-align-compiled[5.1.46~1-0d031]:main():gmm-align-compiled.cc:98) No features for utterance LIVE00000125_00064
WARNING (gmm-align-compiled[5.1.46~1-0d031]:main():gmm-align-compiled.cc:98) No features for utterance LIVE00000125_00067
WARNING (gmm-align-compiled[5.1.46~1-0d031]:main():gmm-align-compiled.cc:98) No features for utterance LIVE00000125_00068
WARNING (gmm-align-compiled[5.1.46~1-0d031]:main():gmm-align-compiled.cc:98) No features for utterance LIVE00000125_00071
WARNING (gmm-align-compiled[5.1.46~1-0d031]:main():gmm-align-compiled.cc:98) No features for utterance LIVE00000125_00072
WARNING (gmm-align-compiled[5.1.46~1-0d031]:main():gmm-align-compiled.cc:98) No features for utterance LIVE00000125_00073
WARNING (gmm-align-compiled[5.1.46~1-0d031]:main():gmm-align-compiled.cc:98) No features for utterance LIVE00000125_00074
WARNING (gmm-align-compiled[5.1.46~1-0d031]:main():gmm-align-compiled.cc:98) No features for utterance LIVE00000125_00076
WARNING (gmm-align-compiled[5.1.46~1-0d031]:main():gmm-align-compiled.cc:98) No features for utterance LIVE00000125_00077
WARNING (gmm-align-compiled[5.1.46~1-0d031]:main():gmm-align-compiled.cc:98) No features for utterance LIVE00000125_00078
WARNING (gmm-align-compiled[5.1.46~1-0d031]:main():gmm-align-compiled.cc:98) No features for utterance LIVE00000125_00080
WARNING (gmm-align-compiled[5.1.46~1-0d031]:main():gmm-align-compiled.cc:98) No features for utterance LIVE00000125_00083
WARNING (gmm-align-compiled[5.1.46~1-0d031]:main():gmm-align-compiled.cc:98) No features for utterance LIVE00000125_00084
WARNING (gmm-align-compiled[5.1.46~1-0d031]:main():gmm-align-compiled.cc:98) No features for utterance LIVE00000125_00085
WARNING (gmm-align-compiled[5.1.46~1-0d031]:main():gmm-align-compiled.cc:98) No features for utterance LIVE00000125_00086
WARNING (gmm-align-compiled[5.1.46~1-0d031]:main():gmm-align-compiled.cc:98) No features for utterance LIVE00000125_00087
WARNING (gmm-align-compiled[5.1.46~1-0d031]:main():gmm-align-compiled.cc:98) No features for utterance LIVE00000125_00095
WARNING (gmm-align-compiled[5.1.46~1-0d031]:main():gmm-align-compiled.cc:98) No features for utterance LIVE00000125_00096
WARNING (gmm-align-compiled[5.1.46~1-0d031]:main():gmm-align-compiled.cc:98) No features for utterance LIVE00000125_00098
WARNING (gmm-align-compiled[5.1.46~1-0d031]:main():gmm-align-compiled.cc:98) No features for utterance LIVE00000125_00100
WARNING (gmm-align-compiled[5.1.46~1-0d031]:main():gmm-align-compiled.cc:98) No features for utterance LIVE00000125_00101
WARNING (gmm-align-compiled[5.1.46~1-0d031]:main():gmm-align-compiled.cc:98) No features for utterance LIVE00000125_00102
WARNING (gmm-align-compiled[5.1.46~1-0d031]:main():gmm-align-compiled.cc:98) No features for utterance LIVE00000125_00104
WARNING (gmm-align-compiled[5.1.46~1-0d031]:main():gmm-align-compiled.cc:98) No features for utterance LIVE00000125_00105
WARNING (gmm-align-compiled[5.1.46~1-0d031]:main():gmm-align-compiled.cc:98) No features for utterance LIVE00000125_00106
WARNING (gmm-align-compiled[5.1.46~1-0d031]:main():gmm-align-compiled.cc:98) No features for utterance LIVE00000125_00107
WARNING (gmm-align-compiled[5.1.46~1-0d031]:main():gmm-align-compiled.cc:98) No features for utterance LIVE00000125_00108
WARNING (gmm-align-compiled[5.1.46~1-0d031]:main():gmm-align-compiled.cc:98) No features for utterance LIVE00000125_00110
WARNING (gmm-align-compiled[5.1.46~1-0d031]:main():gmm-align-compiled.cc:98) No features for utterance LIVE00000125_00112
WARNING (gmm-align-compiled[5.1.46~1-0d031]:main():gmm-align-compiled.cc:98) No features for utterance LIVE00000125_00114
WARNING (gmm-align-compiled[5.1.46~1-0d031]:main():gmm-align-compiled.cc:98) No features for utterance LIVE00000125_00116
WARNING (gmm-align-compiled[5.1.46~1-0d031]:main():gmm-align-compiled.cc:98) No features for utterance LIVE00000125_00117
WARNING (gmm-align-compiled[5.1.46~1-0d031]:main():gmm-align-compiled.cc:98) No features for utterance LIVE00000126_00000
WARNING (gmm-align-compiled[5.1.46~1-0d031]:main():gmm-align-compiled.cc:98) No features for utterance LIVE00000126_00001
WARNING (gmm-align-compiled[5.1.46~1-0d031]:main():gmm-align-compiled.cc:98) No features for utterance LIVE00000126_00002
WARNING (gmm-align-compiled[5.1.46~1-0d031]:main():gmm-align-compiled.cc:98) No features for utterance LIVE00000126_00003
WARNING (gmm-align-compiled[5.1.46~1-0d031]:main():gmm-align-compiled.cc:98) No features for utterance LIVE00000126_00004
WARNING (gmm-align-compiled[5.1.46~1-0d031]:main():gmm-align-compiled.cc:98) No features for utterance LIVE00000126_00006
WARNING (gmm-align-compiled[5.1.46~1-0d031]:main():gmm-align-compiled.cc:98) No features for utterance LIVE00000126_00007
WARNING (gmm-align-compiled[5.1.46~1-0d031]:main():gmm-align-compiled.cc:98) No features for utterance LIVE00000127_00003
WARNING (gmm-align-compiled[5.1.46~1-0d031]:main():gmm-align-compiled.cc:98) No features for utterance LIVE00000127_00010
WARNING (gmm-align-compiled[5.1.46~1-0d031]:main():gmm-align-compiled.cc:98) No features for utterance LIVE00000127_00012
WARNING (gmm-align-compiled[5.1.46~1-0d031]:main():gmm-align-compiled.cc:98) No features for utterance LIVE00000127_00014
WARNING (gmm-align-compiled[5.1.46~1-0d031]:main():gmm-align-compiled.cc:98) No features for utterance LIVE00000127_00017
WARNING (gmm-align-compiled[5.1.46~1-0d031]:main():gmm-align-compiled.cc:98) No features for utterance LIVE00000127_00018
WARNING (gmm-align-compiled[5.1.46~1-0d031]:main():gmm-align-compiled.cc:98) No features for utterance LIVE00000127_00019
WARNING (gmm-align-compiled[5.1.46~1-0d031]:main():gmm-align-compiled.cc:98) No features for utterance LIVE00000127_00020
WARNING (gmm-align-compiled[5.1.46~1-0d031]:main():gmm-align-compiled.cc:98) No features for utterance LIVE00000127_00021
WARNING (gmm-align-compiled[5.1.46~1-0d031]:main():gmm-align-compiled.cc:98) No features for utterance LIVE00000127_00022
WARNING (gmm-align-compiled[5.1.46~1-0d031]:main():gmm-align-compiled.cc:98) No features for utterance LIVE00000127_00023
WARNING (gmm-align-compiled[5.1.46~1-0d031]:main():gmm-align-compiled.cc:98) No features for utterance LIVE00000127_00024
WARNING (gmm-align-compiled[5.1.46~1-0d031]:main():gmm-align-compiled.cc:98) No features for utterance LIVE00000127_00025
WARNING (gmm-align-compiled[5.1.46~1-0d031]:main():gmm-align-compiled.cc:98) No features for utterance LIVE00000127_00026
WARNING (gmm-align-compiled[5.1.46~1-0d031]:main():gmm-align-compiled.cc:98) No features for utterance LIVE00000127_00028
WARNING (gmm-align-compiled[5.1.46~1-0d031]:main():gmm-align-compiled.cc:98) No features for utterance LIVE00000127_00029
WARNING (gmm-align-compiled[5.1.46~1-0d031]:main():gmm-align-compiled.cc:98) No features for utterance LIVE00000127_00030
WARNING (gmm-align-compiled[5.1.46~1-0d031]:main():gmm-align-compiled.cc:98) No features for utterance LIVE00000127_00031
WARNING (gmm-align-compiled[5.1.46~1-0d031]:main():gmm-align-compiled.cc:98) No features for utterance LIVE00000127_00032
WARNING (gmm-align-compiled[5.1.46~1-0d031]:main():gmm-align-compiled.cc:98) No features for utterance LIVE00000127_00033
WARNING (gmm-align-compiled[5.1.46~1-0d031]:main():gmm-align-compiled.cc:98) No features for utterance LIVE00000127_00034
WARNING (gmm-align-compiled[5.1.46~1-0d031]:main():gmm-align-compiled.cc:98) No features for utterance LIVE00000127_00035
WARNING (gmm-align-compiled[5.1.46~1-0d031]:main():gmm-align-compiled.cc:98) No features for utterance LIVE00000127_00037
WARNING (gmm-align-compiled[5.1.46~1-0d031]:main():gmm-align-compiled.cc:98) No features for utterance LIVE00000127_00038
WARNING (gmm-align-compiled[5.1.46~1-0d031]:main():gmm-align-compiled.cc:98) No features for utterance LIVE00000127_00039
WARNING (gmm-align-compiled[5.1.46~1-0d031]:main():gmm-align-compiled.cc:98) No features for utterance LIVE00000127_00040
WARNING (gmm-align-compiled[5.1.46~1-0d031]:main():gmm-align-compiled.cc:98) No features for utterance LIVE00000127_00041
WARNING (gmm-align-compiled[5.1.46~1-0d031]:main():gmm-align-compiled.cc:98) No features for utterance LIVE00000128_00001
WARNING (gmm-align-compiled[5.1.46~1-0d031]:main():gmm-align-compiled.cc:98) No features for utterance LIVE00000128_00002
WARNING (gmm-align-compiled[5.1.46~1-0d031]:main():gmm-align-compiled.cc:98) No features for utterance LIVE00000128_00003
WARNING (gmm-align-compiled[5.1.46~1-0d031]:main():gmm-align-compiled.cc:98) No features for utterance LIVE00000128_00004
WARNING (gmm-align-compiled[5.1.46~1-0d031]:main():gmm-align-compiled.cc:98) No features for utterance LIVE00000128_00006
WARNING (gmm-align-compiled[5.1.46~1-0d031]:main():gmm-align-compiled.cc:98) No features for utterance LIVE00000128_00007
WARNING (gmm-align-compiled[5.1.46~1-0d031]:main():gmm-align-compiled.cc:98) No features for utterance LIVE00000128_00010
WARNING (gmm-align-compiled[5.1.46~1-0d031]:main():gmm-align-compiled.cc:98) No features for utterance LIVE00000128_00011
WARNING (gmm-align-compiled[5.1.46~1-0d031]:main():gmm-align-compiled.cc:98) No features for utterance LIVE00000128_00014
WARNING (gmm-align-compiled[5.1.46~1-0d031]:main():gmm-align-compiled.cc:98) No features for utterance LIVE00000128_00015
WARNING (gmm-align-compiled[5.1.46~1-0d031]:main():gmm-align-compiled.cc:98) No features for utterance LIVE00000128_00016
WARNING (gmm-align-compiled[5.1.46~1-0d031]:main():gmm-align-compiled.cc:98) No features for utterance LIVE00000128_00019
WARNING (gmm-align-compiled[5.1.46~1-0d031]:main():gmm-align-compiled.cc:98) No features for utterance LIVE00000128_00021
WARNING (gmm-align-compiled[5.1.46~1-0d031]:main():gmm-align-compiled.cc:98) No features for utterance LIVE00000128_00022
WARNING (gmm-align-compiled[5.1.46~1-0d031]:main():gmm-align-compiled.cc:98) No features for utterance LIVE00000128_00023
WARNING (gmm-align-compiled[5.1.46~1-0d031]:main():gmm-align-compiled.cc:98) No features for utterance LIVE00000128_00024
WARNING (gmm-align-compiled[5.1.46~1-0d031]:main():gmm-align-compiled.cc:98) No features for utterance LIVE00000128_00027
WARNING (gmm-align-compiled[5.1.46~1-0d031]:main():gmm-align-compiled.cc:98) No features for utterance LIVE00000128_00028
WARNING (gmm-align-compiled[5.1.46~1-0d031]:main():gmm-align-compiled.cc:98) No features for utterance LIVE00000128_00030
WARNING (gmm-align-compiled[5.1.46~1-0d031]:main():gmm-align-compiled.cc:98) No features for utterance LIVE00000128_00031
WARNING (gmm-align-compiled[5.1.46~1-0d031]:main():gmm-align-compiled.cc:98) No features for utterance LIVE00000128_00032
WARNING (gmm-align-compiled[5.1.46~1-0d031]:main():gmm-align-compiled.cc:98) No features for utterance LIVE00000128_00033
WARNING (gmm-align-compiled[5.1.46~1-0d031]:main():gmm-align-compiled.cc:98) No features for utterance LIVE00000128_00034
WARNING (gmm-align-compiled[5.1.46~1-0d031]:main():gmm-align-compiled.cc:98) No features for utterance LIVE00000128_00036
WARNING (gmm-align-compiled[5.1.46~1-0d031]:main():gmm-align-compiled.cc:98) No features for utterance LIVE00000128_00037
WARNING (gmm-align-compiled[5.1.46~1-0d031]:main():gmm-align-compiled.cc:98) No features for utterance LIVE00000128_00038
WARNING (gmm-align-compiled[5.1.46~1-0d031]:main():gmm-align-compiled.cc:98) No features for utterance LIVE00000128_00039
WARNING (gmm-align-compiled[5.1.46~1-0d031]:main():gmm-align-compiled.cc:98) No features for utterance LIVE00000128_00040
WARNING (gmm-align-compiled[5.1.46~1-0d031]:main():gmm-align-compiled.cc:98) No features for utterance LIVE00000128_00041
WARNING (gmm-align-compiled[5.1.46~1-0d031]:main():gmm-align-compiled.cc:98) No features for utterance LIVE00000128_00043
WARNING (gmm-align-compiled[5.1.46~1-0d031]:main():gmm-align-compiled.cc:98) No features for utterance LIVE00000128_00044
WARNING (gmm-align-compiled[5.1.46~1-0d031]:main():gmm-align-compiled.cc:98) No features for utterance LIVE00000128_00045
WARNING (gmm-align-compiled[5.1.46~1-0d031]:main():gmm-align-compiled.cc:98) No features for utterance LIVE00000128_00046
WARNING (gmm-align-compiled[5.1.46~1-0d031]:main():gmm-align-compiled.cc:98) No features for utterance LIVE00000128_00047
WARNING (gmm-align-compiled[5.1.46~1-0d031]:main():gmm-align-compiled.cc:98) No features for utterance LIVE00000128_00048
WARNING (gmm-align-compiled[5.1.46~1-0d031]:main():gmm-align-compiled.cc:98) No features for utterance LIVE00000128_00049
WARNING (gmm-align-compiled[5.1.46~1-0d031]:main():gmm-align-compiled.cc:98) No features for utterance LIVE00000128_00050
WARNING (gmm-align-compiled[5.1.46~1-0d031]:main():gmm-align-compiled.cc:98) No features for utterance LIVE00000128_00051
WARNING (gmm-align-compiled[5.1.46~1-0d031]:main():gmm-align-compiled.cc:98) No features for utterance LIVE00000128_00052
WARNING (gmm-align-compiled[5.1.46~1-0d031]:main():gmm-align-compiled.cc:98) No features for utterance LIVE00000128_00054
WARNING (gmm-align-compiled[5.1.46~1-0d031]:main():gmm-align-compiled.cc:98) No features for utterance LIVE00000128_00055
WARNING (gmm-align-compiled[5.1.46~1-0d031]:main():gmm-align-compiled.cc:98) No features for utterance LIVE00000128_00056
WARNING (gmm-align-compiled[5.1.46~1-0d031]:main():gmm-align-compiled.cc:98) No features for utterance LIVE00000128_00057
WARNING (gmm-align-compiled[5.1.46~1-0d031]:main():gmm-align-compiled.cc:98) No features for utterance LIVE00000128_00058
WARNING (gmm-align-compiled[5.1.46~1-0d031]:main():gmm-align-compiled.cc:98) No features for utterance LIVE00000128_00059
WARNING (gmm-align-compiled[5.1.46~1-0d031]:main():gmm-align-compiled.cc:98) No features for utterance LIVE00000128_00063
WARNING (gmm-align-compiled[5.1.46~1-0d031]:main():gmm-align-compiled.cc:98) No features for utterance LIVE00000128_00065
WARNING (gmm-align-compiled[5.1.46~1-0d031]:main():gmm-align-compiled.cc:98) No features for utterance LIVE00000128_00068
WARNING (gmm-align-compiled[5.1.46~1-0d031]:main():gmm-align-compiled.cc:98) No features for utterance LIVE00000128_00071
WARNING (gmm-align-compiled[5.1.46~1-0d031]:main():gmm-align-compiled.cc:98) No features for utterance LIVE00000128_00072
WARNING (gmm-align-compiled[5.1.46~1-0d031]:main():gmm-align-compiled.cc:98) No features for utterance LIVE00000128_00073
WARNING (gmm-align-compiled[5.1.46~1-0d031]:main():gmm-align-compiled.cc:98) No features for utterance LIVE00000128_00074
WARNING (gmm-align-compiled[5.1.46~1-0d031]:main():gmm-align-compiled.cc:98) No features for utterance LIVE00000128_00075
WARNING (gmm-align-compiled[5.1.46~1-0d031]:main():gmm-align-compiled.cc:98) No features for utterance LIVE00000128_00076
WARNING (gmm-align-compiled[5.1.46~1-0d031]:main():gmm-align-compiled.cc:98) No features for utterance LIVE00000128_00077
WARNING (gmm-align-compiled[5.1.46~1-0d031]:main():gmm-align-compiled.cc:98) No features for utterance LIVE00000128_00078
WARNING (gmm-align-compiled[5.1.46~1-0d031]:main():gmm-align-compiled.cc:98) No features for utterance LIVE00000128_00079
WARNING (gmm-align-compiled[5.1.46~1-0d031]:main():gmm-align-compiled.cc:98) No features for utterance LIVE00000128_00080
WARNING (gmm-align-compiled[5.1.46~1-0d031]:main():gmm-align-compiled.cc:98) No features for utterance LIVE00000128_00081
WARNING (gmm-align-compiled[5.1.46~1-0d031]:main():gmm-align-compiled.cc:98) No features for utterance LIVE00000128_00082
WARNING (gmm-align-compiled[5.1.46~1-0d031]:main():gmm-align-compiled.cc:98) No features for utterance LIVE00000128_00083
WARNING (gmm-align-compiled[5.1.46~1-0d031]:main():gmm-align-compiled.cc:98) No features for utterance LIVE00000128_00084
WARNING (gmm-align-compiled[5.1.46~1-0d031]:main():gmm-align-compiled.cc:98) No features for utterance LIVE00000128_00085
WARNING (gmm-align-compiled[5.1.46~1-0d031]:main():gmm-align-compiled.cc:98) No features for utterance LIVE00000128_00086
WARNING (gmm-align-compiled[5.1.46~1-0d031]:main():gmm-align-compiled.cc:98) No features for utterance LIVE00000128_00088
WARNING (gmm-align-compiled[5.1.46~1-0d031]:main():gmm-align-compiled.cc:98) No features for utterance LIVE00000128_00089
WARNING (gmm-align-compiled[5.1.46~1-0d031]:main():gmm-align-compiled.cc:98) No features for utterance LIVE00000128_00091
WARNING (gmm-align-compiled[5.1.46~1-0d031]:main():gmm-align-compiled.cc:98) No features for utterance LIVE00000128_00092
WARNING (gmm-align-compiled[5.1.46~1-0d031]:main():gmm-align-compiled.cc:98) No features for utterance LIVE00000128_00093
WARNING (gmm-align-compiled[5.1.46~1-0d031]:main():gmm-align-compiled.cc:98) No features for utterance LIVE00000128_00094
WARNING (gmm-align-compiled[5.1.46~1-0d031]:main():gmm-align-compiled.cc:98) No features for utterance LIVE00000128_00096
WARNING (gmm-align-compiled[5.1.46~1-0d031]:main():gmm-align-compiled.cc:98) No features for utterance LIVE00000128_00097
WARNING (gmm-align-compiled[5.1.46~1-0d031]:main():gmm-align-compiled.cc:98) No features for utterance LIVE00000128_00098
WARNING (gmm-align-compiled[5.1.46~1-0d031]:main():gmm-align-compiled.cc:98) No features for utterance LIVE00000128_00100
WARNING (gmm-align-compiled[5.1.46~1-0d031]:main():gmm-align-compiled.cc:98) No features for utterance LIVE00000128_00101
WARNING (gmm-align-compiled[5.1.46~1-0d031]:main():gmm-align-compiled.cc:98) No features for utterance LIVE00000128_00103
WARNING (gmm-align-compiled[5.1.46~1-0d031]:main():gmm-align-compiled.cc:98) No features for utterance LIVE00000128_00104
WARNING (gmm-align-compiled[5.1.46~1-0d031]:main():gmm-align-compiled.cc:98) No features for utterance LIVE00000128_00105
WARNING (gmm-align-compiled[5.1.46~1-0d031]:main():gmm-align-compiled.cc:98) No features for utterance LIVE00000128_00107
WARNING (gmm-align-compiled[5.1.46~1-0d031]:main():gmm-align-compiled.cc:98) No features for utterance LIVE00000128_00108
WARNING (gmm-align-compiled[5.1.46~1-0d031]:main():gmm-align-compiled.cc:98) No features for utterance LIVE00000128_00110
WARNING (gmm-align-compiled[5.1.46~1-0d031]:main():gmm-align-compiled.cc:98) No features for utterance LIVE00000128_00112
WARNING (gmm-align-compiled[5.1.46~1-0d031]:main():gmm-align-compiled.cc:98) No features for utterance LIVE00000128_00113
WARNING (gmm-align-compiled[5.1.46~1-0d031]:main():gmm-align-compiled.cc:98) No features for utterance LIVE00000128_00114
WARNING (gmm-align-compiled[5.1.46~1-0d031]:main():gmm-align-compiled.cc:98) No features for utterance LIVE00000128_00115
WARNING (gmm-align-compiled[5.1.46~1-0d031]:main():gmm-align-compiled.cc:98) No features for utterance LIVE00000128_00116
WARNING (gmm-align-compiled[5.1.46~1-0d031]:main():gmm-align-compiled.cc:98) No features for utterance LIVE00000128_00117
WARNING (gmm-align-compiled[5.1.46~1-0d031]:main():gmm-align-compiled.cc:98) No features for utterance LIVE00000128_00119
WARNING (gmm-align-compiled[5.1.46~1-0d031]:main():gmm-align-compiled.cc:98) No features for utterance LIVE00000128_00120
WARNING (gmm-align-compiled[5.1.46~1-0d031]:main():gmm-align-compiled.cc:98) No features for utterance LIVE00000128_00121
WARNING (gmm-align-compiled[5.1.46~1-0d031]:main():gmm-align-compiled.cc:98) No features for utterance LIVE00000128_00122
WARNING (gmm-align-compiled[5.1.46~1-0d031]:main():gmm-align-compiled.cc:98) No features for utterance LIVE00000128_00123
WARNING (gmm-align-compiled[5.1.46~1-0d031]:main():gmm-align-compiled.cc:98) No features for utterance LIVE00000128_00124
WARNING (gmm-align-compiled[5.1.46~1-0d031]:main():gmm-align-compiled.cc:98) No features for utterance LIVE00000128_00125
WARNING (gmm-align-compiled[5.1.46~1-0d031]:main():gmm-align-compiled.cc:98) No features for utterance LIVE00000128_00126
WARNING (gmm-align-compiled[5.1.46~1-0d031]:main():gmm-align-compiled.cc:98) No features for utterance LIVE00000128_00127
WARNING (gmm-align-compiled[5.1.46~1-0d031]:main():gmm-align-compiled.cc:98) No features for utterance LIVE00000128_00129
WARNING (gmm-align-compiled[5.1.46~1-0d031]:main():gmm-align-compiled.cc:98) No features for utterance LIVE00000128_00130
WARNING (gmm-align-compiled[5.1.46~1-0d031]:main():gmm-align-compiled.cc:98) No features for utterance LIVE00000128_00133
WARNING (gmm-align-compiled[5.1.46~1-0d031]:main():gmm-align-compiled.cc:98) No features for utterance LIVE00000128_00135
WARNING (gmm-align-compiled[5.1.46~1-0d031]:main():gmm-align-compiled.cc:98) No features for utterance LIVE00000128_00136
WARNING (gmm-align-compiled[5.1.46~1-0d031]:main():gmm-align-compiled.cc:98) No features for utterance LIVE00000128_00137
WARNING (gmm-align-compiled[5.1.46~1-0d031]:main():gmm-align-compiled.cc:98) No features for utterance LIVE00000128_00139
WARNING (gmm-align-compiled[5.1.46~1-0d031]:main():gmm-align-compiled.cc:98) No features for utterance LIVE00000128_00140
WARNING (gmm-align-compiled[5.1.46~1-0d031]:main():gmm-align-compiled.cc:98) No features for utterance LIVE00000128_00141
WARNING (gmm-align-compiled[5.1.46~1-0d031]:main():gmm-align-compiled.cc:98) No features for utterance LIVE00000128_00142
WARNING (gmm-align-compiled[5.1.46~1-0d031]:main():gmm-align-compiled.cc:98) No features for utterance LIVE00000128_00145
WARNING (gmm-align-compiled[5.1.46~1-0d031]:main():gmm-align-compiled.cc:98) No features for utterance LIVE00000128_00147
WARNING (gmm-align-compiled[5.1.46~1-0d031]:main():gmm-align-compiled.cc:98) No features for utterance LIVE00000128_00149
WARNING (gmm-align-compiled[5.1.46~1-0d031]:main():gmm-align-compiled.cc:98) No features for utterance LIVE00000128_00150
WARNING (gmm-align-compiled[5.1.46~1-0d031]:main():gmm-align-compiled.cc:98) No features for utterance LIVE00000128_00151
WARNING (gmm-align-compiled[5.1.46~1-0d031]:main():gmm-align-compiled.cc:98) No features for utterance LIVE00000128_00152
WARNING (gmm-align-compiled[5.1.46~1-0d031]:main():gmm-align-compiled.cc:98) No features for utterance LIVE00000128_00153
WARNING (gmm-align-compiled[5.1.46~1-0d031]:main():gmm-align-compiled.cc:98) No features for utterance LIVE00000128_00156
WARNING (gmm-align-compiled[5.1.46~1-0d031]:main():gmm-align-compiled.cc:98) No features for utterance LIVE00000128_00157
WARNING (gmm-align-compiled[5.1.46~1-0d031]:main():gmm-align-compiled.cc:98) No features for utterance LIVE00000128_00160
WARNING (gmm-align-compiled[5.1.46~1-0d031]:main():gmm-align-compiled.cc:98) No features for utterance LIVE00000128_00161
WARNING (gmm-align-compiled[5.1.46~1-0d031]:main():gmm-align-compiled.cc:98) No features for utterance LIVE00000128_00164
WARNING (gmm-align-compiled[5.1.46~1-0d031]:main():gmm-align-compiled.cc:98) No features for utterance LIVE00000128_00165
WARNING (gmm-align-compiled[5.1.46~1-0d031]:main():gmm-align-compiled.cc:98) No features for utterance LIVE00000128_00166
WARNING (gmm-align-compiled[5.1.46~1-0d031]:main():gmm-align-compiled.cc:98) No features for utterance LIVE00000128_00167
WARNING (gmm-align-compiled[5.1.46~1-0d031]:main():gmm-align-compiled.cc:98) No features for utterance LIVE00000128_00169
WARNING (gmm-align-compiled[5.1.46~1-0d031]:main():gmm-align-compiled.cc:98) No features for utterance LIVE00000128_00170
WARNING (gmm-align-compiled[5.1.46~1-0d031]:main():gmm-align-compiled.cc:98) No features for utterance LIVE00000128_00172
WARNING (gmm-align-compiled[5.1.46~1-0d031]:main():gmm-align-compiled.cc:98) No features for utterance LIVE00000128_00173
WARNING (gmm-align-compiled[5.1.46~1-0d031]:main():gmm-align-compiled.cc:98) No features for utterance LIVE00000128_00179
WARNING (gmm-align-compiled[5.1.46~1-0d031]:main():gmm-align-compiled.cc:98) No features for utterance LIVE00000128_00180
WARNING (gmm-align-compiled[5.1.46~1-0d031]:main():gmm-align-compiled.cc:98) No features for utterance LIVE00000128_00183
WARNING (gmm-align-compiled[5.1.46~1-0d031]:main():gmm-align-compiled.cc:98) No features for utterance LIVE00000128_00184
WARNING (gmm-align-compiled[5.1.46~1-0d031]:main():gmm-align-compiled.cc:98) No features for utterance LIVE00000128_00185
WARNING (gmm-align-compiled[5.1.46~1-0d031]:main():gmm-align-compiled.cc:98) No features for utterance LIVE00000128_00186
WARNING (gmm-align-compiled[5.1.46~1-0d031]:main():gmm-align-compiled.cc:98) No features for utterance LIVE00000128_00190
WARNING (gmm-align-compiled[5.1.46~1-0d031]:main():gmm-align-compiled.cc:98) No features for utterance LIVE00000128_00191
WARNING (gmm-align-compiled[5.1.46~1-0d031]:main():gmm-align-compiled.cc:98) No features for utterance LIVE00000128_00192
WARNING (gmm-align-compiled[5.1.46~1-0d031]:main():gmm-align-compiled.cc:98) No features for utterance LIVE00000128_00193
WARNING (gmm-align-compiled[5.1.46~1-0d031]:main():gmm-align-compiled.cc:98) No features for utterance LIVE00000128_00197
WARNING (gmm-align-compiled[5.1.46~1-0d031]:main():gmm-align-compiled.cc:98) No features for utterance LIVE00000128_00199
WARNING (gmm-align-compiled[5.1.46~1-0d031]:main():gmm-align-compiled.cc:98) No features for utterance LIVE00000128_00200
WARNING (gmm-align-compiled[5.1.46~1-0d031]:main():gmm-align-compiled.cc:98) No features for utterance LIVE00000128_00202
WARNING (gmm-align-compiled[5.1.46~1-0d031]:main():gmm-align-compiled.cc:98) No features for utterance LIVE00000128_00206
WARNING (gmm-align-compiled[5.1.46~1-0d031]:main():gmm-align-compiled.cc:98) No features for utterance LIVE00000128_00207
WARNING (gmm-align-compiled[5.1.46~1-0d031]:main():gmm-align-compiled.cc:98) No features for utterance LIVE00000128_00208
WARNING (gmm-align-compiled[5.1.46~1-0d031]:main():gmm-align-compiled.cc:98) No features for utterance LIVE00000128_00209
WARNING (gmm-align-compiled[5.1.46~1-0d031]:main():gmm-align-compiled.cc:98) No features for utterance LIVE00000128_00210
WARNING (gmm-align-compiled[5.1.46~1-0d031]:main():gmm-align-compiled.cc:98) No features for utterance LIVE00000128_00211
WARNING (gmm-align-compiled[5.1.46~1-0d031]:main():gmm-align-compiled.cc:98) No features for utterance LIVE00000128_00212
WARNING (gmm-align-compiled[5.1.46~1-0d031]:main():gmm-align-compiled.cc:98) No features for utterance LIVE00000128_00215
WARNING (gmm-align-compiled[5.1.46~1-0d031]:main():gmm-align-compiled.cc:98) No features for utterance LIVE00000128_00217
WARNING (gmm-align-compiled[5.1.46~1-0d031]:main():gmm-align-compiled.cc:98) No features for utterance LIVE00000128_00218
WARNING (gmm-align-compiled[5.1.46~1-0d031]:main():gmm-align-compiled.cc:98) No features for utterance LIVE00000128_00219
WARNING (gmm-align-compiled[5.1.46~1-0d031]:main():gmm-align-compiled.cc:98) No features for utterance LIVE00000128_00220
WARNING (gmm-align-compiled[5.1.46~1-0d031]:main():gmm-align-compiled.cc:98) No features for utterance LIVE00000128_00221
WARNING (gmm-align-compiled[5.1.46~1-0d031]:main():gmm-align-compiled.cc:98) No features for utterance LIVE00000128_00223
WARNING (gmm-align-compiled[5.1.46~1-0d031]:main():gmm-align-compiled.cc:98) No features for utterance LIVE00000128_00224
WARNING (gmm-align-compiled[5.1.46~1-0d031]:main():gmm-align-compiled.cc:98) No features for utterance LIVE00000128_00225
WARNING (gmm-align-compiled[5.1.46~1-0d031]:main():gmm-align-compiled.cc:98) No features for utterance LIVE00000128_00226
WARNING (gmm-align-compiled[5.1.46~1-0d031]:main():gmm-align-compiled.cc:98) No features for utterance LIVE00000128_00227
WARNING (gmm-align-compiled[5.1.46~1-0d031]:main():gmm-align-compiled.cc:98) No features for utterance LIVE00000128_00228
WARNING (gmm-align-compiled[5.1.46~1-0d031]:main():gmm-align-compiled.cc:98) No features for utterance LIVE00000128_00229
WARNING (gmm-align-compiled[5.1.46~1-0d031]:main():gmm-align-compiled.cc:98) No features for utterance LIVE00000128_00230
WARNING (gmm-align-compiled[5.1.46~1-0d031]:main():gmm-align-compiled.cc:98) No features for utterance LIVE00000128_00231
WARNING (gmm-align-compiled[5.1.46~1-0d031]:main():gmm-align-compiled.cc:98) No features for utterance LIVE00000128_00233
WARNING (gmm-align-compiled[5.1.46~1-0d031]:main():gmm-align-compiled.cc:98) No features for utterance LIVE00000128_00234
WARNING (gmm-align-compiled[5.1.46~1-0d031]:main():gmm-align-compiled.cc:98) No features for utterance LIVE00000128_00237
WARNING (gmm-align-compiled[5.1.46~1-0d031]:main():gmm-align-compiled.cc:98) No features for utterance LIVE00000128_00238
WARNING (gmm-align-compiled[5.1.46~1-0d031]:main():gmm-align-compiled.cc:98) No features for utterance LIVE00000131_00000
WARNING (gmm-align-compiled[5.1.46~1-0d031]:main():gmm-align-compiled.cc:98) No features for utterance LIVE00000131_00001
WARNING (gmm-align-compiled[5.1.46~1-0d031]:main():gmm-align-compiled.cc:98) No features for utterance LIVE00000131_00003
WARNING (gmm-align-compiled[5.1.46~1-0d031]:main():gmm-align-compiled.cc:98) No features for utterance LIVE00000141_00016
WARNING (gmm-align-compiled[5.1.46~1-0d031]:main():gmm-align-compiled.cc:98) No features for utterance LIVE00000142_00001
WARNING (gmm-align-compiled[5.1.46~1-0d031]:main():gmm-align-compiled.cc:98) No features for utterance LIVE00000142_00002
WARNING (gmm-align-compiled[5.1.46~1-0d031]:main():gmm-align-compiled.cc:98) No features for utterance LIVE00000142_00003
WARNING (gmm-align-compiled[5.1.46~1-0d031]:main():gmm-align-compiled.cc:98) No features for utterance LIVE00000143_00000
WARNING (gmm-align-compiled[5.1.46~1-0d031]:main():gmm-align-compiled.cc:98) No features for utterance LIVE00000143_00002
WARNING (gmm-align-compiled[5.1.46~1-0d031]:main():gmm-align-compiled.cc:98) No features for utterance LIVE00000143_00003
WARNING (gmm-align-compiled[5.1.46~1-0d031]:main():gmm-align-compiled.cc:98) No features for utterance LIVE00000143_00004
WARNING (gmm-align-compiled[5.1.46~1-0d031]:main():gmm-align-compiled.cc:98) No features for utterance LIVE00000143_00005
WARNING (gmm-align-compiled[5.1.46~1-0d031]:main():gmm-align-compiled.cc:98) No features for utterance LIVE00000143_00006
WARNING (gmm-align-compiled[5.1.46~1-0d031]:main():gmm-align-compiled.cc:98) No features for utterance LIVE00000144_00000
WARNING (gmm-align-compiled[5.1.46~1-0d031]:main():gmm-align-compiled.cc:98) No features for utterance LIVE00000144_00001
WARNING (gmm-align-compiled[5.1.46~1-0d031]:main():gmm-align-compiled.cc:98) No features for utterance LIVE00000144_00002
WARNING (gmm-align-compiled[5.1.46~1-0d031]:main():gmm-align-compiled.cc:98) No features for utterance LIVE00000144_00003
WARNING (gmm-align-compiled[5.1.46~1-0d031]:main():gmm-align-compiled.cc:98) No features for utterance LIVE00000144_00004
WARNING (gmm-align-compiled[5.1.46~1-0d031]:main():gmm-align-compiled.cc:98) No features for utterance LIVE00000144_00005
WARNING (gmm-align-compiled[5.1.46~1-0d031]:main():gmm-align-compiled.cc:98) No features for utterance LIVE00000144_00006
WARNING (gmm-align-compiled[5.1.46~1-0d031]:main():gmm-align-compiled.cc:98) No features for utterance LIVE00000144_00007
WARNING (gmm-align-compiled[5.1.46~1-0d031]:main():gmm-align-compiled.cc:98) No features for utterance LIVE00000144_00008
WARNING (gmm-align-compiled[5.1.46~1-0d031]:main():gmm-align-compiled.cc:98) No features for utterance LIVE00000144_00009
WARNING (gmm-align-compiled[5.1.46~1-0d031]:main():gmm-align-compiled.cc:98) No features for utterance LIVE00000144_00010
WARNING (gmm-align-compiled[5.1.46~1-0d031]:main():gmm-align-compiled.cc:98) No features for utterance LIVE00000144_00011
WARNING (gmm-align-compiled[5.1.46~1-0d031]:main():gmm-align-compiled.cc:98) No features for utterance LIVE00000144_00012
WARNING (gmm-align-compiled[5.1.46~1-0d031]:main():gmm-align-compiled.cc:98) No features for utterance LIVE00000144_00014
WARNING (gmm-align-compiled[5.1.46~1-0d031]:main():gmm-align-compiled.cc:98) No features for utterance LIVE00000144_00015
WARNING (gmm-align-compiled[5.1.46~1-0d031]:main():gmm-align-compiled.cc:98) No features for utterance LIVE00000144_00016
WARNING (gmm-align-compiled[5.1.46~1-0d031]:main():gmm-align-compiled.cc:98) No features for utterance LIVE00000144_00017
WARNING (gmm-align-compiled[5.1.46~1-0d031]:main():gmm-align-compiled.cc:98) No features for utterance LIVE00000144_00018
WARNING (gmm-align-compiled[5.1.46~1-0d031]:main():gmm-align-compiled.cc:98) No features for utterance LIVE00000144_00019
WARNING (gmm-align-compiled[5.1.46~1-0d031]:main():gmm-align-compiled.cc:98) No features for utterance LIVE00000144_00020
WARNING (gmm-align-compiled[5.1.46~1-0d031]:main():gmm-align-compiled.cc:98) No features for utterance LIVE00000144_00021
WARNING (gmm-align-compiled[5.1.46~1-0d031]:main():gmm-align-compiled.cc:98) No features for utterance LIVE00000144_00022
WARNING (gmm-align-compiled[5.1.46~1-0d031]:main():gmm-align-compiled.cc:98) No features for utterance LIVE00000144_00023
WARNING (gmm-align-compiled[5.1.46~1-0d031]:main():gmm-align-compiled.cc:98) No features for utterance LIVE00000144_00024
WARNING (gmm-align-compiled[5.1.46~1-0d031]:main():gmm-align-compiled.cc:98) No features for utterance LIVE00000144_00025
WARNING (gmm-align-compiled[5.1.46~1-0d031]:main():gmm-align-compiled.cc:98) No features for utterance LIVE00000144_00027
WARNING (gmm-align-compiled[5.1.46~1-0d031]:main():gmm-align-compiled.cc:98) No features for utterance LIVE00000144_00028
WARNING (gmm-align-compiled[5.1.46~1-0d031]:main():gmm-align-compiled.cc:98) No features for utterance LIVE00000144_00029
WARNING (gmm-align-compiled[5.1.46~1-0d031]:main():gmm-align-compiled.cc:98) No features for utterance LIVE00000144_00030
WARNING (gmm-align-compiled[5.1.46~1-0d031]:main():gmm-align-compiled.cc:98) No features for utterance LIVE00000144_00031
WARNING (gmm-align-compiled[5.1.46~1-0d031]:main():gmm-align-compiled.cc:98) No features for utterance LIVE00000144_00032
WARNING (gmm-align-compiled[5.1.46~1-0d031]:main():gmm-align-compiled.cc:98) No features for utterance LIVE00000144_00033
WARNING (gmm-align-compiled[5.1.46~1-0d031]:main():gmm-align-compiled.cc:98) No features for utterance LIVE00000144_00035
WARNING (gmm-align-compiled[5.1.46~1-0d031]:main():gmm-align-compiled.cc:98) No features for utterance LIVE00000144_00036
WARNING (gmm-align-compiled[5.1.46~1-0d031]:main():gmm-align-compiled.cc:98) No features for utterance LIVE00000144_00037
WARNING (gmm-align-compiled[5.1.46~1-0d031]:main():gmm-align-compiled.cc:98) No features for utterance LIVE00000144_00038
WARNING (gmm-align-compiled[5.1.46~1-0d031]:main():gmm-align-compiled.cc:98) No features for utterance LIVE00000144_00039
WARNING (gmm-align-compiled[5.1.46~1-0d031]:main():gmm-align-compiled.cc:98) No features for utterance LIVE00000144_00040
WARNING (gmm-align-compiled[5.1.46~1-0d031]:main():gmm-align-compiled.cc:98) No features for utterance LIVE00000144_00041
WARNING (gmm-align-compiled[5.1.46~1-0d031]:main():gmm-align-compiled.cc:98) No features for utterance LIVE00000145_00002
WARNING (gmm-align-compiled[5.1.46~1-0d031]:main():gmm-align-compiled.cc:98) No features for utterance LIVE00000145_00003
WARNING (gmm-align-compiled[5.1.46~1-0d031]:main():gmm-align-compiled.cc:98) No features for utterance LIVE00000146_00000
WARNING (gmm-align-compiled[5.1.46~1-0d031]:main():gmm-align-compiled.cc:98) No features for utterance LIVE00000146_00001
WARNING (gmm-align-compiled[5.1.46~1-0d031]:main():gmm-align-compiled.cc:98) No features for utterance LIVE00000146_00003
WARNING (gmm-align-compiled[5.1.46~1-0d031]:main():gmm-align-compiled.cc:98) No features for utterance LIVE00000146_00004
WARNING (gmm-align-compiled[5.1.46~1-0d031]:main():gmm-align-compiled.cc:98) No features for utterance LIVE00000146_00005
WARNING (gmm-align-compiled[5.1.46~1-0d031]:main():gmm-align-compiled.cc:98) No features for utterance LIVE00000146_00007
WARNING (gmm-align-compiled[5.1.46~1-0d031]:main():gmm-align-compiled.cc:98) No features for utterance LIVE00000146_00008
WARNING (gmm-align-compiled[5.1.46~1-0d031]:main():gmm-align-compiled.cc:98) No features for utterance LIVE00000146_00009
WARNING (gmm-align-compiled[5.1.46~1-0d031]:main():gmm-align-compiled.cc:98) No features for utterance LIVE00000146_00010
WARNING (gmm-align-compiled[5.1.46~1-0d031]:main():gmm-align-compiled.cc:98) No features for utterance LIVE00000146_00013
WARNING (gmm-align-compiled[5.1.46~1-0d031]:main():gmm-align-compiled.cc:98) No features for utterance LIVE00000146_00014
WARNING (gmm-align-compiled[5.1.46~1-0d031]:main():gmm-align-compiled.cc:98) No features for utterance LIVE00000146_00015
WARNING (gmm-align-compiled[5.1.46~1-0d031]:main():gmm-align-compiled.cc:98) No features for utterance LIVE00000146_00016
WARNING (gmm-align-compiled[5.1.46~1-0d031]:main():gmm-align-compiled.cc:98) No features for utterance LIVE00000146_00017
WARNING (gmm-align-compiled[5.1.46~1-0d031]:main():gmm-align-compiled.cc:98) No features for utterance LIVE00000146_00018
WARNING (gmm-align-compiled[5.1.46~1-0d031]:main():gmm-align-compiled.cc:98) No features for utterance LIVE00000146_00019
WARNING (gmm-align-compiled[5.1.46~1-0d031]:main():gmm-align-compiled.cc:98) No features for utterance LIVE00000146_00020
WARNING (gmm-align-compiled[5.1.46~1-0d031]:main():gmm-align-compiled.cc:98) No features for utterance LIVE00000146_00021
WARNING (gmm-align-compiled[5.1.46~1-0d031]:main():gmm-align-compiled.cc:98) No features for utterance LIVE00000146_00022
WARNING (gmm-align-compiled[5.1.46~1-0d031]:main():gmm-align-compiled.cc:98) No features for utterance LIVE00000146_00023
WARNING (gmm-align-compiled[5.1.46~1-0d031]:main():gmm-align-compiled.cc:98) No features for utterance LIVE00000146_00024
WARNING (gmm-align-compiled[5.1.46~1-0d031]:main():gmm-align-compiled.cc:98) No features for utterance LIVE00000146_00025
WARNING (gmm-align-compiled[5.1.46~1-0d031]:main():gmm-align-compiled.cc:98) No features for utterance LIVE00000146_00027
WARNING (gmm-align-compiled[5.1.46~1-0d031]:main():gmm-align-compiled.cc:98) No features for utterance LIVE00000146_00029
WARNING (gmm-align-compiled[5.1.46~1-0d031]:main():gmm-align-compiled.cc:98) No features for utterance LIVE00000146_00030
WARNING (gmm-align-compiled[5.1.46~1-0d031]:main():gmm-align-compiled.cc:98) No features for utterance LIVE00000146_00031
WARNING (gmm-align-compiled[5.1.46~1-0d031]:main():gmm-align-compiled.cc:98) No features for utterance LIVE00000146_00033
WARNING (gmm-align-compiled[5.1.46~1-0d031]:main():gmm-align-compiled.cc:98) No features for utterance LIVE00000146_00034
WARNING (gmm-align-compiled[5.1.46~1-0d031]:main():gmm-align-compiled.cc:98) No features for utterance LIVE00000146_00035
WARNING (gmm-align-compiled[5.1.46~1-0d031]:main():gmm-align-compiled.cc:98) No features for utterance LIVE00000146_00036
WARNING (gmm-align-compiled[5.1.46~1-0d031]:main():gmm-align-compiled.cc:98) No features for utterance LIVE00000146_00037
WARNING (gmm-align-compiled[5.1.46~1-0d031]:main():gmm-align-compiled.cc:98) No features for utterance LIVE00000146_00038
WARNING (gmm-align-compiled[5.1.46~1-0d031]:main():gmm-align-compiled.cc:98) No features for utterance LIVE00000146_00039
WARNING (gmm-align-compiled[5.1.46~1-0d031]:main():gmm-align-compiled.cc:98) No features for utterance LIVE00000146_00041
WARNING (gmm-align-compiled[5.1.46~1-0d031]:main():gmm-align-compiled.cc:98) No features for utterance LIVE00000146_00042
WARNING (gmm-align-compiled[5.1.46~1-0d031]:main():gmm-align-compiled.cc:98) No features for utterance LIVE00000146_00043
WARNING (gmm-align-compiled[5.1.46~1-0d031]:main():gmm-align-compiled.cc:98) No features for utterance LIVE00000146_00044
WARNING (gmm-align-compiled[5.1.46~1-0d031]:main():gmm-align-compiled.cc:98) No features for utterance LIVE00000146_00046
WARNING (gmm-align-compiled[5.1.46~1-0d031]:main():gmm-align-compiled.cc:98) No features for utterance LIVE00000146_00047
WARNING (gmm-align-compiled[5.1.46~1-0d031]:main():gmm-align-compiled.cc:98) No features for utterance LIVE00000146_00048
WARNING (gmm-align-compiled[5.1.46~1-0d031]:main():gmm-align-compiled.cc:98) No features for utterance LIVE00000146_00049
WARNING (gmm-align-compiled[5.1.46~1-0d031]:main():gmm-align-compiled.cc:98) No features for utterance LIVE00000146_00052
WARNING (gmm-align-compiled[5.1.46~1-0d031]:main():gmm-align-compiled.cc:98) No features for utterance LIVE00000146_00054
WARNING (gmm-align-compiled[5.1.46~1-0d031]:main():gmm-align-compiled.cc:98) No features for utterance LIVE00000146_00056
WARNING (gmm-align-compiled[5.1.46~1-0d031]:main():gmm-align-compiled.cc:98) No features for utterance LIVE00000146_00058
WARNING (gmm-align-compiled[5.1.46~1-0d031]:main():gmm-align-compiled.cc:98) No features for utterance LIVE00000146_00059
WARNING (gmm-align-compiled[5.1.46~1-0d031]:main():gmm-align-compiled.cc:98) No features for utterance LIVE00000146_00060
WARNING (gmm-align-compiled[5.1.46~1-0d031]:main():gmm-align-compiled.cc:98) No features for utterance LIVE00000146_00061
WARNING (gmm-align-compiled[5.1.46~1-0d031]:main():gmm-align-compiled.cc:98) No features for utterance LIVE00000146_00063
WARNING (gmm-align-compiled[5.1.46~1-0d031]:main():gmm-align-compiled.cc:98) No features for utterance LIVE00000146_00064
WARNING (gmm-align-compiled[5.1.46~1-0d031]:main():gmm-align-compiled.cc:98) No features for utterance LIVE00000146_00065
WARNING (gmm-align-compiled[5.1.46~1-0d031]:main():gmm-align-compiled.cc:98) No features for utterance LIVE00000146_00066
WARNING (gmm-align-compiled[5.1.46~1-0d031]:main():gmm-align-compiled.cc:98) No features for utterance LIVE00000146_00067
WARNING (gmm-align-compiled[5.1.46~1-0d031]:main():gmm-align-compiled.cc:98) No features for utterance LIVE00000146_00068
WARNING (gmm-align-compiled[5.1.46~1-0d031]:main():gmm-align-compiled.cc:98) No features for utterance LIVE00000146_00069
WARNING (gmm-align-compiled[5.1.46~1-0d031]:main():gmm-align-compiled.cc:98) No features for utterance LIVE00000146_00072
WARNING (gmm-align-compiled[5.1.46~1-0d031]:main():gmm-align-compiled.cc:98) No features for utterance LIVE00000146_00073
WARNING (gmm-align-compiled[5.1.46~1-0d031]:main():gmm-align-compiled.cc:98) No features for utterance LIVE00000146_00074
WARNING (gmm-align-compiled[5.1.46~1-0d031]:main():gmm-align-compiled.cc:98) No features for utterance LIVE00000146_00077
WARNING (gmm-align-compiled[5.1.46~1-0d031]:main():gmm-align-compiled.cc:98) No features for utterance LIVE00000146_00079
WARNING (gmm-align-compiled[5.1.46~1-0d031]:main():gmm-align-compiled.cc:98) No features for utterance LIVE00000146_00080
WARNING (gmm-align-compiled[5.1.46~1-0d031]:main():gmm-align-compiled.cc:98) No features for utterance LIVE00000146_00081
WARNING (gmm-align-compiled[5.1.46~1-0d031]:main():gmm-align-compiled.cc:98) No features for utterance LIVE00000146_00083
WARNING (gmm-align-compiled[5.1.46~1-0d031]:main():gmm-align-compiled.cc:98) No features for utterance LIVE00000146_00085
WARNING (gmm-align-compiled[5.1.46~1-0d031]:main():gmm-align-compiled.cc:98) No features for utterance LIVE00000146_00086
WARNING (gmm-align-compiled[5.1.46~1-0d031]:main():gmm-align-compiled.cc:98) No features for utterance LIVE00000146_00087
WARNING (gmm-align-compiled[5.1.46~1-0d031]:main():gmm-align-compiled.cc:98) No features for utterance LIVE00000146_00088
WARNING (gmm-align-compiled[5.1.46~1-0d031]:main():gmm-align-compiled.cc:98) No features for utterance LIVE00000146_00089
WARNING (gmm-align-compiled[5.1.46~1-0d031]:main():gmm-align-compiled.cc:98) No features for utterance LIVE00000146_00090
WARNING (gmm-align-compiled[5.1.46~1-0d031]:main():gmm-align-compiled.cc:98) No features for utterance LIVE00000146_00092
WARNING (gmm-align-compiled[5.1.46~1-0d031]:main():gmm-align-compiled.cc:98) No features for utterance LIVE00000146_00094
WARNING (gmm-align-compiled[5.1.46~1-0d031]:main():gmm-align-compiled.cc:98) No features for utterance LIVE00000146_00095
WARNING (gmm-align-compiled[5.1.46~1-0d031]:main():gmm-align-compiled.cc:98) No features for utterance LIVE00000146_00096
WARNING (gmm-align-compiled[5.1.46~1-0d031]:main():gmm-align-compiled.cc:98) No features for utterance LIVE00000146_00097
WARNING (gmm-align-compiled[5.1.46~1-0d031]:main():gmm-align-compiled.cc:98) No features for utterance LIVE00000146_00099
WARNING (gmm-align-compiled[5.1.46~1-0d031]:main():gmm-align-compiled.cc:98) No features for utterance LIVE00000146_00100
WARNING (gmm-align-compiled[5.1.46~1-0d031]:main():gmm-align-compiled.cc:98) No features for utterance LIVE00000146_00101
WARNING (gmm-align-compiled[5.1.46~1-0d031]:main():gmm-align-compiled.cc:98) No features for utterance LIVE00000146_00105
WARNING (gmm-align-compiled[5.1.46~1-0d031]:main():gmm-align-compiled.cc:98) No features for utterance LIVE00000146_00106
WARNING (gmm-align-compiled[5.1.46~1-0d031]:main():gmm-align-compiled.cc:98) No features for utterance LIVE00000146_00107
WARNING (gmm-align-compiled[5.1.46~1-0d031]:main():gmm-align-compiled.cc:98) No features for utterance LIVE00000146_00108
WARNING (gmm-align-compiled[5.1.46~1-0d031]:main():gmm-align-compiled.cc:98) No features for utterance LIVE00000146_00110
WARNING (gmm-align-compiled[5.1.46~1-0d031]:main():gmm-align-compiled.cc:98) No features for utterance LIVE00000146_00111
WARNING (gmm-align-compiled[5.1.46~1-0d031]:main():gmm-align-compiled.cc:98) No features for utterance LIVE00000146_00112
WARNING (gmm-align-compiled[5.1.46~1-0d031]:main():gmm-align-compiled.cc:98) No features for utterance LIVE00000146_00113
WARNING (gmm-align-compiled[5.1.46~1-0d031]:main():gmm-align-compiled.cc:98) No features for utterance LIVE00000146_00119
WARNING (gmm-align-compiled[5.1.46~1-0d031]:main():gmm-align-compiled.cc:98) No features for utterance LIVE00000146_00120
WARNING (gmm-align-compiled[5.1.46~1-0d031]:main():gmm-align-compiled.cc:98) No features for utterance LIVE00000146_00122
WARNING (gmm-align-compiled[5.1.46~1-0d031]:main():gmm-align-compiled.cc:98) No features for utterance LIVE00000146_00123
WARNING (gmm-align-compiled[5.1.46~1-0d031]:main():gmm-align-compiled.cc:98) No features for utterance LIVE00000146_00124
WARNING (gmm-align-compiled[5.1.46~1-0d031]:main():gmm-align-compiled.cc:98) No features for utterance LIVE00000146_00125
WARNING (gmm-align-compiled[5.1.46~1-0d031]:main():gmm-align-compiled.cc:98) No features for utterance LIVE00000146_00126
WARNING (gmm-align-compiled[5.1.46~1-0d031]:main():gmm-align-compiled.cc:98) No features for utterance LIVE00000146_00127
WARNING (gmm-align-compiled[5.1.46~1-0d031]:main():gmm-align-compiled.cc:98) No features for utterance LIVE00000146_00128
WARNING (gmm-align-compiled[5.1.46~1-0d031]:main():gmm-align-compiled.cc:98) No features for utterance LIVE00000146_00129
WARNING (gmm-align-compiled[5.1.46~1-0d031]:main():gmm-align-compiled.cc:98) No features for utterance LIVE00000146_00130
WARNING (gmm-align-compiled[5.1.46~1-0d031]:main():gmm-align-compiled.cc:98) No features for utterance LIVE00000146_00132
WARNING (gmm-align-compiled[5.1.46~1-0d031]:main():gmm-align-compiled.cc:98) No features for utterance LIVE00000146_00133
WARNING (gmm-align-compiled[5.1.46~1-0d031]:main():gmm-align-compiled.cc:98) No features for utterance LIVE00000146_00134
WARNING (gmm-align-compiled[5.1.46~1-0d031]:main():gmm-align-compiled.cc:98) No features for utterance LIVE00000146_00136
WARNING (gmm-align-compiled[5.1.46~1-0d031]:main():gmm-align-compiled.cc:98) No features for utterance LIVE00000146_00138
WARNING (gmm-align-compiled[5.1.46~1-0d031]:main():gmm-align-compiled.cc:98) No features for utterance LIVE00000146_00139
WARNING (gmm-align-compiled[5.1.46~1-0d031]:main():gmm-align-compiled.cc:98) No features for utterance LIVE00000146_00142
WARNING (gmm-align-compiled[5.1.46~1-0d031]:main():gmm-align-compiled.cc:98) No features for utterance LIVE00000146_00143
WARNING (gmm-align-compiled[5.1.46~1-0d031]:main():gmm-align-compiled.cc:98) No features for utterance LIVE00000146_00144
WARNING (gmm-align-compiled[5.1.46~1-0d031]:main():gmm-align-compiled.cc:98) No features for utterance LIVE00000146_00145
WARNING (gmm-align-compiled[5.1.46~1-0d031]:main():gmm-align-compiled.cc:98) No features for utterance LIVE00000146_00146
WARNING (gmm-align-compiled[5.1.46~1-0d031]:main():gmm-align-compiled.cc:98) No features for utterance LIVE00000146_00147
WARNING (gmm-align-compiled[5.1.46~1-0d031]:main():gmm-align-compiled.cc:98) No features for utterance LIVE00000146_00148
LOG (apply-cmvn[5.1.46~1-0d031]:main():apply-cmvn.cc:146) Applied cepstral mean normalization to 755 utterances, errors on 0
LOG (gmm-align-compiled[5.1.46~1-0d031]:main():gmm-align-compiled.cc:129) Overall log-likelihood per frame is -84.0065 over 122767 frames.
LOG (gmm-align-compiled[5.1.46~1-0d031]:main():gmm-align-compiled.cc:131) Retried 0 out of 1316 utterances.
LOG (gmm-align-compiled[5.1.46~1-0d031]:main():gmm-align-compiled.cc:133) Done 755, errors on 561
# Accounting: time=5 threads=1
# Ended (code 0) at Wed Nov 15 22:16:32 SAST 2017, elapsed time 5 seconds
